[2023-06-15T21:09:48.823+0000] {processor.py:157} INFO - Started process (PID=51) to work on /home/airflow/.local/lib/python3.7/site-packages/airflow/example_dags/example_sla_dag.py
[2023-06-15T21:09:48.825+0000] {processor.py:826} INFO - Processing file /home/airflow/.local/lib/python3.7/site-packages/airflow/example_dags/example_sla_dag.py for tasks to queue
[2023-06-15T21:09:48.826+0000] {logging_mixin.py:149} INFO - [2023-06-15T21:09:48.826+0000] {dagbag.py:541} INFO - Filling up the DagBag from /home/airflow/.local/lib/python3.7/site-packages/airflow/example_dags/example_sla_dag.py
[2023-06-15T21:09:48.838+0000] {processor.py:836} INFO - DAG(s) dict_keys(['example_sla_dag']) retrieved from /home/airflow/.local/lib/python3.7/site-packages/airflow/example_dags/example_sla_dag.py
[2023-06-15T21:09:48.856+0000] {logging_mixin.py:149} INFO - [2023-06-15T21:09:48.856+0000] {dag.py:2726} INFO - Sync 1 DAGs
[2023-06-15T21:09:48.911+0000] {logging_mixin.py:149} INFO - [2023-06-15T21:09:48.911+0000] {dag.py:3490} INFO - Setting next_dagrun for example_sla_dag to 2023-06-15T21:06:00+00:00, run_after=2023-06-15T21:08:00+00:00
[2023-06-15T21:09:48.943+0000] {processor.py:179} INFO - Processing /home/airflow/.local/lib/python3.7/site-packages/airflow/example_dags/example_sla_dag.py took 0.124 seconds
[2023-06-15T21:10:19.195+0000] {processor.py:157} INFO - Started process (PID=106) to work on /home/airflow/.local/lib/python3.7/site-packages/airflow/example_dags/example_sla_dag.py
[2023-06-15T21:10:19.197+0000] {processor.py:826} INFO - Processing file /home/airflow/.local/lib/python3.7/site-packages/airflow/example_dags/example_sla_dag.py for tasks to queue
[2023-06-15T21:10:19.197+0000] {logging_mixin.py:149} INFO - [2023-06-15T21:10:19.197+0000] {dagbag.py:541} INFO - Filling up the DagBag from /home/airflow/.local/lib/python3.7/site-packages/airflow/example_dags/example_sla_dag.py
[2023-06-15T21:10:19.204+0000] {processor.py:836} INFO - DAG(s) dict_keys(['example_sla_dag']) retrieved from /home/airflow/.local/lib/python3.7/site-packages/airflow/example_dags/example_sla_dag.py
[2023-06-15T21:10:19.223+0000] {logging_mixin.py:149} INFO - [2023-06-15T21:10:19.223+0000] {dag.py:2726} INFO - Sync 1 DAGs
[2023-06-15T21:10:19.240+0000] {logging_mixin.py:149} INFO - [2023-06-15T21:10:19.240+0000] {dag.py:3490} INFO - Setting next_dagrun for example_sla_dag to 2023-06-15T21:08:00+00:00, run_after=2023-06-15T21:10:00+00:00
[2023-06-15T21:10:19.252+0000] {processor.py:179} INFO - Processing /home/airflow/.local/lib/python3.7/site-packages/airflow/example_dags/example_sla_dag.py took 0.060 seconds
[2023-06-15T21:10:49.724+0000] {processor.py:157} INFO - Started process (PID=162) to work on /home/airflow/.local/lib/python3.7/site-packages/airflow/example_dags/example_sla_dag.py
[2023-06-15T21:10:49.728+0000] {processor.py:826} INFO - Processing file /home/airflow/.local/lib/python3.7/site-packages/airflow/example_dags/example_sla_dag.py for tasks to queue
[2023-06-15T21:10:49.730+0000] {logging_mixin.py:149} INFO - [2023-06-15T21:10:49.730+0000] {dagbag.py:541} INFO - Filling up the DagBag from /home/airflow/.local/lib/python3.7/site-packages/airflow/example_dags/example_sla_dag.py
[2023-06-15T21:10:49.746+0000] {processor.py:836} INFO - DAG(s) dict_keys(['example_sla_dag']) retrieved from /home/airflow/.local/lib/python3.7/site-packages/airflow/example_dags/example_sla_dag.py
[2023-06-15T21:10:49.774+0000] {logging_mixin.py:149} INFO - [2023-06-15T21:10:49.773+0000] {dag.py:2726} INFO - Sync 1 DAGs
[2023-06-15T21:10:49.793+0000] {logging_mixin.py:149} INFO - [2023-06-15T21:10:49.793+0000] {dag.py:3490} INFO - Setting next_dagrun for example_sla_dag to 2023-06-15T21:08:00+00:00, run_after=2023-06-15T21:10:00+00:00
[2023-06-15T21:10:49.804+0000] {processor.py:179} INFO - Processing /home/airflow/.local/lib/python3.7/site-packages/airflow/example_dags/example_sla_dag.py took 0.089 seconds
[2023-06-15T21:11:20.031+0000] {processor.py:157} INFO - Started process (PID=218) to work on /home/airflow/.local/lib/python3.7/site-packages/airflow/example_dags/example_sla_dag.py
[2023-06-15T21:11:20.033+0000] {processor.py:826} INFO - Processing file /home/airflow/.local/lib/python3.7/site-packages/airflow/example_dags/example_sla_dag.py for tasks to queue
[2023-06-15T21:11:20.033+0000] {logging_mixin.py:149} INFO - [2023-06-15T21:11:20.033+0000] {dagbag.py:541} INFO - Filling up the DagBag from /home/airflow/.local/lib/python3.7/site-packages/airflow/example_dags/example_sla_dag.py
[2023-06-15T21:11:20.039+0000] {processor.py:836} INFO - DAG(s) dict_keys(['example_sla_dag']) retrieved from /home/airflow/.local/lib/python3.7/site-packages/airflow/example_dags/example_sla_dag.py
[2023-06-15T21:11:20.058+0000] {logging_mixin.py:149} INFO - [2023-06-15T21:11:20.058+0000] {dag.py:2726} INFO - Sync 1 DAGs
[2023-06-15T21:11:20.075+0000] {logging_mixin.py:149} INFO - [2023-06-15T21:11:20.075+0000] {dag.py:3490} INFO - Setting next_dagrun for example_sla_dag to 2023-06-15T21:08:00+00:00, run_after=2023-06-15T21:10:00+00:00
[2023-06-15T21:11:20.085+0000] {processor.py:179} INFO - Processing /home/airflow/.local/lib/python3.7/site-packages/airflow/example_dags/example_sla_dag.py took 0.057 seconds
[2023-06-15T21:11:50.486+0000] {processor.py:157} INFO - Started process (PID=274) to work on /home/airflow/.local/lib/python3.7/site-packages/airflow/example_dags/example_sla_dag.py
[2023-06-15T21:11:50.488+0000] {processor.py:826} INFO - Processing file /home/airflow/.local/lib/python3.7/site-packages/airflow/example_dags/example_sla_dag.py for tasks to queue
[2023-06-15T21:11:50.490+0000] {logging_mixin.py:149} INFO - [2023-06-15T21:11:50.490+0000] {dagbag.py:541} INFO - Filling up the DagBag from /home/airflow/.local/lib/python3.7/site-packages/airflow/example_dags/example_sla_dag.py
[2023-06-15T21:11:50.498+0000] {processor.py:836} INFO - DAG(s) dict_keys(['example_sla_dag']) retrieved from /home/airflow/.local/lib/python3.7/site-packages/airflow/example_dags/example_sla_dag.py
[2023-06-15T21:11:50.520+0000] {logging_mixin.py:149} INFO - [2023-06-15T21:11:50.520+0000] {dag.py:2726} INFO - Sync 1 DAGs
[2023-06-15T21:11:50.542+0000] {logging_mixin.py:149} INFO - [2023-06-15T21:11:50.542+0000] {dag.py:3490} INFO - Setting next_dagrun for example_sla_dag to 2023-06-15T21:08:00+00:00, run_after=2023-06-15T21:10:00+00:00
[2023-06-15T21:11:50.559+0000] {processor.py:179} INFO - Processing /home/airflow/.local/lib/python3.7/site-packages/airflow/example_dags/example_sla_dag.py took 0.077 seconds
[2023-06-15T21:12:21.200+0000] {processor.py:157} INFO - Started process (PID=329) to work on /home/airflow/.local/lib/python3.7/site-packages/airflow/example_dags/example_sla_dag.py
[2023-06-15T21:12:21.202+0000] {processor.py:826} INFO - Processing file /home/airflow/.local/lib/python3.7/site-packages/airflow/example_dags/example_sla_dag.py for tasks to queue
[2023-06-15T21:12:21.202+0000] {logging_mixin.py:149} INFO - [2023-06-15T21:12:21.202+0000] {dagbag.py:541} INFO - Filling up the DagBag from /home/airflow/.local/lib/python3.7/site-packages/airflow/example_dags/example_sla_dag.py
[2023-06-15T21:12:21.209+0000] {processor.py:836} INFO - DAG(s) dict_keys(['example_sla_dag']) retrieved from /home/airflow/.local/lib/python3.7/site-packages/airflow/example_dags/example_sla_dag.py
[2023-06-15T21:12:21.226+0000] {logging_mixin.py:149} INFO - [2023-06-15T21:12:21.226+0000] {dag.py:2726} INFO - Sync 1 DAGs
[2023-06-15T21:12:21.243+0000] {logging_mixin.py:149} INFO - [2023-06-15T21:12:21.242+0000] {dag.py:3490} INFO - Setting next_dagrun for example_sla_dag to 2023-06-15T21:10:00+00:00, run_after=2023-06-15T21:12:00+00:00
[2023-06-15T21:12:21.253+0000] {processor.py:179} INFO - Processing /home/airflow/.local/lib/python3.7/site-packages/airflow/example_dags/example_sla_dag.py took 0.056 seconds
[2023-06-15T21:12:51.591+0000] {processor.py:157} INFO - Started process (PID=385) to work on /home/airflow/.local/lib/python3.7/site-packages/airflow/example_dags/example_sla_dag.py
[2023-06-15T21:12:51.592+0000] {processor.py:826} INFO - Processing file /home/airflow/.local/lib/python3.7/site-packages/airflow/example_dags/example_sla_dag.py for tasks to queue
[2023-06-15T21:12:51.593+0000] {logging_mixin.py:149} INFO - [2023-06-15T21:12:51.593+0000] {dagbag.py:541} INFO - Filling up the DagBag from /home/airflow/.local/lib/python3.7/site-packages/airflow/example_dags/example_sla_dag.py
[2023-06-15T21:12:51.599+0000] {processor.py:836} INFO - DAG(s) dict_keys(['example_sla_dag']) retrieved from /home/airflow/.local/lib/python3.7/site-packages/airflow/example_dags/example_sla_dag.py
[2023-06-15T21:12:51.618+0000] {logging_mixin.py:149} INFO - [2023-06-15T21:12:51.618+0000] {dag.py:2726} INFO - Sync 1 DAGs
[2023-06-15T21:12:51.635+0000] {logging_mixin.py:149} INFO - [2023-06-15T21:12:51.635+0000] {dag.py:3490} INFO - Setting next_dagrun for example_sla_dag to 2023-06-15T21:10:00+00:00, run_after=2023-06-15T21:12:00+00:00
[2023-06-15T21:12:51.647+0000] {processor.py:179} INFO - Processing /home/airflow/.local/lib/python3.7/site-packages/airflow/example_dags/example_sla_dag.py took 0.059 seconds
[2023-06-15T21:13:21.875+0000] {processor.py:157} INFO - Started process (PID=441) to work on /home/airflow/.local/lib/python3.7/site-packages/airflow/example_dags/example_sla_dag.py
[2023-06-15T21:13:21.876+0000] {processor.py:826} INFO - Processing file /home/airflow/.local/lib/python3.7/site-packages/airflow/example_dags/example_sla_dag.py for tasks to queue
[2023-06-15T21:13:21.877+0000] {logging_mixin.py:149} INFO - [2023-06-15T21:13:21.877+0000] {dagbag.py:541} INFO - Filling up the DagBag from /home/airflow/.local/lib/python3.7/site-packages/airflow/example_dags/example_sla_dag.py
[2023-06-15T21:13:21.883+0000] {processor.py:836} INFO - DAG(s) dict_keys(['example_sla_dag']) retrieved from /home/airflow/.local/lib/python3.7/site-packages/airflow/example_dags/example_sla_dag.py
[2023-06-15T21:13:21.902+0000] {logging_mixin.py:149} INFO - [2023-06-15T21:13:21.902+0000] {dag.py:2726} INFO - Sync 1 DAGs
[2023-06-15T21:13:21.918+0000] {logging_mixin.py:149} INFO - [2023-06-15T21:13:21.918+0000] {dag.py:3490} INFO - Setting next_dagrun for example_sla_dag to 2023-06-15T21:10:00+00:00, run_after=2023-06-15T21:12:00+00:00
[2023-06-15T21:13:21.929+0000] {processor.py:179} INFO - Processing /home/airflow/.local/lib/python3.7/site-packages/airflow/example_dags/example_sla_dag.py took 0.057 seconds
[2023-06-15T21:13:52.767+0000] {processor.py:157} INFO - Started process (PID=497) to work on /home/airflow/.local/lib/python3.7/site-packages/airflow/example_dags/example_sla_dag.py
[2023-06-15T21:13:52.769+0000] {processor.py:826} INFO - Processing file /home/airflow/.local/lib/python3.7/site-packages/airflow/example_dags/example_sla_dag.py for tasks to queue
[2023-06-15T21:13:52.770+0000] {logging_mixin.py:149} INFO - [2023-06-15T21:13:52.770+0000] {dagbag.py:541} INFO - Filling up the DagBag from /home/airflow/.local/lib/python3.7/site-packages/airflow/example_dags/example_sla_dag.py
[2023-06-15T21:13:52.776+0000] {processor.py:836} INFO - DAG(s) dict_keys(['example_sla_dag']) retrieved from /home/airflow/.local/lib/python3.7/site-packages/airflow/example_dags/example_sla_dag.py
[2023-06-15T21:13:52.795+0000] {logging_mixin.py:149} INFO - [2023-06-15T21:13:52.795+0000] {dag.py:2726} INFO - Sync 1 DAGs
[2023-06-15T21:13:52.811+0000] {logging_mixin.py:149} INFO - [2023-06-15T21:13:52.811+0000] {dag.py:3490} INFO - Setting next_dagrun for example_sla_dag to 2023-06-15T21:10:00+00:00, run_after=2023-06-15T21:12:00+00:00
[2023-06-15T21:13:52.822+0000] {processor.py:179} INFO - Processing /home/airflow/.local/lib/python3.7/site-packages/airflow/example_dags/example_sla_dag.py took 0.060 seconds
[2023-06-15T21:14:23.133+0000] {processor.py:157} INFO - Started process (PID=553) to work on /home/airflow/.local/lib/python3.7/site-packages/airflow/example_dags/example_sla_dag.py
[2023-06-15T21:14:23.135+0000] {processor.py:826} INFO - Processing file /home/airflow/.local/lib/python3.7/site-packages/airflow/example_dags/example_sla_dag.py for tasks to queue
[2023-06-15T21:14:23.136+0000] {logging_mixin.py:149} INFO - [2023-06-15T21:14:23.136+0000] {dagbag.py:541} INFO - Filling up the DagBag from /home/airflow/.local/lib/python3.7/site-packages/airflow/example_dags/example_sla_dag.py
[2023-06-15T21:14:23.143+0000] {processor.py:836} INFO - DAG(s) dict_keys(['example_sla_dag']) retrieved from /home/airflow/.local/lib/python3.7/site-packages/airflow/example_dags/example_sla_dag.py
[2023-06-15T21:14:23.164+0000] {logging_mixin.py:149} INFO - [2023-06-15T21:14:23.164+0000] {dag.py:2726} INFO - Sync 1 DAGs
[2023-06-15T21:14:23.182+0000] {logging_mixin.py:149} INFO - [2023-06-15T21:14:23.182+0000] {dag.py:3490} INFO - Setting next_dagrun for example_sla_dag to 2023-06-15T21:12:00+00:00, run_after=2023-06-15T21:14:00+00:00
[2023-06-15T21:14:23.199+0000] {processor.py:179} INFO - Processing /home/airflow/.local/lib/python3.7/site-packages/airflow/example_dags/example_sla_dag.py took 0.068 seconds
