[2023-06-15T21:09:49.275+0000] {processor.py:157} INFO - Started process (PID=54) to work on /home/airflow/.local/lib/python3.7/site-packages/airflow/example_dags/example_latest_only_with_trigger.py
[2023-06-15T21:09:49.278+0000] {processor.py:826} INFO - Processing file /home/airflow/.local/lib/python3.7/site-packages/airflow/example_dags/example_latest_only_with_trigger.py for tasks to queue
[2023-06-15T21:09:49.279+0000] {logging_mixin.py:149} INFO - [2023-06-15T21:09:49.279+0000] {dagbag.py:541} INFO - Filling up the DagBag from /home/airflow/.local/lib/python3.7/site-packages/airflow/example_dags/example_latest_only_with_trigger.py
[2023-06-15T21:09:49.292+0000] {processor.py:836} INFO - DAG(s) dict_keys(['latest_only_with_trigger']) retrieved from /home/airflow/.local/lib/python3.7/site-packages/airflow/example_dags/example_latest_only_with_trigger.py
[2023-06-15T21:09:49.327+0000] {logging_mixin.py:149} INFO - [2023-06-15T21:09:49.327+0000] {dag.py:2726} INFO - Sync 1 DAGs
[2023-06-15T21:09:49.361+0000] {logging_mixin.py:149} INFO - [2023-06-15T21:09:49.361+0000] {dag.py:3490} INFO - Setting next_dagrun for latest_only_with_trigger to 2023-06-15T17:09:49.361474+00:00, run_after=2023-06-15T21:09:49.361474+00:00
[2023-06-15T21:09:49.383+0000] {processor.py:179} INFO - Processing /home/airflow/.local/lib/python3.7/site-packages/airflow/example_dags/example_latest_only_with_trigger.py took 0.115 seconds
[2023-06-15T21:10:19.411+0000] {processor.py:157} INFO - Started process (PID=109) to work on /home/airflow/.local/lib/python3.7/site-packages/airflow/example_dags/example_latest_only_with_trigger.py
[2023-06-15T21:10:19.412+0000] {processor.py:826} INFO - Processing file /home/airflow/.local/lib/python3.7/site-packages/airflow/example_dags/example_latest_only_with_trigger.py for tasks to queue
[2023-06-15T21:10:19.413+0000] {logging_mixin.py:149} INFO - [2023-06-15T21:10:19.413+0000] {dagbag.py:541} INFO - Filling up the DagBag from /home/airflow/.local/lib/python3.7/site-packages/airflow/example_dags/example_latest_only_with_trigger.py
[2023-06-15T21:10:19.419+0000] {processor.py:836} INFO - DAG(s) dict_keys(['latest_only_with_trigger']) retrieved from /home/airflow/.local/lib/python3.7/site-packages/airflow/example_dags/example_latest_only_with_trigger.py
[2023-06-15T21:10:19.441+0000] {logging_mixin.py:149} INFO - [2023-06-15T21:10:19.441+0000] {dag.py:2726} INFO - Sync 1 DAGs
[2023-06-15T21:10:19.457+0000] {logging_mixin.py:149} INFO - [2023-06-15T21:10:19.456+0000] {dag.py:3490} INFO - Setting next_dagrun for latest_only_with_trigger to 2023-06-15T17:10:19.456778+00:00, run_after=2023-06-15T21:10:19.456778+00:00
[2023-06-15T21:10:19.468+0000] {processor.py:179} INFO - Processing /home/airflow/.local/lib/python3.7/site-packages/airflow/example_dags/example_latest_only_with_trigger.py took 0.060 seconds
[2023-06-15T21:10:49.922+0000] {processor.py:157} INFO - Started process (PID=165) to work on /home/airflow/.local/lib/python3.7/site-packages/airflow/example_dags/example_latest_only_with_trigger.py
[2023-06-15T21:10:49.924+0000] {processor.py:826} INFO - Processing file /home/airflow/.local/lib/python3.7/site-packages/airflow/example_dags/example_latest_only_with_trigger.py for tasks to queue
[2023-06-15T21:10:49.924+0000] {logging_mixin.py:149} INFO - [2023-06-15T21:10:49.924+0000] {dagbag.py:541} INFO - Filling up the DagBag from /home/airflow/.local/lib/python3.7/site-packages/airflow/example_dags/example_latest_only_with_trigger.py
[2023-06-15T21:10:49.930+0000] {processor.py:836} INFO - DAG(s) dict_keys(['latest_only_with_trigger']) retrieved from /home/airflow/.local/lib/python3.7/site-packages/airflow/example_dags/example_latest_only_with_trigger.py
[2023-06-15T21:10:49.952+0000] {logging_mixin.py:149} INFO - [2023-06-15T21:10:49.952+0000] {dag.py:2726} INFO - Sync 1 DAGs
[2023-06-15T21:10:49.968+0000] {logging_mixin.py:149} INFO - [2023-06-15T21:10:49.968+0000] {dag.py:3490} INFO - Setting next_dagrun for latest_only_with_trigger to 2023-06-15T17:10:49.968186+00:00, run_after=2023-06-15T21:10:49.968186+00:00
[2023-06-15T21:10:49.981+0000] {processor.py:179} INFO - Processing /home/airflow/.local/lib/python3.7/site-packages/airflow/example_dags/example_latest_only_with_trigger.py took 0.061 seconds
[2023-06-15T21:11:20.183+0000] {processor.py:157} INFO - Started process (PID=221) to work on /home/airflow/.local/lib/python3.7/site-packages/airflow/example_dags/example_latest_only_with_trigger.py
[2023-06-15T21:11:20.184+0000] {processor.py:826} INFO - Processing file /home/airflow/.local/lib/python3.7/site-packages/airflow/example_dags/example_latest_only_with_trigger.py for tasks to queue
[2023-06-15T21:11:20.185+0000] {logging_mixin.py:149} INFO - [2023-06-15T21:11:20.185+0000] {dagbag.py:541} INFO - Filling up the DagBag from /home/airflow/.local/lib/python3.7/site-packages/airflow/example_dags/example_latest_only_with_trigger.py
[2023-06-15T21:11:20.190+0000] {processor.py:836} INFO - DAG(s) dict_keys(['latest_only_with_trigger']) retrieved from /home/airflow/.local/lib/python3.7/site-packages/airflow/example_dags/example_latest_only_with_trigger.py
[2023-06-15T21:11:20.209+0000] {logging_mixin.py:149} INFO - [2023-06-15T21:11:20.209+0000] {dag.py:2726} INFO - Sync 1 DAGs
[2023-06-15T21:11:20.224+0000] {logging_mixin.py:149} INFO - [2023-06-15T21:11:20.224+0000] {dag.py:3490} INFO - Setting next_dagrun for latest_only_with_trigger to 2023-06-15T17:11:20.224473+00:00, run_after=2023-06-15T21:11:20.224473+00:00
[2023-06-15T21:11:20.235+0000] {processor.py:179} INFO - Processing /home/airflow/.local/lib/python3.7/site-packages/airflow/example_dags/example_latest_only_with_trigger.py took 0.055 seconds
[2023-06-15T21:11:50.707+0000] {processor.py:157} INFO - Started process (PID=277) to work on /home/airflow/.local/lib/python3.7/site-packages/airflow/example_dags/example_latest_only_with_trigger.py
[2023-06-15T21:11:50.709+0000] {processor.py:826} INFO - Processing file /home/airflow/.local/lib/python3.7/site-packages/airflow/example_dags/example_latest_only_with_trigger.py for tasks to queue
[2023-06-15T21:11:50.710+0000] {logging_mixin.py:149} INFO - [2023-06-15T21:11:50.710+0000] {dagbag.py:541} INFO - Filling up the DagBag from /home/airflow/.local/lib/python3.7/site-packages/airflow/example_dags/example_latest_only_with_trigger.py
[2023-06-15T21:11:50.717+0000] {processor.py:836} INFO - DAG(s) dict_keys(['latest_only_with_trigger']) retrieved from /home/airflow/.local/lib/python3.7/site-packages/airflow/example_dags/example_latest_only_with_trigger.py
[2023-06-15T21:11:50.739+0000] {logging_mixin.py:149} INFO - [2023-06-15T21:11:50.739+0000] {dag.py:2726} INFO - Sync 1 DAGs
[2023-06-15T21:11:50.757+0000] {logging_mixin.py:149} INFO - [2023-06-15T21:11:50.757+0000] {dag.py:3490} INFO - Setting next_dagrun for latest_only_with_trigger to 2023-06-15T17:11:50.756942+00:00, run_after=2023-06-15T21:11:50.756942+00:00
[2023-06-15T21:11:50.774+0000] {processor.py:179} INFO - Processing /home/airflow/.local/lib/python3.7/site-packages/airflow/example_dags/example_latest_only_with_trigger.py took 0.070 seconds
[2023-06-15T21:12:21.349+0000] {processor.py:157} INFO - Started process (PID=332) to work on /home/airflow/.local/lib/python3.7/site-packages/airflow/example_dags/example_latest_only_with_trigger.py
[2023-06-15T21:12:21.351+0000] {processor.py:826} INFO - Processing file /home/airflow/.local/lib/python3.7/site-packages/airflow/example_dags/example_latest_only_with_trigger.py for tasks to queue
[2023-06-15T21:12:21.351+0000] {logging_mixin.py:149} INFO - [2023-06-15T21:12:21.351+0000] {dagbag.py:541} INFO - Filling up the DagBag from /home/airflow/.local/lib/python3.7/site-packages/airflow/example_dags/example_latest_only_with_trigger.py
[2023-06-15T21:12:21.357+0000] {processor.py:836} INFO - DAG(s) dict_keys(['latest_only_with_trigger']) retrieved from /home/airflow/.local/lib/python3.7/site-packages/airflow/example_dags/example_latest_only_with_trigger.py
[2023-06-15T21:12:21.374+0000] {logging_mixin.py:149} INFO - [2023-06-15T21:12:21.374+0000] {dag.py:2726} INFO - Sync 1 DAGs
[2023-06-15T21:12:21.388+0000] {logging_mixin.py:149} INFO - [2023-06-15T21:12:21.388+0000] {dag.py:3490} INFO - Setting next_dagrun for latest_only_with_trigger to 2023-06-15T17:12:21.388656+00:00, run_after=2023-06-15T21:12:21.388656+00:00
[2023-06-15T21:12:21.399+0000] {processor.py:179} INFO - Processing /home/airflow/.local/lib/python3.7/site-packages/airflow/example_dags/example_latest_only_with_trigger.py took 0.053 seconds
[2023-06-15T21:12:51.739+0000] {processor.py:157} INFO - Started process (PID=388) to work on /home/airflow/.local/lib/python3.7/site-packages/airflow/example_dags/example_latest_only_with_trigger.py
[2023-06-15T21:12:51.740+0000] {processor.py:826} INFO - Processing file /home/airflow/.local/lib/python3.7/site-packages/airflow/example_dags/example_latest_only_with_trigger.py for tasks to queue
[2023-06-15T21:12:51.740+0000] {logging_mixin.py:149} INFO - [2023-06-15T21:12:51.740+0000] {dagbag.py:541} INFO - Filling up the DagBag from /home/airflow/.local/lib/python3.7/site-packages/airflow/example_dags/example_latest_only_with_trigger.py
[2023-06-15T21:12:51.745+0000] {processor.py:836} INFO - DAG(s) dict_keys(['latest_only_with_trigger']) retrieved from /home/airflow/.local/lib/python3.7/site-packages/airflow/example_dags/example_latest_only_with_trigger.py
[2023-06-15T21:12:51.762+0000] {logging_mixin.py:149} INFO - [2023-06-15T21:12:51.762+0000] {dag.py:2726} INFO - Sync 1 DAGs
[2023-06-15T21:12:51.777+0000] {logging_mixin.py:149} INFO - [2023-06-15T21:12:51.777+0000] {dag.py:3490} INFO - Setting next_dagrun for latest_only_with_trigger to 2023-06-15T17:12:51.777246+00:00, run_after=2023-06-15T21:12:51.777246+00:00
[2023-06-15T21:12:51.788+0000] {processor.py:179} INFO - Processing /home/airflow/.local/lib/python3.7/site-packages/airflow/example_dags/example_latest_only_with_trigger.py took 0.051 seconds
[2023-06-15T21:13:22.026+0000] {processor.py:157} INFO - Started process (PID=444) to work on /home/airflow/.local/lib/python3.7/site-packages/airflow/example_dags/example_latest_only_with_trigger.py
[2023-06-15T21:13:22.027+0000] {processor.py:826} INFO - Processing file /home/airflow/.local/lib/python3.7/site-packages/airflow/example_dags/example_latest_only_with_trigger.py for tasks to queue
[2023-06-15T21:13:22.028+0000] {logging_mixin.py:149} INFO - [2023-06-15T21:13:22.028+0000] {dagbag.py:541} INFO - Filling up the DagBag from /home/airflow/.local/lib/python3.7/site-packages/airflow/example_dags/example_latest_only_with_trigger.py
[2023-06-15T21:13:22.034+0000] {processor.py:836} INFO - DAG(s) dict_keys(['latest_only_with_trigger']) retrieved from /home/airflow/.local/lib/python3.7/site-packages/airflow/example_dags/example_latest_only_with_trigger.py
[2023-06-15T21:13:22.051+0000] {logging_mixin.py:149} INFO - [2023-06-15T21:13:22.051+0000] {dag.py:2726} INFO - Sync 1 DAGs
[2023-06-15T21:13:22.066+0000] {logging_mixin.py:149} INFO - [2023-06-15T21:13:22.066+0000] {dag.py:3490} INFO - Setting next_dagrun for latest_only_with_trigger to 2023-06-15T17:13:22.066017+00:00, run_after=2023-06-15T21:13:22.066017+00:00
[2023-06-15T21:13:22.076+0000] {processor.py:179} INFO - Processing /home/airflow/.local/lib/python3.7/site-packages/airflow/example_dags/example_latest_only_with_trigger.py took 0.053 seconds
[2023-06-15T21:13:52.922+0000] {processor.py:157} INFO - Started process (PID=500) to work on /home/airflow/.local/lib/python3.7/site-packages/airflow/example_dags/example_latest_only_with_trigger.py
[2023-06-15T21:13:52.923+0000] {processor.py:826} INFO - Processing file /home/airflow/.local/lib/python3.7/site-packages/airflow/example_dags/example_latest_only_with_trigger.py for tasks to queue
[2023-06-15T21:13:52.924+0000] {logging_mixin.py:149} INFO - [2023-06-15T21:13:52.924+0000] {dagbag.py:541} INFO - Filling up the DagBag from /home/airflow/.local/lib/python3.7/site-packages/airflow/example_dags/example_latest_only_with_trigger.py
[2023-06-15T21:13:52.929+0000] {processor.py:836} INFO - DAG(s) dict_keys(['latest_only_with_trigger']) retrieved from /home/airflow/.local/lib/python3.7/site-packages/airflow/example_dags/example_latest_only_with_trigger.py
[2023-06-15T21:13:52.948+0000] {logging_mixin.py:149} INFO - [2023-06-15T21:13:52.947+0000] {dag.py:2726} INFO - Sync 1 DAGs
[2023-06-15T21:13:52.963+0000] {logging_mixin.py:149} INFO - [2023-06-15T21:13:52.963+0000] {dag.py:3490} INFO - Setting next_dagrun for latest_only_with_trigger to 2023-06-15T17:13:52.962813+00:00, run_after=2023-06-15T21:13:52.962813+00:00
[2023-06-15T21:13:52.973+0000] {processor.py:179} INFO - Processing /home/airflow/.local/lib/python3.7/site-packages/airflow/example_dags/example_latest_only_with_trigger.py took 0.054 seconds
[2023-06-15T21:14:23.316+0000] {processor.py:157} INFO - Started process (PID=556) to work on /home/airflow/.local/lib/python3.7/site-packages/airflow/example_dags/example_latest_only_with_trigger.py
[2023-06-15T21:14:23.317+0000] {processor.py:826} INFO - Processing file /home/airflow/.local/lib/python3.7/site-packages/airflow/example_dags/example_latest_only_with_trigger.py for tasks to queue
[2023-06-15T21:14:23.318+0000] {logging_mixin.py:149} INFO - [2023-06-15T21:14:23.318+0000] {dagbag.py:541} INFO - Filling up the DagBag from /home/airflow/.local/lib/python3.7/site-packages/airflow/example_dags/example_latest_only_with_trigger.py
[2023-06-15T21:14:23.323+0000] {processor.py:836} INFO - DAG(s) dict_keys(['latest_only_with_trigger']) retrieved from /home/airflow/.local/lib/python3.7/site-packages/airflow/example_dags/example_latest_only_with_trigger.py
[2023-06-15T21:14:23.341+0000] {logging_mixin.py:149} INFO - [2023-06-15T21:14:23.341+0000] {dag.py:2726} INFO - Sync 1 DAGs
[2023-06-15T21:14:23.357+0000] {logging_mixin.py:149} INFO - [2023-06-15T21:14:23.357+0000] {dag.py:3490} INFO - Setting next_dagrun for latest_only_with_trigger to 2023-06-15T17:14:23.357542+00:00, run_after=2023-06-15T21:14:23.357542+00:00
[2023-06-15T21:14:23.369+0000] {processor.py:179} INFO - Processing /home/airflow/.local/lib/python3.7/site-packages/airflow/example_dags/example_latest_only_with_trigger.py took 0.058 seconds
[2023-06-15T21:14:53.970+0000] {processor.py:157} INFO - Started process (PID=612) to work on /home/airflow/.local/lib/python3.7/site-packages/airflow/example_dags/example_latest_only_with_trigger.py
[2023-06-15T21:14:53.971+0000] {processor.py:826} INFO - Processing file /home/airflow/.local/lib/python3.7/site-packages/airflow/example_dags/example_latest_only_with_trigger.py for tasks to queue
[2023-06-15T21:14:53.972+0000] {logging_mixin.py:149} INFO - [2023-06-15T21:14:53.972+0000] {dagbag.py:541} INFO - Filling up the DagBag from /home/airflow/.local/lib/python3.7/site-packages/airflow/example_dags/example_latest_only_with_trigger.py
[2023-06-15T21:14:53.977+0000] {processor.py:836} INFO - DAG(s) dict_keys(['latest_only_with_trigger']) retrieved from /home/airflow/.local/lib/python3.7/site-packages/airflow/example_dags/example_latest_only_with_trigger.py
[2023-06-15T21:14:53.998+0000] {logging_mixin.py:149} INFO - [2023-06-15T21:14:53.998+0000] {dag.py:2726} INFO - Sync 1 DAGs
[2023-06-15T21:14:54.014+0000] {logging_mixin.py:149} INFO - [2023-06-15T21:14:54.014+0000] {dag.py:3490} INFO - Setting next_dagrun for latest_only_with_trigger to 2023-06-15T17:14:54.014322+00:00, run_after=2023-06-15T21:14:54.014322+00:00
[2023-06-15T21:14:54.025+0000] {processor.py:179} INFO - Processing /home/airflow/.local/lib/python3.7/site-packages/airflow/example_dags/example_latest_only_with_trigger.py took 0.058 seconds
[2023-06-15T21:20:28.789+0000] {processor.py:157} INFO - Started process (PID=1228) to work on /home/airflow/.local/lib/python3.7/site-packages/airflow/example_dags/example_latest_only_with_trigger.py
[2023-06-15T21:20:28.790+0000] {processor.py:826} INFO - Processing file /home/airflow/.local/lib/python3.7/site-packages/airflow/example_dags/example_latest_only_with_trigger.py for tasks to queue
[2023-06-15T21:20:28.790+0000] {logging_mixin.py:149} INFO - [2023-06-15T21:20:28.790+0000] {dagbag.py:541} INFO - Filling up the DagBag from /home/airflow/.local/lib/python3.7/site-packages/airflow/example_dags/example_latest_only_with_trigger.py
[2023-06-15T21:20:28.796+0000] {processor.py:836} INFO - DAG(s) dict_keys(['latest_only_with_trigger']) retrieved from /home/airflow/.local/lib/python3.7/site-packages/airflow/example_dags/example_latest_only_with_trigger.py
[2023-06-15T21:20:28.814+0000] {logging_mixin.py:149} INFO - [2023-06-15T21:20:28.813+0000] {dag.py:2726} INFO - Sync 1 DAGs
[2023-06-15T21:20:28.828+0000] {logging_mixin.py:149} INFO - [2023-06-15T21:20:28.828+0000] {dag.py:3490} INFO - Setting next_dagrun for latest_only_with_trigger to 2023-06-15T17:20:28.828431+00:00, run_after=2023-06-15T21:20:28.828431+00:00
[2023-06-15T21:20:28.839+0000] {processor.py:179} INFO - Processing /home/airflow/.local/lib/python3.7/site-packages/airflow/example_dags/example_latest_only_with_trigger.py took 0.053 seconds
[2023-06-15T21:20:59.075+0000] {processor.py:157} INFO - Started process (PID=1283) to work on /home/airflow/.local/lib/python3.7/site-packages/airflow/example_dags/example_latest_only_with_trigger.py
[2023-06-15T21:20:59.076+0000] {processor.py:826} INFO - Processing file /home/airflow/.local/lib/python3.7/site-packages/airflow/example_dags/example_latest_only_with_trigger.py for tasks to queue
[2023-06-15T21:20:59.077+0000] {logging_mixin.py:149} INFO - [2023-06-15T21:20:59.077+0000] {dagbag.py:541} INFO - Filling up the DagBag from /home/airflow/.local/lib/python3.7/site-packages/airflow/example_dags/example_latest_only_with_trigger.py
[2023-06-15T21:20:59.082+0000] {processor.py:836} INFO - DAG(s) dict_keys(['latest_only_with_trigger']) retrieved from /home/airflow/.local/lib/python3.7/site-packages/airflow/example_dags/example_latest_only_with_trigger.py
[2023-06-15T21:20:59.099+0000] {logging_mixin.py:149} INFO - [2023-06-15T21:20:59.099+0000] {dag.py:2726} INFO - Sync 1 DAGs
[2023-06-15T21:20:59.114+0000] {logging_mixin.py:149} INFO - [2023-06-15T21:20:59.114+0000] {dag.py:3490} INFO - Setting next_dagrun for latest_only_with_trigger to 2023-06-15T17:20:59.114210+00:00, run_after=2023-06-15T21:20:59.114210+00:00
[2023-06-15T21:20:59.124+0000] {processor.py:179} INFO - Processing /home/airflow/.local/lib/python3.7/site-packages/airflow/example_dags/example_latest_only_with_trigger.py took 0.052 seconds
[2023-06-15T21:21:29.566+0000] {processor.py:157} INFO - Started process (PID=1339) to work on /home/airflow/.local/lib/python3.7/site-packages/airflow/example_dags/example_latest_only_with_trigger.py
[2023-06-15T21:21:29.567+0000] {processor.py:826} INFO - Processing file /home/airflow/.local/lib/python3.7/site-packages/airflow/example_dags/example_latest_only_with_trigger.py for tasks to queue
[2023-06-15T21:21:29.568+0000] {logging_mixin.py:149} INFO - [2023-06-15T21:21:29.568+0000] {dagbag.py:541} INFO - Filling up the DagBag from /home/airflow/.local/lib/python3.7/site-packages/airflow/example_dags/example_latest_only_with_trigger.py
[2023-06-15T21:21:29.573+0000] {processor.py:836} INFO - DAG(s) dict_keys(['latest_only_with_trigger']) retrieved from /home/airflow/.local/lib/python3.7/site-packages/airflow/example_dags/example_latest_only_with_trigger.py
[2023-06-15T21:21:29.595+0000] {logging_mixin.py:149} INFO - [2023-06-15T21:21:29.595+0000] {dag.py:2726} INFO - Sync 1 DAGs
[2023-06-15T21:21:29.611+0000] {logging_mixin.py:149} INFO - [2023-06-15T21:21:29.611+0000] {dag.py:3490} INFO - Setting next_dagrun for latest_only_with_trigger to 2023-06-15T17:21:29.611482+00:00, run_after=2023-06-15T21:21:29.611482+00:00
[2023-06-15T21:21:29.622+0000] {processor.py:179} INFO - Processing /home/airflow/.local/lib/python3.7/site-packages/airflow/example_dags/example_latest_only_with_trigger.py took 0.059 seconds
