[2023-06-15T21:09:49.429+0000] {processor.py:157} INFO - Started process (PID=55) to work on /home/airflow/.local/lib/python3.7/site-packages/airflow/example_dags/example_skip_dag.py
[2023-06-15T21:09:49.434+0000] {processor.py:826} INFO - Processing file /home/airflow/.local/lib/python3.7/site-packages/airflow/example_dags/example_skip_dag.py for tasks to queue
[2023-06-15T21:09:49.438+0000] {logging_mixin.py:149} INFO - [2023-06-15T21:09:49.437+0000] {dagbag.py:541} INFO - Filling up the DagBag from /home/airflow/.local/lib/python3.7/site-packages/airflow/example_dags/example_skip_dag.py
[2023-06-15T21:09:49.461+0000] {processor.py:836} INFO - DAG(s) dict_keys(['example_skip_dag']) retrieved from /home/airflow/.local/lib/python3.7/site-packages/airflow/example_dags/example_skip_dag.py
[2023-06-15T21:09:49.485+0000] {logging_mixin.py:149} INFO - [2023-06-15T21:09:49.485+0000] {dag.py:2726} INFO - Sync 1 DAGs
[2023-06-15T21:09:49.513+0000] {logging_mixin.py:149} INFO - [2023-06-15T21:09:49.512+0000] {dag.py:3490} INFO - Setting next_dagrun for example_skip_dag to 2023-06-14T21:09:49.512629+00:00, run_after=2023-06-15T21:09:49.512629+00:00
[2023-06-15T21:09:49.532+0000] {processor.py:179} INFO - Processing /home/airflow/.local/lib/python3.7/site-packages/airflow/example_dags/example_skip_dag.py took 0.111 seconds
[2023-06-15T21:10:20.458+0000] {processor.py:157} INFO - Started process (PID=111) to work on /home/airflow/.local/lib/python3.7/site-packages/airflow/example_dags/example_skip_dag.py
[2023-06-15T21:10:20.460+0000] {processor.py:826} INFO - Processing file /home/airflow/.local/lib/python3.7/site-packages/airflow/example_dags/example_skip_dag.py for tasks to queue
[2023-06-15T21:10:20.461+0000] {logging_mixin.py:149} INFO - [2023-06-15T21:10:20.461+0000] {dagbag.py:541} INFO - Filling up the DagBag from /home/airflow/.local/lib/python3.7/site-packages/airflow/example_dags/example_skip_dag.py
[2023-06-15T21:10:20.469+0000] {processor.py:836} INFO - DAG(s) dict_keys(['example_skip_dag']) retrieved from /home/airflow/.local/lib/python3.7/site-packages/airflow/example_dags/example_skip_dag.py
[2023-06-15T21:10:20.493+0000] {logging_mixin.py:149} INFO - [2023-06-15T21:10:20.493+0000] {dag.py:2726} INFO - Sync 1 DAGs
[2023-06-15T21:10:20.511+0000] {logging_mixin.py:149} INFO - [2023-06-15T21:10:20.511+0000] {dag.py:3490} INFO - Setting next_dagrun for example_skip_dag to 2023-06-14T21:10:20.510809+00:00, run_after=2023-06-15T21:10:20.510809+00:00
[2023-06-15T21:10:20.523+0000] {processor.py:179} INFO - Processing /home/airflow/.local/lib/python3.7/site-packages/airflow/example_dags/example_skip_dag.py took 0.070 seconds
[2023-06-15T21:10:50.995+0000] {processor.py:157} INFO - Started process (PID=167) to work on /home/airflow/.local/lib/python3.7/site-packages/airflow/example_dags/example_skip_dag.py
[2023-06-15T21:10:50.997+0000] {processor.py:826} INFO - Processing file /home/airflow/.local/lib/python3.7/site-packages/airflow/example_dags/example_skip_dag.py for tasks to queue
[2023-06-15T21:10:50.999+0000] {logging_mixin.py:149} INFO - [2023-06-15T21:10:50.999+0000] {dagbag.py:541} INFO - Filling up the DagBag from /home/airflow/.local/lib/python3.7/site-packages/airflow/example_dags/example_skip_dag.py
[2023-06-15T21:10:51.010+0000] {processor.py:836} INFO - DAG(s) dict_keys(['example_skip_dag']) retrieved from /home/airflow/.local/lib/python3.7/site-packages/airflow/example_dags/example_skip_dag.py
[2023-06-15T21:10:51.043+0000] {logging_mixin.py:149} INFO - [2023-06-15T21:10:51.043+0000] {dag.py:2726} INFO - Sync 1 DAGs
[2023-06-15T21:10:51.061+0000] {logging_mixin.py:149} INFO - [2023-06-15T21:10:51.060+0000] {dag.py:3490} INFO - Setting next_dagrun for example_skip_dag to 2023-06-14T21:10:51.060763+00:00, run_after=2023-06-15T21:10:51.060763+00:00
[2023-06-15T21:10:51.073+0000] {processor.py:179} INFO - Processing /home/airflow/.local/lib/python3.7/site-packages/airflow/example_dags/example_skip_dag.py took 0.086 seconds
[2023-06-15T21:11:21.248+0000] {processor.py:157} INFO - Started process (PID=222) to work on /home/airflow/.local/lib/python3.7/site-packages/airflow/example_dags/example_skip_dag.py
[2023-06-15T21:11:21.252+0000] {processor.py:826} INFO - Processing file /home/airflow/.local/lib/python3.7/site-packages/airflow/example_dags/example_skip_dag.py for tasks to queue
[2023-06-15T21:11:21.253+0000] {logging_mixin.py:149} INFO - [2023-06-15T21:11:21.253+0000] {dagbag.py:541} INFO - Filling up the DagBag from /home/airflow/.local/lib/python3.7/site-packages/airflow/example_dags/example_skip_dag.py
[2023-06-15T21:11:21.263+0000] {processor.py:836} INFO - DAG(s) dict_keys(['example_skip_dag']) retrieved from /home/airflow/.local/lib/python3.7/site-packages/airflow/example_dags/example_skip_dag.py
[2023-06-15T21:11:21.289+0000] {logging_mixin.py:149} INFO - [2023-06-15T21:11:21.289+0000] {dag.py:2726} INFO - Sync 1 DAGs
[2023-06-15T21:11:21.306+0000] {logging_mixin.py:149} INFO - [2023-06-15T21:11:21.306+0000] {dag.py:3490} INFO - Setting next_dagrun for example_skip_dag to 2023-06-14T21:11:21.306053+00:00, run_after=2023-06-15T21:11:21.306053+00:00
[2023-06-15T21:11:21.317+0000] {processor.py:179} INFO - Processing /home/airflow/.local/lib/python3.7/site-packages/airflow/example_dags/example_skip_dag.py took 0.076 seconds
[2023-06-15T21:11:51.763+0000] {processor.py:157} INFO - Started process (PID=279) to work on /home/airflow/.local/lib/python3.7/site-packages/airflow/example_dags/example_skip_dag.py
[2023-06-15T21:11:51.765+0000] {processor.py:826} INFO - Processing file /home/airflow/.local/lib/python3.7/site-packages/airflow/example_dags/example_skip_dag.py for tasks to queue
[2023-06-15T21:11:51.767+0000] {logging_mixin.py:149} INFO - [2023-06-15T21:11:51.766+0000] {dagbag.py:541} INFO - Filling up the DagBag from /home/airflow/.local/lib/python3.7/site-packages/airflow/example_dags/example_skip_dag.py
[2023-06-15T21:11:51.774+0000] {processor.py:836} INFO - DAG(s) dict_keys(['example_skip_dag']) retrieved from /home/airflow/.local/lib/python3.7/site-packages/airflow/example_dags/example_skip_dag.py
[2023-06-15T21:11:51.802+0000] {logging_mixin.py:149} INFO - [2023-06-15T21:11:51.802+0000] {dag.py:2726} INFO - Sync 1 DAGs
[2023-06-15T21:11:51.823+0000] {logging_mixin.py:149} INFO - [2023-06-15T21:11:51.823+0000] {dag.py:3490} INFO - Setting next_dagrun for example_skip_dag to 2023-06-14T21:11:51.822963+00:00, run_after=2023-06-15T21:11:51.822963+00:00
[2023-06-15T21:11:51.843+0000] {processor.py:179} INFO - Processing /home/airflow/.local/lib/python3.7/site-packages/airflow/example_dags/example_skip_dag.py took 0.083 seconds
[2023-06-15T21:12:22.380+0000] {processor.py:157} INFO - Started process (PID=334) to work on /home/airflow/.local/lib/python3.7/site-packages/airflow/example_dags/example_skip_dag.py
[2023-06-15T21:12:22.381+0000] {processor.py:826} INFO - Processing file /home/airflow/.local/lib/python3.7/site-packages/airflow/example_dags/example_skip_dag.py for tasks to queue
[2023-06-15T21:12:22.382+0000] {logging_mixin.py:149} INFO - [2023-06-15T21:12:22.382+0000] {dagbag.py:541} INFO - Filling up the DagBag from /home/airflow/.local/lib/python3.7/site-packages/airflow/example_dags/example_skip_dag.py
[2023-06-15T21:12:22.388+0000] {processor.py:836} INFO - DAG(s) dict_keys(['example_skip_dag']) retrieved from /home/airflow/.local/lib/python3.7/site-packages/airflow/example_dags/example_skip_dag.py
[2023-06-15T21:12:22.409+0000] {logging_mixin.py:149} INFO - [2023-06-15T21:12:22.409+0000] {dag.py:2726} INFO - Sync 1 DAGs
[2023-06-15T21:12:22.426+0000] {logging_mixin.py:149} INFO - [2023-06-15T21:12:22.426+0000] {dag.py:3490} INFO - Setting next_dagrun for example_skip_dag to 2023-06-14T21:12:22.426547+00:00, run_after=2023-06-15T21:12:22.426547+00:00
[2023-06-15T21:12:22.439+0000] {processor.py:179} INFO - Processing /home/airflow/.local/lib/python3.7/site-packages/airflow/example_dags/example_skip_dag.py took 0.063 seconds
[2023-06-15T21:12:52.773+0000] {processor.py:157} INFO - Started process (PID=390) to work on /home/airflow/.local/lib/python3.7/site-packages/airflow/example_dags/example_skip_dag.py
[2023-06-15T21:12:52.775+0000] {processor.py:826} INFO - Processing file /home/airflow/.local/lib/python3.7/site-packages/airflow/example_dags/example_skip_dag.py for tasks to queue
[2023-06-15T21:12:52.776+0000] {logging_mixin.py:149} INFO - [2023-06-15T21:12:52.776+0000] {dagbag.py:541} INFO - Filling up the DagBag from /home/airflow/.local/lib/python3.7/site-packages/airflow/example_dags/example_skip_dag.py
[2023-06-15T21:12:52.783+0000] {processor.py:836} INFO - DAG(s) dict_keys(['example_skip_dag']) retrieved from /home/airflow/.local/lib/python3.7/site-packages/airflow/example_dags/example_skip_dag.py
[2023-06-15T21:12:52.806+0000] {logging_mixin.py:149} INFO - [2023-06-15T21:12:52.806+0000] {dag.py:2726} INFO - Sync 1 DAGs
[2023-06-15T21:12:52.823+0000] {logging_mixin.py:149} INFO - [2023-06-15T21:12:52.823+0000] {dag.py:3490} INFO - Setting next_dagrun for example_skip_dag to 2023-06-14T21:12:52.822976+00:00, run_after=2023-06-15T21:12:52.822976+00:00
[2023-06-15T21:12:52.835+0000] {processor.py:179} INFO - Processing /home/airflow/.local/lib/python3.7/site-packages/airflow/example_dags/example_skip_dag.py took 0.066 seconds
[2023-06-15T21:13:23.090+0000] {processor.py:157} INFO - Started process (PID=446) to work on /home/airflow/.local/lib/python3.7/site-packages/airflow/example_dags/example_skip_dag.py
[2023-06-15T21:13:23.093+0000] {processor.py:826} INFO - Processing file /home/airflow/.local/lib/python3.7/site-packages/airflow/example_dags/example_skip_dag.py for tasks to queue
[2023-06-15T21:13:23.095+0000] {logging_mixin.py:149} INFO - [2023-06-15T21:13:23.094+0000] {dagbag.py:541} INFO - Filling up the DagBag from /home/airflow/.local/lib/python3.7/site-packages/airflow/example_dags/example_skip_dag.py
[2023-06-15T21:13:23.104+0000] {processor.py:836} INFO - DAG(s) dict_keys(['example_skip_dag']) retrieved from /home/airflow/.local/lib/python3.7/site-packages/airflow/example_dags/example_skip_dag.py
[2023-06-15T21:13:23.131+0000] {logging_mixin.py:149} INFO - [2023-06-15T21:13:23.131+0000] {dag.py:2726} INFO - Sync 1 DAGs
[2023-06-15T21:13:23.148+0000] {logging_mixin.py:149} INFO - [2023-06-15T21:13:23.148+0000] {dag.py:3490} INFO - Setting next_dagrun for example_skip_dag to 2023-06-14T21:13:23.148127+00:00, run_after=2023-06-15T21:13:23.148127+00:00
[2023-06-15T21:13:23.170+0000] {processor.py:179} INFO - Processing /home/airflow/.local/lib/python3.7/site-packages/airflow/example_dags/example_skip_dag.py took 0.087 seconds
[2023-06-15T21:13:53.968+0000] {processor.py:157} INFO - Started process (PID=502) to work on /home/airflow/.local/lib/python3.7/site-packages/airflow/example_dags/example_skip_dag.py
[2023-06-15T21:13:53.971+0000] {processor.py:826} INFO - Processing file /home/airflow/.local/lib/python3.7/site-packages/airflow/example_dags/example_skip_dag.py for tasks to queue
[2023-06-15T21:13:53.972+0000] {logging_mixin.py:149} INFO - [2023-06-15T21:13:53.972+0000] {dagbag.py:541} INFO - Filling up the DagBag from /home/airflow/.local/lib/python3.7/site-packages/airflow/example_dags/example_skip_dag.py
[2023-06-15T21:13:53.982+0000] {processor.py:836} INFO - DAG(s) dict_keys(['example_skip_dag']) retrieved from /home/airflow/.local/lib/python3.7/site-packages/airflow/example_dags/example_skip_dag.py
[2023-06-15T21:13:54.008+0000] {logging_mixin.py:149} INFO - [2023-06-15T21:13:54.008+0000] {dag.py:2726} INFO - Sync 1 DAGs
[2023-06-15T21:13:54.025+0000] {logging_mixin.py:149} INFO - [2023-06-15T21:13:54.025+0000] {dag.py:3490} INFO - Setting next_dagrun for example_skip_dag to 2023-06-14T21:13:54.024891+00:00, run_after=2023-06-15T21:13:54.024891+00:00
[2023-06-15T21:13:54.037+0000] {processor.py:179} INFO - Processing /home/airflow/.local/lib/python3.7/site-packages/airflow/example_dags/example_skip_dag.py took 0.075 seconds
[2023-06-15T21:14:24.373+0000] {processor.py:157} INFO - Started process (PID=558) to work on /home/airflow/.local/lib/python3.7/site-packages/airflow/example_dags/example_skip_dag.py
[2023-06-15T21:14:24.375+0000] {processor.py:826} INFO - Processing file /home/airflow/.local/lib/python3.7/site-packages/airflow/example_dags/example_skip_dag.py for tasks to queue
[2023-06-15T21:14:24.377+0000] {logging_mixin.py:149} INFO - [2023-06-15T21:14:24.377+0000] {dagbag.py:541} INFO - Filling up the DagBag from /home/airflow/.local/lib/python3.7/site-packages/airflow/example_dags/example_skip_dag.py
[2023-06-15T21:14:24.387+0000] {processor.py:836} INFO - DAG(s) dict_keys(['example_skip_dag']) retrieved from /home/airflow/.local/lib/python3.7/site-packages/airflow/example_dags/example_skip_dag.py
[2023-06-15T21:14:24.413+0000] {logging_mixin.py:149} INFO - [2023-06-15T21:14:24.413+0000] {dag.py:2726} INFO - Sync 1 DAGs
[2023-06-15T21:14:24.430+0000] {logging_mixin.py:149} INFO - [2023-06-15T21:14:24.430+0000] {dag.py:3490} INFO - Setting next_dagrun for example_skip_dag to 2023-06-14T21:14:24.430045+00:00, run_after=2023-06-15T21:14:24.430045+00:00
[2023-06-15T21:14:24.442+0000] {processor.py:179} INFO - Processing /home/airflow/.local/lib/python3.7/site-packages/airflow/example_dags/example_skip_dag.py took 0.074 seconds
[2023-06-15T21:14:55.020+0000] {processor.py:157} INFO - Started process (PID=614) to work on /home/airflow/.local/lib/python3.7/site-packages/airflow/example_dags/example_skip_dag.py
[2023-06-15T21:14:55.022+0000] {processor.py:826} INFO - Processing file /home/airflow/.local/lib/python3.7/site-packages/airflow/example_dags/example_skip_dag.py for tasks to queue
[2023-06-15T21:14:55.023+0000] {logging_mixin.py:149} INFO - [2023-06-15T21:14:55.023+0000] {dagbag.py:541} INFO - Filling up the DagBag from /home/airflow/.local/lib/python3.7/site-packages/airflow/example_dags/example_skip_dag.py
[2023-06-15T21:14:55.031+0000] {processor.py:836} INFO - DAG(s) dict_keys(['example_skip_dag']) retrieved from /home/airflow/.local/lib/python3.7/site-packages/airflow/example_dags/example_skip_dag.py
[2023-06-15T21:14:55.075+0000] {logging_mixin.py:149} INFO - [2023-06-15T21:14:55.075+0000] {dag.py:2726} INFO - Sync 1 DAGs
[2023-06-15T21:14:55.116+0000] {logging_mixin.py:149} INFO - [2023-06-15T21:14:55.116+0000] {dag.py:3490} INFO - Setting next_dagrun for example_skip_dag to 2023-06-14T21:14:55.115955+00:00, run_after=2023-06-15T21:14:55.115955+00:00
[2023-06-15T21:14:55.133+0000] {processor.py:179} INFO - Processing /home/airflow/.local/lib/python3.7/site-packages/airflow/example_dags/example_skip_dag.py took 0.117 seconds
[2023-06-15T21:15:25.447+0000] {processor.py:157} INFO - Started process (PID=671) to work on /home/airflow/.local/lib/python3.7/site-packages/airflow/example_dags/example_skip_dag.py
[2023-06-15T21:15:25.449+0000] {processor.py:826} INFO - Processing file /home/airflow/.local/lib/python3.7/site-packages/airflow/example_dags/example_skip_dag.py for tasks to queue
[2023-06-15T21:15:25.449+0000] {logging_mixin.py:149} INFO - [2023-06-15T21:15:25.449+0000] {dagbag.py:541} INFO - Filling up the DagBag from /home/airflow/.local/lib/python3.7/site-packages/airflow/example_dags/example_skip_dag.py
[2023-06-15T21:15:25.455+0000] {processor.py:836} INFO - DAG(s) dict_keys(['example_skip_dag']) retrieved from /home/airflow/.local/lib/python3.7/site-packages/airflow/example_dags/example_skip_dag.py
[2023-06-15T21:15:25.475+0000] {logging_mixin.py:149} INFO - [2023-06-15T21:15:25.475+0000] {dag.py:2726} INFO - Sync 1 DAGs
[2023-06-15T21:15:25.492+0000] {logging_mixin.py:149} INFO - [2023-06-15T21:15:25.492+0000] {dag.py:3490} INFO - Setting next_dagrun for example_skip_dag to 2023-06-14T21:15:25.492428+00:00, run_after=2023-06-15T21:15:25.492428+00:00
[2023-06-15T21:15:25.505+0000] {processor.py:179} INFO - Processing /home/airflow/.local/lib/python3.7/site-packages/airflow/example_dags/example_skip_dag.py took 0.061 seconds
