[2023-06-15T21:09:50.820+0000] {processor.py:157} INFO - Started process (PID=69) to work on /home/airflow/.local/lib/python3.7/site-packages/airflow/example_dags/example_task_group_decorator.py
[2023-06-15T21:09:50.823+0000] {processor.py:826} INFO - Processing file /home/airflow/.local/lib/python3.7/site-packages/airflow/example_dags/example_task_group_decorator.py for tasks to queue
[2023-06-15T21:09:50.829+0000] {logging_mixin.py:149} INFO - [2023-06-15T21:09:50.829+0000] {dagbag.py:541} INFO - Filling up the DagBag from /home/airflow/.local/lib/python3.7/site-packages/airflow/example_dags/example_task_group_decorator.py
[2023-06-15T21:09:50.857+0000] {processor.py:836} INFO - DAG(s) dict_keys(['example_task_group_decorator']) retrieved from /home/airflow/.local/lib/python3.7/site-packages/airflow/example_dags/example_task_group_decorator.py
[2023-06-15T21:09:50.893+0000] {logging_mixin.py:149} INFO - [2023-06-15T21:09:50.893+0000] {dag.py:2726} INFO - Sync 1 DAGs
[2023-06-15T21:09:50.961+0000] {logging_mixin.py:149} INFO - [2023-06-15T21:09:50.959+0000] {dag.py:3490} INFO - Setting next_dagrun for example_task_group_decorator to 2023-06-14T21:09:50.959464+00:00, run_after=2023-06-15T21:09:50.959464+00:00
[2023-06-15T21:09:51.003+0000] {processor.py:179} INFO - Processing /home/airflow/.local/lib/python3.7/site-packages/airflow/example_dags/example_task_group_decorator.py took 0.186 seconds
[2023-06-15T21:10:21.262+0000] {processor.py:157} INFO - Started process (PID=125) to work on /home/airflow/.local/lib/python3.7/site-packages/airflow/example_dags/example_task_group_decorator.py
[2023-06-15T21:10:21.264+0000] {processor.py:826} INFO - Processing file /home/airflow/.local/lib/python3.7/site-packages/airflow/example_dags/example_task_group_decorator.py for tasks to queue
[2023-06-15T21:10:21.264+0000] {logging_mixin.py:149} INFO - [2023-06-15T21:10:21.264+0000] {dagbag.py:541} INFO - Filling up the DagBag from /home/airflow/.local/lib/python3.7/site-packages/airflow/example_dags/example_task_group_decorator.py
[2023-06-15T21:10:21.273+0000] {processor.py:836} INFO - DAG(s) dict_keys(['example_task_group_decorator']) retrieved from /home/airflow/.local/lib/python3.7/site-packages/airflow/example_dags/example_task_group_decorator.py
[2023-06-15T21:10:21.293+0000] {logging_mixin.py:149} INFO - [2023-06-15T21:10:21.293+0000] {dag.py:2726} INFO - Sync 1 DAGs
[2023-06-15T21:10:21.309+0000] {logging_mixin.py:149} INFO - [2023-06-15T21:10:21.309+0000] {dag.py:3490} INFO - Setting next_dagrun for example_task_group_decorator to 2023-06-14T21:10:21.309146+00:00, run_after=2023-06-15T21:10:21.309146+00:00
[2023-06-15T21:10:21.321+0000] {processor.py:179} INFO - Processing /home/airflow/.local/lib/python3.7/site-packages/airflow/example_dags/example_task_group_decorator.py took 0.061 seconds
[2023-06-15T21:10:51.745+0000] {processor.py:157} INFO - Started process (PID=181) to work on /home/airflow/.local/lib/python3.7/site-packages/airflow/example_dags/example_task_group_decorator.py
[2023-06-15T21:10:51.746+0000] {processor.py:826} INFO - Processing file /home/airflow/.local/lib/python3.7/site-packages/airflow/example_dags/example_task_group_decorator.py for tasks to queue
[2023-06-15T21:10:51.747+0000] {logging_mixin.py:149} INFO - [2023-06-15T21:10:51.747+0000] {dagbag.py:541} INFO - Filling up the DagBag from /home/airflow/.local/lib/python3.7/site-packages/airflow/example_dags/example_task_group_decorator.py
[2023-06-15T21:10:51.756+0000] {processor.py:836} INFO - DAG(s) dict_keys(['example_task_group_decorator']) retrieved from /home/airflow/.local/lib/python3.7/site-packages/airflow/example_dags/example_task_group_decorator.py
[2023-06-15T21:10:51.777+0000] {logging_mixin.py:149} INFO - [2023-06-15T21:10:51.777+0000] {dag.py:2726} INFO - Sync 1 DAGs
[2023-06-15T21:10:51.793+0000] {logging_mixin.py:149} INFO - [2023-06-15T21:10:51.793+0000] {dag.py:3490} INFO - Setting next_dagrun for example_task_group_decorator to 2023-06-14T21:10:51.792987+00:00, run_after=2023-06-15T21:10:51.792987+00:00
[2023-06-15T21:10:51.804+0000] {processor.py:179} INFO - Processing /home/airflow/.local/lib/python3.7/site-packages/airflow/example_dags/example_task_group_decorator.py took 0.062 seconds
[2023-06-15T21:11:21.874+0000] {processor.py:157} INFO - Started process (PID=236) to work on /home/airflow/.local/lib/python3.7/site-packages/airflow/example_dags/example_task_group_decorator.py
[2023-06-15T21:11:21.875+0000] {processor.py:826} INFO - Processing file /home/airflow/.local/lib/python3.7/site-packages/airflow/example_dags/example_task_group_decorator.py for tasks to queue
[2023-06-15T21:11:21.876+0000] {logging_mixin.py:149} INFO - [2023-06-15T21:11:21.876+0000] {dagbag.py:541} INFO - Filling up the DagBag from /home/airflow/.local/lib/python3.7/site-packages/airflow/example_dags/example_task_group_decorator.py
[2023-06-15T21:11:21.885+0000] {processor.py:836} INFO - DAG(s) dict_keys(['example_task_group_decorator']) retrieved from /home/airflow/.local/lib/python3.7/site-packages/airflow/example_dags/example_task_group_decorator.py
[2023-06-15T21:11:21.907+0000] {logging_mixin.py:149} INFO - [2023-06-15T21:11:21.907+0000] {dag.py:2726} INFO - Sync 1 DAGs
[2023-06-15T21:11:21.925+0000] {logging_mixin.py:149} INFO - [2023-06-15T21:11:21.924+0000] {dag.py:3490} INFO - Setting next_dagrun for example_task_group_decorator to 2023-06-14T21:11:21.924675+00:00, run_after=2023-06-15T21:11:21.924675+00:00
[2023-06-15T21:11:21.935+0000] {processor.py:179} INFO - Processing /home/airflow/.local/lib/python3.7/site-packages/airflow/example_dags/example_task_group_decorator.py took 0.064 seconds
[2023-06-15T21:11:52.764+0000] {processor.py:157} INFO - Started process (PID=293) to work on /home/airflow/.local/lib/python3.7/site-packages/airflow/example_dags/example_task_group_decorator.py
[2023-06-15T21:11:52.766+0000] {processor.py:826} INFO - Processing file /home/airflow/.local/lib/python3.7/site-packages/airflow/example_dags/example_task_group_decorator.py for tasks to queue
[2023-06-15T21:11:52.768+0000] {logging_mixin.py:149} INFO - [2023-06-15T21:11:52.767+0000] {dagbag.py:541} INFO - Filling up the DagBag from /home/airflow/.local/lib/python3.7/site-packages/airflow/example_dags/example_task_group_decorator.py
[2023-06-15T21:11:52.783+0000] {processor.py:836} INFO - DAG(s) dict_keys(['example_task_group_decorator']) retrieved from /home/airflow/.local/lib/python3.7/site-packages/airflow/example_dags/example_task_group_decorator.py
[2023-06-15T21:11:52.809+0000] {logging_mixin.py:149} INFO - [2023-06-15T21:11:52.809+0000] {dag.py:2726} INFO - Sync 1 DAGs
[2023-06-15T21:11:52.828+0000] {logging_mixin.py:149} INFO - [2023-06-15T21:11:52.828+0000] {dag.py:3490} INFO - Setting next_dagrun for example_task_group_decorator to 2023-06-14T21:11:52.828084+00:00, run_after=2023-06-15T21:11:52.828084+00:00
[2023-06-15T21:11:52.845+0000] {processor.py:179} INFO - Processing /home/airflow/.local/lib/python3.7/site-packages/airflow/example_dags/example_task_group_decorator.py took 0.084 seconds
[2023-06-15T21:12:23.133+0000] {processor.py:157} INFO - Started process (PID=348) to work on /home/airflow/.local/lib/python3.7/site-packages/airflow/example_dags/example_task_group_decorator.py
[2023-06-15T21:12:23.134+0000] {processor.py:826} INFO - Processing file /home/airflow/.local/lib/python3.7/site-packages/airflow/example_dags/example_task_group_decorator.py for tasks to queue
[2023-06-15T21:12:23.135+0000] {logging_mixin.py:149} INFO - [2023-06-15T21:12:23.135+0000] {dagbag.py:541} INFO - Filling up the DagBag from /home/airflow/.local/lib/python3.7/site-packages/airflow/example_dags/example_task_group_decorator.py
[2023-06-15T21:12:23.144+0000] {processor.py:836} INFO - DAG(s) dict_keys(['example_task_group_decorator']) retrieved from /home/airflow/.local/lib/python3.7/site-packages/airflow/example_dags/example_task_group_decorator.py
[2023-06-15T21:12:23.164+0000] {logging_mixin.py:149} INFO - [2023-06-15T21:12:23.164+0000] {dag.py:2726} INFO - Sync 1 DAGs
[2023-06-15T21:12:23.181+0000] {logging_mixin.py:149} INFO - [2023-06-15T21:12:23.181+0000] {dag.py:3490} INFO - Setting next_dagrun for example_task_group_decorator to 2023-06-14T21:12:23.180763+00:00, run_after=2023-06-15T21:12:23.180763+00:00
[2023-06-15T21:12:23.192+0000] {processor.py:179} INFO - Processing /home/airflow/.local/lib/python3.7/site-packages/airflow/example_dags/example_task_group_decorator.py took 0.062 seconds
[2023-06-15T21:12:53.500+0000] {processor.py:157} INFO - Started process (PID=404) to work on /home/airflow/.local/lib/python3.7/site-packages/airflow/example_dags/example_task_group_decorator.py
[2023-06-15T21:12:53.501+0000] {processor.py:826} INFO - Processing file /home/airflow/.local/lib/python3.7/site-packages/airflow/example_dags/example_task_group_decorator.py for tasks to queue
[2023-06-15T21:12:53.501+0000] {logging_mixin.py:149} INFO - [2023-06-15T21:12:53.501+0000] {dagbag.py:541} INFO - Filling up the DagBag from /home/airflow/.local/lib/python3.7/site-packages/airflow/example_dags/example_task_group_decorator.py
[2023-06-15T21:12:53.511+0000] {processor.py:836} INFO - DAG(s) dict_keys(['example_task_group_decorator']) retrieved from /home/airflow/.local/lib/python3.7/site-packages/airflow/example_dags/example_task_group_decorator.py
[2023-06-15T21:12:53.531+0000] {logging_mixin.py:149} INFO - [2023-06-15T21:12:53.531+0000] {dag.py:2726} INFO - Sync 1 DAGs
[2023-06-15T21:12:53.547+0000] {logging_mixin.py:149} INFO - [2023-06-15T21:12:53.547+0000] {dag.py:3490} INFO - Setting next_dagrun for example_task_group_decorator to 2023-06-14T21:12:53.547608+00:00, run_after=2023-06-15T21:12:53.547608+00:00
[2023-06-15T21:12:53.560+0000] {processor.py:179} INFO - Processing /home/airflow/.local/lib/python3.7/site-packages/airflow/example_dags/example_task_group_decorator.py took 0.063 seconds
[2023-06-15T21:13:23.788+0000] {processor.py:157} INFO - Started process (PID=459) to work on /home/airflow/.local/lib/python3.7/site-packages/airflow/example_dags/example_task_group_decorator.py
[2023-06-15T21:13:23.789+0000] {processor.py:826} INFO - Processing file /home/airflow/.local/lib/python3.7/site-packages/airflow/example_dags/example_task_group_decorator.py for tasks to queue
[2023-06-15T21:13:23.790+0000] {logging_mixin.py:149} INFO - [2023-06-15T21:13:23.790+0000] {dagbag.py:541} INFO - Filling up the DagBag from /home/airflow/.local/lib/python3.7/site-packages/airflow/example_dags/example_task_group_decorator.py
[2023-06-15T21:13:23.799+0000] {processor.py:836} INFO - DAG(s) dict_keys(['example_task_group_decorator']) retrieved from /home/airflow/.local/lib/python3.7/site-packages/airflow/example_dags/example_task_group_decorator.py
[2023-06-15T21:13:23.821+0000] {logging_mixin.py:149} INFO - [2023-06-15T21:13:23.821+0000] {dag.py:2726} INFO - Sync 1 DAGs
[2023-06-15T21:13:23.837+0000] {logging_mixin.py:149} INFO - [2023-06-15T21:13:23.837+0000] {dag.py:3490} INFO - Setting next_dagrun for example_task_group_decorator to 2023-06-14T21:13:23.837660+00:00, run_after=2023-06-15T21:13:23.837660+00:00
[2023-06-15T21:13:23.848+0000] {processor.py:179} INFO - Processing /home/airflow/.local/lib/python3.7/site-packages/airflow/example_dags/example_task_group_decorator.py took 0.063 seconds
[2023-06-15T21:13:54.679+0000] {processor.py:157} INFO - Started process (PID=515) to work on /home/airflow/.local/lib/python3.7/site-packages/airflow/example_dags/example_task_group_decorator.py
[2023-06-15T21:13:54.680+0000] {processor.py:826} INFO - Processing file /home/airflow/.local/lib/python3.7/site-packages/airflow/example_dags/example_task_group_decorator.py for tasks to queue
[2023-06-15T21:13:54.681+0000] {logging_mixin.py:149} INFO - [2023-06-15T21:13:54.681+0000] {dagbag.py:541} INFO - Filling up the DagBag from /home/airflow/.local/lib/python3.7/site-packages/airflow/example_dags/example_task_group_decorator.py
[2023-06-15T21:13:54.691+0000] {processor.py:836} INFO - DAG(s) dict_keys(['example_task_group_decorator']) retrieved from /home/airflow/.local/lib/python3.7/site-packages/airflow/example_dags/example_task_group_decorator.py
[2023-06-15T21:13:54.714+0000] {logging_mixin.py:149} INFO - [2023-06-15T21:13:54.714+0000] {dag.py:2726} INFO - Sync 1 DAGs
[2023-06-15T21:13:54.732+0000] {logging_mixin.py:149} INFO - [2023-06-15T21:13:54.731+0000] {dag.py:3490} INFO - Setting next_dagrun for example_task_group_decorator to 2023-06-14T21:13:54.731691+00:00, run_after=2023-06-15T21:13:54.731691+00:00
[2023-06-15T21:13:54.743+0000] {processor.py:179} INFO - Processing /home/airflow/.local/lib/python3.7/site-packages/airflow/example_dags/example_task_group_decorator.py took 0.068 seconds
[2023-06-15T21:14:25.371+0000] {processor.py:157} INFO - Started process (PID=572) to work on /home/airflow/.local/lib/python3.7/site-packages/airflow/example_dags/example_task_group_decorator.py
[2023-06-15T21:14:25.374+0000] {processor.py:826} INFO - Processing file /home/airflow/.local/lib/python3.7/site-packages/airflow/example_dags/example_task_group_decorator.py for tasks to queue
[2023-06-15T21:14:25.375+0000] {logging_mixin.py:149} INFO - [2023-06-15T21:14:25.375+0000] {dagbag.py:541} INFO - Filling up the DagBag from /home/airflow/.local/lib/python3.7/site-packages/airflow/example_dags/example_task_group_decorator.py
[2023-06-15T21:14:25.386+0000] {processor.py:836} INFO - DAG(s) dict_keys(['example_task_group_decorator']) retrieved from /home/airflow/.local/lib/python3.7/site-packages/airflow/example_dags/example_task_group_decorator.py
[2023-06-15T21:14:25.410+0000] {logging_mixin.py:149} INFO - [2023-06-15T21:14:25.410+0000] {dag.py:2726} INFO - Sync 1 DAGs
[2023-06-15T21:14:25.435+0000] {logging_mixin.py:149} INFO - [2023-06-15T21:14:25.435+0000] {dag.py:3490} INFO - Setting next_dagrun for example_task_group_decorator to 2023-06-14T21:14:25.434736+00:00, run_after=2023-06-15T21:14:25.434736+00:00
[2023-06-15T21:14:25.452+0000] {processor.py:179} INFO - Processing /home/airflow/.local/lib/python3.7/site-packages/airflow/example_dags/example_task_group_decorator.py took 0.084 seconds
[2023-06-15T21:14:55.924+0000] {processor.py:157} INFO - Started process (PID=628) to work on /home/airflow/.local/lib/python3.7/site-packages/airflow/example_dags/example_task_group_decorator.py
[2023-06-15T21:14:55.926+0000] {processor.py:826} INFO - Processing file /home/airflow/.local/lib/python3.7/site-packages/airflow/example_dags/example_task_group_decorator.py for tasks to queue
[2023-06-15T21:14:55.927+0000] {logging_mixin.py:149} INFO - [2023-06-15T21:14:55.926+0000] {dagbag.py:541} INFO - Filling up the DagBag from /home/airflow/.local/lib/python3.7/site-packages/airflow/example_dags/example_task_group_decorator.py
[2023-06-15T21:14:55.936+0000] {processor.py:836} INFO - DAG(s) dict_keys(['example_task_group_decorator']) retrieved from /home/airflow/.local/lib/python3.7/site-packages/airflow/example_dags/example_task_group_decorator.py
[2023-06-15T21:14:55.957+0000] {logging_mixin.py:149} INFO - [2023-06-15T21:14:55.957+0000] {dag.py:2726} INFO - Sync 1 DAGs
[2023-06-15T21:14:55.972+0000] {logging_mixin.py:149} INFO - [2023-06-15T21:14:55.972+0000] {dag.py:3490} INFO - Setting next_dagrun for example_task_group_decorator to 2023-06-14T21:14:55.972596+00:00, run_after=2023-06-15T21:14:55.972596+00:00
[2023-06-15T21:14:55.985+0000] {processor.py:179} INFO - Processing /home/airflow/.local/lib/python3.7/site-packages/airflow/example_dags/example_task_group_decorator.py took 0.063 seconds
