[2023-06-15T21:09:49.854+0000] {processor.py:157} INFO - Started process (PID=59) to work on /home/airflow/.local/lib/python3.7/site-packages/airflow/example_dags/example_task_group.py
[2023-06-15T21:09:49.861+0000] {processor.py:826} INFO - Processing file /home/airflow/.local/lib/python3.7/site-packages/airflow/example_dags/example_task_group.py for tasks to queue
[2023-06-15T21:09:49.869+0000] {logging_mixin.py:149} INFO - [2023-06-15T21:09:49.869+0000] {dagbag.py:541} INFO - Filling up the DagBag from /home/airflow/.local/lib/python3.7/site-packages/airflow/example_dags/example_task_group.py
[2023-06-15T21:09:49.887+0000] {processor.py:836} INFO - DAG(s) dict_keys(['example_task_group']) retrieved from /home/airflow/.local/lib/python3.7/site-packages/airflow/example_dags/example_task_group.py
[2023-06-15T21:09:49.912+0000] {logging_mixin.py:149} INFO - [2023-06-15T21:09:49.912+0000] {dag.py:2726} INFO - Sync 1 DAGs
[2023-06-15T21:09:49.951+0000] {logging_mixin.py:149} INFO - [2023-06-15T21:09:49.951+0000] {dag.py:3490} INFO - Setting next_dagrun for example_task_group to 2023-06-14T21:09:49.951063+00:00, run_after=2023-06-15T21:09:49.951063+00:00
[2023-06-15T21:09:49.969+0000] {processor.py:179} INFO - Processing /home/airflow/.local/lib/python3.7/site-packages/airflow/example_dags/example_task_group.py took 0.118 seconds
[2023-06-15T21:10:20.743+0000] {processor.py:157} INFO - Started process (PID=115) to work on /home/airflow/.local/lib/python3.7/site-packages/airflow/example_dags/example_task_group.py
[2023-06-15T21:10:20.744+0000] {processor.py:826} INFO - Processing file /home/airflow/.local/lib/python3.7/site-packages/airflow/example_dags/example_task_group.py for tasks to queue
[2023-06-15T21:10:20.745+0000] {logging_mixin.py:149} INFO - [2023-06-15T21:10:20.745+0000] {dagbag.py:541} INFO - Filling up the DagBag from /home/airflow/.local/lib/python3.7/site-packages/airflow/example_dags/example_task_group.py
[2023-06-15T21:10:20.751+0000] {processor.py:836} INFO - DAG(s) dict_keys(['example_task_group']) retrieved from /home/airflow/.local/lib/python3.7/site-packages/airflow/example_dags/example_task_group.py
[2023-06-15T21:10:20.773+0000] {logging_mixin.py:149} INFO - [2023-06-15T21:10:20.773+0000] {dag.py:2726} INFO - Sync 1 DAGs
[2023-06-15T21:10:20.791+0000] {logging_mixin.py:149} INFO - [2023-06-15T21:10:20.791+0000] {dag.py:3490} INFO - Setting next_dagrun for example_task_group to 2023-06-14T21:10:20.790782+00:00, run_after=2023-06-15T21:10:20.790782+00:00
[2023-06-15T21:10:20.803+0000] {processor.py:179} INFO - Processing /home/airflow/.local/lib/python3.7/site-packages/airflow/example_dags/example_task_group.py took 0.063 seconds
[2023-06-15T21:10:51.308+0000] {processor.py:157} INFO - Started process (PID=171) to work on /home/airflow/.local/lib/python3.7/site-packages/airflow/example_dags/example_task_group.py
[2023-06-15T21:10:51.309+0000] {processor.py:826} INFO - Processing file /home/airflow/.local/lib/python3.7/site-packages/airflow/example_dags/example_task_group.py for tasks to queue
[2023-06-15T21:10:51.310+0000] {logging_mixin.py:149} INFO - [2023-06-15T21:10:51.310+0000] {dagbag.py:541} INFO - Filling up the DagBag from /home/airflow/.local/lib/python3.7/site-packages/airflow/example_dags/example_task_group.py
[2023-06-15T21:10:51.316+0000] {processor.py:836} INFO - DAG(s) dict_keys(['example_task_group']) retrieved from /home/airflow/.local/lib/python3.7/site-packages/airflow/example_dags/example_task_group.py
[2023-06-15T21:10:51.336+0000] {logging_mixin.py:149} INFO - [2023-06-15T21:10:51.336+0000] {dag.py:2726} INFO - Sync 1 DAGs
[2023-06-15T21:10:51.352+0000] {logging_mixin.py:149} INFO - [2023-06-15T21:10:51.352+0000] {dag.py:3490} INFO - Setting next_dagrun for example_task_group to 2023-06-14T21:10:51.352504+00:00, run_after=2023-06-15T21:10:51.352504+00:00
[2023-06-15T21:10:51.364+0000] {processor.py:179} INFO - Processing /home/airflow/.local/lib/python3.7/site-packages/airflow/example_dags/example_task_group.py took 0.059 seconds
[2023-06-15T21:11:21.527+0000] {processor.py:157} INFO - Started process (PID=227) to work on /home/airflow/.local/lib/python3.7/site-packages/airflow/example_dags/example_task_group.py
[2023-06-15T21:11:21.528+0000] {processor.py:826} INFO - Processing file /home/airflow/.local/lib/python3.7/site-packages/airflow/example_dags/example_task_group.py for tasks to queue
[2023-06-15T21:11:21.529+0000] {logging_mixin.py:149} INFO - [2023-06-15T21:11:21.529+0000] {dagbag.py:541} INFO - Filling up the DagBag from /home/airflow/.local/lib/python3.7/site-packages/airflow/example_dags/example_task_group.py
[2023-06-15T21:11:21.535+0000] {processor.py:836} INFO - DAG(s) dict_keys(['example_task_group']) retrieved from /home/airflow/.local/lib/python3.7/site-packages/airflow/example_dags/example_task_group.py
[2023-06-15T21:11:21.555+0000] {logging_mixin.py:149} INFO - [2023-06-15T21:11:21.555+0000] {dag.py:2726} INFO - Sync 1 DAGs
[2023-06-15T21:11:21.572+0000] {logging_mixin.py:149} INFO - [2023-06-15T21:11:21.572+0000] {dag.py:3490} INFO - Setting next_dagrun for example_task_group to 2023-06-14T21:11:21.571950+00:00, run_after=2023-06-15T21:11:21.571950+00:00
[2023-06-15T21:11:21.583+0000] {processor.py:179} INFO - Processing /home/airflow/.local/lib/python3.7/site-packages/airflow/example_dags/example_task_group.py took 0.059 seconds
[2023-06-15T21:11:52.123+0000] {processor.py:157} INFO - Started process (PID=283) to work on /home/airflow/.local/lib/python3.7/site-packages/airflow/example_dags/example_task_group.py
[2023-06-15T21:11:52.124+0000] {processor.py:826} INFO - Processing file /home/airflow/.local/lib/python3.7/site-packages/airflow/example_dags/example_task_group.py for tasks to queue
[2023-06-15T21:11:52.125+0000] {logging_mixin.py:149} INFO - [2023-06-15T21:11:52.125+0000] {dagbag.py:541} INFO - Filling up the DagBag from /home/airflow/.local/lib/python3.7/site-packages/airflow/example_dags/example_task_group.py
[2023-06-15T21:11:52.133+0000] {processor.py:836} INFO - DAG(s) dict_keys(['example_task_group']) retrieved from /home/airflow/.local/lib/python3.7/site-packages/airflow/example_dags/example_task_group.py
[2023-06-15T21:11:52.156+0000] {logging_mixin.py:149} INFO - [2023-06-15T21:11:52.156+0000] {dag.py:2726} INFO - Sync 1 DAGs
[2023-06-15T21:11:52.176+0000] {logging_mixin.py:149} INFO - [2023-06-15T21:11:52.176+0000] {dag.py:3490} INFO - Setting next_dagrun for example_task_group to 2023-06-14T21:11:52.176340+00:00, run_after=2023-06-15T21:11:52.176340+00:00
[2023-06-15T21:11:52.200+0000] {processor.py:179} INFO - Processing /home/airflow/.local/lib/python3.7/site-packages/airflow/example_dags/example_task_group.py took 0.080 seconds
[2023-06-15T21:12:22.664+0000] {processor.py:157} INFO - Started process (PID=338) to work on /home/airflow/.local/lib/python3.7/site-packages/airflow/example_dags/example_task_group.py
[2023-06-15T21:12:22.666+0000] {processor.py:826} INFO - Processing file /home/airflow/.local/lib/python3.7/site-packages/airflow/example_dags/example_task_group.py for tasks to queue
[2023-06-15T21:12:22.666+0000] {logging_mixin.py:149} INFO - [2023-06-15T21:12:22.666+0000] {dagbag.py:541} INFO - Filling up the DagBag from /home/airflow/.local/lib/python3.7/site-packages/airflow/example_dags/example_task_group.py
[2023-06-15T21:12:22.673+0000] {processor.py:836} INFO - DAG(s) dict_keys(['example_task_group']) retrieved from /home/airflow/.local/lib/python3.7/site-packages/airflow/example_dags/example_task_group.py
[2023-06-15T21:12:22.695+0000] {logging_mixin.py:149} INFO - [2023-06-15T21:12:22.695+0000] {dag.py:2726} INFO - Sync 1 DAGs
[2023-06-15T21:12:22.712+0000] {logging_mixin.py:149} INFO - [2023-06-15T21:12:22.712+0000] {dag.py:3490} INFO - Setting next_dagrun for example_task_group to 2023-06-14T21:12:22.712232+00:00, run_after=2023-06-15T21:12:22.712232+00:00
[2023-06-15T21:12:22.724+0000] {processor.py:179} INFO - Processing /home/airflow/.local/lib/python3.7/site-packages/airflow/example_dags/example_task_group.py took 0.063 seconds
[2023-06-15T21:12:53.054+0000] {processor.py:157} INFO - Started process (PID=394) to work on /home/airflow/.local/lib/python3.7/site-packages/airflow/example_dags/example_task_group.py
[2023-06-15T21:12:53.056+0000] {processor.py:826} INFO - Processing file /home/airflow/.local/lib/python3.7/site-packages/airflow/example_dags/example_task_group.py for tasks to queue
[2023-06-15T21:12:53.056+0000] {logging_mixin.py:149} INFO - [2023-06-15T21:12:53.056+0000] {dagbag.py:541} INFO - Filling up the DagBag from /home/airflow/.local/lib/python3.7/site-packages/airflow/example_dags/example_task_group.py
[2023-06-15T21:12:53.062+0000] {processor.py:836} INFO - DAG(s) dict_keys(['example_task_group']) retrieved from /home/airflow/.local/lib/python3.7/site-packages/airflow/example_dags/example_task_group.py
[2023-06-15T21:12:53.083+0000] {logging_mixin.py:149} INFO - [2023-06-15T21:12:53.083+0000] {dag.py:2726} INFO - Sync 1 DAGs
[2023-06-15T21:12:53.101+0000] {logging_mixin.py:149} INFO - [2023-06-15T21:12:53.101+0000] {dag.py:3490} INFO - Setting next_dagrun for example_task_group to 2023-06-14T21:12:53.101531+00:00, run_after=2023-06-15T21:12:53.101531+00:00
[2023-06-15T21:12:53.114+0000] {processor.py:179} INFO - Processing /home/airflow/.local/lib/python3.7/site-packages/airflow/example_dags/example_task_group.py took 0.063 seconds
[2023-06-15T21:13:23.388+0000] {processor.py:157} INFO - Started process (PID=450) to work on /home/airflow/.local/lib/python3.7/site-packages/airflow/example_dags/example_task_group.py
[2023-06-15T21:13:23.389+0000] {processor.py:826} INFO - Processing file /home/airflow/.local/lib/python3.7/site-packages/airflow/example_dags/example_task_group.py for tasks to queue
[2023-06-15T21:13:23.390+0000] {logging_mixin.py:149} INFO - [2023-06-15T21:13:23.390+0000] {dagbag.py:541} INFO - Filling up the DagBag from /home/airflow/.local/lib/python3.7/site-packages/airflow/example_dags/example_task_group.py
[2023-06-15T21:13:23.396+0000] {processor.py:836} INFO - DAG(s) dict_keys(['example_task_group']) retrieved from /home/airflow/.local/lib/python3.7/site-packages/airflow/example_dags/example_task_group.py
[2023-06-15T21:13:23.417+0000] {logging_mixin.py:149} INFO - [2023-06-15T21:13:23.417+0000] {dag.py:2726} INFO - Sync 1 DAGs
[2023-06-15T21:13:23.438+0000] {logging_mixin.py:149} INFO - [2023-06-15T21:13:23.438+0000] {dag.py:3490} INFO - Setting next_dagrun for example_task_group to 2023-06-14T21:13:23.437963+00:00, run_after=2023-06-15T21:13:23.437963+00:00
[2023-06-15T21:13:23.455+0000] {processor.py:179} INFO - Processing /home/airflow/.local/lib/python3.7/site-packages/airflow/example_dags/example_task_group.py took 0.070 seconds
[2023-06-15T21:13:54.284+0000] {processor.py:157} INFO - Started process (PID=506) to work on /home/airflow/.local/lib/python3.7/site-packages/airflow/example_dags/example_task_group.py
[2023-06-15T21:13:54.285+0000] {processor.py:826} INFO - Processing file /home/airflow/.local/lib/python3.7/site-packages/airflow/example_dags/example_task_group.py for tasks to queue
[2023-06-15T21:13:54.286+0000] {logging_mixin.py:149} INFO - [2023-06-15T21:13:54.286+0000] {dagbag.py:541} INFO - Filling up the DagBag from /home/airflow/.local/lib/python3.7/site-packages/airflow/example_dags/example_task_group.py
[2023-06-15T21:13:54.293+0000] {processor.py:836} INFO - DAG(s) dict_keys(['example_task_group']) retrieved from /home/airflow/.local/lib/python3.7/site-packages/airflow/example_dags/example_task_group.py
[2023-06-15T21:13:54.314+0000] {logging_mixin.py:149} INFO - [2023-06-15T21:13:54.314+0000] {dag.py:2726} INFO - Sync 1 DAGs
[2023-06-15T21:13:54.331+0000] {logging_mixin.py:149} INFO - [2023-06-15T21:13:54.331+0000] {dag.py:3490} INFO - Setting next_dagrun for example_task_group to 2023-06-14T21:13:54.331554+00:00, run_after=2023-06-15T21:13:54.331554+00:00
[2023-06-15T21:13:54.344+0000] {processor.py:179} INFO - Processing /home/airflow/.local/lib/python3.7/site-packages/airflow/example_dags/example_task_group.py took 0.063 seconds
[2023-06-15T21:14:24.678+0000] {processor.py:157} INFO - Started process (PID=562) to work on /home/airflow/.local/lib/python3.7/site-packages/airflow/example_dags/example_task_group.py
[2023-06-15T21:14:24.680+0000] {processor.py:826} INFO - Processing file /home/airflow/.local/lib/python3.7/site-packages/airflow/example_dags/example_task_group.py for tasks to queue
[2023-06-15T21:14:24.681+0000] {logging_mixin.py:149} INFO - [2023-06-15T21:14:24.680+0000] {dagbag.py:541} INFO - Filling up the DagBag from /home/airflow/.local/lib/python3.7/site-packages/airflow/example_dags/example_task_group.py
[2023-06-15T21:14:24.687+0000] {processor.py:836} INFO - DAG(s) dict_keys(['example_task_group']) retrieved from /home/airflow/.local/lib/python3.7/site-packages/airflow/example_dags/example_task_group.py
[2023-06-15T21:14:24.708+0000] {logging_mixin.py:149} INFO - [2023-06-15T21:14:24.708+0000] {dag.py:2726} INFO - Sync 1 DAGs
[2023-06-15T21:14:24.724+0000] {logging_mixin.py:149} INFO - [2023-06-15T21:14:24.724+0000] {dag.py:3490} INFO - Setting next_dagrun for example_task_group to 2023-06-14T21:14:24.724581+00:00, run_after=2023-06-15T21:14:24.724581+00:00
[2023-06-15T21:14:24.736+0000] {processor.py:179} INFO - Processing /home/airflow/.local/lib/python3.7/site-packages/airflow/example_dags/example_task_group.py took 0.060 seconds
