[2023-06-15T21:09:47.419+0000] {processor.py:157} INFO - Started process (PID=32) to work on /home/airflow/.local/lib/python3.7/site-packages/airflow/example_dags/example_branch_labels.py
[2023-06-15T21:09:47.421+0000] {processor.py:826} INFO - Processing file /home/airflow/.local/lib/python3.7/site-packages/airflow/example_dags/example_branch_labels.py for tasks to queue
[2023-06-15T21:09:47.422+0000] {logging_mixin.py:149} INFO - [2023-06-15T21:09:47.422+0000] {dagbag.py:541} INFO - Filling up the DagBag from /home/airflow/.local/lib/python3.7/site-packages/airflow/example_dags/example_branch_labels.py
[2023-06-15T21:09:47.462+0000] {processor.py:836} INFO - DAG(s) dict_keys(['example_branch_labels']) retrieved from /home/airflow/.local/lib/python3.7/site-packages/airflow/example_dags/example_branch_labels.py
[2023-06-15T21:09:47.652+0000] {logging_mixin.py:149} INFO - [2023-06-15T21:09:47.652+0000] {dag.py:2726} INFO - Sync 1 DAGs
[2023-06-15T21:09:47.689+0000] {logging_mixin.py:149} INFO - [2023-06-15T21:09:47.689+0000] {dag.py:3490} INFO - Setting next_dagrun for example_branch_labels to 2023-06-14T00:00:00+00:00, run_after=2023-06-15T00:00:00+00:00
[2023-06-15T21:09:47.712+0000] {processor.py:179} INFO - Processing /home/airflow/.local/lib/python3.7/site-packages/airflow/example_dags/example_branch_labels.py took 0.297 seconds
[2023-06-15T21:10:18.460+0000] {processor.py:157} INFO - Started process (PID=88) to work on /home/airflow/.local/lib/python3.7/site-packages/airflow/example_dags/example_branch_labels.py
[2023-06-15T21:10:18.462+0000] {processor.py:826} INFO - Processing file /home/airflow/.local/lib/python3.7/site-packages/airflow/example_dags/example_branch_labels.py for tasks to queue
[2023-06-15T21:10:18.464+0000] {logging_mixin.py:149} INFO - [2023-06-15T21:10:18.464+0000] {dagbag.py:541} INFO - Filling up the DagBag from /home/airflow/.local/lib/python3.7/site-packages/airflow/example_dags/example_branch_labels.py
[2023-06-15T21:10:18.476+0000] {processor.py:836} INFO - DAG(s) dict_keys(['example_branch_labels']) retrieved from /home/airflow/.local/lib/python3.7/site-packages/airflow/example_dags/example_branch_labels.py
[2023-06-15T21:10:18.506+0000] {logging_mixin.py:149} INFO - [2023-06-15T21:10:18.506+0000] {dag.py:2726} INFO - Sync 1 DAGs
[2023-06-15T21:10:18.527+0000] {logging_mixin.py:149} INFO - [2023-06-15T21:10:18.527+0000] {dag.py:3490} INFO - Setting next_dagrun for example_branch_labels to 2023-06-14T00:00:00+00:00, run_after=2023-06-15T00:00:00+00:00
[2023-06-15T21:10:18.538+0000] {processor.py:179} INFO - Processing /home/airflow/.local/lib/python3.7/site-packages/airflow/example_dags/example_branch_labels.py took 0.084 seconds
[2023-06-15T21:10:48.797+0000] {processor.py:157} INFO - Started process (PID=144) to work on /home/airflow/.local/lib/python3.7/site-packages/airflow/example_dags/example_branch_labels.py
[2023-06-15T21:10:48.799+0000] {processor.py:826} INFO - Processing file /home/airflow/.local/lib/python3.7/site-packages/airflow/example_dags/example_branch_labels.py for tasks to queue
[2023-06-15T21:10:48.800+0000] {logging_mixin.py:149} INFO - [2023-06-15T21:10:48.800+0000] {dagbag.py:541} INFO - Filling up the DagBag from /home/airflow/.local/lib/python3.7/site-packages/airflow/example_dags/example_branch_labels.py
[2023-06-15T21:10:48.808+0000] {processor.py:836} INFO - DAG(s) dict_keys(['example_branch_labels']) retrieved from /home/airflow/.local/lib/python3.7/site-packages/airflow/example_dags/example_branch_labels.py
[2023-06-15T21:10:48.833+0000] {logging_mixin.py:149} INFO - [2023-06-15T21:10:48.832+0000] {dag.py:2726} INFO - Sync 1 DAGs
[2023-06-15T21:10:48.850+0000] {logging_mixin.py:149} INFO - [2023-06-15T21:10:48.850+0000] {dag.py:3490} INFO - Setting next_dagrun for example_branch_labels to 2023-06-14T00:00:00+00:00, run_after=2023-06-15T00:00:00+00:00
[2023-06-15T21:10:48.866+0000] {processor.py:179} INFO - Processing /home/airflow/.local/lib/python3.7/site-packages/airflow/example_dags/example_branch_labels.py took 0.072 seconds
[2023-06-15T21:11:19.351+0000] {processor.py:157} INFO - Started process (PID=200) to work on /home/airflow/.local/lib/python3.7/site-packages/airflow/example_dags/example_branch_labels.py
[2023-06-15T21:11:19.354+0000] {processor.py:826} INFO - Processing file /home/airflow/.local/lib/python3.7/site-packages/airflow/example_dags/example_branch_labels.py for tasks to queue
[2023-06-15T21:11:19.356+0000] {logging_mixin.py:149} INFO - [2023-06-15T21:11:19.356+0000] {dagbag.py:541} INFO - Filling up the DagBag from /home/airflow/.local/lib/python3.7/site-packages/airflow/example_dags/example_branch_labels.py
[2023-06-15T21:11:19.366+0000] {processor.py:836} INFO - DAG(s) dict_keys(['example_branch_labels']) retrieved from /home/airflow/.local/lib/python3.7/site-packages/airflow/example_dags/example_branch_labels.py
[2023-06-15T21:11:19.393+0000] {logging_mixin.py:149} INFO - [2023-06-15T21:11:19.393+0000] {dag.py:2726} INFO - Sync 1 DAGs
[2023-06-15T21:11:19.410+0000] {logging_mixin.py:149} INFO - [2023-06-15T21:11:19.410+0000] {dag.py:3490} INFO - Setting next_dagrun for example_branch_labels to 2023-06-14T00:00:00+00:00, run_after=2023-06-15T00:00:00+00:00
[2023-06-15T21:11:19.420+0000] {processor.py:179} INFO - Processing /home/airflow/.local/lib/python3.7/site-packages/airflow/example_dags/example_branch_labels.py took 0.075 seconds
[2023-06-15T21:11:49.525+0000] {processor.py:157} INFO - Started process (PID=256) to work on /home/airflow/.local/lib/python3.7/site-packages/airflow/example_dags/example_branch_labels.py
[2023-06-15T21:11:49.528+0000] {processor.py:826} INFO - Processing file /home/airflow/.local/lib/python3.7/site-packages/airflow/example_dags/example_branch_labels.py for tasks to queue
[2023-06-15T21:11:49.531+0000] {logging_mixin.py:149} INFO - [2023-06-15T21:11:49.531+0000] {dagbag.py:541} INFO - Filling up the DagBag from /home/airflow/.local/lib/python3.7/site-packages/airflow/example_dags/example_branch_labels.py
[2023-06-15T21:11:49.541+0000] {processor.py:836} INFO - DAG(s) dict_keys(['example_branch_labels']) retrieved from /home/airflow/.local/lib/python3.7/site-packages/airflow/example_dags/example_branch_labels.py
[2023-06-15T21:11:49.574+0000] {logging_mixin.py:149} INFO - [2023-06-15T21:11:49.574+0000] {dag.py:2726} INFO - Sync 1 DAGs
[2023-06-15T21:11:49.607+0000] {logging_mixin.py:149} INFO - [2023-06-15T21:11:49.607+0000] {dag.py:3490} INFO - Setting next_dagrun for example_branch_labels to 2023-06-14T00:00:00+00:00, run_after=2023-06-15T00:00:00+00:00
[2023-06-15T21:11:49.624+0000] {processor.py:179} INFO - Processing /home/airflow/.local/lib/python3.7/site-packages/airflow/example_dags/example_branch_labels.py took 0.105 seconds
[2023-06-15T21:12:20.349+0000] {processor.py:157} INFO - Started process (PID=311) to work on /home/airflow/.local/lib/python3.7/site-packages/airflow/example_dags/example_branch_labels.py
[2023-06-15T21:12:20.352+0000] {processor.py:826} INFO - Processing file /home/airflow/.local/lib/python3.7/site-packages/airflow/example_dags/example_branch_labels.py for tasks to queue
[2023-06-15T21:12:20.354+0000] {logging_mixin.py:149} INFO - [2023-06-15T21:12:20.353+0000] {dagbag.py:541} INFO - Filling up the DagBag from /home/airflow/.local/lib/python3.7/site-packages/airflow/example_dags/example_branch_labels.py
[2023-06-15T21:12:20.369+0000] {processor.py:836} INFO - DAG(s) dict_keys(['example_branch_labels']) retrieved from /home/airflow/.local/lib/python3.7/site-packages/airflow/example_dags/example_branch_labels.py
[2023-06-15T21:12:20.398+0000] {logging_mixin.py:149} INFO - [2023-06-15T21:12:20.398+0000] {dag.py:2726} INFO - Sync 1 DAGs
[2023-06-15T21:12:20.417+0000] {logging_mixin.py:149} INFO - [2023-06-15T21:12:20.417+0000] {dag.py:3490} INFO - Setting next_dagrun for example_branch_labels to 2023-06-14T00:00:00+00:00, run_after=2023-06-15T00:00:00+00:00
[2023-06-15T21:12:20.428+0000] {processor.py:179} INFO - Processing /home/airflow/.local/lib/python3.7/site-packages/airflow/example_dags/example_branch_labels.py took 0.088 seconds
[2023-06-15T21:12:50.760+0000] {processor.py:157} INFO - Started process (PID=367) to work on /home/airflow/.local/lib/python3.7/site-packages/airflow/example_dags/example_branch_labels.py
[2023-06-15T21:12:50.763+0000] {processor.py:826} INFO - Processing file /home/airflow/.local/lib/python3.7/site-packages/airflow/example_dags/example_branch_labels.py for tasks to queue
[2023-06-15T21:12:50.765+0000] {logging_mixin.py:149} INFO - [2023-06-15T21:12:50.765+0000] {dagbag.py:541} INFO - Filling up the DagBag from /home/airflow/.local/lib/python3.7/site-packages/airflow/example_dags/example_branch_labels.py
[2023-06-15T21:12:50.776+0000] {processor.py:836} INFO - DAG(s) dict_keys(['example_branch_labels']) retrieved from /home/airflow/.local/lib/python3.7/site-packages/airflow/example_dags/example_branch_labels.py
[2023-06-15T21:12:50.804+0000] {logging_mixin.py:149} INFO - [2023-06-15T21:12:50.804+0000] {dag.py:2726} INFO - Sync 1 DAGs
[2023-06-15T21:12:50.822+0000] {logging_mixin.py:149} INFO - [2023-06-15T21:12:50.822+0000] {dag.py:3490} INFO - Setting next_dagrun for example_branch_labels to 2023-06-14T00:00:00+00:00, run_after=2023-06-15T00:00:00+00:00
[2023-06-15T21:12:50.833+0000] {processor.py:179} INFO - Processing /home/airflow/.local/lib/python3.7/site-packages/airflow/example_dags/example_branch_labels.py took 0.078 seconds
[2023-06-15T21:13:21.107+0000] {processor.py:157} INFO - Started process (PID=423) to work on /home/airflow/.local/lib/python3.7/site-packages/airflow/example_dags/example_branch_labels.py
[2023-06-15T21:13:21.109+0000] {processor.py:826} INFO - Processing file /home/airflow/.local/lib/python3.7/site-packages/airflow/example_dags/example_branch_labels.py for tasks to queue
[2023-06-15T21:13:21.110+0000] {logging_mixin.py:149} INFO - [2023-06-15T21:13:21.110+0000] {dagbag.py:541} INFO - Filling up the DagBag from /home/airflow/.local/lib/python3.7/site-packages/airflow/example_dags/example_branch_labels.py
[2023-06-15T21:13:21.121+0000] {processor.py:836} INFO - DAG(s) dict_keys(['example_branch_labels']) retrieved from /home/airflow/.local/lib/python3.7/site-packages/airflow/example_dags/example_branch_labels.py
[2023-06-15T21:13:21.146+0000] {logging_mixin.py:149} INFO - [2023-06-15T21:13:21.146+0000] {dag.py:2726} INFO - Sync 1 DAGs
[2023-06-15T21:13:21.163+0000] {logging_mixin.py:149} INFO - [2023-06-15T21:13:21.163+0000] {dag.py:3490} INFO - Setting next_dagrun for example_branch_labels to 2023-06-14T00:00:00+00:00, run_after=2023-06-15T00:00:00+00:00
[2023-06-15T21:13:21.175+0000] {processor.py:179} INFO - Processing /home/airflow/.local/lib/python3.7/site-packages/airflow/example_dags/example_branch_labels.py took 0.073 seconds
[2023-06-15T21:13:51.474+0000] {processor.py:157} INFO - Started process (PID=479) to work on /home/airflow/.local/lib/python3.7/site-packages/airflow/example_dags/example_branch_labels.py
[2023-06-15T21:13:51.476+0000] {processor.py:826} INFO - Processing file /home/airflow/.local/lib/python3.7/site-packages/airflow/example_dags/example_branch_labels.py for tasks to queue
[2023-06-15T21:13:51.478+0000] {logging_mixin.py:149} INFO - [2023-06-15T21:13:51.478+0000] {dagbag.py:541} INFO - Filling up the DagBag from /home/airflow/.local/lib/python3.7/site-packages/airflow/example_dags/example_branch_labels.py
[2023-06-15T21:13:51.490+0000] {processor.py:836} INFO - DAG(s) dict_keys(['example_branch_labels']) retrieved from /home/airflow/.local/lib/python3.7/site-packages/airflow/example_dags/example_branch_labels.py
[2023-06-15T21:13:51.538+0000] {logging_mixin.py:149} INFO - [2023-06-15T21:13:51.538+0000] {dag.py:2726} INFO - Sync 1 DAGs
[2023-06-15T21:13:51.581+0000] {logging_mixin.py:149} INFO - [2023-06-15T21:13:51.581+0000] {dag.py:3490} INFO - Setting next_dagrun for example_branch_labels to 2023-06-14T00:00:00+00:00, run_after=2023-06-15T00:00:00+00:00
[2023-06-15T21:13:51.604+0000] {processor.py:179} INFO - Processing /home/airflow/.local/lib/python3.7/site-packages/airflow/example_dags/example_branch_labels.py took 0.135 seconds
[2023-06-15T21:14:22.315+0000] {processor.py:157} INFO - Started process (PID=535) to work on /home/airflow/.local/lib/python3.7/site-packages/airflow/example_dags/example_branch_labels.py
[2023-06-15T21:14:22.318+0000] {processor.py:826} INFO - Processing file /home/airflow/.local/lib/python3.7/site-packages/airflow/example_dags/example_branch_labels.py for tasks to queue
[2023-06-15T21:14:22.319+0000] {logging_mixin.py:149} INFO - [2023-06-15T21:14:22.319+0000] {dagbag.py:541} INFO - Filling up the DagBag from /home/airflow/.local/lib/python3.7/site-packages/airflow/example_dags/example_branch_labels.py
[2023-06-15T21:14:22.332+0000] {processor.py:836} INFO - DAG(s) dict_keys(['example_branch_labels']) retrieved from /home/airflow/.local/lib/python3.7/site-packages/airflow/example_dags/example_branch_labels.py
[2023-06-15T21:14:22.364+0000] {logging_mixin.py:149} INFO - [2023-06-15T21:14:22.364+0000] {dag.py:2726} INFO - Sync 1 DAGs
[2023-06-15T21:14:22.383+0000] {logging_mixin.py:149} INFO - [2023-06-15T21:14:22.383+0000] {dag.py:3490} INFO - Setting next_dagrun for example_branch_labels to 2023-06-14T00:00:00+00:00, run_after=2023-06-15T00:00:00+00:00
[2023-06-15T21:14:22.399+0000] {processor.py:179} INFO - Processing /home/airflow/.local/lib/python3.7/site-packages/airflow/example_dags/example_branch_labels.py took 0.090 seconds
