[2023-06-15T21:09:50.265+0000] {processor.py:157} INFO - Started process (PID=65) to work on /home/airflow/.local/lib/python3.7/site-packages/airflow/example_dags/example_dag_decorator.py
[2023-06-15T21:09:50.267+0000] {processor.py:826} INFO - Processing file /home/airflow/.local/lib/python3.7/site-packages/airflow/example_dags/example_dag_decorator.py for tasks to queue
[2023-06-15T21:09:50.269+0000] {logging_mixin.py:149} INFO - [2023-06-15T21:09:50.268+0000] {dagbag.py:541} INFO - Filling up the DagBag from /home/airflow/.local/lib/python3.7/site-packages/airflow/example_dags/example_dag_decorator.py
[2023-06-15T21:09:50.284+0000] {logging_mixin.py:149} INFO - [2023-06-15T21:09:50.284+0000] {taskmixin.py:211} WARNING - Dependency <Task(_PythonDecoratedOperator): prepare_email>, send_email already registered for DAG: example_dag_decorator
[2023-06-15T21:09:50.286+0000] {logging_mixin.py:149} INFO - [2023-06-15T21:09:50.285+0000] {taskmixin.py:211} WARNING - Dependency <Task(EmailOperator): send_email>, prepare_email already registered for DAG: example_dag_decorator
[2023-06-15T21:09:50.300+0000] {processor.py:836} INFO - DAG(s) dict_keys(['example_dag_decorator']) retrieved from /home/airflow/.local/lib/python3.7/site-packages/airflow/example_dags/example_dag_decorator.py
[2023-06-15T21:09:50.349+0000] {logging_mixin.py:149} INFO - [2023-06-15T21:09:50.349+0000] {dag.py:2726} INFO - Sync 1 DAGs
[2023-06-15T21:09:50.390+0000] {logging_mixin.py:149} INFO - [2023-06-15T21:09:50.390+0000] {dag.py:3490} INFO - Setting next_dagrun for example_dag_decorator to None, run_after=None
[2023-06-15T21:09:50.411+0000] {processor.py:179} INFO - Processing /home/airflow/.local/lib/python3.7/site-packages/airflow/example_dags/example_dag_decorator.py took 0.149 seconds
[2023-06-15T21:10:21.073+0000] {processor.py:157} INFO - Started process (PID=121) to work on /home/airflow/.local/lib/python3.7/site-packages/airflow/example_dags/example_dag_decorator.py
[2023-06-15T21:10:21.075+0000] {processor.py:826} INFO - Processing file /home/airflow/.local/lib/python3.7/site-packages/airflow/example_dags/example_dag_decorator.py for tasks to queue
[2023-06-15T21:10:21.075+0000] {logging_mixin.py:149} INFO - [2023-06-15T21:10:21.075+0000] {dagbag.py:541} INFO - Filling up the DagBag from /home/airflow/.local/lib/python3.7/site-packages/airflow/example_dags/example_dag_decorator.py
[2023-06-15T21:10:21.081+0000] {logging_mixin.py:149} INFO - [2023-06-15T21:10:21.081+0000] {taskmixin.py:211} WARNING - Dependency <Task(_PythonDecoratedOperator): prepare_email>, send_email already registered for DAG: example_dag_decorator
[2023-06-15T21:10:21.081+0000] {logging_mixin.py:149} INFO - [2023-06-15T21:10:21.081+0000] {taskmixin.py:211} WARNING - Dependency <Task(EmailOperator): send_email>, prepare_email already registered for DAG: example_dag_decorator
[2023-06-15T21:10:21.088+0000] {processor.py:836} INFO - DAG(s) dict_keys(['example_dag_decorator']) retrieved from /home/airflow/.local/lib/python3.7/site-packages/airflow/example_dags/example_dag_decorator.py
[2023-06-15T21:10:21.131+0000] {logging_mixin.py:149} INFO - [2023-06-15T21:10:21.131+0000] {dag.py:2726} INFO - Sync 1 DAGs
[2023-06-15T21:10:21.146+0000] {logging_mixin.py:149} INFO - [2023-06-15T21:10:21.146+0000] {dag.py:3490} INFO - Setting next_dagrun for example_dag_decorator to None, run_after=None
[2023-06-15T21:10:21.160+0000] {processor.py:179} INFO - Processing /home/airflow/.local/lib/python3.7/site-packages/airflow/example_dags/example_dag_decorator.py took 0.090 seconds
[2023-06-15T21:10:51.537+0000] {processor.py:157} INFO - Started process (PID=177) to work on /home/airflow/.local/lib/python3.7/site-packages/airflow/example_dags/example_dag_decorator.py
[2023-06-15T21:10:51.539+0000] {processor.py:826} INFO - Processing file /home/airflow/.local/lib/python3.7/site-packages/airflow/example_dags/example_dag_decorator.py for tasks to queue
[2023-06-15T21:10:51.539+0000] {logging_mixin.py:149} INFO - [2023-06-15T21:10:51.539+0000] {dagbag.py:541} INFO - Filling up the DagBag from /home/airflow/.local/lib/python3.7/site-packages/airflow/example_dags/example_dag_decorator.py
[2023-06-15T21:10:51.545+0000] {logging_mixin.py:149} INFO - [2023-06-15T21:10:51.545+0000] {taskmixin.py:211} WARNING - Dependency <Task(_PythonDecoratedOperator): prepare_email>, send_email already registered for DAG: example_dag_decorator
[2023-06-15T21:10:51.546+0000] {logging_mixin.py:149} INFO - [2023-06-15T21:10:51.545+0000] {taskmixin.py:211} WARNING - Dependency <Task(EmailOperator): send_email>, prepare_email already registered for DAG: example_dag_decorator
[2023-06-15T21:10:51.551+0000] {processor.py:836} INFO - DAG(s) dict_keys(['example_dag_decorator']) retrieved from /home/airflow/.local/lib/python3.7/site-packages/airflow/example_dags/example_dag_decorator.py
[2023-06-15T21:10:51.596+0000] {logging_mixin.py:149} INFO - [2023-06-15T21:10:51.596+0000] {dag.py:2726} INFO - Sync 1 DAGs
[2023-06-15T21:10:51.610+0000] {logging_mixin.py:149} INFO - [2023-06-15T21:10:51.610+0000] {dag.py:3490} INFO - Setting next_dagrun for example_dag_decorator to None, run_after=None
[2023-06-15T21:10:51.622+0000] {processor.py:179} INFO - Processing /home/airflow/.local/lib/python3.7/site-packages/airflow/example_dags/example_dag_decorator.py took 0.087 seconds
[2023-06-15T21:11:21.739+0000] {processor.py:157} INFO - Started process (PID=233) to work on /home/airflow/.local/lib/python3.7/site-packages/airflow/example_dags/example_dag_decorator.py
[2023-06-15T21:11:21.741+0000] {processor.py:826} INFO - Processing file /home/airflow/.local/lib/python3.7/site-packages/airflow/example_dags/example_dag_decorator.py for tasks to queue
[2023-06-15T21:11:21.742+0000] {logging_mixin.py:149} INFO - [2023-06-15T21:11:21.742+0000] {dagbag.py:541} INFO - Filling up the DagBag from /home/airflow/.local/lib/python3.7/site-packages/airflow/example_dags/example_dag_decorator.py
[2023-06-15T21:11:21.747+0000] {logging_mixin.py:149} INFO - [2023-06-15T21:11:21.747+0000] {taskmixin.py:211} WARNING - Dependency <Task(_PythonDecoratedOperator): prepare_email>, send_email already registered for DAG: example_dag_decorator
[2023-06-15T21:11:21.748+0000] {logging_mixin.py:149} INFO - [2023-06-15T21:11:21.748+0000] {taskmixin.py:211} WARNING - Dependency <Task(EmailOperator): send_email>, prepare_email already registered for DAG: example_dag_decorator
[2023-06-15T21:11:21.754+0000] {processor.py:836} INFO - DAG(s) dict_keys(['example_dag_decorator']) retrieved from /home/airflow/.local/lib/python3.7/site-packages/airflow/example_dags/example_dag_decorator.py
[2023-06-15T21:11:21.796+0000] {logging_mixin.py:149} INFO - [2023-06-15T21:11:21.796+0000] {dag.py:2726} INFO - Sync 1 DAGs
[2023-06-15T21:11:21.811+0000] {logging_mixin.py:149} INFO - [2023-06-15T21:11:21.811+0000] {dag.py:3490} INFO - Setting next_dagrun for example_dag_decorator to None, run_after=None
[2023-06-15T21:11:21.822+0000] {processor.py:179} INFO - Processing /home/airflow/.local/lib/python3.7/site-packages/airflow/example_dags/example_dag_decorator.py took 0.086 seconds
[2023-06-15T21:11:52.450+0000] {processor.py:157} INFO - Started process (PID=289) to work on /home/airflow/.local/lib/python3.7/site-packages/airflow/example_dags/example_dag_decorator.py
[2023-06-15T21:11:52.452+0000] {processor.py:826} INFO - Processing file /home/airflow/.local/lib/python3.7/site-packages/airflow/example_dags/example_dag_decorator.py for tasks to queue
[2023-06-15T21:11:52.453+0000] {logging_mixin.py:149} INFO - [2023-06-15T21:11:52.453+0000] {dagbag.py:541} INFO - Filling up the DagBag from /home/airflow/.local/lib/python3.7/site-packages/airflow/example_dags/example_dag_decorator.py
[2023-06-15T21:11:52.459+0000] {logging_mixin.py:149} INFO - [2023-06-15T21:11:52.459+0000] {taskmixin.py:211} WARNING - Dependency <Task(_PythonDecoratedOperator): prepare_email>, send_email already registered for DAG: example_dag_decorator
[2023-06-15T21:11:52.460+0000] {logging_mixin.py:149} INFO - [2023-06-15T21:11:52.460+0000] {taskmixin.py:211} WARNING - Dependency <Task(EmailOperator): send_email>, prepare_email already registered for DAG: example_dag_decorator
[2023-06-15T21:11:52.467+0000] {processor.py:836} INFO - DAG(s) dict_keys(['example_dag_decorator']) retrieved from /home/airflow/.local/lib/python3.7/site-packages/airflow/example_dags/example_dag_decorator.py
[2023-06-15T21:11:52.515+0000] {logging_mixin.py:149} INFO - [2023-06-15T21:11:52.515+0000] {dag.py:2726} INFO - Sync 1 DAGs
[2023-06-15T21:11:52.541+0000] {logging_mixin.py:149} INFO - [2023-06-15T21:11:52.540+0000] {dag.py:3490} INFO - Setting next_dagrun for example_dag_decorator to None, run_after=None
[2023-06-15T21:11:52.569+0000] {processor.py:179} INFO - Processing /home/airflow/.local/lib/python3.7/site-packages/airflow/example_dags/example_dag_decorator.py took 0.122 seconds
[2023-06-15T21:12:22.914+0000] {processor.py:157} INFO - Started process (PID=344) to work on /home/airflow/.local/lib/python3.7/site-packages/airflow/example_dags/example_dag_decorator.py
[2023-06-15T21:12:22.916+0000] {processor.py:826} INFO - Processing file /home/airflow/.local/lib/python3.7/site-packages/airflow/example_dags/example_dag_decorator.py for tasks to queue
[2023-06-15T21:12:22.916+0000] {logging_mixin.py:149} INFO - [2023-06-15T21:12:22.916+0000] {dagbag.py:541} INFO - Filling up the DagBag from /home/airflow/.local/lib/python3.7/site-packages/airflow/example_dags/example_dag_decorator.py
[2023-06-15T21:12:22.922+0000] {logging_mixin.py:149} INFO - [2023-06-15T21:12:22.922+0000] {taskmixin.py:211} WARNING - Dependency <Task(_PythonDecoratedOperator): prepare_email>, send_email already registered for DAG: example_dag_decorator
[2023-06-15T21:12:22.922+0000] {logging_mixin.py:149} INFO - [2023-06-15T21:12:22.922+0000] {taskmixin.py:211} WARNING - Dependency <Task(EmailOperator): send_email>, prepare_email already registered for DAG: example_dag_decorator
[2023-06-15T21:12:22.928+0000] {processor.py:836} INFO - DAG(s) dict_keys(['example_dag_decorator']) retrieved from /home/airflow/.local/lib/python3.7/site-packages/airflow/example_dags/example_dag_decorator.py
[2023-06-15T21:12:22.974+0000] {logging_mixin.py:149} INFO - [2023-06-15T21:12:22.974+0000] {dag.py:2726} INFO - Sync 1 DAGs
[2023-06-15T21:12:22.989+0000] {logging_mixin.py:149} INFO - [2023-06-15T21:12:22.988+0000] {dag.py:3490} INFO - Setting next_dagrun for example_dag_decorator to None, run_after=None
[2023-06-15T21:12:23.000+0000] {processor.py:179} INFO - Processing /home/airflow/.local/lib/python3.7/site-packages/airflow/example_dags/example_dag_decorator.py took 0.089 seconds
[2023-06-15T21:12:53.303+0000] {processor.py:157} INFO - Started process (PID=400) to work on /home/airflow/.local/lib/python3.7/site-packages/airflow/example_dags/example_dag_decorator.py
[2023-06-15T21:12:53.304+0000] {processor.py:826} INFO - Processing file /home/airflow/.local/lib/python3.7/site-packages/airflow/example_dags/example_dag_decorator.py for tasks to queue
[2023-06-15T21:12:53.305+0000] {logging_mixin.py:149} INFO - [2023-06-15T21:12:53.305+0000] {dagbag.py:541} INFO - Filling up the DagBag from /home/airflow/.local/lib/python3.7/site-packages/airflow/example_dags/example_dag_decorator.py
[2023-06-15T21:12:53.310+0000] {logging_mixin.py:149} INFO - [2023-06-15T21:12:53.310+0000] {taskmixin.py:211} WARNING - Dependency <Task(_PythonDecoratedOperator): prepare_email>, send_email already registered for DAG: example_dag_decorator
[2023-06-15T21:12:53.311+0000] {logging_mixin.py:149} INFO - [2023-06-15T21:12:53.311+0000] {taskmixin.py:211} WARNING - Dependency <Task(EmailOperator): send_email>, prepare_email already registered for DAG: example_dag_decorator
[2023-06-15T21:12:53.317+0000] {processor.py:836} INFO - DAG(s) dict_keys(['example_dag_decorator']) retrieved from /home/airflow/.local/lib/python3.7/site-packages/airflow/example_dags/example_dag_decorator.py
[2023-06-15T21:12:53.368+0000] {logging_mixin.py:149} INFO - [2023-06-15T21:12:53.368+0000] {dag.py:2726} INFO - Sync 1 DAGs
[2023-06-15T21:12:53.384+0000] {logging_mixin.py:149} INFO - [2023-06-15T21:12:53.384+0000] {dag.py:3490} INFO - Setting next_dagrun for example_dag_decorator to None, run_after=None
[2023-06-15T21:12:53.397+0000] {processor.py:179} INFO - Processing /home/airflow/.local/lib/python3.7/site-packages/airflow/example_dags/example_dag_decorator.py took 0.097 seconds
[2023-06-15T21:13:23.646+0000] {processor.py:157} INFO - Started process (PID=456) to work on /home/airflow/.local/lib/python3.7/site-packages/airflow/example_dags/example_dag_decorator.py
[2023-06-15T21:13:23.648+0000] {processor.py:826} INFO - Processing file /home/airflow/.local/lib/python3.7/site-packages/airflow/example_dags/example_dag_decorator.py for tasks to queue
[2023-06-15T21:13:23.648+0000] {logging_mixin.py:149} INFO - [2023-06-15T21:13:23.648+0000] {dagbag.py:541} INFO - Filling up the DagBag from /home/airflow/.local/lib/python3.7/site-packages/airflow/example_dags/example_dag_decorator.py
[2023-06-15T21:13:23.653+0000] {logging_mixin.py:149} INFO - [2023-06-15T21:13:23.653+0000] {taskmixin.py:211} WARNING - Dependency <Task(_PythonDecoratedOperator): prepare_email>, send_email already registered for DAG: example_dag_decorator
[2023-06-15T21:13:23.654+0000] {logging_mixin.py:149} INFO - [2023-06-15T21:13:23.654+0000] {taskmixin.py:211} WARNING - Dependency <Task(EmailOperator): send_email>, prepare_email already registered for DAG: example_dag_decorator
[2023-06-15T21:13:23.660+0000] {processor.py:836} INFO - DAG(s) dict_keys(['example_dag_decorator']) retrieved from /home/airflow/.local/lib/python3.7/site-packages/airflow/example_dags/example_dag_decorator.py
[2023-06-15T21:13:23.703+0000] {logging_mixin.py:149} INFO - [2023-06-15T21:13:23.703+0000] {dag.py:2726} INFO - Sync 1 DAGs
[2023-06-15T21:13:23.717+0000] {logging_mixin.py:149} INFO - [2023-06-15T21:13:23.717+0000] {dag.py:3490} INFO - Setting next_dagrun for example_dag_decorator to None, run_after=None
[2023-06-15T21:13:23.729+0000] {processor.py:179} INFO - Processing /home/airflow/.local/lib/python3.7/site-packages/airflow/example_dags/example_dag_decorator.py took 0.085 seconds
[2023-06-15T21:13:54.514+0000] {processor.py:157} INFO - Started process (PID=512) to work on /home/airflow/.local/lib/python3.7/site-packages/airflow/example_dags/example_dag_decorator.py
[2023-06-15T21:13:54.515+0000] {processor.py:826} INFO - Processing file /home/airflow/.local/lib/python3.7/site-packages/airflow/example_dags/example_dag_decorator.py for tasks to queue
[2023-06-15T21:13:54.516+0000] {logging_mixin.py:149} INFO - [2023-06-15T21:13:54.516+0000] {dagbag.py:541} INFO - Filling up the DagBag from /home/airflow/.local/lib/python3.7/site-packages/airflow/example_dags/example_dag_decorator.py
[2023-06-15T21:13:54.521+0000] {logging_mixin.py:149} INFO - [2023-06-15T21:13:54.521+0000] {taskmixin.py:211} WARNING - Dependency <Task(_PythonDecoratedOperator): prepare_email>, send_email already registered for DAG: example_dag_decorator
[2023-06-15T21:13:54.522+0000] {logging_mixin.py:149} INFO - [2023-06-15T21:13:54.521+0000] {taskmixin.py:211} WARNING - Dependency <Task(EmailOperator): send_email>, prepare_email already registered for DAG: example_dag_decorator
[2023-06-15T21:13:54.527+0000] {processor.py:836} INFO - DAG(s) dict_keys(['example_dag_decorator']) retrieved from /home/airflow/.local/lib/python3.7/site-packages/airflow/example_dags/example_dag_decorator.py
[2023-06-15T21:13:54.574+0000] {logging_mixin.py:149} INFO - [2023-06-15T21:13:54.574+0000] {dag.py:2726} INFO - Sync 1 DAGs
[2023-06-15T21:13:54.592+0000] {logging_mixin.py:149} INFO - [2023-06-15T21:13:54.592+0000] {dag.py:3490} INFO - Setting next_dagrun for example_dag_decorator to None, run_after=None
[2023-06-15T21:13:54.605+0000] {processor.py:179} INFO - Processing /home/airflow/.local/lib/python3.7/site-packages/airflow/example_dags/example_dag_decorator.py took 0.095 seconds
[2023-06-15T21:14:25.016+0000] {processor.py:157} INFO - Started process (PID=568) to work on /home/airflow/.local/lib/python3.7/site-packages/airflow/example_dags/example_dag_decorator.py
[2023-06-15T21:14:25.017+0000] {processor.py:826} INFO - Processing file /home/airflow/.local/lib/python3.7/site-packages/airflow/example_dags/example_dag_decorator.py for tasks to queue
[2023-06-15T21:14:25.018+0000] {logging_mixin.py:149} INFO - [2023-06-15T21:14:25.018+0000] {dagbag.py:541} INFO - Filling up the DagBag from /home/airflow/.local/lib/python3.7/site-packages/airflow/example_dags/example_dag_decorator.py
[2023-06-15T21:14:25.025+0000] {logging_mixin.py:149} INFO - [2023-06-15T21:14:25.025+0000] {taskmixin.py:211} WARNING - Dependency <Task(_PythonDecoratedOperator): prepare_email>, send_email already registered for DAG: example_dag_decorator
[2023-06-15T21:14:25.026+0000] {logging_mixin.py:149} INFO - [2023-06-15T21:14:25.026+0000] {taskmixin.py:211} WARNING - Dependency <Task(EmailOperator): send_email>, prepare_email already registered for DAG: example_dag_decorator
[2023-06-15T21:14:25.033+0000] {processor.py:836} INFO - DAG(s) dict_keys(['example_dag_decorator']) retrieved from /home/airflow/.local/lib/python3.7/site-packages/airflow/example_dags/example_dag_decorator.py
[2023-06-15T21:14:25.086+0000] {logging_mixin.py:149} INFO - [2023-06-15T21:14:25.086+0000] {dag.py:2726} INFO - Sync 1 DAGs
[2023-06-15T21:14:25.104+0000] {logging_mixin.py:149} INFO - [2023-06-15T21:14:25.103+0000] {dag.py:3490} INFO - Setting next_dagrun for example_dag_decorator to None, run_after=None
[2023-06-15T21:14:25.116+0000] {processor.py:179} INFO - Processing /home/airflow/.local/lib/python3.7/site-packages/airflow/example_dags/example_dag_decorator.py took 0.103 seconds
[2023-06-15T21:14:55.669+0000] {processor.py:157} INFO - Started process (PID=624) to work on /home/airflow/.local/lib/python3.7/site-packages/airflow/example_dags/example_dag_decorator.py
[2023-06-15T21:14:55.670+0000] {processor.py:826} INFO - Processing file /home/airflow/.local/lib/python3.7/site-packages/airflow/example_dags/example_dag_decorator.py for tasks to queue
[2023-06-15T21:14:55.671+0000] {logging_mixin.py:149} INFO - [2023-06-15T21:14:55.671+0000] {dagbag.py:541} INFO - Filling up the DagBag from /home/airflow/.local/lib/python3.7/site-packages/airflow/example_dags/example_dag_decorator.py
[2023-06-15T21:14:55.676+0000] {logging_mixin.py:149} INFO - [2023-06-15T21:14:55.676+0000] {taskmixin.py:211} WARNING - Dependency <Task(_PythonDecoratedOperator): prepare_email>, send_email already registered for DAG: example_dag_decorator
[2023-06-15T21:14:55.677+0000] {logging_mixin.py:149} INFO - [2023-06-15T21:14:55.677+0000] {taskmixin.py:211} WARNING - Dependency <Task(EmailOperator): send_email>, prepare_email already registered for DAG: example_dag_decorator
[2023-06-15T21:14:55.683+0000] {processor.py:836} INFO - DAG(s) dict_keys(['example_dag_decorator']) retrieved from /home/airflow/.local/lib/python3.7/site-packages/airflow/example_dags/example_dag_decorator.py
[2023-06-15T21:14:55.731+0000] {logging_mixin.py:149} INFO - [2023-06-15T21:14:55.731+0000] {dag.py:2726} INFO - Sync 1 DAGs
[2023-06-15T21:14:55.754+0000] {logging_mixin.py:149} INFO - [2023-06-15T21:14:55.754+0000] {dag.py:3490} INFO - Setting next_dagrun for example_dag_decorator to None, run_after=None
[2023-06-15T21:14:55.768+0000] {processor.py:179} INFO - Processing /home/airflow/.local/lib/python3.7/site-packages/airflow/example_dags/example_dag_decorator.py took 0.101 seconds
[2023-06-15T21:15:25.974+0000] {processor.py:157} INFO - Started process (PID=681) to work on /home/airflow/.local/lib/python3.7/site-packages/airflow/example_dags/example_dag_decorator.py
[2023-06-15T21:15:25.976+0000] {processor.py:826} INFO - Processing file /home/airflow/.local/lib/python3.7/site-packages/airflow/example_dags/example_dag_decorator.py for tasks to queue
[2023-06-15T21:15:25.976+0000] {logging_mixin.py:149} INFO - [2023-06-15T21:15:25.976+0000] {dagbag.py:541} INFO - Filling up the DagBag from /home/airflow/.local/lib/python3.7/site-packages/airflow/example_dags/example_dag_decorator.py
[2023-06-15T21:15:25.982+0000] {logging_mixin.py:149} INFO - [2023-06-15T21:15:25.982+0000] {taskmixin.py:211} WARNING - Dependency <Task(_PythonDecoratedOperator): prepare_email>, send_email already registered for DAG: example_dag_decorator
[2023-06-15T21:15:25.983+0000] {logging_mixin.py:149} INFO - [2023-06-15T21:15:25.983+0000] {taskmixin.py:211} WARNING - Dependency <Task(EmailOperator): send_email>, prepare_email already registered for DAG: example_dag_decorator
[2023-06-15T21:15:25.989+0000] {processor.py:836} INFO - DAG(s) dict_keys(['example_dag_decorator']) retrieved from /home/airflow/.local/lib/python3.7/site-packages/airflow/example_dags/example_dag_decorator.py
[2023-06-15T21:15:26.041+0000] {logging_mixin.py:149} INFO - [2023-06-15T21:15:26.041+0000] {dag.py:2726} INFO - Sync 1 DAGs
[2023-06-15T21:15:26.061+0000] {logging_mixin.py:149} INFO - [2023-06-15T21:15:26.060+0000] {dag.py:3490} INFO - Setting next_dagrun for example_dag_decorator to None, run_after=None
[2023-06-15T21:15:26.077+0000] {processor.py:179} INFO - Processing /home/airflow/.local/lib/python3.7/site-packages/airflow/example_dags/example_dag_decorator.py took 0.106 seconds
