[2023-06-15T21:09:48.601+0000] {processor.py:157} INFO - Started process (PID=48) to work on /home/airflow/.local/lib/python3.7/site-packages/airflow/example_dags/example_trigger_target_dag.py
[2023-06-15T21:09:48.603+0000] {processor.py:826} INFO - Processing file /home/airflow/.local/lib/python3.7/site-packages/airflow/example_dags/example_trigger_target_dag.py for tasks to queue
[2023-06-15T21:09:48.605+0000] {logging_mixin.py:149} INFO - [2023-06-15T21:09:48.605+0000] {dagbag.py:541} INFO - Filling up the DagBag from /home/airflow/.local/lib/python3.7/site-packages/airflow/example_dags/example_trigger_target_dag.py
[2023-06-15T21:09:48.614+0000] {processor.py:836} INFO - DAG(s) dict_keys(['example_trigger_target_dag']) retrieved from /home/airflow/.local/lib/python3.7/site-packages/airflow/example_dags/example_trigger_target_dag.py
[2023-06-15T21:09:48.633+0000] {logging_mixin.py:149} INFO - [2023-06-15T21:09:48.633+0000] {dag.py:2726} INFO - Sync 1 DAGs
[2023-06-15T21:09:48.655+0000] {logging_mixin.py:149} INFO - [2023-06-15T21:09:48.655+0000] {dag.py:3490} INFO - Setting next_dagrun for example_trigger_target_dag to None, run_after=None
[2023-06-15T21:09:48.676+0000] {processor.py:179} INFO - Processing /home/airflow/.local/lib/python3.7/site-packages/airflow/example_dags/example_trigger_target_dag.py took 0.077 seconds
[2023-06-15T21:10:19.112+0000] {processor.py:157} INFO - Started process (PID=104) to work on /home/airflow/.local/lib/python3.7/site-packages/airflow/example_dags/example_trigger_target_dag.py
[2023-06-15T21:10:19.113+0000] {processor.py:826} INFO - Processing file /home/airflow/.local/lib/python3.7/site-packages/airflow/example_dags/example_trigger_target_dag.py for tasks to queue
[2023-06-15T21:10:19.114+0000] {logging_mixin.py:149} INFO - [2023-06-15T21:10:19.114+0000] {dagbag.py:541} INFO - Filling up the DagBag from /home/airflow/.local/lib/python3.7/site-packages/airflow/example_dags/example_trigger_target_dag.py
[2023-06-15T21:10:19.119+0000] {processor.py:836} INFO - DAG(s) dict_keys(['example_trigger_target_dag']) retrieved from /home/airflow/.local/lib/python3.7/site-packages/airflow/example_dags/example_trigger_target_dag.py
[2023-06-15T21:10:19.140+0000] {logging_mixin.py:149} INFO - [2023-06-15T21:10:19.139+0000] {dag.py:2726} INFO - Sync 1 DAGs
[2023-06-15T21:10:19.159+0000] {logging_mixin.py:149} INFO - [2023-06-15T21:10:19.159+0000] {dag.py:3490} INFO - Setting next_dagrun for example_trigger_target_dag to None, run_after=None
[2023-06-15T21:10:19.172+0000] {processor.py:179} INFO - Processing /home/airflow/.local/lib/python3.7/site-packages/airflow/example_dags/example_trigger_target_dag.py took 0.063 seconds
[2023-06-15T21:10:49.592+0000] {processor.py:157} INFO - Started process (PID=160) to work on /home/airflow/.local/lib/python3.7/site-packages/airflow/example_dags/example_trigger_target_dag.py
[2023-06-15T21:10:49.594+0000] {processor.py:826} INFO - Processing file /home/airflow/.local/lib/python3.7/site-packages/airflow/example_dags/example_trigger_target_dag.py for tasks to queue
[2023-06-15T21:10:49.595+0000] {logging_mixin.py:149} INFO - [2023-06-15T21:10:49.595+0000] {dagbag.py:541} INFO - Filling up the DagBag from /home/airflow/.local/lib/python3.7/site-packages/airflow/example_dags/example_trigger_target_dag.py
[2023-06-15T21:10:49.606+0000] {processor.py:836} INFO - DAG(s) dict_keys(['example_trigger_target_dag']) retrieved from /home/airflow/.local/lib/python3.7/site-packages/airflow/example_dags/example_trigger_target_dag.py
[2023-06-15T21:10:49.627+0000] {logging_mixin.py:149} INFO - [2023-06-15T21:10:49.627+0000] {dag.py:2726} INFO - Sync 1 DAGs
[2023-06-15T21:10:49.648+0000] {logging_mixin.py:149} INFO - [2023-06-15T21:10:49.648+0000] {dag.py:3490} INFO - Setting next_dagrun for example_trigger_target_dag to None, run_after=None
[2023-06-15T21:10:49.670+0000] {processor.py:179} INFO - Processing /home/airflow/.local/lib/python3.7/site-packages/airflow/example_dags/example_trigger_target_dag.py took 0.080 seconds
[2023-06-15T21:11:19.954+0000] {processor.py:157} INFO - Started process (PID=216) to work on /home/airflow/.local/lib/python3.7/site-packages/airflow/example_dags/example_trigger_target_dag.py
[2023-06-15T21:11:19.957+0000] {processor.py:826} INFO - Processing file /home/airflow/.local/lib/python3.7/site-packages/airflow/example_dags/example_trigger_target_dag.py for tasks to queue
[2023-06-15T21:11:19.958+0000] {logging_mixin.py:149} INFO - [2023-06-15T21:11:19.958+0000] {dagbag.py:541} INFO - Filling up the DagBag from /home/airflow/.local/lib/python3.7/site-packages/airflow/example_dags/example_trigger_target_dag.py
[2023-06-15T21:11:19.962+0000] {processor.py:836} INFO - DAG(s) dict_keys(['example_trigger_target_dag']) retrieved from /home/airflow/.local/lib/python3.7/site-packages/airflow/example_dags/example_trigger_target_dag.py
[2023-06-15T21:11:19.981+0000] {logging_mixin.py:149} INFO - [2023-06-15T21:11:19.981+0000] {dag.py:2726} INFO - Sync 1 DAGs
[2023-06-15T21:11:19.997+0000] {logging_mixin.py:149} INFO - [2023-06-15T21:11:19.997+0000] {dag.py:3490} INFO - Setting next_dagrun for example_trigger_target_dag to None, run_after=None
[2023-06-15T21:11:20.008+0000] {processor.py:179} INFO - Processing /home/airflow/.local/lib/python3.7/site-packages/airflow/example_dags/example_trigger_target_dag.py took 0.056 seconds
[2023-06-15T21:11:50.389+0000] {processor.py:157} INFO - Started process (PID=272) to work on /home/airflow/.local/lib/python3.7/site-packages/airflow/example_dags/example_trigger_target_dag.py
[2023-06-15T21:11:50.391+0000] {processor.py:826} INFO - Processing file /home/airflow/.local/lib/python3.7/site-packages/airflow/example_dags/example_trigger_target_dag.py for tasks to queue
[2023-06-15T21:11:50.392+0000] {logging_mixin.py:149} INFO - [2023-06-15T21:11:50.392+0000] {dagbag.py:541} INFO - Filling up the DagBag from /home/airflow/.local/lib/python3.7/site-packages/airflow/example_dags/example_trigger_target_dag.py
[2023-06-15T21:11:50.399+0000] {processor.py:836} INFO - DAG(s) dict_keys(['example_trigger_target_dag']) retrieved from /home/airflow/.local/lib/python3.7/site-packages/airflow/example_dags/example_trigger_target_dag.py
[2023-06-15T21:11:50.422+0000] {logging_mixin.py:149} INFO - [2023-06-15T21:11:50.422+0000] {dag.py:2726} INFO - Sync 1 DAGs
[2023-06-15T21:11:50.442+0000] {logging_mixin.py:149} INFO - [2023-06-15T21:11:50.441+0000] {dag.py:3490} INFO - Setting next_dagrun for example_trigger_target_dag to None, run_after=None
[2023-06-15T21:11:50.458+0000] {processor.py:179} INFO - Processing /home/airflow/.local/lib/python3.7/site-packages/airflow/example_dags/example_trigger_target_dag.py took 0.072 seconds
[2023-06-15T21:12:21.125+0000] {processor.py:157} INFO - Started process (PID=327) to work on /home/airflow/.local/lib/python3.7/site-packages/airflow/example_dags/example_trigger_target_dag.py
[2023-06-15T21:12:21.126+0000] {processor.py:826} INFO - Processing file /home/airflow/.local/lib/python3.7/site-packages/airflow/example_dags/example_trigger_target_dag.py for tasks to queue
[2023-06-15T21:12:21.127+0000] {logging_mixin.py:149} INFO - [2023-06-15T21:12:21.126+0000] {dagbag.py:541} INFO - Filling up the DagBag from /home/airflow/.local/lib/python3.7/site-packages/airflow/example_dags/example_trigger_target_dag.py
[2023-06-15T21:12:21.131+0000] {processor.py:836} INFO - DAG(s) dict_keys(['example_trigger_target_dag']) retrieved from /home/airflow/.local/lib/python3.7/site-packages/airflow/example_dags/example_trigger_target_dag.py
[2023-06-15T21:12:21.150+0000] {logging_mixin.py:149} INFO - [2023-06-15T21:12:21.150+0000] {dag.py:2726} INFO - Sync 1 DAGs
[2023-06-15T21:12:21.166+0000] {logging_mixin.py:149} INFO - [2023-06-15T21:12:21.166+0000] {dag.py:3490} INFO - Setting next_dagrun for example_trigger_target_dag to None, run_after=None
[2023-06-15T21:12:21.178+0000] {processor.py:179} INFO - Processing /home/airflow/.local/lib/python3.7/site-packages/airflow/example_dags/example_trigger_target_dag.py took 0.056 seconds
[2023-06-15T21:12:51.515+0000] {processor.py:157} INFO - Started process (PID=383) to work on /home/airflow/.local/lib/python3.7/site-packages/airflow/example_dags/example_trigger_target_dag.py
[2023-06-15T21:12:51.517+0000] {processor.py:826} INFO - Processing file /home/airflow/.local/lib/python3.7/site-packages/airflow/example_dags/example_trigger_target_dag.py for tasks to queue
[2023-06-15T21:12:51.518+0000] {logging_mixin.py:149} INFO - [2023-06-15T21:12:51.517+0000] {dagbag.py:541} INFO - Filling up the DagBag from /home/airflow/.local/lib/python3.7/site-packages/airflow/example_dags/example_trigger_target_dag.py
[2023-06-15T21:12:51.522+0000] {processor.py:836} INFO - DAG(s) dict_keys(['example_trigger_target_dag']) retrieved from /home/airflow/.local/lib/python3.7/site-packages/airflow/example_dags/example_trigger_target_dag.py
[2023-06-15T21:12:51.542+0000] {logging_mixin.py:149} INFO - [2023-06-15T21:12:51.542+0000] {dag.py:2726} INFO - Sync 1 DAGs
[2023-06-15T21:12:51.558+0000] {logging_mixin.py:149} INFO - [2023-06-15T21:12:51.558+0000] {dag.py:3490} INFO - Setting next_dagrun for example_trigger_target_dag to None, run_after=None
[2023-06-15T21:12:51.569+0000] {processor.py:179} INFO - Processing /home/airflow/.local/lib/python3.7/site-packages/airflow/example_dags/example_trigger_target_dag.py took 0.057 seconds
[2023-06-15T21:13:21.798+0000] {processor.py:157} INFO - Started process (PID=439) to work on /home/airflow/.local/lib/python3.7/site-packages/airflow/example_dags/example_trigger_target_dag.py
[2023-06-15T21:13:21.799+0000] {processor.py:826} INFO - Processing file /home/airflow/.local/lib/python3.7/site-packages/airflow/example_dags/example_trigger_target_dag.py for tasks to queue
[2023-06-15T21:13:21.800+0000] {logging_mixin.py:149} INFO - [2023-06-15T21:13:21.800+0000] {dagbag.py:541} INFO - Filling up the DagBag from /home/airflow/.local/lib/python3.7/site-packages/airflow/example_dags/example_trigger_target_dag.py
[2023-06-15T21:13:21.804+0000] {processor.py:836} INFO - DAG(s) dict_keys(['example_trigger_target_dag']) retrieved from /home/airflow/.local/lib/python3.7/site-packages/airflow/example_dags/example_trigger_target_dag.py
[2023-06-15T21:13:21.824+0000] {logging_mixin.py:149} INFO - [2023-06-15T21:13:21.824+0000] {dag.py:2726} INFO - Sync 1 DAGs
[2023-06-15T21:13:21.841+0000] {logging_mixin.py:149} INFO - [2023-06-15T21:13:21.841+0000] {dag.py:3490} INFO - Setting next_dagrun for example_trigger_target_dag to None, run_after=None
[2023-06-15T21:13:21.853+0000] {processor.py:179} INFO - Processing /home/airflow/.local/lib/python3.7/site-packages/airflow/example_dags/example_trigger_target_dag.py took 0.058 seconds
[2023-06-15T21:13:52.530+0000] {processor.py:157} INFO - Started process (PID=495) to work on /home/airflow/.local/lib/python3.7/site-packages/airflow/example_dags/example_trigger_target_dag.py
[2023-06-15T21:13:52.532+0000] {processor.py:826} INFO - Processing file /home/airflow/.local/lib/python3.7/site-packages/airflow/example_dags/example_trigger_target_dag.py for tasks to queue
[2023-06-15T21:13:52.533+0000] {logging_mixin.py:149} INFO - [2023-06-15T21:13:52.533+0000] {dagbag.py:541} INFO - Filling up the DagBag from /home/airflow/.local/lib/python3.7/site-packages/airflow/example_dags/example_trigger_target_dag.py
[2023-06-15T21:13:52.541+0000] {processor.py:836} INFO - DAG(s) dict_keys(['example_trigger_target_dag']) retrieved from /home/airflow/.local/lib/python3.7/site-packages/airflow/example_dags/example_trigger_target_dag.py
[2023-06-15T21:13:52.575+0000] {logging_mixin.py:149} INFO - [2023-06-15T21:13:52.574+0000] {dag.py:2726} INFO - Sync 1 DAGs
[2023-06-15T21:13:52.602+0000] {logging_mixin.py:149} INFO - [2023-06-15T21:13:52.601+0000] {dag.py:3490} INFO - Setting next_dagrun for example_trigger_target_dag to None, run_after=None
[2023-06-15T21:13:52.630+0000] {processor.py:179} INFO - Processing /home/airflow/.local/lib/python3.7/site-packages/airflow/example_dags/example_trigger_target_dag.py took 0.104 seconds
[2023-06-15T21:14:23.044+0000] {processor.py:157} INFO - Started process (PID=551) to work on /home/airflow/.local/lib/python3.7/site-packages/airflow/example_dags/example_trigger_target_dag.py
[2023-06-15T21:14:23.046+0000] {processor.py:826} INFO - Processing file /home/airflow/.local/lib/python3.7/site-packages/airflow/example_dags/example_trigger_target_dag.py for tasks to queue
[2023-06-15T21:14:23.047+0000] {logging_mixin.py:149} INFO - [2023-06-15T21:14:23.047+0000] {dagbag.py:541} INFO - Filling up the DagBag from /home/airflow/.local/lib/python3.7/site-packages/airflow/example_dags/example_trigger_target_dag.py
[2023-06-15T21:14:23.052+0000] {processor.py:836} INFO - DAG(s) dict_keys(['example_trigger_target_dag']) retrieved from /home/airflow/.local/lib/python3.7/site-packages/airflow/example_dags/example_trigger_target_dag.py
[2023-06-15T21:14:23.073+0000] {logging_mixin.py:149} INFO - [2023-06-15T21:14:23.073+0000] {dag.py:2726} INFO - Sync 1 DAGs
[2023-06-15T21:14:23.090+0000] {logging_mixin.py:149} INFO - [2023-06-15T21:14:23.090+0000] {dag.py:3490} INFO - Setting next_dagrun for example_trigger_target_dag to None, run_after=None
[2023-06-15T21:14:23.106+0000] {processor.py:179} INFO - Processing /home/airflow/.local/lib/python3.7/site-packages/airflow/example_dags/example_trigger_target_dag.py took 0.064 seconds
