[2023-06-15T21:09:50.004+0000] {processor.py:157} INFO - Started process (PID=61) to work on /home/airflow/.local/lib/python3.7/site-packages/airflow/example_dags/example_datasets.py
[2023-06-15T21:09:50.006+0000] {processor.py:826} INFO - Processing file /home/airflow/.local/lib/python3.7/site-packages/airflow/example_dags/example_datasets.py for tasks to queue
[2023-06-15T21:09:50.011+0000] {logging_mixin.py:149} INFO - [2023-06-15T21:09:50.011+0000] {dagbag.py:541} INFO - Filling up the DagBag from /home/airflow/.local/lib/python3.7/site-packages/airflow/example_dags/example_datasets.py
[2023-06-15T21:09:50.022+0000] {processor.py:836} INFO - DAG(s) dict_keys(['dataset_consumes_1_never_scheduled', 'dataset_consumes_unknown_never_scheduled', 'dataset_produces_2', 'dataset_consumes_1', 'dataset_produces_1', 'dataset_consumes_1_and_2']) retrieved from /home/airflow/.local/lib/python3.7/site-packages/airflow/example_dags/example_datasets.py
[2023-06-15T21:09:50.052+0000] {logging_mixin.py:149} INFO - [2023-06-15T21:09:50.052+0000] {dag.py:2726} INFO - Sync 6 DAGs
[2023-06-15T21:09:50.090+0000] {logging_mixin.py:149} INFO - [2023-06-15T21:09:50.089+0000] {dag.py:3490} INFO - Setting next_dagrun for dataset_consumes_1 to None, run_after=None
[2023-06-15T21:09:50.098+0000] {logging_mixin.py:149} INFO - [2023-06-15T21:09:50.098+0000] {dag.py:3490} INFO - Setting next_dagrun for dataset_consumes_1_and_2 to None, run_after=None
[2023-06-15T21:09:50.100+0000] {logging_mixin.py:149} INFO - [2023-06-15T21:09:50.100+0000] {dag.py:3490} INFO - Setting next_dagrun for dataset_consumes_1_never_scheduled to None, run_after=None
[2023-06-15T21:09:50.105+0000] {logging_mixin.py:149} INFO - [2023-06-15T21:09:50.105+0000] {dag.py:3490} INFO - Setting next_dagrun for dataset_consumes_unknown_never_scheduled to None, run_after=None
[2023-06-15T21:09:50.113+0000] {logging_mixin.py:149} INFO - [2023-06-15T21:09:50.113+0000] {dag.py:3490} INFO - Setting next_dagrun for dataset_produces_1 to 2023-06-14T00:00:00+00:00, run_after=2023-06-15T00:00:00+00:00
[2023-06-15T21:09:50.115+0000] {logging_mixin.py:149} INFO - [2023-06-15T21:09:50.115+0000] {dag.py:3490} INFO - Setting next_dagrun for dataset_produces_2 to None, run_after=None
[2023-06-15T21:09:50.141+0000] {processor.py:179} INFO - Processing /home/airflow/.local/lib/python3.7/site-packages/airflow/example_dags/example_datasets.py took 0.141 seconds
[2023-06-15T21:10:20.827+0000] {processor.py:157} INFO - Started process (PID=117) to work on /home/airflow/.local/lib/python3.7/site-packages/airflow/example_dags/example_datasets.py
[2023-06-15T21:10:20.828+0000] {processor.py:826} INFO - Processing file /home/airflow/.local/lib/python3.7/site-packages/airflow/example_dags/example_datasets.py for tasks to queue
[2023-06-15T21:10:20.829+0000] {logging_mixin.py:149} INFO - [2023-06-15T21:10:20.829+0000] {dagbag.py:541} INFO - Filling up the DagBag from /home/airflow/.local/lib/python3.7/site-packages/airflow/example_dags/example_datasets.py
[2023-06-15T21:10:20.836+0000] {processor.py:836} INFO - DAG(s) dict_keys(['dataset_produces_1', 'dataset_consumes_unknown_never_scheduled', 'dataset_produces_2', 'dataset_consumes_1_and_2', 'dataset_consumes_1', 'dataset_consumes_1_never_scheduled']) retrieved from /home/airflow/.local/lib/python3.7/site-packages/airflow/example_dags/example_datasets.py
[2023-06-15T21:10:20.894+0000] {logging_mixin.py:149} INFO - [2023-06-15T21:10:20.894+0000] {dag.py:2726} INFO - Sync 6 DAGs
[2023-06-15T21:10:20.909+0000] {logging_mixin.py:149} INFO - [2023-06-15T21:10:20.909+0000] {dag.py:3490} INFO - Setting next_dagrun for dataset_consumes_1 to None, run_after=None
[2023-06-15T21:10:20.911+0000] {logging_mixin.py:149} INFO - [2023-06-15T21:10:20.911+0000] {dag.py:3490} INFO - Setting next_dagrun for dataset_consumes_1_and_2 to None, run_after=None
[2023-06-15T21:10:20.912+0000] {logging_mixin.py:149} INFO - [2023-06-15T21:10:20.912+0000] {dag.py:3490} INFO - Setting next_dagrun for dataset_consumes_1_never_scheduled to None, run_after=None
[2023-06-15T21:10:20.913+0000] {logging_mixin.py:149} INFO - [2023-06-15T21:10:20.913+0000] {dag.py:3490} INFO - Setting next_dagrun for dataset_consumes_unknown_never_scheduled to None, run_after=None
[2023-06-15T21:10:20.915+0000] {logging_mixin.py:149} INFO - [2023-06-15T21:10:20.915+0000] {dag.py:3490} INFO - Setting next_dagrun for dataset_produces_1 to 2023-06-14T00:00:00+00:00, run_after=2023-06-15T00:00:00+00:00
[2023-06-15T21:10:20.916+0000] {logging_mixin.py:149} INFO - [2023-06-15T21:10:20.916+0000] {dag.py:3490} INFO - Setting next_dagrun for dataset_produces_2 to None, run_after=None
[2023-06-15T21:10:20.937+0000] {processor.py:179} INFO - Processing /home/airflow/.local/lib/python3.7/site-packages/airflow/example_dags/example_datasets.py took 0.113 seconds
[2023-06-15T21:10:51.385+0000] {processor.py:157} INFO - Started process (PID=173) to work on /home/airflow/.local/lib/python3.7/site-packages/airflow/example_dags/example_datasets.py
[2023-06-15T21:10:51.387+0000] {processor.py:826} INFO - Processing file /home/airflow/.local/lib/python3.7/site-packages/airflow/example_dags/example_datasets.py for tasks to queue
[2023-06-15T21:10:51.387+0000] {logging_mixin.py:149} INFO - [2023-06-15T21:10:51.387+0000] {dagbag.py:541} INFO - Filling up the DagBag from /home/airflow/.local/lib/python3.7/site-packages/airflow/example_dags/example_datasets.py
[2023-06-15T21:10:51.395+0000] {processor.py:836} INFO - DAG(s) dict_keys(['dataset_produces_2', 'dataset_consumes_1_never_scheduled', 'dataset_consumes_1', 'dataset_consumes_1_and_2', 'dataset_consumes_unknown_never_scheduled', 'dataset_produces_1']) retrieved from /home/airflow/.local/lib/python3.7/site-packages/airflow/example_dags/example_datasets.py
[2023-06-15T21:10:51.430+0000] {logging_mixin.py:149} INFO - [2023-06-15T21:10:51.429+0000] {dag.py:2726} INFO - Sync 6 DAGs
[2023-06-15T21:10:51.447+0000] {logging_mixin.py:149} INFO - [2023-06-15T21:10:51.447+0000] {dag.py:3490} INFO - Setting next_dagrun for dataset_consumes_1 to None, run_after=None
[2023-06-15T21:10:51.450+0000] {logging_mixin.py:149} INFO - [2023-06-15T21:10:51.450+0000] {dag.py:3490} INFO - Setting next_dagrun for dataset_consumes_1_and_2 to None, run_after=None
[2023-06-15T21:10:51.451+0000] {logging_mixin.py:149} INFO - [2023-06-15T21:10:51.451+0000] {dag.py:3490} INFO - Setting next_dagrun for dataset_consumes_1_never_scheduled to None, run_after=None
[2023-06-15T21:10:51.452+0000] {logging_mixin.py:149} INFO - [2023-06-15T21:10:51.452+0000] {dag.py:3490} INFO - Setting next_dagrun for dataset_consumes_unknown_never_scheduled to None, run_after=None
[2023-06-15T21:10:51.454+0000] {logging_mixin.py:149} INFO - [2023-06-15T21:10:51.454+0000] {dag.py:3490} INFO - Setting next_dagrun for dataset_produces_1 to 2023-06-14T00:00:00+00:00, run_after=2023-06-15T00:00:00+00:00
[2023-06-15T21:10:51.455+0000] {logging_mixin.py:149} INFO - [2023-06-15T21:10:51.455+0000] {dag.py:3490} INFO - Setting next_dagrun for dataset_produces_2 to None, run_after=None
[2023-06-15T21:10:51.472+0000] {processor.py:179} INFO - Processing /home/airflow/.local/lib/python3.7/site-packages/airflow/example_dags/example_datasets.py took 0.090 seconds
[2023-06-15T21:11:21.604+0000] {processor.py:157} INFO - Started process (PID=229) to work on /home/airflow/.local/lib/python3.7/site-packages/airflow/example_dags/example_datasets.py
[2023-06-15T21:11:21.605+0000] {processor.py:826} INFO - Processing file /home/airflow/.local/lib/python3.7/site-packages/airflow/example_dags/example_datasets.py for tasks to queue
[2023-06-15T21:11:21.606+0000] {logging_mixin.py:149} INFO - [2023-06-15T21:11:21.606+0000] {dagbag.py:541} INFO - Filling up the DagBag from /home/airflow/.local/lib/python3.7/site-packages/airflow/example_dags/example_datasets.py
[2023-06-15T21:11:21.613+0000] {processor.py:836} INFO - DAG(s) dict_keys(['dataset_consumes_1_never_scheduled', 'dataset_produces_1', 'dataset_consumes_1_and_2', 'dataset_consumes_1', 'dataset_produces_2', 'dataset_consumes_unknown_never_scheduled']) retrieved from /home/airflow/.local/lib/python3.7/site-packages/airflow/example_dags/example_datasets.py
[2023-06-15T21:11:21.641+0000] {logging_mixin.py:149} INFO - [2023-06-15T21:11:21.641+0000] {dag.py:2726} INFO - Sync 6 DAGs
[2023-06-15T21:11:21.657+0000] {logging_mixin.py:149} INFO - [2023-06-15T21:11:21.657+0000] {dag.py:3490} INFO - Setting next_dagrun for dataset_consumes_1 to None, run_after=None
[2023-06-15T21:11:21.660+0000] {logging_mixin.py:149} INFO - [2023-06-15T21:11:21.660+0000] {dag.py:3490} INFO - Setting next_dagrun for dataset_consumes_1_and_2 to None, run_after=None
[2023-06-15T21:11:21.661+0000] {logging_mixin.py:149} INFO - [2023-06-15T21:11:21.661+0000] {dag.py:3490} INFO - Setting next_dagrun for dataset_consumes_1_never_scheduled to None, run_after=None
[2023-06-15T21:11:21.662+0000] {logging_mixin.py:149} INFO - [2023-06-15T21:11:21.662+0000] {dag.py:3490} INFO - Setting next_dagrun for dataset_consumes_unknown_never_scheduled to None, run_after=None
[2023-06-15T21:11:21.664+0000] {logging_mixin.py:149} INFO - [2023-06-15T21:11:21.664+0000] {dag.py:3490} INFO - Setting next_dagrun for dataset_produces_1 to 2023-06-14T00:00:00+00:00, run_after=2023-06-15T00:00:00+00:00
[2023-06-15T21:11:21.665+0000] {logging_mixin.py:149} INFO - [2023-06-15T21:11:21.665+0000] {dag.py:3490} INFO - Setting next_dagrun for dataset_produces_2 to None, run_after=None
[2023-06-15T21:11:21.682+0000] {processor.py:179} INFO - Processing /home/airflow/.local/lib/python3.7/site-packages/airflow/example_dags/example_datasets.py took 0.081 seconds
[2023-06-15T21:11:52.249+0000] {processor.py:157} INFO - Started process (PID=285) to work on /home/airflow/.local/lib/python3.7/site-packages/airflow/example_dags/example_datasets.py
[2023-06-15T21:11:52.251+0000] {processor.py:826} INFO - Processing file /home/airflow/.local/lib/python3.7/site-packages/airflow/example_dags/example_datasets.py for tasks to queue
[2023-06-15T21:11:52.252+0000] {logging_mixin.py:149} INFO - [2023-06-15T21:11:52.252+0000] {dagbag.py:541} INFO - Filling up the DagBag from /home/airflow/.local/lib/python3.7/site-packages/airflow/example_dags/example_datasets.py
[2023-06-15T21:11:52.260+0000] {processor.py:836} INFO - DAG(s) dict_keys(['dataset_consumes_1_never_scheduled', 'dataset_produces_2', 'dataset_consumes_1_and_2', 'dataset_consumes_unknown_never_scheduled', 'dataset_consumes_1', 'dataset_produces_1']) retrieved from /home/airflow/.local/lib/python3.7/site-packages/airflow/example_dags/example_datasets.py
[2023-06-15T21:11:52.294+0000] {logging_mixin.py:149} INFO - [2023-06-15T21:11:52.294+0000] {dag.py:2726} INFO - Sync 6 DAGs
[2023-06-15T21:11:52.316+0000] {logging_mixin.py:149} INFO - [2023-06-15T21:11:52.316+0000] {dag.py:3490} INFO - Setting next_dagrun for dataset_consumes_1 to None, run_after=None
[2023-06-15T21:11:52.321+0000] {logging_mixin.py:149} INFO - [2023-06-15T21:11:52.321+0000] {dag.py:3490} INFO - Setting next_dagrun for dataset_consumes_1_and_2 to None, run_after=None
[2023-06-15T21:11:52.325+0000] {logging_mixin.py:149} INFO - [2023-06-15T21:11:52.325+0000] {dag.py:3490} INFO - Setting next_dagrun for dataset_consumes_1_never_scheduled to None, run_after=None
[2023-06-15T21:11:52.328+0000] {logging_mixin.py:149} INFO - [2023-06-15T21:11:52.328+0000] {dag.py:3490} INFO - Setting next_dagrun for dataset_consumes_unknown_never_scheduled to None, run_after=None
[2023-06-15T21:11:52.331+0000] {logging_mixin.py:149} INFO - [2023-06-15T21:11:52.330+0000] {dag.py:3490} INFO - Setting next_dagrun for dataset_produces_1 to 2023-06-14T00:00:00+00:00, run_after=2023-06-15T00:00:00+00:00
[2023-06-15T21:11:52.332+0000] {logging_mixin.py:149} INFO - [2023-06-15T21:11:52.332+0000] {dag.py:3490} INFO - Setting next_dagrun for dataset_produces_2 to None, run_after=None
[2023-06-15T21:11:52.356+0000] {processor.py:179} INFO - Processing /home/airflow/.local/lib/python3.7/site-packages/airflow/example_dags/example_datasets.py took 0.111 seconds
[2023-06-15T21:12:22.750+0000] {processor.py:157} INFO - Started process (PID=340) to work on /home/airflow/.local/lib/python3.7/site-packages/airflow/example_dags/example_datasets.py
[2023-06-15T21:12:22.752+0000] {processor.py:826} INFO - Processing file /home/airflow/.local/lib/python3.7/site-packages/airflow/example_dags/example_datasets.py for tasks to queue
[2023-06-15T21:12:22.753+0000] {logging_mixin.py:149} INFO - [2023-06-15T21:12:22.753+0000] {dagbag.py:541} INFO - Filling up the DagBag from /home/airflow/.local/lib/python3.7/site-packages/airflow/example_dags/example_datasets.py
[2023-06-15T21:12:22.762+0000] {processor.py:836} INFO - DAG(s) dict_keys(['dataset_produces_2', 'dataset_consumes_1_never_scheduled', 'dataset_produces_1', 'dataset_consumes_unknown_never_scheduled', 'dataset_consumes_1_and_2', 'dataset_consumes_1']) retrieved from /home/airflow/.local/lib/python3.7/site-packages/airflow/example_dags/example_datasets.py
[2023-06-15T21:12:22.794+0000] {logging_mixin.py:149} INFO - [2023-06-15T21:12:22.794+0000] {dag.py:2726} INFO - Sync 6 DAGs
[2023-06-15T21:12:22.813+0000] {logging_mixin.py:149} INFO - [2023-06-15T21:12:22.813+0000] {dag.py:3490} INFO - Setting next_dagrun for dataset_consumes_1 to None, run_after=None
[2023-06-15T21:12:22.817+0000] {logging_mixin.py:149} INFO - [2023-06-15T21:12:22.817+0000] {dag.py:3490} INFO - Setting next_dagrun for dataset_consumes_1_and_2 to None, run_after=None
[2023-06-15T21:12:22.819+0000] {logging_mixin.py:149} INFO - [2023-06-15T21:12:22.819+0000] {dag.py:3490} INFO - Setting next_dagrun for dataset_consumes_1_never_scheduled to None, run_after=None
[2023-06-15T21:12:22.821+0000] {logging_mixin.py:149} INFO - [2023-06-15T21:12:22.821+0000] {dag.py:3490} INFO - Setting next_dagrun for dataset_consumes_unknown_never_scheduled to None, run_after=None
[2023-06-15T21:12:22.825+0000] {logging_mixin.py:149} INFO - [2023-06-15T21:12:22.825+0000] {dag.py:3490} INFO - Setting next_dagrun for dataset_produces_1 to 2023-06-14T00:00:00+00:00, run_after=2023-06-15T00:00:00+00:00
[2023-06-15T21:12:22.827+0000] {logging_mixin.py:149} INFO - [2023-06-15T21:12:22.827+0000] {dag.py:3490} INFO - Setting next_dagrun for dataset_produces_2 to None, run_after=None
[2023-06-15T21:12:22.848+0000] {processor.py:179} INFO - Processing /home/airflow/.local/lib/python3.7/site-packages/airflow/example_dags/example_datasets.py took 0.102 seconds
[2023-06-15T21:12:53.149+0000] {processor.py:157} INFO - Started process (PID=396) to work on /home/airflow/.local/lib/python3.7/site-packages/airflow/example_dags/example_datasets.py
[2023-06-15T21:12:53.150+0000] {processor.py:826} INFO - Processing file /home/airflow/.local/lib/python3.7/site-packages/airflow/example_dags/example_datasets.py for tasks to queue
[2023-06-15T21:12:53.151+0000] {logging_mixin.py:149} INFO - [2023-06-15T21:12:53.151+0000] {dagbag.py:541} INFO - Filling up the DagBag from /home/airflow/.local/lib/python3.7/site-packages/airflow/example_dags/example_datasets.py
[2023-06-15T21:12:53.158+0000] {processor.py:836} INFO - DAG(s) dict_keys(['dataset_produces_1', 'dataset_consumes_unknown_never_scheduled', 'dataset_consumes_1_never_scheduled', 'dataset_consumes_1', 'dataset_produces_2', 'dataset_consumes_1_and_2']) retrieved from /home/airflow/.local/lib/python3.7/site-packages/airflow/example_dags/example_datasets.py
[2023-06-15T21:12:53.185+0000] {logging_mixin.py:149} INFO - [2023-06-15T21:12:53.185+0000] {dag.py:2726} INFO - Sync 6 DAGs
[2023-06-15T21:12:53.202+0000] {logging_mixin.py:149} INFO - [2023-06-15T21:12:53.202+0000] {dag.py:3490} INFO - Setting next_dagrun for dataset_consumes_1 to None, run_after=None
[2023-06-15T21:12:53.205+0000] {logging_mixin.py:149} INFO - [2023-06-15T21:12:53.205+0000] {dag.py:3490} INFO - Setting next_dagrun for dataset_consumes_1_and_2 to None, run_after=None
[2023-06-15T21:12:53.206+0000] {logging_mixin.py:149} INFO - [2023-06-15T21:12:53.206+0000] {dag.py:3490} INFO - Setting next_dagrun for dataset_consumes_1_never_scheduled to None, run_after=None
[2023-06-15T21:12:53.207+0000] {logging_mixin.py:149} INFO - [2023-06-15T21:12:53.207+0000] {dag.py:3490} INFO - Setting next_dagrun for dataset_consumes_unknown_never_scheduled to None, run_after=None
[2023-06-15T21:12:53.209+0000] {logging_mixin.py:149} INFO - [2023-06-15T21:12:53.209+0000] {dag.py:3490} INFO - Setting next_dagrun for dataset_produces_1 to 2023-06-14T00:00:00+00:00, run_after=2023-06-15T00:00:00+00:00
[2023-06-15T21:12:53.211+0000] {logging_mixin.py:149} INFO - [2023-06-15T21:12:53.210+0000] {dag.py:3490} INFO - Setting next_dagrun for dataset_produces_2 to None, run_after=None
[2023-06-15T21:12:53.229+0000] {processor.py:179} INFO - Processing /home/airflow/.local/lib/python3.7/site-packages/airflow/example_dags/example_datasets.py took 0.082 seconds
[2023-06-15T21:13:23.490+0000] {processor.py:157} INFO - Started process (PID=452) to work on /home/airflow/.local/lib/python3.7/site-packages/airflow/example_dags/example_datasets.py
[2023-06-15T21:13:23.492+0000] {processor.py:826} INFO - Processing file /home/airflow/.local/lib/python3.7/site-packages/airflow/example_dags/example_datasets.py for tasks to queue
[2023-06-15T21:13:23.494+0000] {logging_mixin.py:149} INFO - [2023-06-15T21:13:23.493+0000] {dagbag.py:541} INFO - Filling up the DagBag from /home/airflow/.local/lib/python3.7/site-packages/airflow/example_dags/example_datasets.py
[2023-06-15T21:13:23.500+0000] {processor.py:836} INFO - DAG(s) dict_keys(['dataset_consumes_unknown_never_scheduled', 'dataset_produces_2', 'dataset_consumes_1', 'dataset_consumes_1_never_scheduled', 'dataset_consumes_1_and_2', 'dataset_produces_1']) retrieved from /home/airflow/.local/lib/python3.7/site-packages/airflow/example_dags/example_datasets.py
[2023-06-15T21:13:23.528+0000] {logging_mixin.py:149} INFO - [2023-06-15T21:13:23.528+0000] {dag.py:2726} INFO - Sync 6 DAGs
[2023-06-15T21:13:23.545+0000] {logging_mixin.py:149} INFO - [2023-06-15T21:13:23.545+0000] {dag.py:3490} INFO - Setting next_dagrun for dataset_consumes_1 to None, run_after=None
[2023-06-15T21:13:23.548+0000] {logging_mixin.py:149} INFO - [2023-06-15T21:13:23.548+0000] {dag.py:3490} INFO - Setting next_dagrun for dataset_consumes_1_and_2 to None, run_after=None
[2023-06-15T21:13:23.549+0000] {logging_mixin.py:149} INFO - [2023-06-15T21:13:23.549+0000] {dag.py:3490} INFO - Setting next_dagrun for dataset_consumes_1_never_scheduled to None, run_after=None
[2023-06-15T21:13:23.550+0000] {logging_mixin.py:149} INFO - [2023-06-15T21:13:23.550+0000] {dag.py:3490} INFO - Setting next_dagrun for dataset_consumes_unknown_never_scheduled to None, run_after=None
[2023-06-15T21:13:23.552+0000] {logging_mixin.py:149} INFO - [2023-06-15T21:13:23.551+0000] {dag.py:3490} INFO - Setting next_dagrun for dataset_produces_1 to 2023-06-14T00:00:00+00:00, run_after=2023-06-15T00:00:00+00:00
[2023-06-15T21:13:23.553+0000] {logging_mixin.py:149} INFO - [2023-06-15T21:13:23.553+0000] {dag.py:3490} INFO - Setting next_dagrun for dataset_produces_2 to None, run_after=None
[2023-06-15T21:13:23.571+0000] {processor.py:179} INFO - Processing /home/airflow/.local/lib/python3.7/site-packages/airflow/example_dags/example_datasets.py took 0.083 seconds
[2023-06-15T21:13:54.366+0000] {processor.py:157} INFO - Started process (PID=508) to work on /home/airflow/.local/lib/python3.7/site-packages/airflow/example_dags/example_datasets.py
[2023-06-15T21:13:54.367+0000] {processor.py:826} INFO - Processing file /home/airflow/.local/lib/python3.7/site-packages/airflow/example_dags/example_datasets.py for tasks to queue
[2023-06-15T21:13:54.368+0000] {logging_mixin.py:149} INFO - [2023-06-15T21:13:54.368+0000] {dagbag.py:541} INFO - Filling up the DagBag from /home/airflow/.local/lib/python3.7/site-packages/airflow/example_dags/example_datasets.py
[2023-06-15T21:13:54.375+0000] {processor.py:836} INFO - DAG(s) dict_keys(['dataset_consumes_1', 'dataset_consumes_unknown_never_scheduled', 'dataset_consumes_1_never_scheduled', 'dataset_produces_2', 'dataset_produces_1', 'dataset_consumes_1_and_2']) retrieved from /home/airflow/.local/lib/python3.7/site-packages/airflow/example_dags/example_datasets.py
[2023-06-15T21:13:54.404+0000] {logging_mixin.py:149} INFO - [2023-06-15T21:13:54.404+0000] {dag.py:2726} INFO - Sync 6 DAGs
[2023-06-15T21:13:54.422+0000] {logging_mixin.py:149} INFO - [2023-06-15T21:13:54.421+0000] {dag.py:3490} INFO - Setting next_dagrun for dataset_consumes_1 to None, run_after=None
[2023-06-15T21:13:54.425+0000] {logging_mixin.py:149} INFO - [2023-06-15T21:13:54.425+0000] {dag.py:3490} INFO - Setting next_dagrun for dataset_consumes_1_and_2 to None, run_after=None
[2023-06-15T21:13:54.427+0000] {logging_mixin.py:149} INFO - [2023-06-15T21:13:54.427+0000] {dag.py:3490} INFO - Setting next_dagrun for dataset_consumes_1_never_scheduled to None, run_after=None
[2023-06-15T21:13:54.428+0000] {logging_mixin.py:149} INFO - [2023-06-15T21:13:54.428+0000] {dag.py:3490} INFO - Setting next_dagrun for dataset_consumes_unknown_never_scheduled to None, run_after=None
[2023-06-15T21:13:54.430+0000] {logging_mixin.py:149} INFO - [2023-06-15T21:13:54.430+0000] {dag.py:3490} INFO - Setting next_dagrun for dataset_produces_1 to 2023-06-14T00:00:00+00:00, run_after=2023-06-15T00:00:00+00:00
[2023-06-15T21:13:54.431+0000] {logging_mixin.py:149} INFO - [2023-06-15T21:13:54.431+0000] {dag.py:3490} INFO - Setting next_dagrun for dataset_produces_2 to None, run_after=None
[2023-06-15T21:13:54.452+0000] {processor.py:179} INFO - Processing /home/airflow/.local/lib/python3.7/site-packages/airflow/example_dags/example_datasets.py took 0.088 seconds
[2023-06-15T21:14:24.763+0000] {processor.py:157} INFO - Started process (PID=564) to work on /home/airflow/.local/lib/python3.7/site-packages/airflow/example_dags/example_datasets.py
[2023-06-15T21:14:24.764+0000] {processor.py:826} INFO - Processing file /home/airflow/.local/lib/python3.7/site-packages/airflow/example_dags/example_datasets.py for tasks to queue
[2023-06-15T21:14:24.765+0000] {logging_mixin.py:149} INFO - [2023-06-15T21:14:24.764+0000] {dagbag.py:541} INFO - Filling up the DagBag from /home/airflow/.local/lib/python3.7/site-packages/airflow/example_dags/example_datasets.py
[2023-06-15T21:14:24.773+0000] {processor.py:836} INFO - DAG(s) dict_keys(['dataset_produces_1', 'dataset_consumes_unknown_never_scheduled', 'dataset_consumes_1_and_2', 'dataset_consumes_1_never_scheduled', 'dataset_consumes_1', 'dataset_produces_2']) retrieved from /home/airflow/.local/lib/python3.7/site-packages/airflow/example_dags/example_datasets.py
[2023-06-15T21:14:24.803+0000] {logging_mixin.py:149} INFO - [2023-06-15T21:14:24.802+0000] {dag.py:2726} INFO - Sync 6 DAGs
[2023-06-15T21:14:24.830+0000] {logging_mixin.py:149} INFO - [2023-06-15T21:14:24.830+0000] {dag.py:3490} INFO - Setting next_dagrun for dataset_consumes_1 to None, run_after=None
[2023-06-15T21:14:24.835+0000] {logging_mixin.py:149} INFO - [2023-06-15T21:14:24.835+0000] {dag.py:3490} INFO - Setting next_dagrun for dataset_consumes_1_and_2 to None, run_after=None
[2023-06-15T21:14:24.837+0000] {logging_mixin.py:149} INFO - [2023-06-15T21:14:24.837+0000] {dag.py:3490} INFO - Setting next_dagrun for dataset_consumes_1_never_scheduled to None, run_after=None
[2023-06-15T21:14:24.839+0000] {logging_mixin.py:149} INFO - [2023-06-15T21:14:24.839+0000] {dag.py:3490} INFO - Setting next_dagrun for dataset_consumes_unknown_never_scheduled to None, run_after=None
[2023-06-15T21:14:24.842+0000] {logging_mixin.py:149} INFO - [2023-06-15T21:14:24.842+0000] {dag.py:3490} INFO - Setting next_dagrun for dataset_produces_1 to 2023-06-14T00:00:00+00:00, run_after=2023-06-15T00:00:00+00:00
[2023-06-15T21:14:24.845+0000] {logging_mixin.py:149} INFO - [2023-06-15T21:14:24.845+0000] {dag.py:3490} INFO - Setting next_dagrun for dataset_produces_2 to None, run_after=None
[2023-06-15T21:14:24.880+0000] {processor.py:179} INFO - Processing /home/airflow/.local/lib/python3.7/site-packages/airflow/example_dags/example_datasets.py took 0.120 seconds
[2023-06-15T21:14:55.529+0000] {processor.py:157} INFO - Started process (PID=620) to work on /home/airflow/.local/lib/python3.7/site-packages/airflow/example_dags/example_datasets.py
[2023-06-15T21:14:55.530+0000] {processor.py:826} INFO - Processing file /home/airflow/.local/lib/python3.7/site-packages/airflow/example_dags/example_datasets.py for tasks to queue
[2023-06-15T21:14:55.532+0000] {logging_mixin.py:149} INFO - [2023-06-15T21:14:55.532+0000] {dagbag.py:541} INFO - Filling up the DagBag from /home/airflow/.local/lib/python3.7/site-packages/airflow/example_dags/example_datasets.py
[2023-06-15T21:14:55.539+0000] {processor.py:836} INFO - DAG(s) dict_keys(['dataset_produces_1', 'dataset_consumes_1_never_scheduled', 'dataset_consumes_1', 'dataset_produces_2', 'dataset_consumes_unknown_never_scheduled', 'dataset_consumes_1_and_2']) retrieved from /home/airflow/.local/lib/python3.7/site-packages/airflow/example_dags/example_datasets.py
[2023-06-15T21:14:55.568+0000] {logging_mixin.py:149} INFO - [2023-06-15T21:14:55.568+0000] {dag.py:2726} INFO - Sync 6 DAGs
[2023-06-15T21:14:55.584+0000] {logging_mixin.py:149} INFO - [2023-06-15T21:14:55.584+0000] {dag.py:3490} INFO - Setting next_dagrun for dataset_consumes_1 to None, run_after=None
[2023-06-15T21:14:55.587+0000] {logging_mixin.py:149} INFO - [2023-06-15T21:14:55.587+0000] {dag.py:3490} INFO - Setting next_dagrun for dataset_consumes_1_and_2 to None, run_after=None
[2023-06-15T21:14:55.588+0000] {logging_mixin.py:149} INFO - [2023-06-15T21:14:55.588+0000] {dag.py:3490} INFO - Setting next_dagrun for dataset_consumes_1_never_scheduled to None, run_after=None
[2023-06-15T21:14:55.589+0000] {logging_mixin.py:149} INFO - [2023-06-15T21:14:55.589+0000] {dag.py:3490} INFO - Setting next_dagrun for dataset_consumes_unknown_never_scheduled to None, run_after=None
[2023-06-15T21:14:55.591+0000] {logging_mixin.py:149} INFO - [2023-06-15T21:14:55.591+0000] {dag.py:3490} INFO - Setting next_dagrun for dataset_produces_1 to 2023-06-14T00:00:00+00:00, run_after=2023-06-15T00:00:00+00:00
[2023-06-15T21:14:55.592+0000] {logging_mixin.py:149} INFO - [2023-06-15T21:14:55.592+0000] {dag.py:3490} INFO - Setting next_dagrun for dataset_produces_2 to None, run_after=None
[2023-06-15T21:14:55.610+0000] {processor.py:179} INFO - Processing /home/airflow/.local/lib/python3.7/site-packages/airflow/example_dags/example_datasets.py took 0.084 seconds
[2023-06-15T21:15:25.815+0000] {processor.py:157} INFO - Started process (PID=677) to work on /home/airflow/.local/lib/python3.7/site-packages/airflow/example_dags/example_datasets.py
[2023-06-15T21:15:25.817+0000] {processor.py:826} INFO - Processing file /home/airflow/.local/lib/python3.7/site-packages/airflow/example_dags/example_datasets.py for tasks to queue
[2023-06-15T21:15:25.818+0000] {logging_mixin.py:149} INFO - [2023-06-15T21:15:25.817+0000] {dagbag.py:541} INFO - Filling up the DagBag from /home/airflow/.local/lib/python3.7/site-packages/airflow/example_dags/example_datasets.py
[2023-06-15T21:15:25.825+0000] {processor.py:836} INFO - DAG(s) dict_keys(['dataset_consumes_1', 'dataset_produces_1', 'dataset_consumes_1_and_2', 'dataset_produces_2', 'dataset_consumes_1_never_scheduled', 'dataset_consumes_unknown_never_scheduled']) retrieved from /home/airflow/.local/lib/python3.7/site-packages/airflow/example_dags/example_datasets.py
[2023-06-15T21:15:25.853+0000] {logging_mixin.py:149} INFO - [2023-06-15T21:15:25.853+0000] {dag.py:2726} INFO - Sync 6 DAGs
[2023-06-15T21:15:25.871+0000] {logging_mixin.py:149} INFO - [2023-06-15T21:15:25.871+0000] {dag.py:3490} INFO - Setting next_dagrun for dataset_consumes_1 to None, run_after=None
[2023-06-15T21:15:25.874+0000] {logging_mixin.py:149} INFO - [2023-06-15T21:15:25.874+0000] {dag.py:3490} INFO - Setting next_dagrun for dataset_consumes_1_and_2 to None, run_after=None
[2023-06-15T21:15:25.875+0000] {logging_mixin.py:149} INFO - [2023-06-15T21:15:25.875+0000] {dag.py:3490} INFO - Setting next_dagrun for dataset_consumes_1_never_scheduled to None, run_after=None
[2023-06-15T21:15:25.876+0000] {logging_mixin.py:149} INFO - [2023-06-15T21:15:25.876+0000] {dag.py:3490} INFO - Setting next_dagrun for dataset_consumes_unknown_never_scheduled to None, run_after=None
[2023-06-15T21:15:25.878+0000] {logging_mixin.py:149} INFO - [2023-06-15T21:15:25.878+0000] {dag.py:3490} INFO - Setting next_dagrun for dataset_produces_1 to 2023-06-14T00:00:00+00:00, run_after=2023-06-15T00:00:00+00:00
[2023-06-15T21:15:25.881+0000] {logging_mixin.py:149} INFO - [2023-06-15T21:15:25.881+0000] {dag.py:3490} INFO - Setting next_dagrun for dataset_produces_2 to None, run_after=None
[2023-06-15T21:15:25.900+0000] {processor.py:179} INFO - Processing /home/airflow/.local/lib/python3.7/site-packages/airflow/example_dags/example_datasets.py took 0.088 seconds
