[2023-06-15T21:09:50.036+0000] {processor.py:157} INFO - Started process (PID=62) to work on /home/airflow/.local/lib/python3.7/site-packages/airflow/example_dags/example_bash_operator.py
[2023-06-15T21:09:50.038+0000] {processor.py:826} INFO - Processing file /home/airflow/.local/lib/python3.7/site-packages/airflow/example_dags/example_bash_operator.py for tasks to queue
[2023-06-15T21:09:50.040+0000] {logging_mixin.py:149} INFO - [2023-06-15T21:09:50.039+0000] {dagbag.py:541} INFO - Filling up the DagBag from /home/airflow/.local/lib/python3.7/site-packages/airflow/example_dags/example_bash_operator.py
[2023-06-15T21:09:50.070+0000] {processor.py:836} INFO - DAG(s) dict_keys(['example_bash_operator']) retrieved from /home/airflow/.local/lib/python3.7/site-packages/airflow/example_dags/example_bash_operator.py
[2023-06-15T21:09:50.095+0000] {logging_mixin.py:149} INFO - [2023-06-15T21:09:50.095+0000] {dag.py:2726} INFO - Sync 1 DAGs
[2023-06-15T21:09:50.117+0000] {logging_mixin.py:149} INFO - [2023-06-15T21:09:50.117+0000] {dag.py:3490} INFO - Setting next_dagrun for example_bash_operator to 2023-06-14T00:00:00+00:00, run_after=2023-06-15T00:00:00+00:00
[2023-06-15T21:09:50.162+0000] {processor.py:179} INFO - Processing /home/airflow/.local/lib/python3.7/site-packages/airflow/example_dags/example_bash_operator.py took 0.133 seconds
[2023-06-15T21:10:20.870+0000] {processor.py:157} INFO - Started process (PID=118) to work on /home/airflow/.local/lib/python3.7/site-packages/airflow/example_dags/example_bash_operator.py
[2023-06-15T21:10:20.871+0000] {processor.py:826} INFO - Processing file /home/airflow/.local/lib/python3.7/site-packages/airflow/example_dags/example_bash_operator.py for tasks to queue
[2023-06-15T21:10:20.872+0000] {logging_mixin.py:149} INFO - [2023-06-15T21:10:20.872+0000] {dagbag.py:541} INFO - Filling up the DagBag from /home/airflow/.local/lib/python3.7/site-packages/airflow/example_dags/example_bash_operator.py
[2023-06-15T21:10:20.882+0000] {processor.py:836} INFO - DAG(s) dict_keys(['example_bash_operator']) retrieved from /home/airflow/.local/lib/python3.7/site-packages/airflow/example_dags/example_bash_operator.py
[2023-06-15T21:10:20.907+0000] {logging_mixin.py:149} INFO - [2023-06-15T21:10:20.907+0000] {dag.py:2726} INFO - Sync 1 DAGs
[2023-06-15T21:10:20.925+0000] {logging_mixin.py:149} INFO - [2023-06-15T21:10:20.925+0000] {dag.py:3490} INFO - Setting next_dagrun for example_bash_operator to 2023-06-14T00:00:00+00:00, run_after=2023-06-15T00:00:00+00:00
[2023-06-15T21:10:20.936+0000] {processor.py:179} INFO - Processing /home/airflow/.local/lib/python3.7/site-packages/airflow/example_dags/example_bash_operator.py took 0.069 seconds
[2023-06-15T21:10:51.415+0000] {processor.py:157} INFO - Started process (PID=174) to work on /home/airflow/.local/lib/python3.7/site-packages/airflow/example_dags/example_bash_operator.py
[2023-06-15T21:10:51.417+0000] {processor.py:826} INFO - Processing file /home/airflow/.local/lib/python3.7/site-packages/airflow/example_dags/example_bash_operator.py for tasks to queue
[2023-06-15T21:10:51.418+0000] {logging_mixin.py:149} INFO - [2023-06-15T21:10:51.418+0000] {dagbag.py:541} INFO - Filling up the DagBag from /home/airflow/.local/lib/python3.7/site-packages/airflow/example_dags/example_bash_operator.py
[2023-06-15T21:10:51.433+0000] {processor.py:836} INFO - DAG(s) dict_keys(['example_bash_operator']) retrieved from /home/airflow/.local/lib/python3.7/site-packages/airflow/example_dags/example_bash_operator.py
[2023-06-15T21:10:51.458+0000] {logging_mixin.py:149} INFO - [2023-06-15T21:10:51.457+0000] {dag.py:2726} INFO - Sync 1 DAGs
[2023-06-15T21:10:51.474+0000] {logging_mixin.py:149} INFO - [2023-06-15T21:10:51.474+0000] {dag.py:3490} INFO - Setting next_dagrun for example_bash_operator to 2023-06-14T00:00:00+00:00, run_after=2023-06-15T00:00:00+00:00
[2023-06-15T21:10:51.487+0000] {processor.py:179} INFO - Processing /home/airflow/.local/lib/python3.7/site-packages/airflow/example_dags/example_bash_operator.py took 0.076 seconds
[2023-06-15T21:11:21.634+0000] {processor.py:157} INFO - Started process (PID=230) to work on /home/airflow/.local/lib/python3.7/site-packages/airflow/example_dags/example_bash_operator.py
[2023-06-15T21:11:21.636+0000] {processor.py:826} INFO - Processing file /home/airflow/.local/lib/python3.7/site-packages/airflow/example_dags/example_bash_operator.py for tasks to queue
[2023-06-15T21:11:21.636+0000] {logging_mixin.py:149} INFO - [2023-06-15T21:11:21.636+0000] {dagbag.py:541} INFO - Filling up the DagBag from /home/airflow/.local/lib/python3.7/site-packages/airflow/example_dags/example_bash_operator.py
[2023-06-15T21:11:21.646+0000] {processor.py:836} INFO - DAG(s) dict_keys(['example_bash_operator']) retrieved from /home/airflow/.local/lib/python3.7/site-packages/airflow/example_dags/example_bash_operator.py
[2023-06-15T21:11:21.670+0000] {logging_mixin.py:149} INFO - [2023-06-15T21:11:21.670+0000] {dag.py:2726} INFO - Sync 1 DAGs
[2023-06-15T21:11:21.686+0000] {logging_mixin.py:149} INFO - [2023-06-15T21:11:21.686+0000] {dag.py:3490} INFO - Setting next_dagrun for example_bash_operator to 2023-06-14T00:00:00+00:00, run_after=2023-06-15T00:00:00+00:00
[2023-06-15T21:11:21.698+0000] {processor.py:179} INFO - Processing /home/airflow/.local/lib/python3.7/site-packages/airflow/example_dags/example_bash_operator.py took 0.066 seconds
[2023-06-15T21:11:52.334+0000] {processor.py:157} INFO - Started process (PID=286) to work on /home/airflow/.local/lib/python3.7/site-packages/airflow/example_dags/example_bash_operator.py
[2023-06-15T21:11:52.335+0000] {processor.py:826} INFO - Processing file /home/airflow/.local/lib/python3.7/site-packages/airflow/example_dags/example_bash_operator.py for tasks to queue
[2023-06-15T21:11:52.336+0000] {logging_mixin.py:149} INFO - [2023-06-15T21:11:52.336+0000] {dagbag.py:541} INFO - Filling up the DagBag from /home/airflow/.local/lib/python3.7/site-packages/airflow/example_dags/example_bash_operator.py
[2023-06-15T21:11:52.348+0000] {processor.py:836} INFO - DAG(s) dict_keys(['example_bash_operator']) retrieved from /home/airflow/.local/lib/python3.7/site-packages/airflow/example_dags/example_bash_operator.py
[2023-06-15T21:11:52.382+0000] {logging_mixin.py:149} INFO - [2023-06-15T21:11:52.382+0000] {dag.py:2726} INFO - Sync 1 DAGs
[2023-06-15T21:11:52.402+0000] {logging_mixin.py:149} INFO - [2023-06-15T21:11:52.402+0000] {dag.py:3490} INFO - Setting next_dagrun for example_bash_operator to 2023-06-14T00:00:00+00:00, run_after=2023-06-15T00:00:00+00:00
[2023-06-15T21:11:52.419+0000] {processor.py:179} INFO - Processing /home/airflow/.local/lib/python3.7/site-packages/airflow/example_dags/example_bash_operator.py took 0.088 seconds
[2023-06-15T21:12:22.788+0000] {processor.py:157} INFO - Started process (PID=341) to work on /home/airflow/.local/lib/python3.7/site-packages/airflow/example_dags/example_bash_operator.py
[2023-06-15T21:12:22.790+0000] {processor.py:826} INFO - Processing file /home/airflow/.local/lib/python3.7/site-packages/airflow/example_dags/example_bash_operator.py for tasks to queue
[2023-06-15T21:12:22.791+0000] {logging_mixin.py:149} INFO - [2023-06-15T21:12:22.791+0000] {dagbag.py:541} INFO - Filling up the DagBag from /home/airflow/.local/lib/python3.7/site-packages/airflow/example_dags/example_bash_operator.py
[2023-06-15T21:12:22.802+0000] {processor.py:836} INFO - DAG(s) dict_keys(['example_bash_operator']) retrieved from /home/airflow/.local/lib/python3.7/site-packages/airflow/example_dags/example_bash_operator.py
[2023-06-15T21:12:22.833+0000] {logging_mixin.py:149} INFO - [2023-06-15T21:12:22.833+0000] {dag.py:2726} INFO - Sync 1 DAGs
[2023-06-15T21:12:22.850+0000] {logging_mixin.py:149} INFO - [2023-06-15T21:12:22.850+0000] {dag.py:3490} INFO - Setting next_dagrun for example_bash_operator to 2023-06-14T00:00:00+00:00, run_after=2023-06-15T00:00:00+00:00
[2023-06-15T21:12:22.863+0000] {processor.py:179} INFO - Processing /home/airflow/.local/lib/python3.7/site-packages/airflow/example_dags/example_bash_operator.py took 0.078 seconds
[2023-06-15T21:12:53.210+0000] {processor.py:157} INFO - Started process (PID=397) to work on /home/airflow/.local/lib/python3.7/site-packages/airflow/example_dags/example_bash_operator.py
[2023-06-15T21:12:53.211+0000] {processor.py:826} INFO - Processing file /home/airflow/.local/lib/python3.7/site-packages/airflow/example_dags/example_bash_operator.py for tasks to queue
[2023-06-15T21:12:53.212+0000] {logging_mixin.py:149} INFO - [2023-06-15T21:12:53.212+0000] {dagbag.py:541} INFO - Filling up the DagBag from /home/airflow/.local/lib/python3.7/site-packages/airflow/example_dags/example_bash_operator.py
[2023-06-15T21:12:53.223+0000] {processor.py:836} INFO - DAG(s) dict_keys(['example_bash_operator']) retrieved from /home/airflow/.local/lib/python3.7/site-packages/airflow/example_dags/example_bash_operator.py
[2023-06-15T21:12:53.251+0000] {logging_mixin.py:149} INFO - [2023-06-15T21:12:53.251+0000] {dag.py:2726} INFO - Sync 1 DAGs
[2023-06-15T21:12:53.267+0000] {logging_mixin.py:149} INFO - [2023-06-15T21:12:53.267+0000] {dag.py:3490} INFO - Setting next_dagrun for example_bash_operator to 2023-06-14T00:00:00+00:00, run_after=2023-06-15T00:00:00+00:00
[2023-06-15T21:12:53.279+0000] {processor.py:179} INFO - Processing /home/airflow/.local/lib/python3.7/site-packages/airflow/example_dags/example_bash_operator.py took 0.072 seconds
[2023-06-15T21:13:23.551+0000] {processor.py:157} INFO - Started process (PID=453) to work on /home/airflow/.local/lib/python3.7/site-packages/airflow/example_dags/example_bash_operator.py
[2023-06-15T21:13:23.552+0000] {processor.py:826} INFO - Processing file /home/airflow/.local/lib/python3.7/site-packages/airflow/example_dags/example_bash_operator.py for tasks to queue
[2023-06-15T21:13:23.553+0000] {logging_mixin.py:149} INFO - [2023-06-15T21:13:23.553+0000] {dagbag.py:541} INFO - Filling up the DagBag from /home/airflow/.local/lib/python3.7/site-packages/airflow/example_dags/example_bash_operator.py
[2023-06-15T21:13:23.563+0000] {processor.py:836} INFO - DAG(s) dict_keys(['example_bash_operator']) retrieved from /home/airflow/.local/lib/python3.7/site-packages/airflow/example_dags/example_bash_operator.py
[2023-06-15T21:13:23.592+0000] {logging_mixin.py:149} INFO - [2023-06-15T21:13:23.592+0000] {dag.py:2726} INFO - Sync 1 DAGs
[2023-06-15T21:13:23.608+0000] {logging_mixin.py:149} INFO - [2023-06-15T21:13:23.608+0000] {dag.py:3490} INFO - Setting next_dagrun for example_bash_operator to 2023-06-14T00:00:00+00:00, run_after=2023-06-15T00:00:00+00:00
[2023-06-15T21:13:23.620+0000] {processor.py:179} INFO - Processing /home/airflow/.local/lib/python3.7/site-packages/airflow/example_dags/example_bash_operator.py took 0.072 seconds
[2023-06-15T21:13:54.407+0000] {processor.py:157} INFO - Started process (PID=509) to work on /home/airflow/.local/lib/python3.7/site-packages/airflow/example_dags/example_bash_operator.py
[2023-06-15T21:13:54.408+0000] {processor.py:826} INFO - Processing file /home/airflow/.local/lib/python3.7/site-packages/airflow/example_dags/example_bash_operator.py for tasks to queue
[2023-06-15T21:13:54.409+0000] {logging_mixin.py:149} INFO - [2023-06-15T21:13:54.409+0000] {dagbag.py:541} INFO - Filling up the DagBag from /home/airflow/.local/lib/python3.7/site-packages/airflow/example_dags/example_bash_operator.py
[2023-06-15T21:13:54.419+0000] {processor.py:836} INFO - DAG(s) dict_keys(['example_bash_operator']) retrieved from /home/airflow/.local/lib/python3.7/site-packages/airflow/example_dags/example_bash_operator.py
[2023-06-15T21:13:54.446+0000] {logging_mixin.py:149} INFO - [2023-06-15T21:13:54.445+0000] {dag.py:2726} INFO - Sync 1 DAGs
[2023-06-15T21:13:54.465+0000] {logging_mixin.py:149} INFO - [2023-06-15T21:13:54.465+0000] {dag.py:3490} INFO - Setting next_dagrun for example_bash_operator to 2023-06-14T00:00:00+00:00, run_after=2023-06-15T00:00:00+00:00
[2023-06-15T21:13:54.477+0000] {processor.py:179} INFO - Processing /home/airflow/.local/lib/python3.7/site-packages/airflow/example_dags/example_bash_operator.py took 0.074 seconds
[2023-06-15T21:14:24.790+0000] {processor.py:157} INFO - Started process (PID=565) to work on /home/airflow/.local/lib/python3.7/site-packages/airflow/example_dags/example_bash_operator.py
[2023-06-15T21:14:24.792+0000] {processor.py:826} INFO - Processing file /home/airflow/.local/lib/python3.7/site-packages/airflow/example_dags/example_bash_operator.py for tasks to queue
[2023-06-15T21:14:24.793+0000] {logging_mixin.py:149} INFO - [2023-06-15T21:14:24.792+0000] {dagbag.py:541} INFO - Filling up the DagBag from /home/airflow/.local/lib/python3.7/site-packages/airflow/example_dags/example_bash_operator.py
[2023-06-15T21:14:24.803+0000] {processor.py:836} INFO - DAG(s) dict_keys(['example_bash_operator']) retrieved from /home/airflow/.local/lib/python3.7/site-packages/airflow/example_dags/example_bash_operator.py
[2023-06-15T21:14:24.842+0000] {logging_mixin.py:149} INFO - [2023-06-15T21:14:24.841+0000] {dag.py:2726} INFO - Sync 1 DAGs
[2023-06-15T21:14:24.869+0000] {logging_mixin.py:149} INFO - [2023-06-15T21:14:24.869+0000] {dag.py:3490} INFO - Setting next_dagrun for example_bash_operator to 2023-06-14T00:00:00+00:00, run_after=2023-06-15T00:00:00+00:00
[2023-06-15T21:14:24.907+0000] {processor.py:179} INFO - Processing /home/airflow/.local/lib/python3.7/site-packages/airflow/example_dags/example_bash_operator.py took 0.120 seconds
