[2023-06-15T21:09:50.412+0000] {processor.py:157} INFO - Started process (PID=66) to work on /home/airflow/.local/lib/python3.7/site-packages/airflow/example_dags/example_latest_only.py
[2023-06-15T21:09:50.414+0000] {processor.py:826} INFO - Processing file /home/airflow/.local/lib/python3.7/site-packages/airflow/example_dags/example_latest_only.py for tasks to queue
[2023-06-15T21:09:50.417+0000] {logging_mixin.py:149} INFO - [2023-06-15T21:09:50.416+0000] {dagbag.py:541} INFO - Filling up the DagBag from /home/airflow/.local/lib/python3.7/site-packages/airflow/example_dags/example_latest_only.py
[2023-06-15T21:09:50.457+0000] {processor.py:836} INFO - DAG(s) dict_keys(['latest_only']) retrieved from /home/airflow/.local/lib/python3.7/site-packages/airflow/example_dags/example_latest_only.py
[2023-06-15T21:09:50.488+0000] {logging_mixin.py:149} INFO - [2023-06-15T21:09:50.487+0000] {dag.py:2726} INFO - Sync 1 DAGs
[2023-06-15T21:09:50.510+0000] {logging_mixin.py:149} INFO - [2023-06-15T21:09:50.510+0000] {dag.py:3490} INFO - Setting next_dagrun for latest_only to 2023-06-15T17:09:50.510420+00:00, run_after=2023-06-15T21:09:50.510420+00:00
[2023-06-15T21:09:50.571+0000] {processor.py:179} INFO - Processing /home/airflow/.local/lib/python3.7/site-packages/airflow/example_dags/example_latest_only.py took 0.172 seconds
[2023-06-15T21:10:21.077+0000] {processor.py:157} INFO - Started process (PID=122) to work on /home/airflow/.local/lib/python3.7/site-packages/airflow/example_dags/example_latest_only.py
[2023-06-15T21:10:21.078+0000] {processor.py:826} INFO - Processing file /home/airflow/.local/lib/python3.7/site-packages/airflow/example_dags/example_latest_only.py for tasks to queue
[2023-06-15T21:10:21.078+0000] {logging_mixin.py:149} INFO - [2023-06-15T21:10:21.078+0000] {dagbag.py:541} INFO - Filling up the DagBag from /home/airflow/.local/lib/python3.7/site-packages/airflow/example_dags/example_latest_only.py
[2023-06-15T21:10:21.083+0000] {processor.py:836} INFO - DAG(s) dict_keys(['latest_only']) retrieved from /home/airflow/.local/lib/python3.7/site-packages/airflow/example_dags/example_latest_only.py
[2023-06-15T21:10:21.103+0000] {logging_mixin.py:149} INFO - [2023-06-15T21:10:21.103+0000] {dag.py:2726} INFO - Sync 1 DAGs
[2023-06-15T21:10:21.119+0000] {logging_mixin.py:149} INFO - [2023-06-15T21:10:21.119+0000] {dag.py:3490} INFO - Setting next_dagrun for latest_only to 2023-06-15T17:10:21.118969+00:00, run_after=2023-06-15T21:10:21.118969+00:00
[2023-06-15T21:10:21.131+0000] {processor.py:179} INFO - Processing /home/airflow/.local/lib/python3.7/site-packages/airflow/example_dags/example_latest_only.py took 0.057 seconds
[2023-06-15T21:10:51.591+0000] {processor.py:157} INFO - Started process (PID=178) to work on /home/airflow/.local/lib/python3.7/site-packages/airflow/example_dags/example_latest_only.py
[2023-06-15T21:10:51.592+0000] {processor.py:826} INFO - Processing file /home/airflow/.local/lib/python3.7/site-packages/airflow/example_dags/example_latest_only.py for tasks to queue
[2023-06-15T21:10:51.593+0000] {logging_mixin.py:149} INFO - [2023-06-15T21:10:51.593+0000] {dagbag.py:541} INFO - Filling up the DagBag from /home/airflow/.local/lib/python3.7/site-packages/airflow/example_dags/example_latest_only.py
[2023-06-15T21:10:51.598+0000] {processor.py:836} INFO - DAG(s) dict_keys(['latest_only']) retrieved from /home/airflow/.local/lib/python3.7/site-packages/airflow/example_dags/example_latest_only.py
[2023-06-15T21:10:51.617+0000] {logging_mixin.py:149} INFO - [2023-06-15T21:10:51.617+0000] {dag.py:2726} INFO - Sync 1 DAGs
[2023-06-15T21:10:51.634+0000] {logging_mixin.py:149} INFO - [2023-06-15T21:10:51.634+0000] {dag.py:3490} INFO - Setting next_dagrun for latest_only to 2023-06-15T17:10:51.634176+00:00, run_after=2023-06-15T21:10:51.634176+00:00
[2023-06-15T21:10:51.647+0000] {processor.py:179} INFO - Processing /home/airflow/.local/lib/python3.7/site-packages/airflow/example_dags/example_latest_only.py took 0.058 seconds
[2023-06-15T21:11:21.798+0000] {processor.py:157} INFO - Started process (PID=234) to work on /home/airflow/.local/lib/python3.7/site-packages/airflow/example_dags/example_latest_only.py
[2023-06-15T21:11:21.799+0000] {processor.py:826} INFO - Processing file /home/airflow/.local/lib/python3.7/site-packages/airflow/example_dags/example_latest_only.py for tasks to queue
[2023-06-15T21:11:21.800+0000] {logging_mixin.py:149} INFO - [2023-06-15T21:11:21.800+0000] {dagbag.py:541} INFO - Filling up the DagBag from /home/airflow/.local/lib/python3.7/site-packages/airflow/example_dags/example_latest_only.py
[2023-06-15T21:11:21.805+0000] {processor.py:836} INFO - DAG(s) dict_keys(['latest_only']) retrieved from /home/airflow/.local/lib/python3.7/site-packages/airflow/example_dags/example_latest_only.py
[2023-06-15T21:11:21.824+0000] {logging_mixin.py:149} INFO - [2023-06-15T21:11:21.824+0000] {dag.py:2726} INFO - Sync 1 DAGs
[2023-06-15T21:11:21.842+0000] {logging_mixin.py:149} INFO - [2023-06-15T21:11:21.842+0000] {dag.py:3490} INFO - Setting next_dagrun for latest_only to 2023-06-15T17:11:21.842025+00:00, run_after=2023-06-15T21:11:21.842025+00:00
[2023-06-15T21:11:21.853+0000] {processor.py:179} INFO - Processing /home/airflow/.local/lib/python3.7/site-packages/airflow/example_dags/example_latest_only.py took 0.058 seconds
[2023-06-15T21:11:52.548+0000] {processor.py:157} INFO - Started process (PID=290) to work on /home/airflow/.local/lib/python3.7/site-packages/airflow/example_dags/example_latest_only.py
[2023-06-15T21:11:52.551+0000] {processor.py:826} INFO - Processing file /home/airflow/.local/lib/python3.7/site-packages/airflow/example_dags/example_latest_only.py for tasks to queue
[2023-06-15T21:11:52.553+0000] {logging_mixin.py:149} INFO - [2023-06-15T21:11:52.553+0000] {dagbag.py:541} INFO - Filling up the DagBag from /home/airflow/.local/lib/python3.7/site-packages/airflow/example_dags/example_latest_only.py
[2023-06-15T21:11:52.563+0000] {processor.py:836} INFO - DAG(s) dict_keys(['latest_only']) retrieved from /home/airflow/.local/lib/python3.7/site-packages/airflow/example_dags/example_latest_only.py
[2023-06-15T21:11:52.598+0000] {logging_mixin.py:149} INFO - [2023-06-15T21:11:52.598+0000] {dag.py:2726} INFO - Sync 1 DAGs
[2023-06-15T21:11:52.618+0000] {logging_mixin.py:149} INFO - [2023-06-15T21:11:52.618+0000] {dag.py:3490} INFO - Setting next_dagrun for latest_only to 2023-06-15T17:11:52.618006+00:00, run_after=2023-06-15T21:11:52.618006+00:00
[2023-06-15T21:11:52.636+0000] {processor.py:179} INFO - Processing /home/airflow/.local/lib/python3.7/site-packages/airflow/example_dags/example_latest_only.py took 0.091 seconds
[2023-06-15T21:12:22.976+0000] {processor.py:157} INFO - Started process (PID=345) to work on /home/airflow/.local/lib/python3.7/site-packages/airflow/example_dags/example_latest_only.py
[2023-06-15T21:12:22.978+0000] {processor.py:826} INFO - Processing file /home/airflow/.local/lib/python3.7/site-packages/airflow/example_dags/example_latest_only.py for tasks to queue
[2023-06-15T21:12:22.978+0000] {logging_mixin.py:149} INFO - [2023-06-15T21:12:22.978+0000] {dagbag.py:541} INFO - Filling up the DagBag from /home/airflow/.local/lib/python3.7/site-packages/airflow/example_dags/example_latest_only.py
[2023-06-15T21:12:22.983+0000] {processor.py:836} INFO - DAG(s) dict_keys(['latest_only']) retrieved from /home/airflow/.local/lib/python3.7/site-packages/airflow/example_dags/example_latest_only.py
[2023-06-15T21:12:23.002+0000] {logging_mixin.py:149} INFO - [2023-06-15T21:12:23.002+0000] {dag.py:2726} INFO - Sync 1 DAGs
[2023-06-15T21:12:23.019+0000] {logging_mixin.py:149} INFO - [2023-06-15T21:12:23.019+0000] {dag.py:3490} INFO - Setting next_dagrun for latest_only to 2023-06-15T17:12:23.018930+00:00, run_after=2023-06-15T21:12:23.018930+00:00
[2023-06-15T21:12:23.031+0000] {processor.py:179} INFO - Processing /home/airflow/.local/lib/python3.7/site-packages/airflow/example_dags/example_latest_only.py took 0.057 seconds
[2023-06-15T21:12:53.370+0000] {processor.py:157} INFO - Started process (PID=401) to work on /home/airflow/.local/lib/python3.7/site-packages/airflow/example_dags/example_latest_only.py
[2023-06-15T21:12:53.372+0000] {processor.py:826} INFO - Processing file /home/airflow/.local/lib/python3.7/site-packages/airflow/example_dags/example_latest_only.py for tasks to queue
[2023-06-15T21:12:53.373+0000] {logging_mixin.py:149} INFO - [2023-06-15T21:12:53.373+0000] {dagbag.py:541} INFO - Filling up the DagBag from /home/airflow/.local/lib/python3.7/site-packages/airflow/example_dags/example_latest_only.py
[2023-06-15T21:12:53.378+0000] {processor.py:836} INFO - DAG(s) dict_keys(['latest_only']) retrieved from /home/airflow/.local/lib/python3.7/site-packages/airflow/example_dags/example_latest_only.py
[2023-06-15T21:12:53.398+0000] {logging_mixin.py:149} INFO - [2023-06-15T21:12:53.398+0000] {dag.py:2726} INFO - Sync 1 DAGs
[2023-06-15T21:12:53.417+0000] {logging_mixin.py:149} INFO - [2023-06-15T21:12:53.417+0000] {dag.py:3490} INFO - Setting next_dagrun for latest_only to 2023-06-15T17:12:53.417253+00:00, run_after=2023-06-15T21:12:53.417253+00:00
[2023-06-15T21:12:53.430+0000] {processor.py:179} INFO - Processing /home/airflow/.local/lib/python3.7/site-packages/airflow/example_dags/example_latest_only.py took 0.062 seconds
[2023-06-15T21:13:23.710+0000] {processor.py:157} INFO - Started process (PID=457) to work on /home/airflow/.local/lib/python3.7/site-packages/airflow/example_dags/example_latest_only.py
[2023-06-15T21:13:23.712+0000] {processor.py:826} INFO - Processing file /home/airflow/.local/lib/python3.7/site-packages/airflow/example_dags/example_latest_only.py for tasks to queue
[2023-06-15T21:13:23.712+0000] {logging_mixin.py:149} INFO - [2023-06-15T21:13:23.712+0000] {dagbag.py:541} INFO - Filling up the DagBag from /home/airflow/.local/lib/python3.7/site-packages/airflow/example_dags/example_latest_only.py
[2023-06-15T21:13:23.717+0000] {processor.py:836} INFO - DAG(s) dict_keys(['latest_only']) retrieved from /home/airflow/.local/lib/python3.7/site-packages/airflow/example_dags/example_latest_only.py
[2023-06-15T21:13:23.736+0000] {logging_mixin.py:149} INFO - [2023-06-15T21:13:23.736+0000] {dag.py:2726} INFO - Sync 1 DAGs
[2023-06-15T21:13:23.754+0000] {logging_mixin.py:149} INFO - [2023-06-15T21:13:23.754+0000] {dag.py:3490} INFO - Setting next_dagrun for latest_only to 2023-06-15T17:13:23.754585+00:00, run_after=2023-06-15T21:13:23.754585+00:00
[2023-06-15T21:13:23.766+0000] {processor.py:179} INFO - Processing /home/airflow/.local/lib/python3.7/site-packages/airflow/example_dags/example_latest_only.py took 0.059 seconds
[2023-06-15T21:13:54.582+0000] {processor.py:157} INFO - Started process (PID=513) to work on /home/airflow/.local/lib/python3.7/site-packages/airflow/example_dags/example_latest_only.py
[2023-06-15T21:13:54.584+0000] {processor.py:826} INFO - Processing file /home/airflow/.local/lib/python3.7/site-packages/airflow/example_dags/example_latest_only.py for tasks to queue
[2023-06-15T21:13:54.585+0000] {logging_mixin.py:149} INFO - [2023-06-15T21:13:54.584+0000] {dagbag.py:541} INFO - Filling up the DagBag from /home/airflow/.local/lib/python3.7/site-packages/airflow/example_dags/example_latest_only.py
[2023-06-15T21:13:54.591+0000] {processor.py:836} INFO - DAG(s) dict_keys(['latest_only']) retrieved from /home/airflow/.local/lib/python3.7/site-packages/airflow/example_dags/example_latest_only.py
[2023-06-15T21:13:54.612+0000] {logging_mixin.py:149} INFO - [2023-06-15T21:13:54.612+0000] {dag.py:2726} INFO - Sync 1 DAGs
[2023-06-15T21:13:54.630+0000] {logging_mixin.py:149} INFO - [2023-06-15T21:13:54.630+0000] {dag.py:3490} INFO - Setting next_dagrun for latest_only to 2023-06-15T17:13:54.630279+00:00, run_after=2023-06-15T21:13:54.630279+00:00
[2023-06-15T21:13:54.645+0000] {processor.py:179} INFO - Processing /home/airflow/.local/lib/python3.7/site-packages/airflow/example_dags/example_latest_only.py took 0.066 seconds
[2023-06-15T21:14:25.089+0000] {processor.py:157} INFO - Started process (PID=569) to work on /home/airflow/.local/lib/python3.7/site-packages/airflow/example_dags/example_latest_only.py
[2023-06-15T21:14:25.091+0000] {processor.py:826} INFO - Processing file /home/airflow/.local/lib/python3.7/site-packages/airflow/example_dags/example_latest_only.py for tasks to queue
[2023-06-15T21:14:25.092+0000] {logging_mixin.py:149} INFO - [2023-06-15T21:14:25.092+0000] {dagbag.py:541} INFO - Filling up the DagBag from /home/airflow/.local/lib/python3.7/site-packages/airflow/example_dags/example_latest_only.py
[2023-06-15T21:14:25.097+0000] {processor.py:836} INFO - DAG(s) dict_keys(['latest_only']) retrieved from /home/airflow/.local/lib/python3.7/site-packages/airflow/example_dags/example_latest_only.py
[2023-06-15T21:14:25.117+0000] {logging_mixin.py:149} INFO - [2023-06-15T21:14:25.117+0000] {dag.py:2726} INFO - Sync 1 DAGs
[2023-06-15T21:14:25.137+0000] {logging_mixin.py:149} INFO - [2023-06-15T21:14:25.136+0000] {dag.py:3490} INFO - Setting next_dagrun for latest_only to 2023-06-15T17:14:25.136637+00:00, run_after=2023-06-15T21:14:25.136637+00:00
[2023-06-15T21:14:25.154+0000] {processor.py:179} INFO - Processing /home/airflow/.local/lib/python3.7/site-packages/airflow/example_dags/example_latest_only.py took 0.067 seconds
