[2023-06-15T21:09:47.432+0000] {processor.py:157} INFO - Started process (PID=33) to work on /home/airflow/.local/lib/python3.7/site-packages/airflow/example_dags/example_short_circuit_operator.py
[2023-06-15T21:09:47.436+0000] {processor.py:826} INFO - Processing file /home/airflow/.local/lib/python3.7/site-packages/airflow/example_dags/example_short_circuit_operator.py for tasks to queue
[2023-06-15T21:09:47.437+0000] {logging_mixin.py:149} INFO - [2023-06-15T21:09:47.437+0000] {dagbag.py:541} INFO - Filling up the DagBag from /home/airflow/.local/lib/python3.7/site-packages/airflow/example_dags/example_short_circuit_operator.py
[2023-06-15T21:09:47.462+0000] {processor.py:836} INFO - DAG(s) dict_keys(['example_short_circuit_operator']) retrieved from /home/airflow/.local/lib/python3.7/site-packages/airflow/example_dags/example_short_circuit_operator.py
[2023-06-15T21:09:47.693+0000] {logging_mixin.py:149} INFO - [2023-06-15T21:09:47.693+0000] {dag.py:2726} INFO - Sync 1 DAGs
[2023-06-15T21:09:47.724+0000] {logging_mixin.py:149} INFO - [2023-06-15T21:09:47.724+0000] {dag.py:3490} INFO - Setting next_dagrun for example_short_circuit_operator to 2023-06-14T21:09:47.723699+00:00, run_after=2023-06-15T21:09:47.723699+00:00
[2023-06-15T21:09:47.763+0000] {processor.py:179} INFO - Processing /home/airflow/.local/lib/python3.7/site-packages/airflow/example_dags/example_short_circuit_operator.py took 0.335 seconds
[2023-06-15T21:10:18.465+0000] {processor.py:157} INFO - Started process (PID=89) to work on /home/airflow/.local/lib/python3.7/site-packages/airflow/example_dags/example_short_circuit_operator.py
[2023-06-15T21:10:18.466+0000] {processor.py:826} INFO - Processing file /home/airflow/.local/lib/python3.7/site-packages/airflow/example_dags/example_short_circuit_operator.py for tasks to queue
[2023-06-15T21:10:18.468+0000] {logging_mixin.py:149} INFO - [2023-06-15T21:10:18.468+0000] {dagbag.py:541} INFO - Filling up the DagBag from /home/airflow/.local/lib/python3.7/site-packages/airflow/example_dags/example_short_circuit_operator.py
[2023-06-15T21:10:18.481+0000] {processor.py:836} INFO - DAG(s) dict_keys(['example_short_circuit_operator']) retrieved from /home/airflow/.local/lib/python3.7/site-packages/airflow/example_dags/example_short_circuit_operator.py
[2023-06-15T21:10:18.507+0000] {logging_mixin.py:149} INFO - [2023-06-15T21:10:18.507+0000] {dag.py:2726} INFO - Sync 1 DAGs
[2023-06-15T21:10:18.526+0000] {logging_mixin.py:149} INFO - [2023-06-15T21:10:18.526+0000] {dag.py:3490} INFO - Setting next_dagrun for example_short_circuit_operator to 2023-06-14T21:10:18.526117+00:00, run_after=2023-06-15T21:10:18.526117+00:00
[2023-06-15T21:10:18.538+0000] {processor.py:179} INFO - Processing /home/airflow/.local/lib/python3.7/site-packages/airflow/example_dags/example_short_circuit_operator.py took 0.078 seconds
[2023-06-15T21:10:48.804+0000] {processor.py:157} INFO - Started process (PID=145) to work on /home/airflow/.local/lib/python3.7/site-packages/airflow/example_dags/example_short_circuit_operator.py
[2023-06-15T21:10:48.805+0000] {processor.py:826} INFO - Processing file /home/airflow/.local/lib/python3.7/site-packages/airflow/example_dags/example_short_circuit_operator.py for tasks to queue
[2023-06-15T21:10:48.806+0000] {logging_mixin.py:149} INFO - [2023-06-15T21:10:48.806+0000] {dagbag.py:541} INFO - Filling up the DagBag from /home/airflow/.local/lib/python3.7/site-packages/airflow/example_dags/example_short_circuit_operator.py
[2023-06-15T21:10:48.814+0000] {processor.py:836} INFO - DAG(s) dict_keys(['example_short_circuit_operator']) retrieved from /home/airflow/.local/lib/python3.7/site-packages/airflow/example_dags/example_short_circuit_operator.py
[2023-06-15T21:10:48.837+0000] {logging_mixin.py:149} INFO - [2023-06-15T21:10:48.837+0000] {dag.py:2726} INFO - Sync 1 DAGs
[2023-06-15T21:10:48.853+0000] {logging_mixin.py:149} INFO - [2023-06-15T21:10:48.853+0000] {dag.py:3490} INFO - Setting next_dagrun for example_short_circuit_operator to 2023-06-14T21:10:48.853409+00:00, run_after=2023-06-15T21:10:48.853409+00:00
[2023-06-15T21:10:48.875+0000] {processor.py:179} INFO - Processing /home/airflow/.local/lib/python3.7/site-packages/airflow/example_dags/example_short_circuit_operator.py took 0.075 seconds
[2023-06-15T21:11:19.365+0000] {processor.py:157} INFO - Started process (PID=201) to work on /home/airflow/.local/lib/python3.7/site-packages/airflow/example_dags/example_short_circuit_operator.py
[2023-06-15T21:11:19.366+0000] {processor.py:826} INFO - Processing file /home/airflow/.local/lib/python3.7/site-packages/airflow/example_dags/example_short_circuit_operator.py for tasks to queue
[2023-06-15T21:11:19.367+0000] {logging_mixin.py:149} INFO - [2023-06-15T21:11:19.367+0000] {dagbag.py:541} INFO - Filling up the DagBag from /home/airflow/.local/lib/python3.7/site-packages/airflow/example_dags/example_short_circuit_operator.py
[2023-06-15T21:11:19.376+0000] {processor.py:836} INFO - DAG(s) dict_keys(['example_short_circuit_operator']) retrieved from /home/airflow/.local/lib/python3.7/site-packages/airflow/example_dags/example_short_circuit_operator.py
[2023-06-15T21:11:19.400+0000] {logging_mixin.py:149} INFO - [2023-06-15T21:11:19.399+0000] {dag.py:2726} INFO - Sync 1 DAGs
[2023-06-15T21:11:19.415+0000] {logging_mixin.py:149} INFO - [2023-06-15T21:11:19.415+0000] {dag.py:3490} INFO - Setting next_dagrun for example_short_circuit_operator to 2023-06-14T21:11:19.415283+00:00, run_after=2023-06-15T21:11:19.415283+00:00
[2023-06-15T21:11:19.430+0000] {processor.py:179} INFO - Processing /home/airflow/.local/lib/python3.7/site-packages/airflow/example_dags/example_short_circuit_operator.py took 0.069 seconds
[2023-06-15T21:11:49.533+0000] {processor.py:157} INFO - Started process (PID=257) to work on /home/airflow/.local/lib/python3.7/site-packages/airflow/example_dags/example_short_circuit_operator.py
[2023-06-15T21:11:49.535+0000] {processor.py:826} INFO - Processing file /home/airflow/.local/lib/python3.7/site-packages/airflow/example_dags/example_short_circuit_operator.py for tasks to queue
[2023-06-15T21:11:49.540+0000] {logging_mixin.py:149} INFO - [2023-06-15T21:11:49.540+0000] {dagbag.py:541} INFO - Filling up the DagBag from /home/airflow/.local/lib/python3.7/site-packages/airflow/example_dags/example_short_circuit_operator.py
[2023-06-15T21:11:49.549+0000] {processor.py:836} INFO - DAG(s) dict_keys(['example_short_circuit_operator']) retrieved from /home/airflow/.local/lib/python3.7/site-packages/airflow/example_dags/example_short_circuit_operator.py
[2023-06-15T21:11:49.578+0000] {logging_mixin.py:149} INFO - [2023-06-15T21:11:49.578+0000] {dag.py:2726} INFO - Sync 1 DAGs
[2023-06-15T21:11:49.606+0000] {logging_mixin.py:149} INFO - [2023-06-15T21:11:49.606+0000] {dag.py:3490} INFO - Setting next_dagrun for example_short_circuit_operator to 2023-06-14T21:11:49.606444+00:00, run_after=2023-06-15T21:11:49.606444+00:00
[2023-06-15T21:11:49.624+0000] {processor.py:179} INFO - Processing /home/airflow/.local/lib/python3.7/site-packages/airflow/example_dags/example_short_circuit_operator.py took 0.095 seconds
[2023-06-15T21:12:20.355+0000] {processor.py:157} INFO - Started process (PID=312) to work on /home/airflow/.local/lib/python3.7/site-packages/airflow/example_dags/example_short_circuit_operator.py
[2023-06-15T21:12:20.358+0000] {processor.py:826} INFO - Processing file /home/airflow/.local/lib/python3.7/site-packages/airflow/example_dags/example_short_circuit_operator.py for tasks to queue
[2023-06-15T21:12:20.359+0000] {logging_mixin.py:149} INFO - [2023-06-15T21:12:20.359+0000] {dagbag.py:541} INFO - Filling up the DagBag from /home/airflow/.local/lib/python3.7/site-packages/airflow/example_dags/example_short_circuit_operator.py
[2023-06-15T21:12:20.374+0000] {processor.py:836} INFO - DAG(s) dict_keys(['example_short_circuit_operator']) retrieved from /home/airflow/.local/lib/python3.7/site-packages/airflow/example_dags/example_short_circuit_operator.py
[2023-06-15T21:12:20.398+0000] {logging_mixin.py:149} INFO - [2023-06-15T21:12:20.398+0000] {dag.py:2726} INFO - Sync 1 DAGs
[2023-06-15T21:12:20.416+0000] {logging_mixin.py:149} INFO - [2023-06-15T21:12:20.416+0000] {dag.py:3490} INFO - Setting next_dagrun for example_short_circuit_operator to 2023-06-14T21:12:20.416091+00:00, run_after=2023-06-15T21:12:20.416091+00:00
[2023-06-15T21:12:20.428+0000] {processor.py:179} INFO - Processing /home/airflow/.local/lib/python3.7/site-packages/airflow/example_dags/example_short_circuit_operator.py took 0.079 seconds
[2023-06-15T21:12:50.767+0000] {processor.py:157} INFO - Started process (PID=368) to work on /home/airflow/.local/lib/python3.7/site-packages/airflow/example_dags/example_short_circuit_operator.py
[2023-06-15T21:12:50.769+0000] {processor.py:826} INFO - Processing file /home/airflow/.local/lib/python3.7/site-packages/airflow/example_dags/example_short_circuit_operator.py for tasks to queue
[2023-06-15T21:12:50.770+0000] {logging_mixin.py:149} INFO - [2023-06-15T21:12:50.770+0000] {dagbag.py:541} INFO - Filling up the DagBag from /home/airflow/.local/lib/python3.7/site-packages/airflow/example_dags/example_short_circuit_operator.py
[2023-06-15T21:12:50.780+0000] {processor.py:836} INFO - DAG(s) dict_keys(['example_short_circuit_operator']) retrieved from /home/airflow/.local/lib/python3.7/site-packages/airflow/example_dags/example_short_circuit_operator.py
[2023-06-15T21:12:50.806+0000] {logging_mixin.py:149} INFO - [2023-06-15T21:12:50.806+0000] {dag.py:2726} INFO - Sync 1 DAGs
[2023-06-15T21:12:50.821+0000] {logging_mixin.py:149} INFO - [2023-06-15T21:12:50.821+0000] {dag.py:3490} INFO - Setting next_dagrun for example_short_circuit_operator to 2023-06-14T21:12:50.821564+00:00, run_after=2023-06-15T21:12:50.821564+00:00
[2023-06-15T21:12:50.833+0000] {processor.py:179} INFO - Processing /home/airflow/.local/lib/python3.7/site-packages/airflow/example_dags/example_short_circuit_operator.py took 0.071 seconds
[2023-06-15T21:13:21.116+0000] {processor.py:157} INFO - Started process (PID=424) to work on /home/airflow/.local/lib/python3.7/site-packages/airflow/example_dags/example_short_circuit_operator.py
[2023-06-15T21:13:21.118+0000] {processor.py:826} INFO - Processing file /home/airflow/.local/lib/python3.7/site-packages/airflow/example_dags/example_short_circuit_operator.py for tasks to queue
[2023-06-15T21:13:21.119+0000] {logging_mixin.py:149} INFO - [2023-06-15T21:13:21.118+0000] {dagbag.py:541} INFO - Filling up the DagBag from /home/airflow/.local/lib/python3.7/site-packages/airflow/example_dags/example_short_circuit_operator.py
[2023-06-15T21:13:21.127+0000] {processor.py:836} INFO - DAG(s) dict_keys(['example_short_circuit_operator']) retrieved from /home/airflow/.local/lib/python3.7/site-packages/airflow/example_dags/example_short_circuit_operator.py
[2023-06-15T21:13:21.151+0000] {logging_mixin.py:149} INFO - [2023-06-15T21:13:21.151+0000] {dag.py:2726} INFO - Sync 1 DAGs
[2023-06-15T21:13:21.167+0000] {logging_mixin.py:149} INFO - [2023-06-15T21:13:21.167+0000] {dag.py:3490} INFO - Setting next_dagrun for example_short_circuit_operator to 2023-06-14T21:13:21.167293+00:00, run_after=2023-06-15T21:13:21.167293+00:00
[2023-06-15T21:13:21.180+0000] {processor.py:179} INFO - Processing /home/airflow/.local/lib/python3.7/site-packages/airflow/example_dags/example_short_circuit_operator.py took 0.070 seconds
[2023-06-15T21:13:51.487+0000] {processor.py:157} INFO - Started process (PID=480) to work on /home/airflow/.local/lib/python3.7/site-packages/airflow/example_dags/example_short_circuit_operator.py
[2023-06-15T21:13:51.490+0000] {processor.py:826} INFO - Processing file /home/airflow/.local/lib/python3.7/site-packages/airflow/example_dags/example_short_circuit_operator.py for tasks to queue
[2023-06-15T21:13:51.491+0000] {logging_mixin.py:149} INFO - [2023-06-15T21:13:51.491+0000] {dagbag.py:541} INFO - Filling up the DagBag from /home/airflow/.local/lib/python3.7/site-packages/airflow/example_dags/example_short_circuit_operator.py
[2023-06-15T21:13:51.500+0000] {processor.py:836} INFO - DAG(s) dict_keys(['example_short_circuit_operator']) retrieved from /home/airflow/.local/lib/python3.7/site-packages/airflow/example_dags/example_short_circuit_operator.py
[2023-06-15T21:13:51.544+0000] {logging_mixin.py:149} INFO - [2023-06-15T21:13:51.544+0000] {dag.py:2726} INFO - Sync 1 DAGs
[2023-06-15T21:13:51.578+0000] {logging_mixin.py:149} INFO - [2023-06-15T21:13:51.577+0000] {dag.py:3490} INFO - Setting next_dagrun for example_short_circuit_operator to 2023-06-14T21:13:51.576558+00:00, run_after=2023-06-15T21:13:51.576558+00:00
[2023-06-15T21:13:51.604+0000] {processor.py:179} INFO - Processing /home/airflow/.local/lib/python3.7/site-packages/airflow/example_dags/example_short_circuit_operator.py took 0.122 seconds
[2023-06-15T21:14:22.327+0000] {processor.py:157} INFO - Started process (PID=536) to work on /home/airflow/.local/lib/python3.7/site-packages/airflow/example_dags/example_short_circuit_operator.py
[2023-06-15T21:14:22.329+0000] {processor.py:826} INFO - Processing file /home/airflow/.local/lib/python3.7/site-packages/airflow/example_dags/example_short_circuit_operator.py for tasks to queue
[2023-06-15T21:14:22.330+0000] {logging_mixin.py:149} INFO - [2023-06-15T21:14:22.330+0000] {dagbag.py:541} INFO - Filling up the DagBag from /home/airflow/.local/lib/python3.7/site-packages/airflow/example_dags/example_short_circuit_operator.py
[2023-06-15T21:14:22.342+0000] {processor.py:836} INFO - DAG(s) dict_keys(['example_short_circuit_operator']) retrieved from /home/airflow/.local/lib/python3.7/site-packages/airflow/example_dags/example_short_circuit_operator.py
[2023-06-15T21:14:22.369+0000] {logging_mixin.py:149} INFO - [2023-06-15T21:14:22.369+0000] {dag.py:2726} INFO - Sync 1 DAGs
[2023-06-15T21:14:22.388+0000] {logging_mixin.py:149} INFO - [2023-06-15T21:14:22.388+0000] {dag.py:3490} INFO - Setting next_dagrun for example_short_circuit_operator to 2023-06-14T21:14:22.388250+00:00, run_after=2023-06-15T21:14:22.388250+00:00
[2023-06-15T21:14:22.409+0000] {processor.py:179} INFO - Processing /home/airflow/.local/lib/python3.7/site-packages/airflow/example_dags/example_short_circuit_operator.py took 0.089 seconds
[2023-06-15T21:14:53.053+0000] {processor.py:157} INFO - Started process (PID=592) to work on /home/airflow/.local/lib/python3.7/site-packages/airflow/example_dags/example_short_circuit_operator.py
[2023-06-15T21:14:53.055+0000] {processor.py:826} INFO - Processing file /home/airflow/.local/lib/python3.7/site-packages/airflow/example_dags/example_short_circuit_operator.py for tasks to queue
[2023-06-15T21:14:53.057+0000] {logging_mixin.py:149} INFO - [2023-06-15T21:14:53.057+0000] {dagbag.py:541} INFO - Filling up the DagBag from /home/airflow/.local/lib/python3.7/site-packages/airflow/example_dags/example_short_circuit_operator.py
[2023-06-15T21:14:53.069+0000] {processor.py:836} INFO - DAG(s) dict_keys(['example_short_circuit_operator']) retrieved from /home/airflow/.local/lib/python3.7/site-packages/airflow/example_dags/example_short_circuit_operator.py
[2023-06-15T21:14:53.100+0000] {logging_mixin.py:149} INFO - [2023-06-15T21:14:53.100+0000] {dag.py:2726} INFO - Sync 1 DAGs
[2023-06-15T21:14:53.117+0000] {logging_mixin.py:149} INFO - [2023-06-15T21:14:53.117+0000] {dag.py:3490} INFO - Setting next_dagrun for example_short_circuit_operator to 2023-06-14T21:14:53.117205+00:00, run_after=2023-06-15T21:14:53.117205+00:00
[2023-06-15T21:14:53.130+0000] {processor.py:179} INFO - Processing /home/airflow/.local/lib/python3.7/site-packages/airflow/example_dags/example_short_circuit_operator.py took 0.084 seconds
[2023-06-15T21:15:23.493+0000] {processor.py:157} INFO - Started process (PID=649) to work on /home/airflow/.local/lib/python3.7/site-packages/airflow/example_dags/example_short_circuit_operator.py
[2023-06-15T21:15:23.495+0000] {processor.py:826} INFO - Processing file /home/airflow/.local/lib/python3.7/site-packages/airflow/example_dags/example_short_circuit_operator.py for tasks to queue
[2023-06-15T21:15:23.496+0000] {logging_mixin.py:149} INFO - [2023-06-15T21:15:23.496+0000] {dagbag.py:541} INFO - Filling up the DagBag from /home/airflow/.local/lib/python3.7/site-packages/airflow/example_dags/example_short_circuit_operator.py
[2023-06-15T21:15:23.505+0000] {processor.py:836} INFO - DAG(s) dict_keys(['example_short_circuit_operator']) retrieved from /home/airflow/.local/lib/python3.7/site-packages/airflow/example_dags/example_short_circuit_operator.py
[2023-06-15T21:15:23.529+0000] {logging_mixin.py:149} INFO - [2023-06-15T21:15:23.529+0000] {dag.py:2726} INFO - Sync 1 DAGs
[2023-06-15T21:15:23.545+0000] {logging_mixin.py:149} INFO - [2023-06-15T21:15:23.545+0000] {dag.py:3490} INFO - Setting next_dagrun for example_short_circuit_operator to 2023-06-14T21:15:23.545622+00:00, run_after=2023-06-15T21:15:23.545622+00:00
[2023-06-15T21:15:23.557+0000] {processor.py:179} INFO - Processing /home/airflow/.local/lib/python3.7/site-packages/airflow/example_dags/example_short_circuit_operator.py took 0.069 seconds
