[2023-06-15T21:09:48.297+0000] {processor.py:157} INFO - Started process (PID=42) to work on /home/airflow/.local/lib/python3.7/site-packages/airflow/example_dags/example_branch_python_dop_operator_3.py
[2023-06-15T21:09:48.298+0000] {processor.py:826} INFO - Processing file /home/airflow/.local/lib/python3.7/site-packages/airflow/example_dags/example_branch_python_dop_operator_3.py for tasks to queue
[2023-06-15T21:09:48.299+0000] {logging_mixin.py:149} INFO - [2023-06-15T21:09:48.299+0000] {dagbag.py:541} INFO - Filling up the DagBag from /home/airflow/.local/lib/python3.7/site-packages/airflow/example_dags/example_branch_python_dop_operator_3.py
[2023-06-15T21:09:48.308+0000] {processor.py:836} INFO - DAG(s) dict_keys(['example_branch_dop_operator_v3']) retrieved from /home/airflow/.local/lib/python3.7/site-packages/airflow/example_dags/example_branch_python_dop_operator_3.py
[2023-06-15T21:09:48.331+0000] {logging_mixin.py:149} INFO - [2023-06-15T21:09:48.331+0000] {dag.py:2726} INFO - Sync 1 DAGs
[2023-06-15T21:09:48.355+0000] {logging_mixin.py:149} INFO - [2023-06-15T21:09:48.355+0000] {dag.py:3490} INFO - Setting next_dagrun for example_branch_dop_operator_v3 to 2023-06-15T21:08:00+00:00, run_after=2023-06-15T21:09:00+00:00
[2023-06-15T21:09:48.380+0000] {processor.py:179} INFO - Processing /home/airflow/.local/lib/python3.7/site-packages/airflow/example_dags/example_branch_python_dop_operator_3.py took 0.087 seconds
[2023-06-15T21:10:18.896+0000] {processor.py:157} INFO - Started process (PID=98) to work on /home/airflow/.local/lib/python3.7/site-packages/airflow/example_dags/example_branch_python_dop_operator_3.py
[2023-06-15T21:10:18.897+0000] {processor.py:826} INFO - Processing file /home/airflow/.local/lib/python3.7/site-packages/airflow/example_dags/example_branch_python_dop_operator_3.py for tasks to queue
[2023-06-15T21:10:18.898+0000] {logging_mixin.py:149} INFO - [2023-06-15T21:10:18.898+0000] {dagbag.py:541} INFO - Filling up the DagBag from /home/airflow/.local/lib/python3.7/site-packages/airflow/example_dags/example_branch_python_dop_operator_3.py
[2023-06-15T21:10:18.905+0000] {processor.py:836} INFO - DAG(s) dict_keys(['example_branch_dop_operator_v3']) retrieved from /home/airflow/.local/lib/python3.7/site-packages/airflow/example_dags/example_branch_python_dop_operator_3.py
[2023-06-15T21:10:18.926+0000] {logging_mixin.py:149} INFO - [2023-06-15T21:10:18.926+0000] {dag.py:2726} INFO - Sync 1 DAGs
[2023-06-15T21:10:18.946+0000] {logging_mixin.py:149} INFO - [2023-06-15T21:10:18.946+0000] {dag.py:3490} INFO - Setting next_dagrun for example_branch_dop_operator_v3 to 2023-06-15T21:09:00+00:00, run_after=2023-06-15T21:10:00+00:00
[2023-06-15T21:10:18.959+0000] {processor.py:179} INFO - Processing /home/airflow/.local/lib/python3.7/site-packages/airflow/example_dags/example_branch_python_dop_operator_3.py took 0.066 seconds
[2023-06-15T21:10:49.300+0000] {processor.py:157} INFO - Started process (PID=154) to work on /home/airflow/.local/lib/python3.7/site-packages/airflow/example_dags/example_branch_python_dop_operator_3.py
[2023-06-15T21:10:49.301+0000] {processor.py:826} INFO - Processing file /home/airflow/.local/lib/python3.7/site-packages/airflow/example_dags/example_branch_python_dop_operator_3.py for tasks to queue
[2023-06-15T21:10:49.302+0000] {logging_mixin.py:149} INFO - [2023-06-15T21:10:49.301+0000] {dagbag.py:541} INFO - Filling up the DagBag from /home/airflow/.local/lib/python3.7/site-packages/airflow/example_dags/example_branch_python_dop_operator_3.py
[2023-06-15T21:10:49.307+0000] {processor.py:836} INFO - DAG(s) dict_keys(['example_branch_dop_operator_v3']) retrieved from /home/airflow/.local/lib/python3.7/site-packages/airflow/example_dags/example_branch_python_dop_operator_3.py
[2023-06-15T21:10:49.327+0000] {logging_mixin.py:149} INFO - [2023-06-15T21:10:49.326+0000] {dag.py:2726} INFO - Sync 1 DAGs
[2023-06-15T21:10:49.345+0000] {logging_mixin.py:149} INFO - [2023-06-15T21:10:49.345+0000] {dag.py:3490} INFO - Setting next_dagrun for example_branch_dop_operator_v3 to 2023-06-15T21:09:00+00:00, run_after=2023-06-15T21:10:00+00:00
[2023-06-15T21:10:49.364+0000] {processor.py:179} INFO - Processing /home/airflow/.local/lib/python3.7/site-packages/airflow/example_dags/example_branch_python_dop_operator_3.py took 0.067 seconds
[2023-06-15T21:11:19.756+0000] {processor.py:157} INFO - Started process (PID=210) to work on /home/airflow/.local/lib/python3.7/site-packages/airflow/example_dags/example_branch_python_dop_operator_3.py
[2023-06-15T21:11:19.757+0000] {processor.py:826} INFO - Processing file /home/airflow/.local/lib/python3.7/site-packages/airflow/example_dags/example_branch_python_dop_operator_3.py for tasks to queue
[2023-06-15T21:11:19.758+0000] {logging_mixin.py:149} INFO - [2023-06-15T21:11:19.758+0000] {dagbag.py:541} INFO - Filling up the DagBag from /home/airflow/.local/lib/python3.7/site-packages/airflow/example_dags/example_branch_python_dop_operator_3.py
[2023-06-15T21:11:19.764+0000] {processor.py:836} INFO - DAG(s) dict_keys(['example_branch_dop_operator_v3']) retrieved from /home/airflow/.local/lib/python3.7/site-packages/airflow/example_dags/example_branch_python_dop_operator_3.py
[2023-06-15T21:11:19.785+0000] {logging_mixin.py:149} INFO - [2023-06-15T21:11:19.785+0000] {dag.py:2726} INFO - Sync 1 DAGs
[2023-06-15T21:11:19.803+0000] {logging_mixin.py:149} INFO - [2023-06-15T21:11:19.803+0000] {dag.py:3490} INFO - Setting next_dagrun for example_branch_dop_operator_v3 to 2023-06-15T21:10:00+00:00, run_after=2023-06-15T21:11:00+00:00
[2023-06-15T21:11:19.814+0000] {processor.py:179} INFO - Processing /home/airflow/.local/lib/python3.7/site-packages/airflow/example_dags/example_branch_python_dop_operator_3.py took 0.061 seconds
[2023-06-15T21:11:50.152+0000] {processor.py:157} INFO - Started process (PID=266) to work on /home/airflow/.local/lib/python3.7/site-packages/airflow/example_dags/example_branch_python_dop_operator_3.py
[2023-06-15T21:11:50.153+0000] {processor.py:826} INFO - Processing file /home/airflow/.local/lib/python3.7/site-packages/airflow/example_dags/example_branch_python_dop_operator_3.py for tasks to queue
[2023-06-15T21:11:50.155+0000] {logging_mixin.py:149} INFO - [2023-06-15T21:11:50.155+0000] {dagbag.py:541} INFO - Filling up the DagBag from /home/airflow/.local/lib/python3.7/site-packages/airflow/example_dags/example_branch_python_dop_operator_3.py
[2023-06-15T21:11:50.163+0000] {processor.py:836} INFO - DAG(s) dict_keys(['example_branch_dop_operator_v3']) retrieved from /home/airflow/.local/lib/python3.7/site-packages/airflow/example_dags/example_branch_python_dop_operator_3.py
[2023-06-15T21:11:50.188+0000] {logging_mixin.py:149} INFO - [2023-06-15T21:11:50.188+0000] {dag.py:2726} INFO - Sync 1 DAGs
[2023-06-15T21:11:50.211+0000] {logging_mixin.py:149} INFO - [2023-06-15T21:11:50.211+0000] {dag.py:3490} INFO - Setting next_dagrun for example_branch_dop_operator_v3 to 2023-06-15T21:10:00+00:00, run_after=2023-06-15T21:11:00+00:00
[2023-06-15T21:11:50.225+0000] {processor.py:179} INFO - Processing /home/airflow/.local/lib/python3.7/site-packages/airflow/example_dags/example_branch_python_dop_operator_3.py took 0.076 seconds
[2023-06-15T21:12:20.884+0000] {processor.py:157} INFO - Started process (PID=321) to work on /home/airflow/.local/lib/python3.7/site-packages/airflow/example_dags/example_branch_python_dop_operator_3.py
[2023-06-15T21:12:20.885+0000] {processor.py:826} INFO - Processing file /home/airflow/.local/lib/python3.7/site-packages/airflow/example_dags/example_branch_python_dop_operator_3.py for tasks to queue
[2023-06-15T21:12:20.886+0000] {logging_mixin.py:149} INFO - [2023-06-15T21:12:20.886+0000] {dagbag.py:541} INFO - Filling up the DagBag from /home/airflow/.local/lib/python3.7/site-packages/airflow/example_dags/example_branch_python_dop_operator_3.py
[2023-06-15T21:12:20.892+0000] {processor.py:836} INFO - DAG(s) dict_keys(['example_branch_dop_operator_v3']) retrieved from /home/airflow/.local/lib/python3.7/site-packages/airflow/example_dags/example_branch_python_dop_operator_3.py
[2023-06-15T21:12:20.911+0000] {logging_mixin.py:149} INFO - [2023-06-15T21:12:20.910+0000] {dag.py:2726} INFO - Sync 1 DAGs
[2023-06-15T21:12:20.929+0000] {logging_mixin.py:149} INFO - [2023-06-15T21:12:20.929+0000] {dag.py:3490} INFO - Setting next_dagrun for example_branch_dop_operator_v3 to 2023-06-15T21:11:00+00:00, run_after=2023-06-15T21:12:00+00:00
[2023-06-15T21:12:20.941+0000] {processor.py:179} INFO - Processing /home/airflow/.local/lib/python3.7/site-packages/airflow/example_dags/example_branch_python_dop_operator_3.py took 0.060 seconds
[2023-06-15T21:12:51.262+0000] {processor.py:157} INFO - Started process (PID=377) to work on /home/airflow/.local/lib/python3.7/site-packages/airflow/example_dags/example_branch_python_dop_operator_3.py
[2023-06-15T21:12:51.263+0000] {processor.py:826} INFO - Processing file /home/airflow/.local/lib/python3.7/site-packages/airflow/example_dags/example_branch_python_dop_operator_3.py for tasks to queue
[2023-06-15T21:12:51.264+0000] {logging_mixin.py:149} INFO - [2023-06-15T21:12:51.264+0000] {dagbag.py:541} INFO - Filling up the DagBag from /home/airflow/.local/lib/python3.7/site-packages/airflow/example_dags/example_branch_python_dop_operator_3.py
[2023-06-15T21:12:51.269+0000] {processor.py:836} INFO - DAG(s) dict_keys(['example_branch_dop_operator_v3']) retrieved from /home/airflow/.local/lib/python3.7/site-packages/airflow/example_dags/example_branch_python_dop_operator_3.py
[2023-06-15T21:12:51.289+0000] {logging_mixin.py:149} INFO - [2023-06-15T21:12:51.289+0000] {dag.py:2726} INFO - Sync 1 DAGs
[2023-06-15T21:12:51.308+0000] {logging_mixin.py:149} INFO - [2023-06-15T21:12:51.308+0000] {dag.py:3490} INFO - Setting next_dagrun for example_branch_dop_operator_v3 to 2023-06-15T21:11:00+00:00, run_after=2023-06-15T21:12:00+00:00
[2023-06-15T21:12:51.320+0000] {processor.py:179} INFO - Processing /home/airflow/.local/lib/python3.7/site-packages/airflow/example_dags/example_branch_python_dop_operator_3.py took 0.061 seconds
[2023-06-15T21:13:21.597+0000] {processor.py:157} INFO - Started process (PID=433) to work on /home/airflow/.local/lib/python3.7/site-packages/airflow/example_dags/example_branch_python_dop_operator_3.py
[2023-06-15T21:13:21.599+0000] {processor.py:826} INFO - Processing file /home/airflow/.local/lib/python3.7/site-packages/airflow/example_dags/example_branch_python_dop_operator_3.py for tasks to queue
[2023-06-15T21:13:21.600+0000] {logging_mixin.py:149} INFO - [2023-06-15T21:13:21.599+0000] {dagbag.py:541} INFO - Filling up the DagBag from /home/airflow/.local/lib/python3.7/site-packages/airflow/example_dags/example_branch_python_dop_operator_3.py
[2023-06-15T21:13:21.606+0000] {processor.py:836} INFO - DAG(s) dict_keys(['example_branch_dop_operator_v3']) retrieved from /home/airflow/.local/lib/python3.7/site-packages/airflow/example_dags/example_branch_python_dop_operator_3.py
[2023-06-15T21:13:21.626+0000] {logging_mixin.py:149} INFO - [2023-06-15T21:13:21.626+0000] {dag.py:2726} INFO - Sync 1 DAGs
[2023-06-15T21:13:21.646+0000] {logging_mixin.py:149} INFO - [2023-06-15T21:13:21.646+0000] {dag.py:3490} INFO - Setting next_dagrun for example_branch_dop_operator_v3 to 2023-06-15T21:12:00+00:00, run_after=2023-06-15T21:13:00+00:00
[2023-06-15T21:13:21.657+0000] {processor.py:179} INFO - Processing /home/airflow/.local/lib/python3.7/site-packages/airflow/example_dags/example_branch_python_dop_operator_3.py took 0.063 seconds
[2023-06-15T21:13:52.195+0000] {processor.py:157} INFO - Started process (PID=489) to work on /home/airflow/.local/lib/python3.7/site-packages/airflow/example_dags/example_branch_python_dop_operator_3.py
[2023-06-15T21:13:52.196+0000] {processor.py:826} INFO - Processing file /home/airflow/.local/lib/python3.7/site-packages/airflow/example_dags/example_branch_python_dop_operator_3.py for tasks to queue
[2023-06-15T21:13:52.197+0000] {logging_mixin.py:149} INFO - [2023-06-15T21:13:52.197+0000] {dagbag.py:541} INFO - Filling up the DagBag from /home/airflow/.local/lib/python3.7/site-packages/airflow/example_dags/example_branch_python_dop_operator_3.py
[2023-06-15T21:13:52.204+0000] {processor.py:836} INFO - DAG(s) dict_keys(['example_branch_dop_operator_v3']) retrieved from /home/airflow/.local/lib/python3.7/site-packages/airflow/example_dags/example_branch_python_dop_operator_3.py
[2023-06-15T21:13:52.230+0000] {logging_mixin.py:149} INFO - [2023-06-15T21:13:52.230+0000] {dag.py:2726} INFO - Sync 1 DAGs
[2023-06-15T21:13:52.255+0000] {logging_mixin.py:149} INFO - [2023-06-15T21:13:52.255+0000] {dag.py:3490} INFO - Setting next_dagrun for example_branch_dop_operator_v3 to 2023-06-15T21:12:00+00:00, run_after=2023-06-15T21:13:00+00:00
[2023-06-15T21:13:52.273+0000] {processor.py:179} INFO - Processing /home/airflow/.local/lib/python3.7/site-packages/airflow/example_dags/example_branch_python_dop_operator_3.py took 0.081 seconds
[2023-06-15T21:14:22.794+0000] {processor.py:157} INFO - Started process (PID=545) to work on /home/airflow/.local/lib/python3.7/site-packages/airflow/example_dags/example_branch_python_dop_operator_3.py
[2023-06-15T21:14:22.796+0000] {processor.py:826} INFO - Processing file /home/airflow/.local/lib/python3.7/site-packages/airflow/example_dags/example_branch_python_dop_operator_3.py for tasks to queue
[2023-06-15T21:14:22.797+0000] {logging_mixin.py:149} INFO - [2023-06-15T21:14:22.797+0000] {dagbag.py:541} INFO - Filling up the DagBag from /home/airflow/.local/lib/python3.7/site-packages/airflow/example_dags/example_branch_python_dop_operator_3.py
[2023-06-15T21:14:22.803+0000] {processor.py:836} INFO - DAG(s) dict_keys(['example_branch_dop_operator_v3']) retrieved from /home/airflow/.local/lib/python3.7/site-packages/airflow/example_dags/example_branch_python_dop_operator_3.py
[2023-06-15T21:14:22.829+0000] {logging_mixin.py:149} INFO - [2023-06-15T21:14:22.829+0000] {dag.py:2726} INFO - Sync 1 DAGs
[2023-06-15T21:14:22.850+0000] {logging_mixin.py:149} INFO - [2023-06-15T21:14:22.849+0000] {dag.py:3490} INFO - Setting next_dagrun for example_branch_dop_operator_v3 to 2023-06-15T21:13:00+00:00, run_after=2023-06-15T21:14:00+00:00
[2023-06-15T21:14:22.862+0000] {processor.py:179} INFO - Processing /home/airflow/.local/lib/python3.7/site-packages/airflow/example_dags/example_branch_python_dop_operator_3.py took 0.071 seconds
[2023-06-15T21:14:53.541+0000] {processor.py:157} INFO - Started process (PID=601) to work on /home/airflow/.local/lib/python3.7/site-packages/airflow/example_dags/example_branch_python_dop_operator_3.py
[2023-06-15T21:14:53.542+0000] {processor.py:826} INFO - Processing file /home/airflow/.local/lib/python3.7/site-packages/airflow/example_dags/example_branch_python_dop_operator_3.py for tasks to queue
[2023-06-15T21:14:53.543+0000] {logging_mixin.py:149} INFO - [2023-06-15T21:14:53.543+0000] {dagbag.py:541} INFO - Filling up the DagBag from /home/airflow/.local/lib/python3.7/site-packages/airflow/example_dags/example_branch_python_dop_operator_3.py
[2023-06-15T21:14:53.549+0000] {processor.py:836} INFO - DAG(s) dict_keys(['example_branch_dop_operator_v3']) retrieved from /home/airflow/.local/lib/python3.7/site-packages/airflow/example_dags/example_branch_python_dop_operator_3.py
[2023-06-15T21:14:53.569+0000] {logging_mixin.py:149} INFO - [2023-06-15T21:14:53.569+0000] {dag.py:2726} INFO - Sync 1 DAGs
[2023-06-15T21:14:53.587+0000] {logging_mixin.py:149} INFO - [2023-06-15T21:14:53.587+0000] {dag.py:3490} INFO - Setting next_dagrun for example_branch_dop_operator_v3 to 2023-06-15T21:13:00+00:00, run_after=2023-06-15T21:14:00+00:00
[2023-06-15T21:14:53.598+0000] {processor.py:179} INFO - Processing /home/airflow/.local/lib/python3.7/site-packages/airflow/example_dags/example_branch_python_dop_operator_3.py took 0.061 seconds
