[2023-06-15T21:09:48.391+0000] {processor.py:157} INFO - Started process (PID=43) to work on /home/airflow/.local/lib/python3.7/site-packages/airflow/example_dags/example_branch_operator.py
[2023-06-15T21:09:48.392+0000] {processor.py:826} INFO - Processing file /home/airflow/.local/lib/python3.7/site-packages/airflow/example_dags/example_branch_operator.py for tasks to queue
[2023-06-15T21:09:48.392+0000] {logging_mixin.py:149} INFO - [2023-06-15T21:09:48.392+0000] {dagbag.py:541} INFO - Filling up the DagBag from /home/airflow/.local/lib/python3.7/site-packages/airflow/example_dags/example_branch_operator.py
[2023-06-15T21:09:48.402+0000] {processor.py:836} INFO - DAG(s) dict_keys(['example_branch_operator']) retrieved from /home/airflow/.local/lib/python3.7/site-packages/airflow/example_dags/example_branch_operator.py
[2023-06-15T21:09:48.414+0000] {logging_mixin.py:149} INFO - [2023-06-15T21:09:48.414+0000] {dag.py:2726} INFO - Sync 1 DAGs
[2023-06-15T21:09:48.435+0000] {logging_mixin.py:149} INFO - [2023-06-15T21:09:48.435+0000] {dag.py:3490} INFO - Setting next_dagrun for example_branch_operator to 2023-06-14T00:00:00+00:00, run_after=2023-06-15T00:00:00+00:00
[2023-06-15T21:09:48.447+0000] {processor.py:179} INFO - Processing /home/airflow/.local/lib/python3.7/site-packages/airflow/example_dags/example_branch_operator.py took 0.060 seconds
[2023-06-15T21:10:18.924+0000] {processor.py:157} INFO - Started process (PID=99) to work on /home/airflow/.local/lib/python3.7/site-packages/airflow/example_dags/example_branch_operator.py
[2023-06-15T21:10:18.925+0000] {processor.py:826} INFO - Processing file /home/airflow/.local/lib/python3.7/site-packages/airflow/example_dags/example_branch_operator.py for tasks to queue
[2023-06-15T21:10:18.926+0000] {logging_mixin.py:149} INFO - [2023-06-15T21:10:18.926+0000] {dagbag.py:541} INFO - Filling up the DagBag from /home/airflow/.local/lib/python3.7/site-packages/airflow/example_dags/example_branch_operator.py
[2023-06-15T21:10:18.933+0000] {processor.py:836} INFO - DAG(s) dict_keys(['example_branch_operator']) retrieved from /home/airflow/.local/lib/python3.7/site-packages/airflow/example_dags/example_branch_operator.py
[2023-06-15T21:10:18.954+0000] {logging_mixin.py:149} INFO - [2023-06-15T21:10:18.954+0000] {dag.py:2726} INFO - Sync 1 DAGs
[2023-06-15T21:10:18.972+0000] {logging_mixin.py:149} INFO - [2023-06-15T21:10:18.972+0000] {dag.py:3490} INFO - Setting next_dagrun for example_branch_operator to 2023-06-14T00:00:00+00:00, run_after=2023-06-15T00:00:00+00:00
[2023-06-15T21:10:18.985+0000] {processor.py:179} INFO - Processing /home/airflow/.local/lib/python3.7/site-packages/airflow/example_dags/example_branch_operator.py took 0.063 seconds
[2023-06-15T21:10:49.387+0000] {processor.py:157} INFO - Started process (PID=155) to work on /home/airflow/.local/lib/python3.7/site-packages/airflow/example_dags/example_branch_operator.py
[2023-06-15T21:10:49.388+0000] {processor.py:826} INFO - Processing file /home/airflow/.local/lib/python3.7/site-packages/airflow/example_dags/example_branch_operator.py for tasks to queue
[2023-06-15T21:10:49.389+0000] {logging_mixin.py:149} INFO - [2023-06-15T21:10:49.389+0000] {dagbag.py:541} INFO - Filling up the DagBag from /home/airflow/.local/lib/python3.7/site-packages/airflow/example_dags/example_branch_operator.py
[2023-06-15T21:10:49.395+0000] {processor.py:836} INFO - DAG(s) dict_keys(['example_branch_operator']) retrieved from /home/airflow/.local/lib/python3.7/site-packages/airflow/example_dags/example_branch_operator.py
[2023-06-15T21:10:49.415+0000] {logging_mixin.py:149} INFO - [2023-06-15T21:10:49.415+0000] {dag.py:2726} INFO - Sync 1 DAGs
[2023-06-15T21:10:49.431+0000] {logging_mixin.py:149} INFO - [2023-06-15T21:10:49.431+0000] {dag.py:3490} INFO - Setting next_dagrun for example_branch_operator to 2023-06-14T00:00:00+00:00, run_after=2023-06-15T00:00:00+00:00
[2023-06-15T21:10:49.441+0000] {processor.py:179} INFO - Processing /home/airflow/.local/lib/python3.7/site-packages/airflow/example_dags/example_branch_operator.py took 0.057 seconds
[2023-06-15T21:11:19.786+0000] {processor.py:157} INFO - Started process (PID=211) to work on /home/airflow/.local/lib/python3.7/site-packages/airflow/example_dags/example_branch_operator.py
[2023-06-15T21:11:19.787+0000] {processor.py:826} INFO - Processing file /home/airflow/.local/lib/python3.7/site-packages/airflow/example_dags/example_branch_operator.py for tasks to queue
[2023-06-15T21:11:19.787+0000] {logging_mixin.py:149} INFO - [2023-06-15T21:11:19.787+0000] {dagbag.py:541} INFO - Filling up the DagBag from /home/airflow/.local/lib/python3.7/site-packages/airflow/example_dags/example_branch_operator.py
[2023-06-15T21:11:19.794+0000] {processor.py:836} INFO - DAG(s) dict_keys(['example_branch_operator']) retrieved from /home/airflow/.local/lib/python3.7/site-packages/airflow/example_dags/example_branch_operator.py
[2023-06-15T21:11:19.814+0000] {logging_mixin.py:149} INFO - [2023-06-15T21:11:19.814+0000] {dag.py:2726} INFO - Sync 1 DAGs
[2023-06-15T21:11:19.832+0000] {logging_mixin.py:149} INFO - [2023-06-15T21:11:19.832+0000] {dag.py:3490} INFO - Setting next_dagrun for example_branch_operator to 2023-06-14T00:00:00+00:00, run_after=2023-06-15T00:00:00+00:00
[2023-06-15T21:11:19.843+0000] {processor.py:179} INFO - Processing /home/airflow/.local/lib/python3.7/site-packages/airflow/example_dags/example_branch_operator.py took 0.060 seconds
[2023-06-15T21:11:50.179+0000] {processor.py:157} INFO - Started process (PID=267) to work on /home/airflow/.local/lib/python3.7/site-packages/airflow/example_dags/example_branch_operator.py
[2023-06-15T21:11:50.181+0000] {processor.py:826} INFO - Processing file /home/airflow/.local/lib/python3.7/site-packages/airflow/example_dags/example_branch_operator.py for tasks to queue
[2023-06-15T21:11:50.182+0000] {logging_mixin.py:149} INFO - [2023-06-15T21:11:50.182+0000] {dagbag.py:541} INFO - Filling up the DagBag from /home/airflow/.local/lib/python3.7/site-packages/airflow/example_dags/example_branch_operator.py
[2023-06-15T21:11:50.190+0000] {processor.py:836} INFO - DAG(s) dict_keys(['example_branch_operator']) retrieved from /home/airflow/.local/lib/python3.7/site-packages/airflow/example_dags/example_branch_operator.py
[2023-06-15T21:11:50.213+0000] {logging_mixin.py:149} INFO - [2023-06-15T21:11:50.213+0000] {dag.py:2726} INFO - Sync 1 DAGs
[2023-06-15T21:11:50.232+0000] {logging_mixin.py:149} INFO - [2023-06-15T21:11:50.232+0000] {dag.py:3490} INFO - Setting next_dagrun for example_branch_operator to 2023-06-14T00:00:00+00:00, run_after=2023-06-15T00:00:00+00:00
[2023-06-15T21:11:50.247+0000] {processor.py:179} INFO - Processing /home/airflow/.local/lib/python3.7/site-packages/airflow/example_dags/example_branch_operator.py took 0.071 seconds
[2023-06-15T21:12:20.963+0000] {processor.py:157} INFO - Started process (PID=322) to work on /home/airflow/.local/lib/python3.7/site-packages/airflow/example_dags/example_branch_operator.py
[2023-06-15T21:12:20.964+0000] {processor.py:826} INFO - Processing file /home/airflow/.local/lib/python3.7/site-packages/airflow/example_dags/example_branch_operator.py for tasks to queue
[2023-06-15T21:12:20.964+0000] {logging_mixin.py:149} INFO - [2023-06-15T21:12:20.964+0000] {dagbag.py:541} INFO - Filling up the DagBag from /home/airflow/.local/lib/python3.7/site-packages/airflow/example_dags/example_branch_operator.py
[2023-06-15T21:12:20.972+0000] {processor.py:836} INFO - DAG(s) dict_keys(['example_branch_operator']) retrieved from /home/airflow/.local/lib/python3.7/site-packages/airflow/example_dags/example_branch_operator.py
[2023-06-15T21:12:20.993+0000] {logging_mixin.py:149} INFO - [2023-06-15T21:12:20.993+0000] {dag.py:2726} INFO - Sync 1 DAGs
[2023-06-15T21:12:21.011+0000] {logging_mixin.py:149} INFO - [2023-06-15T21:12:21.011+0000] {dag.py:3490} INFO - Setting next_dagrun for example_branch_operator to 2023-06-14T00:00:00+00:00, run_after=2023-06-15T00:00:00+00:00
[2023-06-15T21:12:21.026+0000] {processor.py:179} INFO - Processing /home/airflow/.local/lib/python3.7/site-packages/airflow/example_dags/example_branch_operator.py took 0.066 seconds
[2023-06-15T21:12:51.343+0000] {processor.py:157} INFO - Started process (PID=378) to work on /home/airflow/.local/lib/python3.7/site-packages/airflow/example_dags/example_branch_operator.py
[2023-06-15T21:12:51.344+0000] {processor.py:826} INFO - Processing file /home/airflow/.local/lib/python3.7/site-packages/airflow/example_dags/example_branch_operator.py for tasks to queue
[2023-06-15T21:12:51.345+0000] {logging_mixin.py:149} INFO - [2023-06-15T21:12:51.345+0000] {dagbag.py:541} INFO - Filling up the DagBag from /home/airflow/.local/lib/python3.7/site-packages/airflow/example_dags/example_branch_operator.py
[2023-06-15T21:12:51.352+0000] {processor.py:836} INFO - DAG(s) dict_keys(['example_branch_operator']) retrieved from /home/airflow/.local/lib/python3.7/site-packages/airflow/example_dags/example_branch_operator.py
[2023-06-15T21:12:51.373+0000] {logging_mixin.py:149} INFO - [2023-06-15T21:12:51.373+0000] {dag.py:2726} INFO - Sync 1 DAGs
[2023-06-15T21:12:51.390+0000] {logging_mixin.py:149} INFO - [2023-06-15T21:12:51.390+0000] {dag.py:3490} INFO - Setting next_dagrun for example_branch_operator to 2023-06-14T00:00:00+00:00, run_after=2023-06-15T00:00:00+00:00
[2023-06-15T21:12:51.401+0000] {processor.py:179} INFO - Processing /home/airflow/.local/lib/python3.7/site-packages/airflow/example_dags/example_branch_operator.py took 0.061 seconds
[2023-06-15T21:13:21.616+0000] {processor.py:157} INFO - Started process (PID=434) to work on /home/airflow/.local/lib/python3.7/site-packages/airflow/example_dags/example_branch_operator.py
[2023-06-15T21:13:21.617+0000] {processor.py:826} INFO - Processing file /home/airflow/.local/lib/python3.7/site-packages/airflow/example_dags/example_branch_operator.py for tasks to queue
[2023-06-15T21:13:21.618+0000] {logging_mixin.py:149} INFO - [2023-06-15T21:13:21.618+0000] {dagbag.py:541} INFO - Filling up the DagBag from /home/airflow/.local/lib/python3.7/site-packages/airflow/example_dags/example_branch_operator.py
[2023-06-15T21:13:21.625+0000] {processor.py:836} INFO - DAG(s) dict_keys(['example_branch_operator']) retrieved from /home/airflow/.local/lib/python3.7/site-packages/airflow/example_dags/example_branch_operator.py
[2023-06-15T21:13:21.645+0000] {logging_mixin.py:149} INFO - [2023-06-15T21:13:21.645+0000] {dag.py:2726} INFO - Sync 1 DAGs
[2023-06-15T21:13:21.663+0000] {logging_mixin.py:149} INFO - [2023-06-15T21:13:21.663+0000] {dag.py:3490} INFO - Setting next_dagrun for example_branch_operator to 2023-06-14T00:00:00+00:00, run_after=2023-06-15T00:00:00+00:00
[2023-06-15T21:13:21.675+0000] {processor.py:179} INFO - Processing /home/airflow/.local/lib/python3.7/site-packages/airflow/example_dags/example_branch_operator.py took 0.062 seconds
[2023-06-15T21:13:52.306+0000] {processor.py:157} INFO - Started process (PID=490) to work on /home/airflow/.local/lib/python3.7/site-packages/airflow/example_dags/example_branch_operator.py
[2023-06-15T21:13:52.308+0000] {processor.py:826} INFO - Processing file /home/airflow/.local/lib/python3.7/site-packages/airflow/example_dags/example_branch_operator.py for tasks to queue
[2023-06-15T21:13:52.308+0000] {logging_mixin.py:149} INFO - [2023-06-15T21:13:52.308+0000] {dagbag.py:541} INFO - Filling up the DagBag from /home/airflow/.local/lib/python3.7/site-packages/airflow/example_dags/example_branch_operator.py
[2023-06-15T21:13:52.315+0000] {processor.py:836} INFO - DAG(s) dict_keys(['example_branch_operator']) retrieved from /home/airflow/.local/lib/python3.7/site-packages/airflow/example_dags/example_branch_operator.py
[2023-06-15T21:13:52.335+0000] {logging_mixin.py:149} INFO - [2023-06-15T21:13:52.335+0000] {dag.py:2726} INFO - Sync 1 DAGs
[2023-06-15T21:13:52.353+0000] {logging_mixin.py:149} INFO - [2023-06-15T21:13:52.353+0000] {dag.py:3490} INFO - Setting next_dagrun for example_branch_operator to 2023-06-14T00:00:00+00:00, run_after=2023-06-15T00:00:00+00:00
[2023-06-15T21:13:52.368+0000] {processor.py:179} INFO - Processing /home/airflow/.local/lib/python3.7/site-packages/airflow/example_dags/example_branch_operator.py took 0.064 seconds
[2023-06-15T21:14:22.834+0000] {processor.py:157} INFO - Started process (PID=546) to work on /home/airflow/.local/lib/python3.7/site-packages/airflow/example_dags/example_branch_operator.py
[2023-06-15T21:14:22.835+0000] {processor.py:826} INFO - Processing file /home/airflow/.local/lib/python3.7/site-packages/airflow/example_dags/example_branch_operator.py for tasks to queue
[2023-06-15T21:14:22.836+0000] {logging_mixin.py:149} INFO - [2023-06-15T21:14:22.836+0000] {dagbag.py:541} INFO - Filling up the DagBag from /home/airflow/.local/lib/python3.7/site-packages/airflow/example_dags/example_branch_operator.py
[2023-06-15T21:14:22.844+0000] {processor.py:836} INFO - DAG(s) dict_keys(['example_branch_operator']) retrieved from /home/airflow/.local/lib/python3.7/site-packages/airflow/example_dags/example_branch_operator.py
[2023-06-15T21:14:22.866+0000] {logging_mixin.py:149} INFO - [2023-06-15T21:14:22.866+0000] {dag.py:2726} INFO - Sync 1 DAGs
[2023-06-15T21:14:22.885+0000] {logging_mixin.py:149} INFO - [2023-06-15T21:14:22.885+0000] {dag.py:3490} INFO - Setting next_dagrun for example_branch_operator to 2023-06-14T00:00:00+00:00, run_after=2023-06-15T00:00:00+00:00
[2023-06-15T21:14:22.899+0000] {processor.py:179} INFO - Processing /home/airflow/.local/lib/python3.7/site-packages/airflow/example_dags/example_branch_operator.py took 0.068 seconds
[2023-06-15T21:14:53.558+0000] {processor.py:157} INFO - Started process (PID=602) to work on /home/airflow/.local/lib/python3.7/site-packages/airflow/example_dags/example_branch_operator.py
[2023-06-15T21:14:53.560+0000] {processor.py:826} INFO - Processing file /home/airflow/.local/lib/python3.7/site-packages/airflow/example_dags/example_branch_operator.py for tasks to queue
[2023-06-15T21:14:53.561+0000] {logging_mixin.py:149} INFO - [2023-06-15T21:14:53.561+0000] {dagbag.py:541} INFO - Filling up the DagBag from /home/airflow/.local/lib/python3.7/site-packages/airflow/example_dags/example_branch_operator.py
[2023-06-15T21:14:53.569+0000] {processor.py:836} INFO - DAG(s) dict_keys(['example_branch_operator']) retrieved from /home/airflow/.local/lib/python3.7/site-packages/airflow/example_dags/example_branch_operator.py
[2023-06-15T21:14:53.589+0000] {logging_mixin.py:149} INFO - [2023-06-15T21:14:53.589+0000] {dag.py:2726} INFO - Sync 1 DAGs
[2023-06-15T21:14:53.607+0000] {logging_mixin.py:149} INFO - [2023-06-15T21:14:53.607+0000] {dag.py:3490} INFO - Setting next_dagrun for example_branch_operator to 2023-06-14T00:00:00+00:00, run_after=2023-06-15T00:00:00+00:00
[2023-06-15T21:14:53.619+0000] {processor.py:179} INFO - Processing /home/airflow/.local/lib/python3.7/site-packages/airflow/example_dags/example_branch_operator.py took 0.064 seconds
[2023-06-15T21:15:23.982+0000] {processor.py:157} INFO - Started process (PID=659) to work on /home/airflow/.local/lib/python3.7/site-packages/airflow/example_dags/example_branch_operator.py
[2023-06-15T21:15:23.983+0000] {processor.py:826} INFO - Processing file /home/airflow/.local/lib/python3.7/site-packages/airflow/example_dags/example_branch_operator.py for tasks to queue
[2023-06-15T21:15:23.984+0000] {logging_mixin.py:149} INFO - [2023-06-15T21:15:23.984+0000] {dagbag.py:541} INFO - Filling up the DagBag from /home/airflow/.local/lib/python3.7/site-packages/airflow/example_dags/example_branch_operator.py
[2023-06-15T21:15:23.991+0000] {processor.py:836} INFO - DAG(s) dict_keys(['example_branch_operator']) retrieved from /home/airflow/.local/lib/python3.7/site-packages/airflow/example_dags/example_branch_operator.py
[2023-06-15T21:15:24.011+0000] {logging_mixin.py:149} INFO - [2023-06-15T21:15:24.011+0000] {dag.py:2726} INFO - Sync 1 DAGs
[2023-06-15T21:15:24.028+0000] {logging_mixin.py:149} INFO - [2023-06-15T21:15:24.028+0000] {dag.py:3490} INFO - Setting next_dagrun for example_branch_operator to 2023-06-14T00:00:00+00:00, run_after=2023-06-15T00:00:00+00:00
[2023-06-15T21:15:24.040+0000] {processor.py:179} INFO - Processing /home/airflow/.local/lib/python3.7/site-packages/airflow/example_dags/example_branch_operator.py took 0.061 seconds
