[2023-06-15T21:09:48.070+0000] {processor.py:157} INFO - Started process (PID=38) to work on /home/airflow/.local/lib/python3.7/site-packages/airflow/example_dags/example_external_task_marker_dag.py
[2023-06-15T21:09:48.072+0000] {processor.py:826} INFO - Processing file /home/airflow/.local/lib/python3.7/site-packages/airflow/example_dags/example_external_task_marker_dag.py for tasks to queue
[2023-06-15T21:09:48.073+0000] {logging_mixin.py:149} INFO - [2023-06-15T21:09:48.073+0000] {dagbag.py:541} INFO - Filling up the DagBag from /home/airflow/.local/lib/python3.7/site-packages/airflow/example_dags/example_external_task_marker_dag.py
[2023-06-15T21:09:48.082+0000] {processor.py:836} INFO - DAG(s) dict_keys(['example_external_task_marker_parent', 'example_external_task_marker_child']) retrieved from /home/airflow/.local/lib/python3.7/site-packages/airflow/example_dags/example_external_task_marker_dag.py
[2023-06-15T21:09:48.100+0000] {logging_mixin.py:149} INFO - [2023-06-15T21:09:48.100+0000] {dag.py:2726} INFO - Sync 2 DAGs
[2023-06-15T21:09:48.122+0000] {logging_mixin.py:149} INFO - [2023-06-15T21:09:48.122+0000] {dag.py:3490} INFO - Setting next_dagrun for example_external_task_marker_child to None, run_after=None
[2023-06-15T21:09:48.126+0000] {logging_mixin.py:149} INFO - [2023-06-15T21:09:48.126+0000] {dag.py:3490} INFO - Setting next_dagrun for example_external_task_marker_parent to None, run_after=None
[2023-06-15T21:09:48.144+0000] {processor.py:179} INFO - Processing /home/airflow/.local/lib/python3.7/site-packages/airflow/example_dags/example_external_task_marker_dag.py took 0.077 seconds
[2023-06-15T21:10:18.738+0000] {processor.py:157} INFO - Started process (PID=94) to work on /home/airflow/.local/lib/python3.7/site-packages/airflow/example_dags/example_external_task_marker_dag.py
[2023-06-15T21:10:18.740+0000] {processor.py:826} INFO - Processing file /home/airflow/.local/lib/python3.7/site-packages/airflow/example_dags/example_external_task_marker_dag.py for tasks to queue
[2023-06-15T21:10:18.740+0000] {logging_mixin.py:149} INFO - [2023-06-15T21:10:18.740+0000] {dagbag.py:541} INFO - Filling up the DagBag from /home/airflow/.local/lib/python3.7/site-packages/airflow/example_dags/example_external_task_marker_dag.py
[2023-06-15T21:10:18.745+0000] {processor.py:836} INFO - DAG(s) dict_keys(['example_external_task_marker_parent', 'example_external_task_marker_child']) retrieved from /home/airflow/.local/lib/python3.7/site-packages/airflow/example_dags/example_external_task_marker_dag.py
[2023-06-15T21:10:18.766+0000] {logging_mixin.py:149} INFO - [2023-06-15T21:10:18.766+0000] {dag.py:2726} INFO - Sync 2 DAGs
[2023-06-15T21:10:18.783+0000] {logging_mixin.py:149} INFO - [2023-06-15T21:10:18.783+0000] {dag.py:3490} INFO - Setting next_dagrun for example_external_task_marker_child to None, run_after=None
[2023-06-15T21:10:18.786+0000] {logging_mixin.py:149} INFO - [2023-06-15T21:10:18.786+0000] {dag.py:3490} INFO - Setting next_dagrun for example_external_task_marker_parent to None, run_after=None
[2023-06-15T21:10:18.797+0000] {processor.py:179} INFO - Processing /home/airflow/.local/lib/python3.7/site-packages/airflow/example_dags/example_external_task_marker_dag.py took 0.061 seconds
[2023-06-15T21:10:49.150+0000] {processor.py:157} INFO - Started process (PID=150) to work on /home/airflow/.local/lib/python3.7/site-packages/airflow/example_dags/example_external_task_marker_dag.py
[2023-06-15T21:10:49.151+0000] {processor.py:826} INFO - Processing file /home/airflow/.local/lib/python3.7/site-packages/airflow/example_dags/example_external_task_marker_dag.py for tasks to queue
[2023-06-15T21:10:49.152+0000] {logging_mixin.py:149} INFO - [2023-06-15T21:10:49.151+0000] {dagbag.py:541} INFO - Filling up the DagBag from /home/airflow/.local/lib/python3.7/site-packages/airflow/example_dags/example_external_task_marker_dag.py
[2023-06-15T21:10:49.156+0000] {processor.py:836} INFO - DAG(s) dict_keys(['example_external_task_marker_parent', 'example_external_task_marker_child']) retrieved from /home/airflow/.local/lib/python3.7/site-packages/airflow/example_dags/example_external_task_marker_dag.py
[2023-06-15T21:10:49.178+0000] {logging_mixin.py:149} INFO - [2023-06-15T21:10:49.178+0000] {dag.py:2726} INFO - Sync 2 DAGs
[2023-06-15T21:10:49.194+0000] {logging_mixin.py:149} INFO - [2023-06-15T21:10:49.194+0000] {dag.py:3490} INFO - Setting next_dagrun for example_external_task_marker_child to None, run_after=None
[2023-06-15T21:10:49.196+0000] {logging_mixin.py:149} INFO - [2023-06-15T21:10:49.196+0000] {dag.py:3490} INFO - Setting next_dagrun for example_external_task_marker_parent to None, run_after=None
[2023-06-15T21:10:49.206+0000] {processor.py:179} INFO - Processing /home/airflow/.local/lib/python3.7/site-packages/airflow/example_dags/example_external_task_marker_dag.py took 0.059 seconds
[2023-06-15T21:11:19.600+0000] {processor.py:157} INFO - Started process (PID=206) to work on /home/airflow/.local/lib/python3.7/site-packages/airflow/example_dags/example_external_task_marker_dag.py
[2023-06-15T21:11:19.602+0000] {processor.py:826} INFO - Processing file /home/airflow/.local/lib/python3.7/site-packages/airflow/example_dags/example_external_task_marker_dag.py for tasks to queue
[2023-06-15T21:11:19.602+0000] {logging_mixin.py:149} INFO - [2023-06-15T21:11:19.602+0000] {dagbag.py:541} INFO - Filling up the DagBag from /home/airflow/.local/lib/python3.7/site-packages/airflow/example_dags/example_external_task_marker_dag.py
[2023-06-15T21:11:19.607+0000] {processor.py:836} INFO - DAG(s) dict_keys(['example_external_task_marker_parent', 'example_external_task_marker_child']) retrieved from /home/airflow/.local/lib/python3.7/site-packages/airflow/example_dags/example_external_task_marker_dag.py
[2023-06-15T21:11:19.629+0000] {logging_mixin.py:149} INFO - [2023-06-15T21:11:19.629+0000] {dag.py:2726} INFO - Sync 2 DAGs
[2023-06-15T21:11:19.649+0000] {logging_mixin.py:149} INFO - [2023-06-15T21:11:19.648+0000] {dag.py:3490} INFO - Setting next_dagrun for example_external_task_marker_child to None, run_after=None
[2023-06-15T21:11:19.651+0000] {logging_mixin.py:149} INFO - [2023-06-15T21:11:19.651+0000] {dag.py:3490} INFO - Setting next_dagrun for example_external_task_marker_parent to None, run_after=None
[2023-06-15T21:11:19.661+0000] {processor.py:179} INFO - Processing /home/airflow/.local/lib/python3.7/site-packages/airflow/example_dags/example_external_task_marker_dag.py took 0.064 seconds
[2023-06-15T21:11:49.966+0000] {processor.py:157} INFO - Started process (PID=262) to work on /home/airflow/.local/lib/python3.7/site-packages/airflow/example_dags/example_external_task_marker_dag.py
[2023-06-15T21:11:49.967+0000] {processor.py:826} INFO - Processing file /home/airflow/.local/lib/python3.7/site-packages/airflow/example_dags/example_external_task_marker_dag.py for tasks to queue
[2023-06-15T21:11:49.968+0000] {logging_mixin.py:149} INFO - [2023-06-15T21:11:49.968+0000] {dagbag.py:541} INFO - Filling up the DagBag from /home/airflow/.local/lib/python3.7/site-packages/airflow/example_dags/example_external_task_marker_dag.py
[2023-06-15T21:11:49.973+0000] {processor.py:836} INFO - DAG(s) dict_keys(['example_external_task_marker_parent', 'example_external_task_marker_child']) retrieved from /home/airflow/.local/lib/python3.7/site-packages/airflow/example_dags/example_external_task_marker_dag.py
[2023-06-15T21:11:49.997+0000] {logging_mixin.py:149} INFO - [2023-06-15T21:11:49.997+0000] {dag.py:2726} INFO - Sync 2 DAGs
[2023-06-15T21:11:50.015+0000] {logging_mixin.py:149} INFO - [2023-06-15T21:11:50.015+0000] {dag.py:3490} INFO - Setting next_dagrun for example_external_task_marker_child to None, run_after=None
[2023-06-15T21:11:50.018+0000] {logging_mixin.py:149} INFO - [2023-06-15T21:11:50.018+0000] {dag.py:3490} INFO - Setting next_dagrun for example_external_task_marker_parent to None, run_after=None
[2023-06-15T21:11:50.032+0000] {processor.py:179} INFO - Processing /home/airflow/.local/lib/python3.7/site-packages/airflow/example_dags/example_external_task_marker_dag.py took 0.069 seconds
[2023-06-15T21:12:20.733+0000] {processor.py:157} INFO - Started process (PID=317) to work on /home/airflow/.local/lib/python3.7/site-packages/airflow/example_dags/example_external_task_marker_dag.py
[2023-06-15T21:12:20.735+0000] {processor.py:826} INFO - Processing file /home/airflow/.local/lib/python3.7/site-packages/airflow/example_dags/example_external_task_marker_dag.py for tasks to queue
[2023-06-15T21:12:20.736+0000] {logging_mixin.py:149} INFO - [2023-06-15T21:12:20.736+0000] {dagbag.py:541} INFO - Filling up the DagBag from /home/airflow/.local/lib/python3.7/site-packages/airflow/example_dags/example_external_task_marker_dag.py
[2023-06-15T21:12:20.741+0000] {processor.py:836} INFO - DAG(s) dict_keys(['example_external_task_marker_child', 'example_external_task_marker_parent']) retrieved from /home/airflow/.local/lib/python3.7/site-packages/airflow/example_dags/example_external_task_marker_dag.py
[2023-06-15T21:12:20.763+0000] {logging_mixin.py:149} INFO - [2023-06-15T21:12:20.763+0000] {dag.py:2726} INFO - Sync 2 DAGs
[2023-06-15T21:12:20.778+0000] {logging_mixin.py:149} INFO - [2023-06-15T21:12:20.778+0000] {dag.py:3490} INFO - Setting next_dagrun for example_external_task_marker_child to None, run_after=None
[2023-06-15T21:12:20.780+0000] {logging_mixin.py:149} INFO - [2023-06-15T21:12:20.780+0000] {dag.py:3490} INFO - Setting next_dagrun for example_external_task_marker_parent to None, run_after=None
[2023-06-15T21:12:20.791+0000] {processor.py:179} INFO - Processing /home/airflow/.local/lib/python3.7/site-packages/airflow/example_dags/example_external_task_marker_dag.py took 0.061 seconds
[2023-06-15T21:12:51.104+0000] {processor.py:157} INFO - Started process (PID=373) to work on /home/airflow/.local/lib/python3.7/site-packages/airflow/example_dags/example_external_task_marker_dag.py
[2023-06-15T21:12:51.105+0000] {processor.py:826} INFO - Processing file /home/airflow/.local/lib/python3.7/site-packages/airflow/example_dags/example_external_task_marker_dag.py for tasks to queue
[2023-06-15T21:12:51.106+0000] {logging_mixin.py:149} INFO - [2023-06-15T21:12:51.106+0000] {dagbag.py:541} INFO - Filling up the DagBag from /home/airflow/.local/lib/python3.7/site-packages/airflow/example_dags/example_external_task_marker_dag.py
[2023-06-15T21:12:51.111+0000] {processor.py:836} INFO - DAG(s) dict_keys(['example_external_task_marker_child', 'example_external_task_marker_parent']) retrieved from /home/airflow/.local/lib/python3.7/site-packages/airflow/example_dags/example_external_task_marker_dag.py
[2023-06-15T21:12:51.134+0000] {logging_mixin.py:149} INFO - [2023-06-15T21:12:51.134+0000] {dag.py:2726} INFO - Sync 2 DAGs
[2023-06-15T21:12:51.149+0000] {logging_mixin.py:149} INFO - [2023-06-15T21:12:51.149+0000] {dag.py:3490} INFO - Setting next_dagrun for example_external_task_marker_child to None, run_after=None
[2023-06-15T21:12:51.152+0000] {logging_mixin.py:149} INFO - [2023-06-15T21:12:51.152+0000] {dag.py:3490} INFO - Setting next_dagrun for example_external_task_marker_parent to None, run_after=None
[2023-06-15T21:12:51.162+0000] {processor.py:179} INFO - Processing /home/airflow/.local/lib/python3.7/site-packages/airflow/example_dags/example_external_task_marker_dag.py took 0.062 seconds
[2023-06-15T21:13:21.440+0000] {processor.py:157} INFO - Started process (PID=429) to work on /home/airflow/.local/lib/python3.7/site-packages/airflow/example_dags/example_external_task_marker_dag.py
[2023-06-15T21:13:21.441+0000] {processor.py:826} INFO - Processing file /home/airflow/.local/lib/python3.7/site-packages/airflow/example_dags/example_external_task_marker_dag.py for tasks to queue
[2023-06-15T21:13:21.442+0000] {logging_mixin.py:149} INFO - [2023-06-15T21:13:21.442+0000] {dagbag.py:541} INFO - Filling up the DagBag from /home/airflow/.local/lib/python3.7/site-packages/airflow/example_dags/example_external_task_marker_dag.py
[2023-06-15T21:13:21.447+0000] {processor.py:836} INFO - DAG(s) dict_keys(['example_external_task_marker_parent', 'example_external_task_marker_child']) retrieved from /home/airflow/.local/lib/python3.7/site-packages/airflow/example_dags/example_external_task_marker_dag.py
[2023-06-15T21:13:21.470+0000] {logging_mixin.py:149} INFO - [2023-06-15T21:13:21.470+0000] {dag.py:2726} INFO - Sync 2 DAGs
[2023-06-15T21:13:21.487+0000] {logging_mixin.py:149} INFO - [2023-06-15T21:13:21.486+0000] {dag.py:3490} INFO - Setting next_dagrun for example_external_task_marker_child to None, run_after=None
[2023-06-15T21:13:21.489+0000] {logging_mixin.py:149} INFO - [2023-06-15T21:13:21.489+0000] {dag.py:3490} INFO - Setting next_dagrun for example_external_task_marker_parent to None, run_after=None
[2023-06-15T21:13:21.499+0000] {processor.py:179} INFO - Processing /home/airflow/.local/lib/python3.7/site-packages/airflow/example_dags/example_external_task_marker_dag.py took 0.062 seconds
[2023-06-15T21:13:52.006+0000] {processor.py:157} INFO - Started process (PID=485) to work on /home/airflow/.local/lib/python3.7/site-packages/airflow/example_dags/example_external_task_marker_dag.py
[2023-06-15T21:13:52.008+0000] {processor.py:826} INFO - Processing file /home/airflow/.local/lib/python3.7/site-packages/airflow/example_dags/example_external_task_marker_dag.py for tasks to queue
[2023-06-15T21:13:52.009+0000] {logging_mixin.py:149} INFO - [2023-06-15T21:13:52.009+0000] {dagbag.py:541} INFO - Filling up the DagBag from /home/airflow/.local/lib/python3.7/site-packages/airflow/example_dags/example_external_task_marker_dag.py
[2023-06-15T21:13:52.014+0000] {processor.py:836} INFO - DAG(s) dict_keys(['example_external_task_marker_parent', 'example_external_task_marker_child']) retrieved from /home/airflow/.local/lib/python3.7/site-packages/airflow/example_dags/example_external_task_marker_dag.py
[2023-06-15T21:13:52.040+0000] {logging_mixin.py:149} INFO - [2023-06-15T21:13:52.040+0000] {dag.py:2726} INFO - Sync 2 DAGs
[2023-06-15T21:13:52.059+0000] {logging_mixin.py:149} INFO - [2023-06-15T21:13:52.059+0000] {dag.py:3490} INFO - Setting next_dagrun for example_external_task_marker_child to None, run_after=None
[2023-06-15T21:13:52.063+0000] {logging_mixin.py:149} INFO - [2023-06-15T21:13:52.063+0000] {dag.py:3490} INFO - Setting next_dagrun for example_external_task_marker_parent to None, run_after=None
[2023-06-15T21:13:52.077+0000] {processor.py:179} INFO - Processing /home/airflow/.local/lib/python3.7/site-packages/airflow/example_dags/example_external_task_marker_dag.py took 0.074 seconds
[2023-06-15T21:14:22.615+0000] {processor.py:157} INFO - Started process (PID=541) to work on /home/airflow/.local/lib/python3.7/site-packages/airflow/example_dags/example_external_task_marker_dag.py
[2023-06-15T21:14:22.616+0000] {processor.py:826} INFO - Processing file /home/airflow/.local/lib/python3.7/site-packages/airflow/example_dags/example_external_task_marker_dag.py for tasks to queue
[2023-06-15T21:14:22.617+0000] {logging_mixin.py:149} INFO - [2023-06-15T21:14:22.617+0000] {dagbag.py:541} INFO - Filling up the DagBag from /home/airflow/.local/lib/python3.7/site-packages/airflow/example_dags/example_external_task_marker_dag.py
[2023-06-15T21:14:22.622+0000] {processor.py:836} INFO - DAG(s) dict_keys(['example_external_task_marker_child', 'example_external_task_marker_parent']) retrieved from /home/airflow/.local/lib/python3.7/site-packages/airflow/example_dags/example_external_task_marker_dag.py
[2023-06-15T21:14:22.650+0000] {logging_mixin.py:149} INFO - [2023-06-15T21:14:22.650+0000] {dag.py:2726} INFO - Sync 2 DAGs
[2023-06-15T21:14:22.668+0000] {logging_mixin.py:149} INFO - [2023-06-15T21:14:22.668+0000] {dag.py:3490} INFO - Setting next_dagrun for example_external_task_marker_child to None, run_after=None
[2023-06-15T21:14:22.671+0000] {logging_mixin.py:149} INFO - [2023-06-15T21:14:22.670+0000] {dag.py:3490} INFO - Setting next_dagrun for example_external_task_marker_parent to None, run_after=None
[2023-06-15T21:14:22.684+0000] {processor.py:179} INFO - Processing /home/airflow/.local/lib/python3.7/site-packages/airflow/example_dags/example_external_task_marker_dag.py took 0.072 seconds
[2023-06-15T21:14:53.315+0000] {processor.py:157} INFO - Started process (PID=597) to work on /home/airflow/.local/lib/python3.7/site-packages/airflow/example_dags/example_external_task_marker_dag.py
[2023-06-15T21:14:53.316+0000] {processor.py:826} INFO - Processing file /home/airflow/.local/lib/python3.7/site-packages/airflow/example_dags/example_external_task_marker_dag.py for tasks to queue
[2023-06-15T21:14:53.317+0000] {logging_mixin.py:149} INFO - [2023-06-15T21:14:53.316+0000] {dagbag.py:541} INFO - Filling up the DagBag from /home/airflow/.local/lib/python3.7/site-packages/airflow/example_dags/example_external_task_marker_dag.py
[2023-06-15T21:14:53.321+0000] {processor.py:836} INFO - DAG(s) dict_keys(['example_external_task_marker_parent', 'example_external_task_marker_child']) retrieved from /home/airflow/.local/lib/python3.7/site-packages/airflow/example_dags/example_external_task_marker_dag.py
[2023-06-15T21:14:53.342+0000] {logging_mixin.py:149} INFO - [2023-06-15T21:14:53.342+0000] {dag.py:2726} INFO - Sync 2 DAGs
[2023-06-15T21:14:53.359+0000] {logging_mixin.py:149} INFO - [2023-06-15T21:14:53.359+0000] {dag.py:3490} INFO - Setting next_dagrun for example_external_task_marker_child to None, run_after=None
[2023-06-15T21:14:53.362+0000] {logging_mixin.py:149} INFO - [2023-06-15T21:14:53.362+0000] {dag.py:3490} INFO - Setting next_dagrun for example_external_task_marker_parent to None, run_after=None
[2023-06-15T21:14:53.374+0000] {processor.py:179} INFO - Processing /home/airflow/.local/lib/python3.7/site-packages/airflow/example_dags/example_external_task_marker_dag.py took 0.062 seconds
[2023-06-15T21:20:28.053+0000] {processor.py:157} INFO - Started process (PID=1213) to work on /home/airflow/.local/lib/python3.7/site-packages/airflow/example_dags/example_external_task_marker_dag.py
[2023-06-15T21:20:28.054+0000] {processor.py:826} INFO - Processing file /home/airflow/.local/lib/python3.7/site-packages/airflow/example_dags/example_external_task_marker_dag.py for tasks to queue
[2023-06-15T21:20:28.055+0000] {logging_mixin.py:149} INFO - [2023-06-15T21:20:28.055+0000] {dagbag.py:541} INFO - Filling up the DagBag from /home/airflow/.local/lib/python3.7/site-packages/airflow/example_dags/example_external_task_marker_dag.py
[2023-06-15T21:20:28.059+0000] {processor.py:836} INFO - DAG(s) dict_keys(['example_external_task_marker_child', 'example_external_task_marker_parent']) retrieved from /home/airflow/.local/lib/python3.7/site-packages/airflow/example_dags/example_external_task_marker_dag.py
[2023-06-15T21:20:28.081+0000] {logging_mixin.py:149} INFO - [2023-06-15T21:20:28.081+0000] {dag.py:2726} INFO - Sync 2 DAGs
[2023-06-15T21:20:28.096+0000] {logging_mixin.py:149} INFO - [2023-06-15T21:20:28.096+0000] {dag.py:3490} INFO - Setting next_dagrun for example_external_task_marker_child to None, run_after=None
[2023-06-15T21:20:28.099+0000] {logging_mixin.py:149} INFO - [2023-06-15T21:20:28.099+0000] {dag.py:3490} INFO - Setting next_dagrun for example_external_task_marker_parent to None, run_after=None
[2023-06-15T21:20:28.108+0000] {processor.py:179} INFO - Processing /home/airflow/.local/lib/python3.7/site-packages/airflow/example_dags/example_external_task_marker_dag.py took 0.057 seconds
[2023-06-15T21:20:58.434+0000] {processor.py:157} INFO - Started process (PID=1268) to work on /home/airflow/.local/lib/python3.7/site-packages/airflow/example_dags/example_external_task_marker_dag.py
[2023-06-15T21:20:58.436+0000] {processor.py:826} INFO - Processing file /home/airflow/.local/lib/python3.7/site-packages/airflow/example_dags/example_external_task_marker_dag.py for tasks to queue
[2023-06-15T21:20:58.436+0000] {logging_mixin.py:149} INFO - [2023-06-15T21:20:58.436+0000] {dagbag.py:541} INFO - Filling up the DagBag from /home/airflow/.local/lib/python3.7/site-packages/airflow/example_dags/example_external_task_marker_dag.py
[2023-06-15T21:20:58.441+0000] {processor.py:836} INFO - DAG(s) dict_keys(['example_external_task_marker_child', 'example_external_task_marker_parent']) retrieved from /home/airflow/.local/lib/python3.7/site-packages/airflow/example_dags/example_external_task_marker_dag.py
[2023-06-15T21:20:58.461+0000] {logging_mixin.py:149} INFO - [2023-06-15T21:20:58.461+0000] {dag.py:2726} INFO - Sync 2 DAGs
[2023-06-15T21:20:58.476+0000] {logging_mixin.py:149} INFO - [2023-06-15T21:20:58.476+0000] {dag.py:3490} INFO - Setting next_dagrun for example_external_task_marker_child to None, run_after=None
[2023-06-15T21:20:58.479+0000] {logging_mixin.py:149} INFO - [2023-06-15T21:20:58.479+0000] {dag.py:3490} INFO - Setting next_dagrun for example_external_task_marker_parent to None, run_after=None
[2023-06-15T21:20:58.488+0000] {processor.py:179} INFO - Processing /home/airflow/.local/lib/python3.7/site-packages/airflow/example_dags/example_external_task_marker_dag.py took 0.056 seconds
[2023-06-15T21:21:28.811+0000] {processor.py:157} INFO - Started process (PID=1324) to work on /home/airflow/.local/lib/python3.7/site-packages/airflow/example_dags/example_external_task_marker_dag.py
[2023-06-15T21:21:28.813+0000] {processor.py:826} INFO - Processing file /home/airflow/.local/lib/python3.7/site-packages/airflow/example_dags/example_external_task_marker_dag.py for tasks to queue
[2023-06-15T21:21:28.813+0000] {logging_mixin.py:149} INFO - [2023-06-15T21:21:28.813+0000] {dagbag.py:541} INFO - Filling up the DagBag from /home/airflow/.local/lib/python3.7/site-packages/airflow/example_dags/example_external_task_marker_dag.py
[2023-06-15T21:21:28.818+0000] {processor.py:836} INFO - DAG(s) dict_keys(['example_external_task_marker_parent', 'example_external_task_marker_child']) retrieved from /home/airflow/.local/lib/python3.7/site-packages/airflow/example_dags/example_external_task_marker_dag.py
[2023-06-15T21:21:28.839+0000] {logging_mixin.py:149} INFO - [2023-06-15T21:21:28.839+0000] {dag.py:2726} INFO - Sync 2 DAGs
[2023-06-15T21:21:28.855+0000] {logging_mixin.py:149} INFO - [2023-06-15T21:21:28.854+0000] {dag.py:3490} INFO - Setting next_dagrun for example_external_task_marker_child to None, run_after=None
[2023-06-15T21:21:28.857+0000] {logging_mixin.py:149} INFO - [2023-06-15T21:21:28.857+0000] {dag.py:3490} INFO - Setting next_dagrun for example_external_task_marker_parent to None, run_after=None
[2023-06-15T21:21:28.867+0000] {processor.py:179} INFO - Processing /home/airflow/.local/lib/python3.7/site-packages/airflow/example_dags/example_external_task_marker_dag.py took 0.058 seconds
