[2023-06-15T21:09:51.152+0000] {processor.py:157} INFO - Started process (PID=72) to work on /home/airflow/.local/lib/python3.7/site-packages/airflow/example_dags/example_short_circuit_decorator.py
[2023-06-15T21:09:51.155+0000] {processor.py:826} INFO - Processing file /home/airflow/.local/lib/python3.7/site-packages/airflow/example_dags/example_short_circuit_decorator.py for tasks to queue
[2023-06-15T21:09:51.158+0000] {logging_mixin.py:149} INFO - [2023-06-15T21:09:51.158+0000] {dagbag.py:541} INFO - Filling up the DagBag from /home/airflow/.local/lib/python3.7/site-packages/airflow/example_dags/example_short_circuit_decorator.py
[2023-06-15T21:09:51.194+0000] {processor.py:836} INFO - DAG(s) dict_keys(['example_short_circuit_decorator']) retrieved from /home/airflow/.local/lib/python3.7/site-packages/airflow/example_dags/example_short_circuit_decorator.py
[2023-06-15T21:09:51.213+0000] {logging_mixin.py:149} INFO - [2023-06-15T21:09:51.212+0000] {dag.py:2726} INFO - Sync 1 DAGs
[2023-06-15T21:09:51.310+0000] {logging_mixin.py:149} INFO - [2023-06-15T21:09:51.310+0000] {dag.py:3490} INFO - Setting next_dagrun for example_short_circuit_decorator to 2023-06-14T21:09:51.309958+00:00, run_after=2023-06-15T21:09:51.309958+00:00
[2023-06-15T21:09:51.414+0000] {processor.py:179} INFO - Processing /home/airflow/.local/lib/python3.7/site-packages/airflow/example_dags/example_short_circuit_decorator.py took 0.266 seconds
[2023-06-15T21:10:21.454+0000] {processor.py:157} INFO - Started process (PID=129) to work on /home/airflow/.local/lib/python3.7/site-packages/airflow/example_dags/example_short_circuit_decorator.py
[2023-06-15T21:10:21.455+0000] {processor.py:826} INFO - Processing file /home/airflow/.local/lib/python3.7/site-packages/airflow/example_dags/example_short_circuit_decorator.py for tasks to queue
[2023-06-15T21:10:21.456+0000] {logging_mixin.py:149} INFO - [2023-06-15T21:10:21.456+0000] {dagbag.py:541} INFO - Filling up the DagBag from /home/airflow/.local/lib/python3.7/site-packages/airflow/example_dags/example_short_circuit_decorator.py
[2023-06-15T21:10:21.463+0000] {processor.py:836} INFO - DAG(s) dict_keys(['example_short_circuit_decorator']) retrieved from /home/airflow/.local/lib/python3.7/site-packages/airflow/example_dags/example_short_circuit_decorator.py
[2023-06-15T21:10:21.483+0000] {logging_mixin.py:149} INFO - [2023-06-15T21:10:21.483+0000] {dag.py:2726} INFO - Sync 1 DAGs
[2023-06-15T21:10:21.498+0000] {logging_mixin.py:149} INFO - [2023-06-15T21:10:21.498+0000] {dag.py:3490} INFO - Setting next_dagrun for example_short_circuit_decorator to 2023-06-14T21:10:21.497967+00:00, run_after=2023-06-15T21:10:21.497967+00:00
[2023-06-15T21:10:21.509+0000] {processor.py:179} INFO - Processing /home/airflow/.local/lib/python3.7/site-packages/airflow/example_dags/example_short_circuit_decorator.py took 0.057 seconds
[2023-06-15T21:10:51.932+0000] {processor.py:157} INFO - Started process (PID=185) to work on /home/airflow/.local/lib/python3.7/site-packages/airflow/example_dags/example_short_circuit_decorator.py
[2023-06-15T21:10:51.933+0000] {processor.py:826} INFO - Processing file /home/airflow/.local/lib/python3.7/site-packages/airflow/example_dags/example_short_circuit_decorator.py for tasks to queue
[2023-06-15T21:10:51.934+0000] {logging_mixin.py:149} INFO - [2023-06-15T21:10:51.934+0000] {dagbag.py:541} INFO - Filling up the DagBag from /home/airflow/.local/lib/python3.7/site-packages/airflow/example_dags/example_short_circuit_decorator.py
[2023-06-15T21:10:51.941+0000] {processor.py:836} INFO - DAG(s) dict_keys(['example_short_circuit_decorator']) retrieved from /home/airflow/.local/lib/python3.7/site-packages/airflow/example_dags/example_short_circuit_decorator.py
[2023-06-15T21:10:51.960+0000] {logging_mixin.py:149} INFO - [2023-06-15T21:10:51.960+0000] {dag.py:2726} INFO - Sync 1 DAGs
[2023-06-15T21:10:51.978+0000] {logging_mixin.py:149} INFO - [2023-06-15T21:10:51.978+0000] {dag.py:3490} INFO - Setting next_dagrun for example_short_circuit_decorator to 2023-06-14T21:10:51.977994+00:00, run_after=2023-06-15T21:10:51.977994+00:00
[2023-06-15T21:10:51.990+0000] {processor.py:179} INFO - Processing /home/airflow/.local/lib/python3.7/site-packages/airflow/example_dags/example_short_circuit_decorator.py took 0.060 seconds
[2023-06-15T21:11:22.106+0000] {processor.py:157} INFO - Started process (PID=240) to work on /home/airflow/.local/lib/python3.7/site-packages/airflow/example_dags/example_short_circuit_decorator.py
[2023-06-15T21:11:22.108+0000] {processor.py:826} INFO - Processing file /home/airflow/.local/lib/python3.7/site-packages/airflow/example_dags/example_short_circuit_decorator.py for tasks to queue
[2023-06-15T21:11:22.109+0000] {logging_mixin.py:149} INFO - [2023-06-15T21:11:22.108+0000] {dagbag.py:541} INFO - Filling up the DagBag from /home/airflow/.local/lib/python3.7/site-packages/airflow/example_dags/example_short_circuit_decorator.py
[2023-06-15T21:11:22.116+0000] {processor.py:836} INFO - DAG(s) dict_keys(['example_short_circuit_decorator']) retrieved from /home/airflow/.local/lib/python3.7/site-packages/airflow/example_dags/example_short_circuit_decorator.py
[2023-06-15T21:11:22.135+0000] {logging_mixin.py:149} INFO - [2023-06-15T21:11:22.135+0000] {dag.py:2726} INFO - Sync 1 DAGs
[2023-06-15T21:11:22.151+0000] {logging_mixin.py:149} INFO - [2023-06-15T21:11:22.151+0000] {dag.py:3490} INFO - Setting next_dagrun for example_short_circuit_decorator to 2023-06-14T21:11:22.151482+00:00, run_after=2023-06-15T21:11:22.151482+00:00
[2023-06-15T21:11:22.163+0000] {processor.py:179} INFO - Processing /home/airflow/.local/lib/python3.7/site-packages/airflow/example_dags/example_short_circuit_decorator.py took 0.060 seconds
[2023-06-15T21:11:52.942+0000] {processor.py:157} INFO - Started process (PID=296) to work on /home/airflow/.local/lib/python3.7/site-packages/airflow/example_dags/example_short_circuit_decorator.py
[2023-06-15T21:11:52.943+0000] {processor.py:826} INFO - Processing file /home/airflow/.local/lib/python3.7/site-packages/airflow/example_dags/example_short_circuit_decorator.py for tasks to queue
[2023-06-15T21:11:52.944+0000] {logging_mixin.py:149} INFO - [2023-06-15T21:11:52.944+0000] {dagbag.py:541} INFO - Filling up the DagBag from /home/airflow/.local/lib/python3.7/site-packages/airflow/example_dags/example_short_circuit_decorator.py
[2023-06-15T21:11:52.955+0000] {processor.py:836} INFO - DAG(s) dict_keys(['example_short_circuit_decorator']) retrieved from /home/airflow/.local/lib/python3.7/site-packages/airflow/example_dags/example_short_circuit_decorator.py
[2023-06-15T21:11:52.981+0000] {logging_mixin.py:149} INFO - [2023-06-15T21:11:52.981+0000] {dag.py:2726} INFO - Sync 1 DAGs
[2023-06-15T21:11:53.001+0000] {logging_mixin.py:149} INFO - [2023-06-15T21:11:53.001+0000] {dag.py:3490} INFO - Setting next_dagrun for example_short_circuit_decorator to 2023-06-14T21:11:53.001036+00:00, run_after=2023-06-15T21:11:53.001036+00:00
[2023-06-15T21:11:53.015+0000] {processor.py:179} INFO - Processing /home/airflow/.local/lib/python3.7/site-packages/airflow/example_dags/example_short_circuit_decorator.py took 0.076 seconds
[2023-06-15T21:12:23.302+0000] {processor.py:157} INFO - Started process (PID=352) to work on /home/airflow/.local/lib/python3.7/site-packages/airflow/example_dags/example_short_circuit_decorator.py
[2023-06-15T21:12:23.303+0000] {processor.py:826} INFO - Processing file /home/airflow/.local/lib/python3.7/site-packages/airflow/example_dags/example_short_circuit_decorator.py for tasks to queue
[2023-06-15T21:12:23.304+0000] {logging_mixin.py:149} INFO - [2023-06-15T21:12:23.304+0000] {dagbag.py:541} INFO - Filling up the DagBag from /home/airflow/.local/lib/python3.7/site-packages/airflow/example_dags/example_short_circuit_decorator.py
[2023-06-15T21:12:23.312+0000] {processor.py:836} INFO - DAG(s) dict_keys(['example_short_circuit_decorator']) retrieved from /home/airflow/.local/lib/python3.7/site-packages/airflow/example_dags/example_short_circuit_decorator.py
[2023-06-15T21:12:23.332+0000] {logging_mixin.py:149} INFO - [2023-06-15T21:12:23.332+0000] {dag.py:2726} INFO - Sync 1 DAGs
[2023-06-15T21:12:23.349+0000] {logging_mixin.py:149} INFO - [2023-06-15T21:12:23.349+0000] {dag.py:3490} INFO - Setting next_dagrun for example_short_circuit_decorator to 2023-06-14T21:12:23.349307+00:00, run_after=2023-06-15T21:12:23.349307+00:00
[2023-06-15T21:12:23.362+0000] {processor.py:179} INFO - Processing /home/airflow/.local/lib/python3.7/site-packages/airflow/example_dags/example_short_circuit_decorator.py took 0.063 seconds
[2023-06-15T21:12:53.667+0000] {processor.py:157} INFO - Started process (PID=407) to work on /home/airflow/.local/lib/python3.7/site-packages/airflow/example_dags/example_short_circuit_decorator.py
[2023-06-15T21:12:53.668+0000] {processor.py:826} INFO - Processing file /home/airflow/.local/lib/python3.7/site-packages/airflow/example_dags/example_short_circuit_decorator.py for tasks to queue
[2023-06-15T21:12:53.669+0000] {logging_mixin.py:149} INFO - [2023-06-15T21:12:53.669+0000] {dagbag.py:541} INFO - Filling up the DagBag from /home/airflow/.local/lib/python3.7/site-packages/airflow/example_dags/example_short_circuit_decorator.py
[2023-06-15T21:12:53.677+0000] {processor.py:836} INFO - DAG(s) dict_keys(['example_short_circuit_decorator']) retrieved from /home/airflow/.local/lib/python3.7/site-packages/airflow/example_dags/example_short_circuit_decorator.py
[2023-06-15T21:12:53.698+0000] {logging_mixin.py:149} INFO - [2023-06-15T21:12:53.698+0000] {dag.py:2726} INFO - Sync 1 DAGs
[2023-06-15T21:12:53.714+0000] {logging_mixin.py:149} INFO - [2023-06-15T21:12:53.714+0000] {dag.py:3490} INFO - Setting next_dagrun for example_short_circuit_decorator to 2023-06-14T21:12:53.713996+00:00, run_after=2023-06-15T21:12:53.713996+00:00
[2023-06-15T21:12:53.727+0000] {processor.py:179} INFO - Processing /home/airflow/.local/lib/python3.7/site-packages/airflow/example_dags/example_short_circuit_decorator.py took 0.063 seconds
[2023-06-15T21:13:24.034+0000] {processor.py:157} INFO - Started process (PID=463) to work on /home/airflow/.local/lib/python3.7/site-packages/airflow/example_dags/example_short_circuit_decorator.py
[2023-06-15T21:13:24.035+0000] {processor.py:826} INFO - Processing file /home/airflow/.local/lib/python3.7/site-packages/airflow/example_dags/example_short_circuit_decorator.py for tasks to queue
[2023-06-15T21:13:24.036+0000] {logging_mixin.py:149} INFO - [2023-06-15T21:13:24.036+0000] {dagbag.py:541} INFO - Filling up the DagBag from /home/airflow/.local/lib/python3.7/site-packages/airflow/example_dags/example_short_circuit_decorator.py
[2023-06-15T21:13:24.043+0000] {processor.py:836} INFO - DAG(s) dict_keys(['example_short_circuit_decorator']) retrieved from /home/airflow/.local/lib/python3.7/site-packages/airflow/example_dags/example_short_circuit_decorator.py
[2023-06-15T21:13:24.063+0000] {logging_mixin.py:149} INFO - [2023-06-15T21:13:24.063+0000] {dag.py:2726} INFO - Sync 1 DAGs
[2023-06-15T21:13:24.080+0000] {logging_mixin.py:149} INFO - [2023-06-15T21:13:24.080+0000] {dag.py:3490} INFO - Setting next_dagrun for example_short_circuit_decorator to 2023-06-14T21:13:24.080507+00:00, run_after=2023-06-15T21:13:24.080507+00:00
[2023-06-15T21:13:24.092+0000] {processor.py:179} INFO - Processing /home/airflow/.local/lib/python3.7/site-packages/airflow/example_dags/example_short_circuit_decorator.py took 0.062 seconds
[2023-06-15T21:13:54.917+0000] {processor.py:157} INFO - Started process (PID=519) to work on /home/airflow/.local/lib/python3.7/site-packages/airflow/example_dags/example_short_circuit_decorator.py
[2023-06-15T21:13:54.918+0000] {processor.py:826} INFO - Processing file /home/airflow/.local/lib/python3.7/site-packages/airflow/example_dags/example_short_circuit_decorator.py for tasks to queue
[2023-06-15T21:13:54.919+0000] {logging_mixin.py:149} INFO - [2023-06-15T21:13:54.919+0000] {dagbag.py:541} INFO - Filling up the DagBag from /home/airflow/.local/lib/python3.7/site-packages/airflow/example_dags/example_short_circuit_decorator.py
[2023-06-15T21:13:54.927+0000] {processor.py:836} INFO - DAG(s) dict_keys(['example_short_circuit_decorator']) retrieved from /home/airflow/.local/lib/python3.7/site-packages/airflow/example_dags/example_short_circuit_decorator.py
[2023-06-15T21:13:54.948+0000] {logging_mixin.py:149} INFO - [2023-06-15T21:13:54.947+0000] {dag.py:2726} INFO - Sync 1 DAGs
[2023-06-15T21:13:54.965+0000] {logging_mixin.py:149} INFO - [2023-06-15T21:13:54.965+0000] {dag.py:3490} INFO - Setting next_dagrun for example_short_circuit_decorator to 2023-06-14T21:13:54.965392+00:00, run_after=2023-06-15T21:13:54.965392+00:00
[2023-06-15T21:13:54.978+0000] {processor.py:179} INFO - Processing /home/airflow/.local/lib/python3.7/site-packages/airflow/example_dags/example_short_circuit_decorator.py took 0.065 seconds
[2023-06-15T21:14:25.569+0000] {processor.py:157} INFO - Started process (PID=575) to work on /home/airflow/.local/lib/python3.7/site-packages/airflow/example_dags/example_short_circuit_decorator.py
[2023-06-15T21:14:25.571+0000] {processor.py:826} INFO - Processing file /home/airflow/.local/lib/python3.7/site-packages/airflow/example_dags/example_short_circuit_decorator.py for tasks to queue
[2023-06-15T21:14:25.572+0000] {logging_mixin.py:149} INFO - [2023-06-15T21:14:25.572+0000] {dagbag.py:541} INFO - Filling up the DagBag from /home/airflow/.local/lib/python3.7/site-packages/airflow/example_dags/example_short_circuit_decorator.py
[2023-06-15T21:14:25.579+0000] {processor.py:836} INFO - DAG(s) dict_keys(['example_short_circuit_decorator']) retrieved from /home/airflow/.local/lib/python3.7/site-packages/airflow/example_dags/example_short_circuit_decorator.py
[2023-06-15T21:14:25.609+0000] {logging_mixin.py:149} INFO - [2023-06-15T21:14:25.609+0000] {dag.py:2726} INFO - Sync 1 DAGs
[2023-06-15T21:14:25.629+0000] {logging_mixin.py:149} INFO - [2023-06-15T21:14:25.629+0000] {dag.py:3490} INFO - Setting next_dagrun for example_short_circuit_decorator to 2023-06-14T21:14:25.629243+00:00, run_after=2023-06-15T21:14:25.629243+00:00
[2023-06-15T21:14:25.647+0000] {processor.py:179} INFO - Processing /home/airflow/.local/lib/python3.7/site-packages/airflow/example_dags/example_short_circuit_decorator.py took 0.081 seconds
[2023-06-15T21:14:56.128+0000] {processor.py:157} INFO - Started process (PID=632) to work on /home/airflow/.local/lib/python3.7/site-packages/airflow/example_dags/example_short_circuit_decorator.py
[2023-06-15T21:14:56.130+0000] {processor.py:826} INFO - Processing file /home/airflow/.local/lib/python3.7/site-packages/airflow/example_dags/example_short_circuit_decorator.py for tasks to queue
[2023-06-15T21:14:56.130+0000] {logging_mixin.py:149} INFO - [2023-06-15T21:14:56.130+0000] {dagbag.py:541} INFO - Filling up the DagBag from /home/airflow/.local/lib/python3.7/site-packages/airflow/example_dags/example_short_circuit_decorator.py
[2023-06-15T21:14:56.138+0000] {processor.py:836} INFO - DAG(s) dict_keys(['example_short_circuit_decorator']) retrieved from /home/airflow/.local/lib/python3.7/site-packages/airflow/example_dags/example_short_circuit_decorator.py
[2023-06-15T21:14:56.159+0000] {logging_mixin.py:149} INFO - [2023-06-15T21:14:56.159+0000] {dag.py:2726} INFO - Sync 1 DAGs
[2023-06-15T21:14:56.176+0000] {logging_mixin.py:149} INFO - [2023-06-15T21:14:56.176+0000] {dag.py:3490} INFO - Setting next_dagrun for example_short_circuit_decorator to 2023-06-14T21:14:56.175813+00:00, run_after=2023-06-15T21:14:56.175813+00:00
[2023-06-15T21:14:56.188+0000] {processor.py:179} INFO - Processing /home/airflow/.local/lib/python3.7/site-packages/airflow/example_dags/example_short_circuit_decorator.py took 0.062 seconds
[2023-06-15T21:20:30.728+0000] {processor.py:157} INFO - Started process (PID=1248) to work on /home/airflow/.local/lib/python3.7/site-packages/airflow/example_dags/example_short_circuit_decorator.py
[2023-06-15T21:20:30.729+0000] {processor.py:826} INFO - Processing file /home/airflow/.local/lib/python3.7/site-packages/airflow/example_dags/example_short_circuit_decorator.py for tasks to queue
[2023-06-15T21:20:30.730+0000] {logging_mixin.py:149} INFO - [2023-06-15T21:20:30.730+0000] {dagbag.py:541} INFO - Filling up the DagBag from /home/airflow/.local/lib/python3.7/site-packages/airflow/example_dags/example_short_circuit_decorator.py
[2023-06-15T21:20:30.740+0000] {processor.py:836} INFO - DAG(s) dict_keys(['example_short_circuit_decorator']) retrieved from /home/airflow/.local/lib/python3.7/site-packages/airflow/example_dags/example_short_circuit_decorator.py
[2023-06-15T21:20:30.761+0000] {logging_mixin.py:149} INFO - [2023-06-15T21:20:30.761+0000] {dag.py:2726} INFO - Sync 1 DAGs
[2023-06-15T21:20:30.779+0000] {logging_mixin.py:149} INFO - [2023-06-15T21:20:30.779+0000] {dag.py:3490} INFO - Setting next_dagrun for example_short_circuit_decorator to 2023-06-14T21:20:30.779367+00:00, run_after=2023-06-15T21:20:30.779367+00:00
[2023-06-15T21:20:30.793+0000] {processor.py:179} INFO - Processing /home/airflow/.local/lib/python3.7/site-packages/airflow/example_dags/example_short_circuit_decorator.py took 0.068 seconds
[2023-06-15T21:21:01.084+0000] {processor.py:157} INFO - Started process (PID=1303) to work on /home/airflow/.local/lib/python3.7/site-packages/airflow/example_dags/example_short_circuit_decorator.py
[2023-06-15T21:21:01.086+0000] {processor.py:826} INFO - Processing file /home/airflow/.local/lib/python3.7/site-packages/airflow/example_dags/example_short_circuit_decorator.py for tasks to queue
[2023-06-15T21:21:01.086+0000] {logging_mixin.py:149} INFO - [2023-06-15T21:21:01.086+0000] {dagbag.py:541} INFO - Filling up the DagBag from /home/airflow/.local/lib/python3.7/site-packages/airflow/example_dags/example_short_circuit_decorator.py
[2023-06-15T21:21:01.094+0000] {processor.py:836} INFO - DAG(s) dict_keys(['example_short_circuit_decorator']) retrieved from /home/airflow/.local/lib/python3.7/site-packages/airflow/example_dags/example_short_circuit_decorator.py
[2023-06-15T21:21:01.114+0000] {logging_mixin.py:149} INFO - [2023-06-15T21:21:01.114+0000] {dag.py:2726} INFO - Sync 1 DAGs
[2023-06-15T21:21:01.130+0000] {logging_mixin.py:149} INFO - [2023-06-15T21:21:01.130+0000] {dag.py:3490} INFO - Setting next_dagrun for example_short_circuit_decorator to 2023-06-14T21:21:01.130671+00:00, run_after=2023-06-15T21:21:01.130671+00:00
[2023-06-15T21:21:01.141+0000] {processor.py:179} INFO - Processing /home/airflow/.local/lib/python3.7/site-packages/airflow/example_dags/example_short_circuit_decorator.py took 0.060 seconds
[2023-06-15T21:21:31.548+0000] {processor.py:157} INFO - Started process (PID=1358) to work on /home/airflow/.local/lib/python3.7/site-packages/airflow/example_dags/example_short_circuit_decorator.py
[2023-06-15T21:21:31.549+0000] {processor.py:826} INFO - Processing file /home/airflow/.local/lib/python3.7/site-packages/airflow/example_dags/example_short_circuit_decorator.py for tasks to queue
[2023-06-15T21:21:31.550+0000] {logging_mixin.py:149} INFO - [2023-06-15T21:21:31.550+0000] {dagbag.py:541} INFO - Filling up the DagBag from /home/airflow/.local/lib/python3.7/site-packages/airflow/example_dags/example_short_circuit_decorator.py
[2023-06-15T21:21:31.558+0000] {processor.py:836} INFO - DAG(s) dict_keys(['example_short_circuit_decorator']) retrieved from /home/airflow/.local/lib/python3.7/site-packages/airflow/example_dags/example_short_circuit_decorator.py
[2023-06-15T21:21:31.578+0000] {logging_mixin.py:149} INFO - [2023-06-15T21:21:31.578+0000] {dag.py:2726} INFO - Sync 1 DAGs
[2023-06-15T21:21:31.596+0000] {logging_mixin.py:149} INFO - [2023-06-15T21:21:31.596+0000] {dag.py:3490} INFO - Setting next_dagrun for example_short_circuit_decorator to 2023-06-14T21:21:31.596232+00:00, run_after=2023-06-15T21:21:31.596232+00:00
[2023-06-15T21:21:31.608+0000] {processor.py:179} INFO - Processing /home/airflow/.local/lib/python3.7/site-packages/airflow/example_dags/example_short_circuit_decorator.py took 0.063 seconds
