[2023-06-15T21:09:49.730+0000] {processor.py:157} INFO - Started process (PID=58) to work on /home/airflow/.local/lib/python3.7/site-packages/airflow/example_dags/example_subdag_operator.py
[2023-06-15T21:09:49.734+0000] {processor.py:826} INFO - Processing file /home/airflow/.local/lib/python3.7/site-packages/airflow/example_dags/example_subdag_operator.py for tasks to queue
[2023-06-15T21:09:49.735+0000] {logging_mixin.py:149} INFO - [2023-06-15T21:09:49.735+0000] {dagbag.py:541} INFO - Filling up the DagBag from /home/airflow/.local/lib/python3.7/site-packages/airflow/example_dags/example_subdag_operator.py
[2023-06-15T21:09:49.781+0000] {processor.py:836} INFO - DAG(s) dict_keys(['example_subdag_operator.section-1', 'example_subdag_operator.section-2', 'example_subdag_operator']) retrieved from /home/airflow/.local/lib/python3.7/site-packages/airflow/example_dags/example_subdag_operator.py
[2023-06-15T21:09:49.788+0000] {logging_mixin.py:149} INFO - [2023-06-15T21:09:49.787+0000] {dag.py:2726} INFO - Sync 3 DAGs
[2023-06-15T21:09:49.818+0000] {logging_mixin.py:149} INFO - [2023-06-15T21:09:49.817+0000] {dag.py:3490} INFO - Setting next_dagrun for example_subdag_operator to 2022-01-01T00:00:00+00:00, run_after=2022-01-01T00:00:00+00:00
[2023-06-15T21:09:49.821+0000] {logging_mixin.py:149} INFO - [2023-06-15T21:09:49.821+0000] {dag.py:3490} INFO - Setting next_dagrun for example_subdag_operator.section-1 to None, run_after=None
[2023-06-15T21:09:49.823+0000] {logging_mixin.py:149} INFO - [2023-06-15T21:09:49.823+0000] {dag.py:3490} INFO - Setting next_dagrun for example_subdag_operator.section-2 to None, run_after=None
[2023-06-15T21:09:49.829+0000] {logging_mixin.py:149} INFO - [2023-06-15T21:09:49.829+0000] {dag.py:2726} INFO - Sync 2 DAGs
[2023-06-15T21:09:49.833+0000] {logging_mixin.py:149} INFO - [2023-06-15T21:09:49.833+0000] {dag.py:3490} INFO - Setting next_dagrun for example_subdag_operator.section-1 to None, run_after=None
[2023-06-15T21:09:49.834+0000] {logging_mixin.py:149} INFO - [2023-06-15T21:09:49.834+0000] {dag.py:3490} INFO - Setting next_dagrun for example_subdag_operator.section-2 to None, run_after=None
[2023-06-15T21:09:49.842+0000] {processor.py:179} INFO - Processing /home/airflow/.local/lib/python3.7/site-packages/airflow/example_dags/example_subdag_operator.py took 0.115 seconds
[2023-06-15T21:10:20.694+0000] {processor.py:157} INFO - Started process (PID=114) to work on /home/airflow/.local/lib/python3.7/site-packages/airflow/example_dags/example_subdag_operator.py
[2023-06-15T21:10:20.695+0000] {processor.py:826} INFO - Processing file /home/airflow/.local/lib/python3.7/site-packages/airflow/example_dags/example_subdag_operator.py for tasks to queue
[2023-06-15T21:10:20.696+0000] {logging_mixin.py:149} INFO - [2023-06-15T21:10:20.696+0000] {dagbag.py:541} INFO - Filling up the DagBag from /home/airflow/.local/lib/python3.7/site-packages/airflow/example_dags/example_subdag_operator.py
[2023-06-15T21:10:20.716+0000] {processor.py:836} INFO - DAG(s) dict_keys(['example_subdag_operator.section-1', 'example_subdag_operator.section-2', 'example_subdag_operator']) retrieved from /home/airflow/.local/lib/python3.7/site-packages/airflow/example_dags/example_subdag_operator.py
[2023-06-15T21:10:20.730+0000] {logging_mixin.py:149} INFO - [2023-06-15T21:10:20.730+0000] {dag.py:2726} INFO - Sync 3 DAGs
[2023-06-15T21:10:20.747+0000] {logging_mixin.py:149} INFO - [2023-06-15T21:10:20.747+0000] {dag.py:3490} INFO - Setting next_dagrun for example_subdag_operator to 2022-01-01T00:00:00+00:00, run_after=2022-01-01T00:00:00+00:00
[2023-06-15T21:10:20.750+0000] {logging_mixin.py:149} INFO - [2023-06-15T21:10:20.749+0000] {dag.py:3490} INFO - Setting next_dagrun for example_subdag_operator.section-1 to None, run_after=None
[2023-06-15T21:10:20.751+0000] {logging_mixin.py:149} INFO - [2023-06-15T21:10:20.751+0000] {dag.py:3490} INFO - Setting next_dagrun for example_subdag_operator.section-2 to None, run_after=None
[2023-06-15T21:10:20.756+0000] {logging_mixin.py:149} INFO - [2023-06-15T21:10:20.755+0000] {dag.py:2726} INFO - Sync 2 DAGs
[2023-06-15T21:10:20.760+0000] {logging_mixin.py:149} INFO - [2023-06-15T21:10:20.760+0000] {dag.py:3490} INFO - Setting next_dagrun for example_subdag_operator.section-1 to None, run_after=None
[2023-06-15T21:10:20.761+0000] {logging_mixin.py:149} INFO - [2023-06-15T21:10:20.761+0000] {dag.py:3490} INFO - Setting next_dagrun for example_subdag_operator.section-2 to None, run_after=None
[2023-06-15T21:10:20.767+0000] {processor.py:179} INFO - Processing /home/airflow/.local/lib/python3.7/site-packages/airflow/example_dags/example_subdag_operator.py took 0.076 seconds
[2023-06-15T21:10:51.246+0000] {processor.py:157} INFO - Started process (PID=170) to work on /home/airflow/.local/lib/python3.7/site-packages/airflow/example_dags/example_subdag_operator.py
[2023-06-15T21:10:51.247+0000] {processor.py:826} INFO - Processing file /home/airflow/.local/lib/python3.7/site-packages/airflow/example_dags/example_subdag_operator.py for tasks to queue
[2023-06-15T21:10:51.248+0000] {logging_mixin.py:149} INFO - [2023-06-15T21:10:51.248+0000] {dagbag.py:541} INFO - Filling up the DagBag from /home/airflow/.local/lib/python3.7/site-packages/airflow/example_dags/example_subdag_operator.py
[2023-06-15T21:10:51.268+0000] {processor.py:836} INFO - DAG(s) dict_keys(['example_subdag_operator.section-1', 'example_subdag_operator.section-2', 'example_subdag_operator']) retrieved from /home/airflow/.local/lib/python3.7/site-packages/airflow/example_dags/example_subdag_operator.py
[2023-06-15T21:10:51.280+0000] {logging_mixin.py:149} INFO - [2023-06-15T21:10:51.280+0000] {dag.py:2726} INFO - Sync 3 DAGs
[2023-06-15T21:10:51.296+0000] {logging_mixin.py:149} INFO - [2023-06-15T21:10:51.296+0000] {dag.py:3490} INFO - Setting next_dagrun for example_subdag_operator to 2022-01-01T00:00:00+00:00, run_after=2022-01-01T00:00:00+00:00
[2023-06-15T21:10:51.300+0000] {logging_mixin.py:149} INFO - [2023-06-15T21:10:51.299+0000] {dag.py:3490} INFO - Setting next_dagrun for example_subdag_operator.section-1 to None, run_after=None
[2023-06-15T21:10:51.301+0000] {logging_mixin.py:149} INFO - [2023-06-15T21:10:51.301+0000] {dag.py:3490} INFO - Setting next_dagrun for example_subdag_operator.section-2 to None, run_after=None
[2023-06-15T21:10:51.306+0000] {logging_mixin.py:149} INFO - [2023-06-15T21:10:51.306+0000] {dag.py:2726} INFO - Sync 2 DAGs
[2023-06-15T21:10:51.310+0000] {logging_mixin.py:149} INFO - [2023-06-15T21:10:51.310+0000] {dag.py:3490} INFO - Setting next_dagrun for example_subdag_operator.section-1 to None, run_after=None
[2023-06-15T21:10:51.310+0000] {logging_mixin.py:149} INFO - [2023-06-15T21:10:51.310+0000] {dag.py:3490} INFO - Setting next_dagrun for example_subdag_operator.section-2 to None, run_after=None
[2023-06-15T21:10:51.317+0000] {processor.py:179} INFO - Processing /home/airflow/.local/lib/python3.7/site-packages/airflow/example_dags/example_subdag_operator.py took 0.073 seconds
[2023-06-15T21:11:21.470+0000] {processor.py:157} INFO - Started process (PID=226) to work on /home/airflow/.local/lib/python3.7/site-packages/airflow/example_dags/example_subdag_operator.py
[2023-06-15T21:11:21.472+0000] {processor.py:826} INFO - Processing file /home/airflow/.local/lib/python3.7/site-packages/airflow/example_dags/example_subdag_operator.py for tasks to queue
[2023-06-15T21:11:21.473+0000] {logging_mixin.py:149} INFO - [2023-06-15T21:11:21.473+0000] {dagbag.py:541} INFO - Filling up the DagBag from /home/airflow/.local/lib/python3.7/site-packages/airflow/example_dags/example_subdag_operator.py
[2023-06-15T21:11:21.493+0000] {processor.py:836} INFO - DAG(s) dict_keys(['example_subdag_operator.section-1', 'example_subdag_operator.section-2', 'example_subdag_operator']) retrieved from /home/airflow/.local/lib/python3.7/site-packages/airflow/example_dags/example_subdag_operator.py
[2023-06-15T21:11:21.505+0000] {logging_mixin.py:149} INFO - [2023-06-15T21:11:21.505+0000] {dag.py:2726} INFO - Sync 3 DAGs
[2023-06-15T21:11:21.521+0000] {logging_mixin.py:149} INFO - [2023-06-15T21:11:21.521+0000] {dag.py:3490} INFO - Setting next_dagrun for example_subdag_operator to 2022-01-01T00:00:00+00:00, run_after=2022-01-01T00:00:00+00:00
[2023-06-15T21:11:21.524+0000] {logging_mixin.py:149} INFO - [2023-06-15T21:11:21.524+0000] {dag.py:3490} INFO - Setting next_dagrun for example_subdag_operator.section-1 to None, run_after=None
[2023-06-15T21:11:21.525+0000] {logging_mixin.py:149} INFO - [2023-06-15T21:11:21.525+0000] {dag.py:3490} INFO - Setting next_dagrun for example_subdag_operator.section-2 to None, run_after=None
[2023-06-15T21:11:21.530+0000] {logging_mixin.py:149} INFO - [2023-06-15T21:11:21.530+0000] {dag.py:2726} INFO - Sync 2 DAGs
[2023-06-15T21:11:21.534+0000] {logging_mixin.py:149} INFO - [2023-06-15T21:11:21.533+0000] {dag.py:3490} INFO - Setting next_dagrun for example_subdag_operator.section-1 to None, run_after=None
[2023-06-15T21:11:21.534+0000] {logging_mixin.py:149} INFO - [2023-06-15T21:11:21.534+0000] {dag.py:3490} INFO - Setting next_dagrun for example_subdag_operator.section-2 to None, run_after=None
[2023-06-15T21:11:21.540+0000] {processor.py:179} INFO - Processing /home/airflow/.local/lib/python3.7/site-packages/airflow/example_dags/example_subdag_operator.py took 0.072 seconds
[2023-06-15T21:11:52.118+0000] {processor.py:157} INFO - Started process (PID=282) to work on /home/airflow/.local/lib/python3.7/site-packages/airflow/example_dags/example_subdag_operator.py
[2023-06-15T21:11:52.120+0000] {processor.py:826} INFO - Processing file /home/airflow/.local/lib/python3.7/site-packages/airflow/example_dags/example_subdag_operator.py for tasks to queue
[2023-06-15T21:11:52.120+0000] {logging_mixin.py:149} INFO - [2023-06-15T21:11:52.120+0000] {dagbag.py:541} INFO - Filling up the DagBag from /home/airflow/.local/lib/python3.7/site-packages/airflow/example_dags/example_subdag_operator.py
[2023-06-15T21:11:52.145+0000] {processor.py:836} INFO - DAG(s) dict_keys(['example_subdag_operator.section-1', 'example_subdag_operator.section-2', 'example_subdag_operator']) retrieved from /home/airflow/.local/lib/python3.7/site-packages/airflow/example_dags/example_subdag_operator.py
[2023-06-15T21:11:52.160+0000] {logging_mixin.py:149} INFO - [2023-06-15T21:11:52.160+0000] {dag.py:2726} INFO - Sync 3 DAGs
[2023-06-15T21:11:52.179+0000] {logging_mixin.py:149} INFO - [2023-06-15T21:11:52.179+0000] {dag.py:3490} INFO - Setting next_dagrun for example_subdag_operator to 2022-01-01T00:00:00+00:00, run_after=2022-01-01T00:00:00+00:00
[2023-06-15T21:11:52.184+0000] {logging_mixin.py:149} INFO - [2023-06-15T21:11:52.184+0000] {dag.py:3490} INFO - Setting next_dagrun for example_subdag_operator.section-1 to None, run_after=None
[2023-06-15T21:11:52.186+0000] {logging_mixin.py:149} INFO - [2023-06-15T21:11:52.186+0000] {dag.py:3490} INFO - Setting next_dagrun for example_subdag_operator.section-2 to None, run_after=None
[2023-06-15T21:11:52.192+0000] {logging_mixin.py:149} INFO - [2023-06-15T21:11:52.192+0000] {dag.py:2726} INFO - Sync 2 DAGs
[2023-06-15T21:11:52.202+0000] {logging_mixin.py:149} INFO - [2023-06-15T21:11:52.202+0000] {dag.py:3490} INFO - Setting next_dagrun for example_subdag_operator.section-1 to None, run_after=None
[2023-06-15T21:11:52.203+0000] {logging_mixin.py:149} INFO - [2023-06-15T21:11:52.203+0000] {dag.py:3490} INFO - Setting next_dagrun for example_subdag_operator.section-2 to None, run_after=None
[2023-06-15T21:11:52.215+0000] {processor.py:179} INFO - Processing /home/airflow/.local/lib/python3.7/site-packages/airflow/example_dags/example_subdag_operator.py took 0.100 seconds
[2023-06-15T21:12:22.607+0000] {processor.py:157} INFO - Started process (PID=337) to work on /home/airflow/.local/lib/python3.7/site-packages/airflow/example_dags/example_subdag_operator.py
[2023-06-15T21:12:22.608+0000] {processor.py:826} INFO - Processing file /home/airflow/.local/lib/python3.7/site-packages/airflow/example_dags/example_subdag_operator.py for tasks to queue
[2023-06-15T21:12:22.609+0000] {logging_mixin.py:149} INFO - [2023-06-15T21:12:22.609+0000] {dagbag.py:541} INFO - Filling up the DagBag from /home/airflow/.local/lib/python3.7/site-packages/airflow/example_dags/example_subdag_operator.py
[2023-06-15T21:12:22.629+0000] {processor.py:836} INFO - DAG(s) dict_keys(['example_subdag_operator.section-1', 'example_subdag_operator.section-2', 'example_subdag_operator']) retrieved from /home/airflow/.local/lib/python3.7/site-packages/airflow/example_dags/example_subdag_operator.py
[2023-06-15T21:12:22.641+0000] {logging_mixin.py:149} INFO - [2023-06-15T21:12:22.641+0000] {dag.py:2726} INFO - Sync 3 DAGs
[2023-06-15T21:12:22.657+0000] {logging_mixin.py:149} INFO - [2023-06-15T21:12:22.657+0000] {dag.py:3490} INFO - Setting next_dagrun for example_subdag_operator to 2022-01-01T00:00:00+00:00, run_after=2022-01-01T00:00:00+00:00
[2023-06-15T21:12:22.660+0000] {logging_mixin.py:149} INFO - [2023-06-15T21:12:22.660+0000] {dag.py:3490} INFO - Setting next_dagrun for example_subdag_operator.section-1 to None, run_after=None
[2023-06-15T21:12:22.661+0000] {logging_mixin.py:149} INFO - [2023-06-15T21:12:22.661+0000] {dag.py:3490} INFO - Setting next_dagrun for example_subdag_operator.section-2 to None, run_after=None
[2023-06-15T21:12:22.667+0000] {logging_mixin.py:149} INFO - [2023-06-15T21:12:22.666+0000] {dag.py:2726} INFO - Sync 2 DAGs
[2023-06-15T21:12:22.670+0000] {logging_mixin.py:149} INFO - [2023-06-15T21:12:22.670+0000] {dag.py:3490} INFO - Setting next_dagrun for example_subdag_operator.section-1 to None, run_after=None
[2023-06-15T21:12:22.671+0000] {logging_mixin.py:149} INFO - [2023-06-15T21:12:22.671+0000] {dag.py:3490} INFO - Setting next_dagrun for example_subdag_operator.section-2 to None, run_after=None
[2023-06-15T21:12:22.677+0000] {processor.py:179} INFO - Processing /home/airflow/.local/lib/python3.7/site-packages/airflow/example_dags/example_subdag_operator.py took 0.073 seconds
[2023-06-15T21:12:53.048+0000] {processor.py:157} INFO - Started process (PID=393) to work on /home/airflow/.local/lib/python3.7/site-packages/airflow/example_dags/example_subdag_operator.py
[2023-06-15T21:12:53.049+0000] {processor.py:826} INFO - Processing file /home/airflow/.local/lib/python3.7/site-packages/airflow/example_dags/example_subdag_operator.py for tasks to queue
[2023-06-15T21:12:53.050+0000] {logging_mixin.py:149} INFO - [2023-06-15T21:12:53.050+0000] {dagbag.py:541} INFO - Filling up the DagBag from /home/airflow/.local/lib/python3.7/site-packages/airflow/example_dags/example_subdag_operator.py
[2023-06-15T21:12:53.071+0000] {processor.py:836} INFO - DAG(s) dict_keys(['example_subdag_operator.section-1', 'example_subdag_operator.section-2', 'example_subdag_operator']) retrieved from /home/airflow/.local/lib/python3.7/site-packages/airflow/example_dags/example_subdag_operator.py
[2023-06-15T21:12:53.083+0000] {logging_mixin.py:149} INFO - [2023-06-15T21:12:53.083+0000] {dag.py:2726} INFO - Sync 3 DAGs
[2023-06-15T21:12:53.101+0000] {logging_mixin.py:149} INFO - [2023-06-15T21:12:53.101+0000] {dag.py:3490} INFO - Setting next_dagrun for example_subdag_operator to 2022-01-01T00:00:00+00:00, run_after=2022-01-01T00:00:00+00:00
[2023-06-15T21:12:53.105+0000] {logging_mixin.py:149} INFO - [2023-06-15T21:12:53.105+0000] {dag.py:3490} INFO - Setting next_dagrun for example_subdag_operator.section-1 to None, run_after=None
[2023-06-15T21:12:53.106+0000] {logging_mixin.py:149} INFO - [2023-06-15T21:12:53.106+0000] {dag.py:3490} INFO - Setting next_dagrun for example_subdag_operator.section-2 to None, run_after=None
[2023-06-15T21:12:53.111+0000] {logging_mixin.py:149} INFO - [2023-06-15T21:12:53.111+0000] {dag.py:2726} INFO - Sync 2 DAGs
[2023-06-15T21:12:53.115+0000] {logging_mixin.py:149} INFO - [2023-06-15T21:12:53.115+0000] {dag.py:3490} INFO - Setting next_dagrun for example_subdag_operator.section-1 to None, run_after=None
[2023-06-15T21:12:53.115+0000] {logging_mixin.py:149} INFO - [2023-06-15T21:12:53.115+0000] {dag.py:3490} INFO - Setting next_dagrun for example_subdag_operator.section-2 to None, run_after=None
[2023-06-15T21:12:53.123+0000] {processor.py:179} INFO - Processing /home/airflow/.local/lib/python3.7/site-packages/airflow/example_dags/example_subdag_operator.py took 0.078 seconds
[2023-06-15T21:13:23.384+0000] {processor.py:157} INFO - Started process (PID=449) to work on /home/airflow/.local/lib/python3.7/site-packages/airflow/example_dags/example_subdag_operator.py
[2023-06-15T21:13:23.385+0000] {processor.py:826} INFO - Processing file /home/airflow/.local/lib/python3.7/site-packages/airflow/example_dags/example_subdag_operator.py for tasks to queue
[2023-06-15T21:13:23.386+0000] {logging_mixin.py:149} INFO - [2023-06-15T21:13:23.386+0000] {dagbag.py:541} INFO - Filling up the DagBag from /home/airflow/.local/lib/python3.7/site-packages/airflow/example_dags/example_subdag_operator.py
[2023-06-15T21:13:23.406+0000] {processor.py:836} INFO - DAG(s) dict_keys(['example_subdag_operator.section-1', 'example_subdag_operator.section-2', 'example_subdag_operator']) retrieved from /home/airflow/.local/lib/python3.7/site-packages/airflow/example_dags/example_subdag_operator.py
[2023-06-15T21:13:23.419+0000] {logging_mixin.py:149} INFO - [2023-06-15T21:13:23.419+0000] {dag.py:2726} INFO - Sync 3 DAGs
[2023-06-15T21:13:23.444+0000] {logging_mixin.py:149} INFO - [2023-06-15T21:13:23.443+0000] {dag.py:3490} INFO - Setting next_dagrun for example_subdag_operator to 2022-01-01T00:00:00+00:00, run_after=2022-01-01T00:00:00+00:00
[2023-06-15T21:13:23.447+0000] {logging_mixin.py:149} INFO - [2023-06-15T21:13:23.446+0000] {dag.py:3490} INFO - Setting next_dagrun for example_subdag_operator.section-1 to None, run_after=None
[2023-06-15T21:13:23.448+0000] {logging_mixin.py:149} INFO - [2023-06-15T21:13:23.448+0000] {dag.py:3490} INFO - Setting next_dagrun for example_subdag_operator.section-2 to None, run_after=None
[2023-06-15T21:13:23.454+0000] {logging_mixin.py:149} INFO - [2023-06-15T21:13:23.453+0000] {dag.py:2726} INFO - Sync 2 DAGs
[2023-06-15T21:13:23.457+0000] {logging_mixin.py:149} INFO - [2023-06-15T21:13:23.457+0000] {dag.py:3490} INFO - Setting next_dagrun for example_subdag_operator.section-1 to None, run_after=None
[2023-06-15T21:13:23.458+0000] {logging_mixin.py:149} INFO - [2023-06-15T21:13:23.458+0000] {dag.py:3490} INFO - Setting next_dagrun for example_subdag_operator.section-2 to None, run_after=None
[2023-06-15T21:13:23.465+0000] {processor.py:179} INFO - Processing /home/airflow/.local/lib/python3.7/site-packages/airflow/example_dags/example_subdag_operator.py took 0.084 seconds
[2023-06-15T21:13:54.231+0000] {processor.py:157} INFO - Started process (PID=505) to work on /home/airflow/.local/lib/python3.7/site-packages/airflow/example_dags/example_subdag_operator.py
[2023-06-15T21:13:54.232+0000] {processor.py:826} INFO - Processing file /home/airflow/.local/lib/python3.7/site-packages/airflow/example_dags/example_subdag_operator.py for tasks to queue
[2023-06-15T21:13:54.233+0000] {logging_mixin.py:149} INFO - [2023-06-15T21:13:54.233+0000] {dagbag.py:541} INFO - Filling up the DagBag from /home/airflow/.local/lib/python3.7/site-packages/airflow/example_dags/example_subdag_operator.py
[2023-06-15T21:13:54.255+0000] {processor.py:836} INFO - DAG(s) dict_keys(['example_subdag_operator.section-1', 'example_subdag_operator.section-2', 'example_subdag_operator']) retrieved from /home/airflow/.local/lib/python3.7/site-packages/airflow/example_dags/example_subdag_operator.py
[2023-06-15T21:13:54.268+0000] {logging_mixin.py:149} INFO - [2023-06-15T21:13:54.268+0000] {dag.py:2726} INFO - Sync 3 DAGs
[2023-06-15T21:13:54.286+0000] {logging_mixin.py:149} INFO - [2023-06-15T21:13:54.286+0000] {dag.py:3490} INFO - Setting next_dagrun for example_subdag_operator to 2022-01-01T00:00:00+00:00, run_after=2022-01-01T00:00:00+00:00
[2023-06-15T21:13:54.289+0000] {logging_mixin.py:149} INFO - [2023-06-15T21:13:54.289+0000] {dag.py:3490} INFO - Setting next_dagrun for example_subdag_operator.section-1 to None, run_after=None
[2023-06-15T21:13:54.291+0000] {logging_mixin.py:149} INFO - [2023-06-15T21:13:54.291+0000] {dag.py:3490} INFO - Setting next_dagrun for example_subdag_operator.section-2 to None, run_after=None
[2023-06-15T21:13:54.296+0000] {logging_mixin.py:149} INFO - [2023-06-15T21:13:54.296+0000] {dag.py:2726} INFO - Sync 2 DAGs
[2023-06-15T21:13:54.301+0000] {logging_mixin.py:149} INFO - [2023-06-15T21:13:54.300+0000] {dag.py:3490} INFO - Setting next_dagrun for example_subdag_operator.section-1 to None, run_after=None
[2023-06-15T21:13:54.301+0000] {logging_mixin.py:149} INFO - [2023-06-15T21:13:54.301+0000] {dag.py:3490} INFO - Setting next_dagrun for example_subdag_operator.section-2 to None, run_after=None
[2023-06-15T21:13:54.308+0000] {processor.py:179} INFO - Processing /home/airflow/.local/lib/python3.7/site-packages/airflow/example_dags/example_subdag_operator.py took 0.080 seconds
[2023-06-15T21:14:24.595+0000] {processor.py:157} INFO - Started process (PID=561) to work on /home/airflow/.local/lib/python3.7/site-packages/airflow/example_dags/example_subdag_operator.py
[2023-06-15T21:14:24.596+0000] {processor.py:826} INFO - Processing file /home/airflow/.local/lib/python3.7/site-packages/airflow/example_dags/example_subdag_operator.py for tasks to queue
[2023-06-15T21:14:24.597+0000] {logging_mixin.py:149} INFO - [2023-06-15T21:14:24.597+0000] {dagbag.py:541} INFO - Filling up the DagBag from /home/airflow/.local/lib/python3.7/site-packages/airflow/example_dags/example_subdag_operator.py
[2023-06-15T21:14:24.625+0000] {processor.py:836} INFO - DAG(s) dict_keys(['example_subdag_operator.section-1', 'example_subdag_operator.section-2', 'example_subdag_operator']) retrieved from /home/airflow/.local/lib/python3.7/site-packages/airflow/example_dags/example_subdag_operator.py
[2023-06-15T21:14:24.639+0000] {logging_mixin.py:149} INFO - [2023-06-15T21:14:24.639+0000] {dag.py:2726} INFO - Sync 3 DAGs
[2023-06-15T21:14:24.661+0000] {logging_mixin.py:149} INFO - [2023-06-15T21:14:24.661+0000] {dag.py:3490} INFO - Setting next_dagrun for example_subdag_operator to 2022-01-01T00:00:00+00:00, run_after=2022-01-01T00:00:00+00:00
[2023-06-15T21:14:24.664+0000] {logging_mixin.py:149} INFO - [2023-06-15T21:14:24.664+0000] {dag.py:3490} INFO - Setting next_dagrun for example_subdag_operator.section-1 to None, run_after=None
[2023-06-15T21:14:24.666+0000] {logging_mixin.py:149} INFO - [2023-06-15T21:14:24.665+0000] {dag.py:3490} INFO - Setting next_dagrun for example_subdag_operator.section-2 to None, run_after=None
[2023-06-15T21:14:24.671+0000] {logging_mixin.py:149} INFO - [2023-06-15T21:14:24.671+0000] {dag.py:2726} INFO - Sync 2 DAGs
[2023-06-15T21:14:24.675+0000] {logging_mixin.py:149} INFO - [2023-06-15T21:14:24.675+0000] {dag.py:3490} INFO - Setting next_dagrun for example_subdag_operator.section-1 to None, run_after=None
[2023-06-15T21:14:24.676+0000] {logging_mixin.py:149} INFO - [2023-06-15T21:14:24.676+0000] {dag.py:3490} INFO - Setting next_dagrun for example_subdag_operator.section-2 to None, run_after=None
[2023-06-15T21:14:24.683+0000] {processor.py:179} INFO - Processing /home/airflow/.local/lib/python3.7/site-packages/airflow/example_dags/example_subdag_operator.py took 0.091 seconds
[2023-06-15T21:14:55.385+0000] {processor.py:157} INFO - Started process (PID=617) to work on /home/airflow/.local/lib/python3.7/site-packages/airflow/example_dags/example_subdag_operator.py
[2023-06-15T21:14:55.386+0000] {processor.py:826} INFO - Processing file /home/airflow/.local/lib/python3.7/site-packages/airflow/example_dags/example_subdag_operator.py for tasks to queue
[2023-06-15T21:14:55.387+0000] {logging_mixin.py:149} INFO - [2023-06-15T21:14:55.387+0000] {dagbag.py:541} INFO - Filling up the DagBag from /home/airflow/.local/lib/python3.7/site-packages/airflow/example_dags/example_subdag_operator.py
[2023-06-15T21:14:55.407+0000] {processor.py:836} INFO - DAG(s) dict_keys(['example_subdag_operator.section-1', 'example_subdag_operator.section-2', 'example_subdag_operator']) retrieved from /home/airflow/.local/lib/python3.7/site-packages/airflow/example_dags/example_subdag_operator.py
[2023-06-15T21:14:55.420+0000] {logging_mixin.py:149} INFO - [2023-06-15T21:14:55.419+0000] {dag.py:2726} INFO - Sync 3 DAGs
[2023-06-15T21:14:55.436+0000] {logging_mixin.py:149} INFO - [2023-06-15T21:14:55.436+0000] {dag.py:3490} INFO - Setting next_dagrun for example_subdag_operator to 2022-01-01T00:00:00+00:00, run_after=2022-01-01T00:00:00+00:00
[2023-06-15T21:14:55.440+0000] {logging_mixin.py:149} INFO - [2023-06-15T21:14:55.440+0000] {dag.py:3490} INFO - Setting next_dagrun for example_subdag_operator.section-1 to None, run_after=None
[2023-06-15T21:14:55.442+0000] {logging_mixin.py:149} INFO - [2023-06-15T21:14:55.442+0000] {dag.py:3490} INFO - Setting next_dagrun for example_subdag_operator.section-2 to None, run_after=None
[2023-06-15T21:14:55.446+0000] {logging_mixin.py:149} INFO - [2023-06-15T21:14:55.446+0000] {dag.py:2726} INFO - Sync 2 DAGs
[2023-06-15T21:14:55.450+0000] {logging_mixin.py:149} INFO - [2023-06-15T21:14:55.450+0000] {dag.py:3490} INFO - Setting next_dagrun for example_subdag_operator.section-1 to None, run_after=None
[2023-06-15T21:14:55.451+0000] {logging_mixin.py:149} INFO - [2023-06-15T21:14:55.451+0000] {dag.py:3490} INFO - Setting next_dagrun for example_subdag_operator.section-2 to None, run_after=None
[2023-06-15T21:14:55.458+0000] {processor.py:179} INFO - Processing /home/airflow/.local/lib/python3.7/site-packages/airflow/example_dags/example_subdag_operator.py took 0.076 seconds
[2023-06-15T21:20:30.050+0000] {processor.py:157} INFO - Started process (PID=1233) to work on /home/airflow/.local/lib/python3.7/site-packages/airflow/example_dags/example_subdag_operator.py
[2023-06-15T21:20:30.051+0000] {processor.py:826} INFO - Processing file /home/airflow/.local/lib/python3.7/site-packages/airflow/example_dags/example_subdag_operator.py for tasks to queue
[2023-06-15T21:20:30.052+0000] {logging_mixin.py:149} INFO - [2023-06-15T21:20:30.052+0000] {dagbag.py:541} INFO - Filling up the DagBag from /home/airflow/.local/lib/python3.7/site-packages/airflow/example_dags/example_subdag_operator.py
[2023-06-15T21:20:30.071+0000] {processor.py:836} INFO - DAG(s) dict_keys(['example_subdag_operator.section-1', 'example_subdag_operator.section-2', 'example_subdag_operator']) retrieved from /home/airflow/.local/lib/python3.7/site-packages/airflow/example_dags/example_subdag_operator.py
[2023-06-15T21:20:30.083+0000] {logging_mixin.py:149} INFO - [2023-06-15T21:20:30.083+0000] {dag.py:2726} INFO - Sync 3 DAGs
[2023-06-15T21:20:30.100+0000] {logging_mixin.py:149} INFO - [2023-06-15T21:20:30.100+0000] {dag.py:3490} INFO - Setting next_dagrun for example_subdag_operator to 2022-01-01T00:00:00+00:00, run_after=2022-01-01T00:00:00+00:00
[2023-06-15T21:20:30.102+0000] {logging_mixin.py:149} INFO - [2023-06-15T21:20:30.102+0000] {dag.py:3490} INFO - Setting next_dagrun for example_subdag_operator.section-1 to None, run_after=None
[2023-06-15T21:20:30.104+0000] {logging_mixin.py:149} INFO - [2023-06-15T21:20:30.104+0000] {dag.py:3490} INFO - Setting next_dagrun for example_subdag_operator.section-2 to None, run_after=None
[2023-06-15T21:20:30.109+0000] {logging_mixin.py:149} INFO - [2023-06-15T21:20:30.109+0000] {dag.py:2726} INFO - Sync 2 DAGs
[2023-06-15T21:20:30.112+0000] {logging_mixin.py:149} INFO - [2023-06-15T21:20:30.112+0000] {dag.py:3490} INFO - Setting next_dagrun for example_subdag_operator.section-1 to None, run_after=None
[2023-06-15T21:20:30.113+0000] {logging_mixin.py:149} INFO - [2023-06-15T21:20:30.113+0000] {dag.py:3490} INFO - Setting next_dagrun for example_subdag_operator.section-2 to None, run_after=None
[2023-06-15T21:20:30.119+0000] {processor.py:179} INFO - Processing /home/airflow/.local/lib/python3.7/site-packages/airflow/example_dags/example_subdag_operator.py took 0.072 seconds
[2023-06-15T21:21:00.363+0000] {processor.py:157} INFO - Started process (PID=1288) to work on /home/airflow/.local/lib/python3.7/site-packages/airflow/example_dags/example_subdag_operator.py
[2023-06-15T21:21:00.364+0000] {processor.py:826} INFO - Processing file /home/airflow/.local/lib/python3.7/site-packages/airflow/example_dags/example_subdag_operator.py for tasks to queue
[2023-06-15T21:21:00.365+0000] {logging_mixin.py:149} INFO - [2023-06-15T21:21:00.365+0000] {dagbag.py:541} INFO - Filling up the DagBag from /home/airflow/.local/lib/python3.7/site-packages/airflow/example_dags/example_subdag_operator.py
[2023-06-15T21:21:00.385+0000] {processor.py:836} INFO - DAG(s) dict_keys(['example_subdag_operator.section-1', 'example_subdag_operator.section-2', 'example_subdag_operator']) retrieved from /home/airflow/.local/lib/python3.7/site-packages/airflow/example_dags/example_subdag_operator.py
[2023-06-15T21:21:00.398+0000] {logging_mixin.py:149} INFO - [2023-06-15T21:21:00.398+0000] {dag.py:2726} INFO - Sync 3 DAGs
[2023-06-15T21:21:00.415+0000] {logging_mixin.py:149} INFO - [2023-06-15T21:21:00.414+0000] {dag.py:3490} INFO - Setting next_dagrun for example_subdag_operator to 2022-01-01T00:00:00+00:00, run_after=2022-01-01T00:00:00+00:00
[2023-06-15T21:21:00.417+0000] {logging_mixin.py:149} INFO - [2023-06-15T21:21:00.417+0000] {dag.py:3490} INFO - Setting next_dagrun for example_subdag_operator.section-1 to None, run_after=None
[2023-06-15T21:21:00.418+0000] {logging_mixin.py:149} INFO - [2023-06-15T21:21:00.418+0000] {dag.py:3490} INFO - Setting next_dagrun for example_subdag_operator.section-2 to None, run_after=None
[2023-06-15T21:21:00.423+0000] {logging_mixin.py:149} INFO - [2023-06-15T21:21:00.423+0000] {dag.py:2726} INFO - Sync 2 DAGs
[2023-06-15T21:21:00.427+0000] {logging_mixin.py:149} INFO - [2023-06-15T21:21:00.427+0000] {dag.py:3490} INFO - Setting next_dagrun for example_subdag_operator.section-1 to None, run_after=None
[2023-06-15T21:21:00.428+0000] {logging_mixin.py:149} INFO - [2023-06-15T21:21:00.427+0000] {dag.py:3490} INFO - Setting next_dagrun for example_subdag_operator.section-2 to None, run_after=None
[2023-06-15T21:21:00.434+0000] {processor.py:179} INFO - Processing /home/airflow/.local/lib/python3.7/site-packages/airflow/example_dags/example_subdag_operator.py took 0.074 seconds
[2023-06-15T21:21:30.885+0000] {processor.py:157} INFO - Started process (PID=1344) to work on /home/airflow/.local/lib/python3.7/site-packages/airflow/example_dags/example_subdag_operator.py
[2023-06-15T21:21:30.886+0000] {processor.py:826} INFO - Processing file /home/airflow/.local/lib/python3.7/site-packages/airflow/example_dags/example_subdag_operator.py for tasks to queue
[2023-06-15T21:21:30.887+0000] {logging_mixin.py:149} INFO - [2023-06-15T21:21:30.886+0000] {dagbag.py:541} INFO - Filling up the DagBag from /home/airflow/.local/lib/python3.7/site-packages/airflow/example_dags/example_subdag_operator.py
[2023-06-15T21:21:30.907+0000] {processor.py:836} INFO - DAG(s) dict_keys(['example_subdag_operator.section-1', 'example_subdag_operator.section-2', 'example_subdag_operator']) retrieved from /home/airflow/.local/lib/python3.7/site-packages/airflow/example_dags/example_subdag_operator.py
[2023-06-15T21:21:30.920+0000] {logging_mixin.py:149} INFO - [2023-06-15T21:21:30.920+0000] {dag.py:2726} INFO - Sync 3 DAGs
[2023-06-15T21:21:30.936+0000] {logging_mixin.py:149} INFO - [2023-06-15T21:21:30.935+0000] {dag.py:3490} INFO - Setting next_dagrun for example_subdag_operator to 2022-01-01T00:00:00+00:00, run_after=2022-01-01T00:00:00+00:00
[2023-06-15T21:21:30.938+0000] {logging_mixin.py:149} INFO - [2023-06-15T21:21:30.938+0000] {dag.py:3490} INFO - Setting next_dagrun for example_subdag_operator.section-1 to None, run_after=None
[2023-06-15T21:21:30.939+0000] {logging_mixin.py:149} INFO - [2023-06-15T21:21:30.939+0000] {dag.py:3490} INFO - Setting next_dagrun for example_subdag_operator.section-2 to None, run_after=None
[2023-06-15T21:21:30.944+0000] {logging_mixin.py:149} INFO - [2023-06-15T21:21:30.944+0000] {dag.py:2726} INFO - Sync 2 DAGs
[2023-06-15T21:21:30.948+0000] {logging_mixin.py:149} INFO - [2023-06-15T21:21:30.948+0000] {dag.py:3490} INFO - Setting next_dagrun for example_subdag_operator.section-1 to None, run_after=None
[2023-06-15T21:21:30.949+0000] {logging_mixin.py:149} INFO - [2023-06-15T21:21:30.949+0000] {dag.py:3490} INFO - Setting next_dagrun for example_subdag_operator.section-2 to None, run_after=None
[2023-06-15T21:21:30.956+0000] {processor.py:179} INFO - Processing /home/airflow/.local/lib/python3.7/site-packages/airflow/example_dags/example_subdag_operator.py took 0.075 seconds
