[2023-06-15T21:09:47.820+0000] {processor.py:157} INFO - Started process (PID=35) to work on /home/airflow/.local/lib/python3.7/site-packages/airflow/example_dags/example_complex.py
[2023-06-15T21:09:47.822+0000] {processor.py:826} INFO - Processing file /home/airflow/.local/lib/python3.7/site-packages/airflow/example_dags/example_complex.py for tasks to queue
[2023-06-15T21:09:47.824+0000] {logging_mixin.py:149} INFO - [2023-06-15T21:09:47.824+0000] {dagbag.py:541} INFO - Filling up the DagBag from /home/airflow/.local/lib/python3.7/site-packages/airflow/example_dags/example_complex.py
[2023-06-15T21:09:47.839+0000] {logging_mixin.py:149} INFO - [2023-06-15T21:09:47.839+0000] {taskmixin.py:211} WARNING - Dependency <Task(BashOperator): create_entry_group>, delete_entry_group already registered for DAG: example_complex
[2023-06-15T21:09:47.840+0000] {logging_mixin.py:149} INFO - [2023-06-15T21:09:47.840+0000] {taskmixin.py:211} WARNING - Dependency <Task(BashOperator): delete_entry_group>, create_entry_group already registered for DAG: example_complex
[2023-06-15T21:09:47.840+0000] {logging_mixin.py:149} INFO - [2023-06-15T21:09:47.840+0000] {taskmixin.py:211} WARNING - Dependency <Task(BashOperator): create_entry_gcs>, delete_entry already registered for DAG: example_complex
[2023-06-15T21:09:47.841+0000] {logging_mixin.py:149} INFO - [2023-06-15T21:09:47.841+0000] {taskmixin.py:211} WARNING - Dependency <Task(BashOperator): delete_entry>, create_entry_gcs already registered for DAG: example_complex
[2023-06-15T21:09:47.842+0000] {logging_mixin.py:149} INFO - [2023-06-15T21:09:47.842+0000] {taskmixin.py:211} WARNING - Dependency <Task(BashOperator): create_tag>, delete_tag already registered for DAG: example_complex
[2023-06-15T21:09:47.842+0000] {logging_mixin.py:149} INFO - [2023-06-15T21:09:47.842+0000] {taskmixin.py:211} WARNING - Dependency <Task(BashOperator): delete_tag>, create_tag already registered for DAG: example_complex
[2023-06-15T21:09:47.846+0000] {processor.py:836} INFO - DAG(s) dict_keys(['example_complex']) retrieved from /home/airflow/.local/lib/python3.7/site-packages/airflow/example_dags/example_complex.py
[2023-06-15T21:09:47.871+0000] {logging_mixin.py:149} INFO - [2023-06-15T21:09:47.871+0000] {dag.py:2726} INFO - Sync 1 DAGs
[2023-06-15T21:09:47.903+0000] {logging_mixin.py:149} INFO - [2023-06-15T21:09:47.903+0000] {dag.py:3490} INFO - Setting next_dagrun for example_complex to None, run_after=None
[2023-06-15T21:09:47.927+0000] {processor.py:179} INFO - Processing /home/airflow/.local/lib/python3.7/site-packages/airflow/example_dags/example_complex.py took 0.109 seconds
[2023-06-15T21:10:18.565+0000] {processor.py:157} INFO - Started process (PID=91) to work on /home/airflow/.local/lib/python3.7/site-packages/airflow/example_dags/example_complex.py
[2023-06-15T21:10:18.566+0000] {processor.py:826} INFO - Processing file /home/airflow/.local/lib/python3.7/site-packages/airflow/example_dags/example_complex.py for tasks to queue
[2023-06-15T21:10:18.566+0000] {logging_mixin.py:149} INFO - [2023-06-15T21:10:18.566+0000] {dagbag.py:541} INFO - Filling up the DagBag from /home/airflow/.local/lib/python3.7/site-packages/airflow/example_dags/example_complex.py
[2023-06-15T21:10:18.573+0000] {logging_mixin.py:149} INFO - [2023-06-15T21:10:18.573+0000] {taskmixin.py:211} WARNING - Dependency <Task(BashOperator): create_entry_group>, delete_entry_group already registered for DAG: example_complex
[2023-06-15T21:10:18.574+0000] {logging_mixin.py:149} INFO - [2023-06-15T21:10:18.574+0000] {taskmixin.py:211} WARNING - Dependency <Task(BashOperator): delete_entry_group>, create_entry_group already registered for DAG: example_complex
[2023-06-15T21:10:18.574+0000] {logging_mixin.py:149} INFO - [2023-06-15T21:10:18.574+0000] {taskmixin.py:211} WARNING - Dependency <Task(BashOperator): create_entry_gcs>, delete_entry already registered for DAG: example_complex
[2023-06-15T21:10:18.575+0000] {logging_mixin.py:149} INFO - [2023-06-15T21:10:18.575+0000] {taskmixin.py:211} WARNING - Dependency <Task(BashOperator): delete_entry>, create_entry_gcs already registered for DAG: example_complex
[2023-06-15T21:10:18.575+0000] {logging_mixin.py:149} INFO - [2023-06-15T21:10:18.575+0000] {taskmixin.py:211} WARNING - Dependency <Task(BashOperator): create_tag>, delete_tag already registered for DAG: example_complex
[2023-06-15T21:10:18.576+0000] {logging_mixin.py:149} INFO - [2023-06-15T21:10:18.576+0000] {taskmixin.py:211} WARNING - Dependency <Task(BashOperator): delete_tag>, create_tag already registered for DAG: example_complex
[2023-06-15T21:10:18.577+0000] {processor.py:836} INFO - DAG(s) dict_keys(['example_complex']) retrieved from /home/airflow/.local/lib/python3.7/site-packages/airflow/example_dags/example_complex.py
[2023-06-15T21:10:18.601+0000] {logging_mixin.py:149} INFO - [2023-06-15T21:10:18.601+0000] {dag.py:2726} INFO - Sync 1 DAGs
[2023-06-15T21:10:18.617+0000] {logging_mixin.py:149} INFO - [2023-06-15T21:10:18.617+0000] {dag.py:3490} INFO - Setting next_dagrun for example_complex to None, run_after=None
[2023-06-15T21:10:18.630+0000] {processor.py:179} INFO - Processing /home/airflow/.local/lib/python3.7/site-packages/airflow/example_dags/example_complex.py took 0.068 seconds
[2023-06-15T21:10:48.987+0000] {processor.py:157} INFO - Started process (PID=147) to work on /home/airflow/.local/lib/python3.7/site-packages/airflow/example_dags/example_complex.py
[2023-06-15T21:10:48.989+0000] {processor.py:826} INFO - Processing file /home/airflow/.local/lib/python3.7/site-packages/airflow/example_dags/example_complex.py for tasks to queue
[2023-06-15T21:10:48.990+0000] {logging_mixin.py:149} INFO - [2023-06-15T21:10:48.990+0000] {dagbag.py:541} INFO - Filling up the DagBag from /home/airflow/.local/lib/python3.7/site-packages/airflow/example_dags/example_complex.py
[2023-06-15T21:10:48.997+0000] {logging_mixin.py:149} INFO - [2023-06-15T21:10:48.997+0000] {taskmixin.py:211} WARNING - Dependency <Task(BashOperator): create_entry_group>, delete_entry_group already registered for DAG: example_complex
[2023-06-15T21:10:48.997+0000] {logging_mixin.py:149} INFO - [2023-06-15T21:10:48.997+0000] {taskmixin.py:211} WARNING - Dependency <Task(BashOperator): delete_entry_group>, create_entry_group already registered for DAG: example_complex
[2023-06-15T21:10:48.997+0000] {logging_mixin.py:149} INFO - [2023-06-15T21:10:48.997+0000] {taskmixin.py:211} WARNING - Dependency <Task(BashOperator): create_entry_gcs>, delete_entry already registered for DAG: example_complex
[2023-06-15T21:10:48.998+0000] {logging_mixin.py:149} INFO - [2023-06-15T21:10:48.998+0000] {taskmixin.py:211} WARNING - Dependency <Task(BashOperator): delete_entry>, create_entry_gcs already registered for DAG: example_complex
[2023-06-15T21:10:48.998+0000] {logging_mixin.py:149} INFO - [2023-06-15T21:10:48.998+0000] {taskmixin.py:211} WARNING - Dependency <Task(BashOperator): create_tag>, delete_tag already registered for DAG: example_complex
[2023-06-15T21:10:48.999+0000] {logging_mixin.py:149} INFO - [2023-06-15T21:10:48.998+0000] {taskmixin.py:211} WARNING - Dependency <Task(BashOperator): delete_tag>, create_tag already registered for DAG: example_complex
[2023-06-15T21:10:49.000+0000] {processor.py:836} INFO - DAG(s) dict_keys(['example_complex']) retrieved from /home/airflow/.local/lib/python3.7/site-packages/airflow/example_dags/example_complex.py
[2023-06-15T21:10:49.025+0000] {logging_mixin.py:149} INFO - [2023-06-15T21:10:49.025+0000] {dag.py:2726} INFO - Sync 1 DAGs
[2023-06-15T21:10:49.042+0000] {logging_mixin.py:149} INFO - [2023-06-15T21:10:49.042+0000] {dag.py:3490} INFO - Setting next_dagrun for example_complex to None, run_after=None
[2023-06-15T21:10:49.053+0000] {processor.py:179} INFO - Processing /home/airflow/.local/lib/python3.7/site-packages/airflow/example_dags/example_complex.py took 0.069 seconds
[2023-06-15T21:11:19.453+0000] {processor.py:157} INFO - Started process (PID=203) to work on /home/airflow/.local/lib/python3.7/site-packages/airflow/example_dags/example_complex.py
[2023-06-15T21:11:19.454+0000] {processor.py:826} INFO - Processing file /home/airflow/.local/lib/python3.7/site-packages/airflow/example_dags/example_complex.py for tasks to queue
[2023-06-15T21:11:19.455+0000] {logging_mixin.py:149} INFO - [2023-06-15T21:11:19.455+0000] {dagbag.py:541} INFO - Filling up the DagBag from /home/airflow/.local/lib/python3.7/site-packages/airflow/example_dags/example_complex.py
[2023-06-15T21:11:19.462+0000] {logging_mixin.py:149} INFO - [2023-06-15T21:11:19.462+0000] {taskmixin.py:211} WARNING - Dependency <Task(BashOperator): create_entry_group>, delete_entry_group already registered for DAG: example_complex
[2023-06-15T21:11:19.462+0000] {logging_mixin.py:149} INFO - [2023-06-15T21:11:19.462+0000] {taskmixin.py:211} WARNING - Dependency <Task(BashOperator): delete_entry_group>, create_entry_group already registered for DAG: example_complex
[2023-06-15T21:11:19.463+0000] {logging_mixin.py:149} INFO - [2023-06-15T21:11:19.463+0000] {taskmixin.py:211} WARNING - Dependency <Task(BashOperator): create_entry_gcs>, delete_entry already registered for DAG: example_complex
[2023-06-15T21:11:19.463+0000] {logging_mixin.py:149} INFO - [2023-06-15T21:11:19.463+0000] {taskmixin.py:211} WARNING - Dependency <Task(BashOperator): delete_entry>, create_entry_gcs already registered for DAG: example_complex
[2023-06-15T21:11:19.464+0000] {logging_mixin.py:149} INFO - [2023-06-15T21:11:19.464+0000] {taskmixin.py:211} WARNING - Dependency <Task(BashOperator): create_tag>, delete_tag already registered for DAG: example_complex
[2023-06-15T21:11:19.464+0000] {logging_mixin.py:149} INFO - [2023-06-15T21:11:19.464+0000] {taskmixin.py:211} WARNING - Dependency <Task(BashOperator): delete_tag>, create_tag already registered for DAG: example_complex
[2023-06-15T21:11:19.465+0000] {processor.py:836} INFO - DAG(s) dict_keys(['example_complex']) retrieved from /home/airflow/.local/lib/python3.7/site-packages/airflow/example_dags/example_complex.py
[2023-06-15T21:11:19.489+0000] {logging_mixin.py:149} INFO - [2023-06-15T21:11:19.489+0000] {dag.py:2726} INFO - Sync 1 DAGs
[2023-06-15T21:11:19.505+0000] {logging_mixin.py:149} INFO - [2023-06-15T21:11:19.504+0000] {dag.py:3490} INFO - Setting next_dagrun for example_complex to None, run_after=None
[2023-06-15T21:11:19.516+0000] {processor.py:179} INFO - Processing /home/airflow/.local/lib/python3.7/site-packages/airflow/example_dags/example_complex.py took 0.066 seconds
[2023-06-15T21:11:49.759+0000] {processor.py:157} INFO - Started process (PID=259) to work on /home/airflow/.local/lib/python3.7/site-packages/airflow/example_dags/example_complex.py
[2023-06-15T21:11:49.761+0000] {processor.py:826} INFO - Processing file /home/airflow/.local/lib/python3.7/site-packages/airflow/example_dags/example_complex.py for tasks to queue
[2023-06-15T21:11:49.763+0000] {logging_mixin.py:149} INFO - [2023-06-15T21:11:49.762+0000] {dagbag.py:541} INFO - Filling up the DagBag from /home/airflow/.local/lib/python3.7/site-packages/airflow/example_dags/example_complex.py
[2023-06-15T21:11:49.771+0000] {logging_mixin.py:149} INFO - [2023-06-15T21:11:49.771+0000] {taskmixin.py:211} WARNING - Dependency <Task(BashOperator): create_entry_group>, delete_entry_group already registered for DAG: example_complex
[2023-06-15T21:11:49.772+0000] {logging_mixin.py:149} INFO - [2023-06-15T21:11:49.772+0000] {taskmixin.py:211} WARNING - Dependency <Task(BashOperator): delete_entry_group>, create_entry_group already registered for DAG: example_complex
[2023-06-15T21:11:49.773+0000] {logging_mixin.py:149} INFO - [2023-06-15T21:11:49.773+0000] {taskmixin.py:211} WARNING - Dependency <Task(BashOperator): create_entry_gcs>, delete_entry already registered for DAG: example_complex
[2023-06-15T21:11:49.774+0000] {logging_mixin.py:149} INFO - [2023-06-15T21:11:49.774+0000] {taskmixin.py:211} WARNING - Dependency <Task(BashOperator): delete_entry>, create_entry_gcs already registered for DAG: example_complex
[2023-06-15T21:11:49.775+0000] {logging_mixin.py:149} INFO - [2023-06-15T21:11:49.775+0000] {taskmixin.py:211} WARNING - Dependency <Task(BashOperator): create_tag>, delete_tag already registered for DAG: example_complex
[2023-06-15T21:11:49.777+0000] {logging_mixin.py:149} INFO - [2023-06-15T21:11:49.777+0000] {taskmixin.py:211} WARNING - Dependency <Task(BashOperator): delete_tag>, create_tag already registered for DAG: example_complex
[2023-06-15T21:11:49.778+0000] {processor.py:836} INFO - DAG(s) dict_keys(['example_complex']) retrieved from /home/airflow/.local/lib/python3.7/site-packages/airflow/example_dags/example_complex.py
[2023-06-15T21:11:49.810+0000] {logging_mixin.py:149} INFO - [2023-06-15T21:11:49.810+0000] {dag.py:2726} INFO - Sync 1 DAGs
[2023-06-15T21:11:49.829+0000] {logging_mixin.py:149} INFO - [2023-06-15T21:11:49.829+0000] {dag.py:3490} INFO - Setting next_dagrun for example_complex to None, run_after=None
[2023-06-15T21:11:49.849+0000] {processor.py:179} INFO - Processing /home/airflow/.local/lib/python3.7/site-packages/airflow/example_dags/example_complex.py took 0.094 seconds
[2023-06-15T21:12:20.536+0000] {processor.py:157} INFO - Started process (PID=314) to work on /home/airflow/.local/lib/python3.7/site-packages/airflow/example_dags/example_complex.py
[2023-06-15T21:12:20.539+0000] {processor.py:826} INFO - Processing file /home/airflow/.local/lib/python3.7/site-packages/airflow/example_dags/example_complex.py for tasks to queue
[2023-06-15T21:12:20.540+0000] {logging_mixin.py:149} INFO - [2023-06-15T21:12:20.540+0000] {dagbag.py:541} INFO - Filling up the DagBag from /home/airflow/.local/lib/python3.7/site-packages/airflow/example_dags/example_complex.py
[2023-06-15T21:12:20.548+0000] {logging_mixin.py:149} INFO - [2023-06-15T21:12:20.548+0000] {taskmixin.py:211} WARNING - Dependency <Task(BashOperator): create_entry_group>, delete_entry_group already registered for DAG: example_complex
[2023-06-15T21:12:20.549+0000] {logging_mixin.py:149} INFO - [2023-06-15T21:12:20.549+0000] {taskmixin.py:211} WARNING - Dependency <Task(BashOperator): delete_entry_group>, create_entry_group already registered for DAG: example_complex
[2023-06-15T21:12:20.550+0000] {logging_mixin.py:149} INFO - [2023-06-15T21:12:20.550+0000] {taskmixin.py:211} WARNING - Dependency <Task(BashOperator): create_entry_gcs>, delete_entry already registered for DAG: example_complex
[2023-06-15T21:12:20.551+0000] {logging_mixin.py:149} INFO - [2023-06-15T21:12:20.551+0000] {taskmixin.py:211} WARNING - Dependency <Task(BashOperator): delete_entry>, create_entry_gcs already registered for DAG: example_complex
[2023-06-15T21:12:20.552+0000] {logging_mixin.py:149} INFO - [2023-06-15T21:12:20.552+0000] {taskmixin.py:211} WARNING - Dependency <Task(BashOperator): create_tag>, delete_tag already registered for DAG: example_complex
[2023-06-15T21:12:20.552+0000] {logging_mixin.py:149} INFO - [2023-06-15T21:12:20.552+0000] {taskmixin.py:211} WARNING - Dependency <Task(BashOperator): delete_tag>, create_tag already registered for DAG: example_complex
[2023-06-15T21:12:20.554+0000] {processor.py:836} INFO - DAG(s) dict_keys(['example_complex']) retrieved from /home/airflow/.local/lib/python3.7/site-packages/airflow/example_dags/example_complex.py
[2023-06-15T21:12:20.586+0000] {logging_mixin.py:149} INFO - [2023-06-15T21:12:20.586+0000] {dag.py:2726} INFO - Sync 1 DAGs
[2023-06-15T21:12:20.604+0000] {logging_mixin.py:149} INFO - [2023-06-15T21:12:20.604+0000] {dag.py:3490} INFO - Setting next_dagrun for example_complex to None, run_after=None
[2023-06-15T21:12:20.624+0000] {processor.py:179} INFO - Processing /home/airflow/.local/lib/python3.7/site-packages/airflow/example_dags/example_complex.py took 0.091 seconds
[2023-06-15T21:12:50.935+0000] {processor.py:157} INFO - Started process (PID=370) to work on /home/airflow/.local/lib/python3.7/site-packages/airflow/example_dags/example_complex.py
[2023-06-15T21:12:50.937+0000] {processor.py:826} INFO - Processing file /home/airflow/.local/lib/python3.7/site-packages/airflow/example_dags/example_complex.py for tasks to queue
[2023-06-15T21:12:50.938+0000] {logging_mixin.py:149} INFO - [2023-06-15T21:12:50.938+0000] {dagbag.py:541} INFO - Filling up the DagBag from /home/airflow/.local/lib/python3.7/site-packages/airflow/example_dags/example_complex.py
[2023-06-15T21:12:50.946+0000] {logging_mixin.py:149} INFO - [2023-06-15T21:12:50.945+0000] {taskmixin.py:211} WARNING - Dependency <Task(BashOperator): create_entry_group>, delete_entry_group already registered for DAG: example_complex
[2023-06-15T21:12:50.946+0000] {logging_mixin.py:149} INFO - [2023-06-15T21:12:50.946+0000] {taskmixin.py:211} WARNING - Dependency <Task(BashOperator): delete_entry_group>, create_entry_group already registered for DAG: example_complex
[2023-06-15T21:12:50.946+0000] {logging_mixin.py:149} INFO - [2023-06-15T21:12:50.946+0000] {taskmixin.py:211} WARNING - Dependency <Task(BashOperator): create_entry_gcs>, delete_entry already registered for DAG: example_complex
[2023-06-15T21:12:50.947+0000] {logging_mixin.py:149} INFO - [2023-06-15T21:12:50.947+0000] {taskmixin.py:211} WARNING - Dependency <Task(BashOperator): delete_entry>, create_entry_gcs already registered for DAG: example_complex
[2023-06-15T21:12:50.947+0000] {logging_mixin.py:149} INFO - [2023-06-15T21:12:50.947+0000] {taskmixin.py:211} WARNING - Dependency <Task(BashOperator): create_tag>, delete_tag already registered for DAG: example_complex
[2023-06-15T21:12:50.947+0000] {logging_mixin.py:149} INFO - [2023-06-15T21:12:50.947+0000] {taskmixin.py:211} WARNING - Dependency <Task(BashOperator): delete_tag>, create_tag already registered for DAG: example_complex
[2023-06-15T21:12:50.949+0000] {processor.py:836} INFO - DAG(s) dict_keys(['example_complex']) retrieved from /home/airflow/.local/lib/python3.7/site-packages/airflow/example_dags/example_complex.py
[2023-06-15T21:12:50.976+0000] {logging_mixin.py:149} INFO - [2023-06-15T21:12:50.976+0000] {dag.py:2726} INFO - Sync 1 DAGs
[2023-06-15T21:12:50.992+0000] {logging_mixin.py:149} INFO - [2023-06-15T21:12:50.992+0000] {dag.py:3490} INFO - Setting next_dagrun for example_complex to None, run_after=None
[2023-06-15T21:12:51.004+0000] {processor.py:179} INFO - Processing /home/airflow/.local/lib/python3.7/site-packages/airflow/example_dags/example_complex.py took 0.072 seconds
[2023-06-15T21:13:21.274+0000] {processor.py:157} INFO - Started process (PID=426) to work on /home/airflow/.local/lib/python3.7/site-packages/airflow/example_dags/example_complex.py
[2023-06-15T21:13:21.276+0000] {processor.py:826} INFO - Processing file /home/airflow/.local/lib/python3.7/site-packages/airflow/example_dags/example_complex.py for tasks to queue
[2023-06-15T21:13:21.276+0000] {logging_mixin.py:149} INFO - [2023-06-15T21:13:21.276+0000] {dagbag.py:541} INFO - Filling up the DagBag from /home/airflow/.local/lib/python3.7/site-packages/airflow/example_dags/example_complex.py
[2023-06-15T21:13:21.283+0000] {logging_mixin.py:149} INFO - [2023-06-15T21:13:21.283+0000] {taskmixin.py:211} WARNING - Dependency <Task(BashOperator): create_entry_group>, delete_entry_group already registered for DAG: example_complex
[2023-06-15T21:13:21.284+0000] {logging_mixin.py:149} INFO - [2023-06-15T21:13:21.283+0000] {taskmixin.py:211} WARNING - Dependency <Task(BashOperator): delete_entry_group>, create_entry_group already registered for DAG: example_complex
[2023-06-15T21:13:21.284+0000] {logging_mixin.py:149} INFO - [2023-06-15T21:13:21.284+0000] {taskmixin.py:211} WARNING - Dependency <Task(BashOperator): create_entry_gcs>, delete_entry already registered for DAG: example_complex
[2023-06-15T21:13:21.284+0000] {logging_mixin.py:149} INFO - [2023-06-15T21:13:21.284+0000] {taskmixin.py:211} WARNING - Dependency <Task(BashOperator): delete_entry>, create_entry_gcs already registered for DAG: example_complex
[2023-06-15T21:13:21.285+0000] {logging_mixin.py:149} INFO - [2023-06-15T21:13:21.285+0000] {taskmixin.py:211} WARNING - Dependency <Task(BashOperator): create_tag>, delete_tag already registered for DAG: example_complex
[2023-06-15T21:13:21.285+0000] {logging_mixin.py:149} INFO - [2023-06-15T21:13:21.285+0000] {taskmixin.py:211} WARNING - Dependency <Task(BashOperator): delete_tag>, create_tag already registered for DAG: example_complex
[2023-06-15T21:13:21.286+0000] {processor.py:836} INFO - DAG(s) dict_keys(['example_complex']) retrieved from /home/airflow/.local/lib/python3.7/site-packages/airflow/example_dags/example_complex.py
[2023-06-15T21:13:21.312+0000] {logging_mixin.py:149} INFO - [2023-06-15T21:13:21.312+0000] {dag.py:2726} INFO - Sync 1 DAGs
[2023-06-15T21:13:21.328+0000] {logging_mixin.py:149} INFO - [2023-06-15T21:13:21.328+0000] {dag.py:3490} INFO - Setting next_dagrun for example_complex to None, run_after=None
[2023-06-15T21:13:21.340+0000] {processor.py:179} INFO - Processing /home/airflow/.local/lib/python3.7/site-packages/airflow/example_dags/example_complex.py took 0.068 seconds
[2023-06-15T21:13:51.758+0000] {processor.py:157} INFO - Started process (PID=482) to work on /home/airflow/.local/lib/python3.7/site-packages/airflow/example_dags/example_complex.py
[2023-06-15T21:13:51.760+0000] {processor.py:826} INFO - Processing file /home/airflow/.local/lib/python3.7/site-packages/airflow/example_dags/example_complex.py for tasks to queue
[2023-06-15T21:13:51.761+0000] {logging_mixin.py:149} INFO - [2023-06-15T21:13:51.761+0000] {dagbag.py:541} INFO - Filling up the DagBag from /home/airflow/.local/lib/python3.7/site-packages/airflow/example_dags/example_complex.py
[2023-06-15T21:13:51.771+0000] {logging_mixin.py:149} INFO - [2023-06-15T21:13:51.771+0000] {taskmixin.py:211} WARNING - Dependency <Task(BashOperator): create_entry_group>, delete_entry_group already registered for DAG: example_complex
[2023-06-15T21:13:51.772+0000] {logging_mixin.py:149} INFO - [2023-06-15T21:13:51.772+0000] {taskmixin.py:211} WARNING - Dependency <Task(BashOperator): delete_entry_group>, create_entry_group already registered for DAG: example_complex
[2023-06-15T21:13:51.773+0000] {logging_mixin.py:149} INFO - [2023-06-15T21:13:51.773+0000] {taskmixin.py:211} WARNING - Dependency <Task(BashOperator): create_entry_gcs>, delete_entry already registered for DAG: example_complex
[2023-06-15T21:13:51.774+0000] {logging_mixin.py:149} INFO - [2023-06-15T21:13:51.774+0000] {taskmixin.py:211} WARNING - Dependency <Task(BashOperator): delete_entry>, create_entry_gcs already registered for DAG: example_complex
[2023-06-15T21:13:51.775+0000] {logging_mixin.py:149} INFO - [2023-06-15T21:13:51.775+0000] {taskmixin.py:211} WARNING - Dependency <Task(BashOperator): create_tag>, delete_tag already registered for DAG: example_complex
[2023-06-15T21:13:51.776+0000] {logging_mixin.py:149} INFO - [2023-06-15T21:13:51.776+0000] {taskmixin.py:211} WARNING - Dependency <Task(BashOperator): delete_tag>, create_tag already registered for DAG: example_complex
[2023-06-15T21:13:51.778+0000] {processor.py:836} INFO - DAG(s) dict_keys(['example_complex']) retrieved from /home/airflow/.local/lib/python3.7/site-packages/airflow/example_dags/example_complex.py
[2023-06-15T21:13:51.817+0000] {logging_mixin.py:149} INFO - [2023-06-15T21:13:51.817+0000] {dag.py:2726} INFO - Sync 1 DAGs
[2023-06-15T21:13:51.844+0000] {logging_mixin.py:149} INFO - [2023-06-15T21:13:51.843+0000] {dag.py:3490} INFO - Setting next_dagrun for example_complex to None, run_after=None
[2023-06-15T21:13:51.886+0000] {processor.py:179} INFO - Processing /home/airflow/.local/lib/python3.7/site-packages/airflow/example_dags/example_complex.py took 0.131 seconds
[2023-06-15T21:14:22.437+0000] {processor.py:157} INFO - Started process (PID=538) to work on /home/airflow/.local/lib/python3.7/site-packages/airflow/example_dags/example_complex.py
[2023-06-15T21:14:22.438+0000] {processor.py:826} INFO - Processing file /home/airflow/.local/lib/python3.7/site-packages/airflow/example_dags/example_complex.py for tasks to queue
[2023-06-15T21:14:22.439+0000] {logging_mixin.py:149} INFO - [2023-06-15T21:14:22.439+0000] {dagbag.py:541} INFO - Filling up the DagBag from /home/airflow/.local/lib/python3.7/site-packages/airflow/example_dags/example_complex.py
[2023-06-15T21:14:22.446+0000] {logging_mixin.py:149} INFO - [2023-06-15T21:14:22.446+0000] {taskmixin.py:211} WARNING - Dependency <Task(BashOperator): create_entry_group>, delete_entry_group already registered for DAG: example_complex
[2023-06-15T21:14:22.447+0000] {logging_mixin.py:149} INFO - [2023-06-15T21:14:22.447+0000] {taskmixin.py:211} WARNING - Dependency <Task(BashOperator): delete_entry_group>, create_entry_group already registered for DAG: example_complex
[2023-06-15T21:14:22.448+0000] {logging_mixin.py:149} INFO - [2023-06-15T21:14:22.448+0000] {taskmixin.py:211} WARNING - Dependency <Task(BashOperator): create_entry_gcs>, delete_entry already registered for DAG: example_complex
[2023-06-15T21:14:22.448+0000] {logging_mixin.py:149} INFO - [2023-06-15T21:14:22.448+0000] {taskmixin.py:211} WARNING - Dependency <Task(BashOperator): delete_entry>, create_entry_gcs already registered for DAG: example_complex
[2023-06-15T21:14:22.449+0000] {logging_mixin.py:149} INFO - [2023-06-15T21:14:22.449+0000] {taskmixin.py:211} WARNING - Dependency <Task(BashOperator): create_tag>, delete_tag already registered for DAG: example_complex
[2023-06-15T21:14:22.449+0000] {logging_mixin.py:149} INFO - [2023-06-15T21:14:22.449+0000] {taskmixin.py:211} WARNING - Dependency <Task(BashOperator): delete_tag>, create_tag already registered for DAG: example_complex
[2023-06-15T21:14:22.450+0000] {processor.py:836} INFO - DAG(s) dict_keys(['example_complex']) retrieved from /home/airflow/.local/lib/python3.7/site-packages/airflow/example_dags/example_complex.py
[2023-06-15T21:14:22.476+0000] {logging_mixin.py:149} INFO - [2023-06-15T21:14:22.476+0000] {dag.py:2726} INFO - Sync 1 DAGs
[2023-06-15T21:14:22.492+0000] {logging_mixin.py:149} INFO - [2023-06-15T21:14:22.492+0000] {dag.py:3490} INFO - Setting next_dagrun for example_complex to None, run_after=None
[2023-06-15T21:14:22.505+0000] {processor.py:179} INFO - Processing /home/airflow/.local/lib/python3.7/site-packages/airflow/example_dags/example_complex.py took 0.071 seconds
[2023-06-15T21:14:53.224+0000] {processor.py:157} INFO - Started process (PID=594) to work on /home/airflow/.local/lib/python3.7/site-packages/airflow/example_dags/example_complex.py
[2023-06-15T21:14:53.225+0000] {processor.py:826} INFO - Processing file /home/airflow/.local/lib/python3.7/site-packages/airflow/example_dags/example_complex.py for tasks to queue
[2023-06-15T21:14:53.226+0000] {logging_mixin.py:149} INFO - [2023-06-15T21:14:53.226+0000] {dagbag.py:541} INFO - Filling up the DagBag from /home/airflow/.local/lib/python3.7/site-packages/airflow/example_dags/example_complex.py
[2023-06-15T21:14:53.234+0000] {logging_mixin.py:149} INFO - [2023-06-15T21:14:53.234+0000] {taskmixin.py:211} WARNING - Dependency <Task(BashOperator): create_entry_group>, delete_entry_group already registered for DAG: example_complex
[2023-06-15T21:14:53.234+0000] {logging_mixin.py:149} INFO - [2023-06-15T21:14:53.234+0000] {taskmixin.py:211} WARNING - Dependency <Task(BashOperator): delete_entry_group>, create_entry_group already registered for DAG: example_complex
[2023-06-15T21:14:53.235+0000] {logging_mixin.py:149} INFO - [2023-06-15T21:14:53.235+0000] {taskmixin.py:211} WARNING - Dependency <Task(BashOperator): create_entry_gcs>, delete_entry already registered for DAG: example_complex
[2023-06-15T21:14:53.236+0000] {logging_mixin.py:149} INFO - [2023-06-15T21:14:53.235+0000] {taskmixin.py:211} WARNING - Dependency <Task(BashOperator): delete_entry>, create_entry_gcs already registered for DAG: example_complex
[2023-06-15T21:14:53.236+0000] {logging_mixin.py:149} INFO - [2023-06-15T21:14:53.236+0000] {taskmixin.py:211} WARNING - Dependency <Task(BashOperator): create_tag>, delete_tag already registered for DAG: example_complex
[2023-06-15T21:14:53.237+0000] {logging_mixin.py:149} INFO - [2023-06-15T21:14:53.237+0000] {taskmixin.py:211} WARNING - Dependency <Task(BashOperator): delete_tag>, create_tag already registered for DAG: example_complex
[2023-06-15T21:14:53.238+0000] {processor.py:836} INFO - DAG(s) dict_keys(['example_complex']) retrieved from /home/airflow/.local/lib/python3.7/site-packages/airflow/example_dags/example_complex.py
[2023-06-15T21:14:53.263+0000] {logging_mixin.py:149} INFO - [2023-06-15T21:14:53.263+0000] {dag.py:2726} INFO - Sync 1 DAGs
[2023-06-15T21:14:53.279+0000] {logging_mixin.py:149} INFO - [2023-06-15T21:14:53.279+0000] {dag.py:3490} INFO - Setting next_dagrun for example_complex to None, run_after=None
[2023-06-15T21:14:53.291+0000] {processor.py:179} INFO - Processing /home/airflow/.local/lib/python3.7/site-packages/airflow/example_dags/example_complex.py took 0.070 seconds
[2023-06-15T21:20:27.889+0000] {processor.py:157} INFO - Started process (PID=1210) to work on /home/airflow/.local/lib/python3.7/site-packages/airflow/example_dags/example_complex.py
[2023-06-15T21:20:27.890+0000] {processor.py:826} INFO - Processing file /home/airflow/.local/lib/python3.7/site-packages/airflow/example_dags/example_complex.py for tasks to queue
[2023-06-15T21:20:27.890+0000] {logging_mixin.py:149} INFO - [2023-06-15T21:20:27.890+0000] {dagbag.py:541} INFO - Filling up the DagBag from /home/airflow/.local/lib/python3.7/site-packages/airflow/example_dags/example_complex.py
[2023-06-15T21:20:27.897+0000] {logging_mixin.py:149} INFO - [2023-06-15T21:20:27.897+0000] {taskmixin.py:211} WARNING - Dependency <Task(BashOperator): create_entry_group>, delete_entry_group already registered for DAG: example_complex
[2023-06-15T21:20:27.897+0000] {logging_mixin.py:149} INFO - [2023-06-15T21:20:27.897+0000] {taskmixin.py:211} WARNING - Dependency <Task(BashOperator): delete_entry_group>, create_entry_group already registered for DAG: example_complex
[2023-06-15T21:20:27.898+0000] {logging_mixin.py:149} INFO - [2023-06-15T21:20:27.898+0000] {taskmixin.py:211} WARNING - Dependency <Task(BashOperator): create_entry_gcs>, delete_entry already registered for DAG: example_complex
[2023-06-15T21:20:27.898+0000] {logging_mixin.py:149} INFO - [2023-06-15T21:20:27.898+0000] {taskmixin.py:211} WARNING - Dependency <Task(BashOperator): delete_entry>, create_entry_gcs already registered for DAG: example_complex
[2023-06-15T21:20:27.899+0000] {logging_mixin.py:149} INFO - [2023-06-15T21:20:27.898+0000] {taskmixin.py:211} WARNING - Dependency <Task(BashOperator): create_tag>, delete_tag already registered for DAG: example_complex
[2023-06-15T21:20:27.899+0000] {logging_mixin.py:149} INFO - [2023-06-15T21:20:27.899+0000] {taskmixin.py:211} WARNING - Dependency <Task(BashOperator): delete_tag>, create_tag already registered for DAG: example_complex
[2023-06-15T21:20:27.900+0000] {processor.py:836} INFO - DAG(s) dict_keys(['example_complex']) retrieved from /home/airflow/.local/lib/python3.7/site-packages/airflow/example_dags/example_complex.py
[2023-06-15T21:20:27.926+0000] {logging_mixin.py:149} INFO - [2023-06-15T21:20:27.926+0000] {dag.py:2726} INFO - Sync 1 DAGs
[2023-06-15T21:20:27.943+0000] {logging_mixin.py:149} INFO - [2023-06-15T21:20:27.943+0000] {dag.py:3490} INFO - Setting next_dagrun for example_complex to None, run_after=None
[2023-06-15T21:20:27.958+0000] {processor.py:179} INFO - Processing /home/airflow/.local/lib/python3.7/site-packages/airflow/example_dags/example_complex.py took 0.072 seconds
[2023-06-15T21:20:58.345+0000] {processor.py:157} INFO - Started process (PID=1265) to work on /home/airflow/.local/lib/python3.7/site-packages/airflow/example_dags/example_complex.py
[2023-06-15T21:20:58.346+0000] {processor.py:826} INFO - Processing file /home/airflow/.local/lib/python3.7/site-packages/airflow/example_dags/example_complex.py for tasks to queue
[2023-06-15T21:20:58.347+0000] {logging_mixin.py:149} INFO - [2023-06-15T21:20:58.347+0000] {dagbag.py:541} INFO - Filling up the DagBag from /home/airflow/.local/lib/python3.7/site-packages/airflow/example_dags/example_complex.py
[2023-06-15T21:20:58.354+0000] {logging_mixin.py:149} INFO - [2023-06-15T21:20:58.353+0000] {taskmixin.py:211} WARNING - Dependency <Task(BashOperator): create_entry_group>, delete_entry_group already registered for DAG: example_complex
[2023-06-15T21:20:58.354+0000] {logging_mixin.py:149} INFO - [2023-06-15T21:20:58.354+0000] {taskmixin.py:211} WARNING - Dependency <Task(BashOperator): delete_entry_group>, create_entry_group already registered for DAG: example_complex
[2023-06-15T21:20:58.355+0000] {logging_mixin.py:149} INFO - [2023-06-15T21:20:58.355+0000] {taskmixin.py:211} WARNING - Dependency <Task(BashOperator): create_entry_gcs>, delete_entry already registered for DAG: example_complex
[2023-06-15T21:20:58.355+0000] {logging_mixin.py:149} INFO - [2023-06-15T21:20:58.355+0000] {taskmixin.py:211} WARNING - Dependency <Task(BashOperator): delete_entry>, create_entry_gcs already registered for DAG: example_complex
[2023-06-15T21:20:58.355+0000] {logging_mixin.py:149} INFO - [2023-06-15T21:20:58.355+0000] {taskmixin.py:211} WARNING - Dependency <Task(BashOperator): create_tag>, delete_tag already registered for DAG: example_complex
[2023-06-15T21:20:58.356+0000] {logging_mixin.py:149} INFO - [2023-06-15T21:20:58.356+0000] {taskmixin.py:211} WARNING - Dependency <Task(BashOperator): delete_tag>, create_tag already registered for DAG: example_complex
[2023-06-15T21:20:58.357+0000] {processor.py:836} INFO - DAG(s) dict_keys(['example_complex']) retrieved from /home/airflow/.local/lib/python3.7/site-packages/airflow/example_dags/example_complex.py
[2023-06-15T21:20:58.382+0000] {logging_mixin.py:149} INFO - [2023-06-15T21:20:58.382+0000] {dag.py:2726} INFO - Sync 1 DAGs
[2023-06-15T21:20:58.397+0000] {logging_mixin.py:149} INFO - [2023-06-15T21:20:58.397+0000] {dag.py:3490} INFO - Setting next_dagrun for example_complex to None, run_after=None
[2023-06-15T21:20:58.408+0000] {processor.py:179} INFO - Processing /home/airflow/.local/lib/python3.7/site-packages/airflow/example_dags/example_complex.py took 0.066 seconds
[2023-06-15T21:21:28.651+0000] {processor.py:157} INFO - Started process (PID=1321) to work on /home/airflow/.local/lib/python3.7/site-packages/airflow/example_dags/example_complex.py
[2023-06-15T21:21:28.652+0000] {processor.py:826} INFO - Processing file /home/airflow/.local/lib/python3.7/site-packages/airflow/example_dags/example_complex.py for tasks to queue
[2023-06-15T21:21:28.653+0000] {logging_mixin.py:149} INFO - [2023-06-15T21:21:28.653+0000] {dagbag.py:541} INFO - Filling up the DagBag from /home/airflow/.local/lib/python3.7/site-packages/airflow/example_dags/example_complex.py
[2023-06-15T21:21:28.660+0000] {logging_mixin.py:149} INFO - [2023-06-15T21:21:28.660+0000] {taskmixin.py:211} WARNING - Dependency <Task(BashOperator): create_entry_group>, delete_entry_group already registered for DAG: example_complex
[2023-06-15T21:21:28.660+0000] {logging_mixin.py:149} INFO - [2023-06-15T21:21:28.660+0000] {taskmixin.py:211} WARNING - Dependency <Task(BashOperator): delete_entry_group>, create_entry_group already registered for DAG: example_complex
[2023-06-15T21:21:28.661+0000] {logging_mixin.py:149} INFO - [2023-06-15T21:21:28.661+0000] {taskmixin.py:211} WARNING - Dependency <Task(BashOperator): create_entry_gcs>, delete_entry already registered for DAG: example_complex
[2023-06-15T21:21:28.661+0000] {logging_mixin.py:149} INFO - [2023-06-15T21:21:28.661+0000] {taskmixin.py:211} WARNING - Dependency <Task(BashOperator): delete_entry>, create_entry_gcs already registered for DAG: example_complex
[2023-06-15T21:21:28.661+0000] {logging_mixin.py:149} INFO - [2023-06-15T21:21:28.661+0000] {taskmixin.py:211} WARNING - Dependency <Task(BashOperator): create_tag>, delete_tag already registered for DAG: example_complex
[2023-06-15T21:21:28.662+0000] {logging_mixin.py:149} INFO - [2023-06-15T21:21:28.662+0000] {taskmixin.py:211} WARNING - Dependency <Task(BashOperator): delete_tag>, create_tag already registered for DAG: example_complex
[2023-06-15T21:21:28.663+0000] {processor.py:836} INFO - DAG(s) dict_keys(['example_complex']) retrieved from /home/airflow/.local/lib/python3.7/site-packages/airflow/example_dags/example_complex.py
[2023-06-15T21:21:28.689+0000] {logging_mixin.py:149} INFO - [2023-06-15T21:21:28.688+0000] {dag.py:2726} INFO - Sync 1 DAGs
[2023-06-15T21:21:28.703+0000] {logging_mixin.py:149} INFO - [2023-06-15T21:21:28.703+0000] {dag.py:3490} INFO - Setting next_dagrun for example_complex to None, run_after=None
[2023-06-15T21:21:28.714+0000] {processor.py:179} INFO - Processing /home/airflow/.local/lib/python3.7/site-packages/airflow/example_dags/example_complex.py took 0.066 seconds
