[2023-06-15T21:09:48.553+0000] {processor.py:157} INFO - Started process (PID=47) to work on /home/airflow/.local/lib/python3.7/site-packages/airflow/example_dags/example_nested_branch_dag.py
[2023-06-15T21:09:48.555+0000] {processor.py:826} INFO - Processing file /home/airflow/.local/lib/python3.7/site-packages/airflow/example_dags/example_nested_branch_dag.py for tasks to queue
[2023-06-15T21:09:48.557+0000] {logging_mixin.py:149} INFO - [2023-06-15T21:09:48.557+0000] {dagbag.py:541} INFO - Filling up the DagBag from /home/airflow/.local/lib/python3.7/site-packages/airflow/example_dags/example_nested_branch_dag.py
[2023-06-15T21:09:48.567+0000] {processor.py:836} INFO - DAG(s) dict_keys(['example_nested_branch_dag']) retrieved from /home/airflow/.local/lib/python3.7/site-packages/airflow/example_dags/example_nested_branch_dag.py
[2023-06-15T21:09:48.598+0000] {logging_mixin.py:149} INFO - [2023-06-15T21:09:48.598+0000] {dag.py:2726} INFO - Sync 1 DAGs
[2023-06-15T21:09:48.625+0000] {logging_mixin.py:149} INFO - [2023-06-15T21:09:48.625+0000] {dag.py:3490} INFO - Setting next_dagrun for example_nested_branch_dag to 2023-06-14T00:00:00+00:00, run_after=2023-06-15T00:00:00+00:00
[2023-06-15T21:09:48.643+0000] {processor.py:179} INFO - Processing /home/airflow/.local/lib/python3.7/site-packages/airflow/example_dags/example_nested_branch_dag.py took 0.092 seconds
[2023-06-15T21:10:19.091+0000] {processor.py:157} INFO - Started process (PID=103) to work on /home/airflow/.local/lib/python3.7/site-packages/airflow/example_dags/example_nested_branch_dag.py
[2023-06-15T21:10:19.093+0000] {processor.py:826} INFO - Processing file /home/airflow/.local/lib/python3.7/site-packages/airflow/example_dags/example_nested_branch_dag.py for tasks to queue
[2023-06-15T21:10:19.094+0000] {logging_mixin.py:149} INFO - [2023-06-15T21:10:19.094+0000] {dagbag.py:541} INFO - Filling up the DagBag from /home/airflow/.local/lib/python3.7/site-packages/airflow/example_dags/example_nested_branch_dag.py
[2023-06-15T21:10:19.102+0000] {processor.py:836} INFO - DAG(s) dict_keys(['example_nested_branch_dag']) retrieved from /home/airflow/.local/lib/python3.7/site-packages/airflow/example_dags/example_nested_branch_dag.py
[2023-06-15T21:10:19.124+0000] {logging_mixin.py:149} INFO - [2023-06-15T21:10:19.124+0000] {dag.py:2726} INFO - Sync 1 DAGs
[2023-06-15T21:10:19.143+0000] {logging_mixin.py:149} INFO - [2023-06-15T21:10:19.143+0000] {dag.py:3490} INFO - Setting next_dagrun for example_nested_branch_dag to 2023-06-14T00:00:00+00:00, run_after=2023-06-15T00:00:00+00:00
[2023-06-15T21:10:19.155+0000] {processor.py:179} INFO - Processing /home/airflow/.local/lib/python3.7/site-packages/airflow/example_dags/example_nested_branch_dag.py took 0.067 seconds
[2023-06-15T21:10:49.587+0000] {processor.py:157} INFO - Started process (PID=159) to work on /home/airflow/.local/lib/python3.7/site-packages/airflow/example_dags/example_nested_branch_dag.py
[2023-06-15T21:10:49.588+0000] {processor.py:826} INFO - Processing file /home/airflow/.local/lib/python3.7/site-packages/airflow/example_dags/example_nested_branch_dag.py for tasks to queue
[2023-06-15T21:10:49.589+0000] {logging_mixin.py:149} INFO - [2023-06-15T21:10:49.589+0000] {dagbag.py:541} INFO - Filling up the DagBag from /home/airflow/.local/lib/python3.7/site-packages/airflow/example_dags/example_nested_branch_dag.py
[2023-06-15T21:10:49.599+0000] {processor.py:836} INFO - DAG(s) dict_keys(['example_nested_branch_dag']) retrieved from /home/airflow/.local/lib/python3.7/site-packages/airflow/example_dags/example_nested_branch_dag.py
[2023-06-15T21:10:49.625+0000] {logging_mixin.py:149} INFO - [2023-06-15T21:10:49.625+0000] {dag.py:2726} INFO - Sync 1 DAGs
[2023-06-15T21:10:49.647+0000] {logging_mixin.py:149} INFO - [2023-06-15T21:10:49.646+0000] {dag.py:3490} INFO - Setting next_dagrun for example_nested_branch_dag to 2023-06-14T00:00:00+00:00, run_after=2023-06-15T00:00:00+00:00
[2023-06-15T21:10:49.670+0000] {processor.py:179} INFO - Processing /home/airflow/.local/lib/python3.7/site-packages/airflow/example_dags/example_nested_branch_dag.py took 0.086 seconds
[2023-06-15T21:11:19.941+0000] {processor.py:157} INFO - Started process (PID=215) to work on /home/airflow/.local/lib/python3.7/site-packages/airflow/example_dags/example_nested_branch_dag.py
[2023-06-15T21:11:19.942+0000] {processor.py:826} INFO - Processing file /home/airflow/.local/lib/python3.7/site-packages/airflow/example_dags/example_nested_branch_dag.py for tasks to queue
[2023-06-15T21:11:19.943+0000] {logging_mixin.py:149} INFO - [2023-06-15T21:11:19.943+0000] {dagbag.py:541} INFO - Filling up the DagBag from /home/airflow/.local/lib/python3.7/site-packages/airflow/example_dags/example_nested_branch_dag.py
[2023-06-15T21:11:19.950+0000] {processor.py:836} INFO - DAG(s) dict_keys(['example_nested_branch_dag']) retrieved from /home/airflow/.local/lib/python3.7/site-packages/airflow/example_dags/example_nested_branch_dag.py
[2023-06-15T21:11:19.970+0000] {logging_mixin.py:149} INFO - [2023-06-15T21:11:19.970+0000] {dag.py:2726} INFO - Sync 1 DAGs
[2023-06-15T21:11:19.986+0000] {logging_mixin.py:149} INFO - [2023-06-15T21:11:19.986+0000] {dag.py:3490} INFO - Setting next_dagrun for example_nested_branch_dag to 2023-06-14T00:00:00+00:00, run_after=2023-06-15T00:00:00+00:00
[2023-06-15T21:11:19.997+0000] {processor.py:179} INFO - Processing /home/airflow/.local/lib/python3.7/site-packages/airflow/example_dags/example_nested_branch_dag.py took 0.059 seconds
[2023-06-15T21:11:50.367+0000] {processor.py:157} INFO - Started process (PID=271) to work on /home/airflow/.local/lib/python3.7/site-packages/airflow/example_dags/example_nested_branch_dag.py
[2023-06-15T21:11:50.369+0000] {processor.py:826} INFO - Processing file /home/airflow/.local/lib/python3.7/site-packages/airflow/example_dags/example_nested_branch_dag.py for tasks to queue
[2023-06-15T21:11:50.370+0000] {logging_mixin.py:149} INFO - [2023-06-15T21:11:50.370+0000] {dagbag.py:541} INFO - Filling up the DagBag from /home/airflow/.local/lib/python3.7/site-packages/airflow/example_dags/example_nested_branch_dag.py
[2023-06-15T21:11:50.379+0000] {processor.py:836} INFO - DAG(s) dict_keys(['example_nested_branch_dag']) retrieved from /home/airflow/.local/lib/python3.7/site-packages/airflow/example_dags/example_nested_branch_dag.py
[2023-06-15T21:11:50.403+0000] {logging_mixin.py:149} INFO - [2023-06-15T21:11:50.403+0000] {dag.py:2726} INFO - Sync 1 DAGs
[2023-06-15T21:11:50.424+0000] {logging_mixin.py:149} INFO - [2023-06-15T21:11:50.424+0000] {dag.py:3490} INFO - Setting next_dagrun for example_nested_branch_dag to 2023-06-14T00:00:00+00:00, run_after=2023-06-15T00:00:00+00:00
[2023-06-15T21:11:50.439+0000] {processor.py:179} INFO - Processing /home/airflow/.local/lib/python3.7/site-packages/airflow/example_dags/example_nested_branch_dag.py took 0.075 seconds
[2023-06-15T21:12:21.097+0000] {processor.py:157} INFO - Started process (PID=326) to work on /home/airflow/.local/lib/python3.7/site-packages/airflow/example_dags/example_nested_branch_dag.py
[2023-06-15T21:12:21.098+0000] {processor.py:826} INFO - Processing file /home/airflow/.local/lib/python3.7/site-packages/airflow/example_dags/example_nested_branch_dag.py for tasks to queue
[2023-06-15T21:12:21.099+0000] {logging_mixin.py:149} INFO - [2023-06-15T21:12:21.099+0000] {dagbag.py:541} INFO - Filling up the DagBag from /home/airflow/.local/lib/python3.7/site-packages/airflow/example_dags/example_nested_branch_dag.py
[2023-06-15T21:12:21.107+0000] {processor.py:836} INFO - DAG(s) dict_keys(['example_nested_branch_dag']) retrieved from /home/airflow/.local/lib/python3.7/site-packages/airflow/example_dags/example_nested_branch_dag.py
[2023-06-15T21:12:21.128+0000] {logging_mixin.py:149} INFO - [2023-06-15T21:12:21.128+0000] {dag.py:2726} INFO - Sync 1 DAGs
[2023-06-15T21:12:21.144+0000] {logging_mixin.py:149} INFO - [2023-06-15T21:12:21.144+0000] {dag.py:3490} INFO - Setting next_dagrun for example_nested_branch_dag to 2023-06-14T00:00:00+00:00, run_after=2023-06-15T00:00:00+00:00
[2023-06-15T21:12:21.155+0000] {processor.py:179} INFO - Processing /home/airflow/.local/lib/python3.7/site-packages/airflow/example_dags/example_nested_branch_dag.py took 0.061 seconds
[2023-06-15T21:12:51.461+0000] {processor.py:157} INFO - Started process (PID=382) to work on /home/airflow/.local/lib/python3.7/site-packages/airflow/example_dags/example_nested_branch_dag.py
[2023-06-15T21:12:51.463+0000] {processor.py:826} INFO - Processing file /home/airflow/.local/lib/python3.7/site-packages/airflow/example_dags/example_nested_branch_dag.py for tasks to queue
[2023-06-15T21:12:51.464+0000] {logging_mixin.py:149} INFO - [2023-06-15T21:12:51.464+0000] {dagbag.py:541} INFO - Filling up the DagBag from /home/airflow/.local/lib/python3.7/site-packages/airflow/example_dags/example_nested_branch_dag.py
[2023-06-15T21:12:51.471+0000] {processor.py:836} INFO - DAG(s) dict_keys(['example_nested_branch_dag']) retrieved from /home/airflow/.local/lib/python3.7/site-packages/airflow/example_dags/example_nested_branch_dag.py
[2023-06-15T21:12:51.492+0000] {logging_mixin.py:149} INFO - [2023-06-15T21:12:51.492+0000] {dag.py:2726} INFO - Sync 1 DAGs
[2023-06-15T21:12:51.510+0000] {logging_mixin.py:149} INFO - [2023-06-15T21:12:51.510+0000] {dag.py:3490} INFO - Setting next_dagrun for example_nested_branch_dag to 2023-06-14T00:00:00+00:00, run_after=2023-06-15T00:00:00+00:00
[2023-06-15T21:12:51.522+0000] {processor.py:179} INFO - Processing /home/airflow/.local/lib/python3.7/site-packages/airflow/example_dags/example_nested_branch_dag.py took 0.063 seconds
[2023-06-15T21:13:21.775+0000] {processor.py:157} INFO - Started process (PID=438) to work on /home/airflow/.local/lib/python3.7/site-packages/airflow/example_dags/example_nested_branch_dag.py
[2023-06-15T21:13:21.776+0000] {processor.py:826} INFO - Processing file /home/airflow/.local/lib/python3.7/site-packages/airflow/example_dags/example_nested_branch_dag.py for tasks to queue
[2023-06-15T21:13:21.777+0000] {logging_mixin.py:149} INFO - [2023-06-15T21:13:21.777+0000] {dagbag.py:541} INFO - Filling up the DagBag from /home/airflow/.local/lib/python3.7/site-packages/airflow/example_dags/example_nested_branch_dag.py
[2023-06-15T21:13:21.785+0000] {processor.py:836} INFO - DAG(s) dict_keys(['example_nested_branch_dag']) retrieved from /home/airflow/.local/lib/python3.7/site-packages/airflow/example_dags/example_nested_branch_dag.py
[2023-06-15T21:13:21.805+0000] {logging_mixin.py:149} INFO - [2023-06-15T21:13:21.805+0000] {dag.py:2726} INFO - Sync 1 DAGs
[2023-06-15T21:13:21.823+0000] {logging_mixin.py:149} INFO - [2023-06-15T21:13:21.823+0000] {dag.py:3490} INFO - Setting next_dagrun for example_nested_branch_dag to 2023-06-14T00:00:00+00:00, run_after=2023-06-15T00:00:00+00:00
[2023-06-15T21:13:21.834+0000] {processor.py:179} INFO - Processing /home/airflow/.local/lib/python3.7/site-packages/airflow/example_dags/example_nested_branch_dag.py took 0.062 seconds
[2023-06-15T21:13:52.525+0000] {processor.py:157} INFO - Started process (PID=494) to work on /home/airflow/.local/lib/python3.7/site-packages/airflow/example_dags/example_nested_branch_dag.py
[2023-06-15T21:13:52.527+0000] {processor.py:826} INFO - Processing file /home/airflow/.local/lib/python3.7/site-packages/airflow/example_dags/example_nested_branch_dag.py for tasks to queue
[2023-06-15T21:13:52.528+0000] {logging_mixin.py:149} INFO - [2023-06-15T21:13:52.528+0000] {dagbag.py:541} INFO - Filling up the DagBag from /home/airflow/.local/lib/python3.7/site-packages/airflow/example_dags/example_nested_branch_dag.py
[2023-06-15T21:13:52.537+0000] {processor.py:836} INFO - DAG(s) dict_keys(['example_nested_branch_dag']) retrieved from /home/airflow/.local/lib/python3.7/site-packages/airflow/example_dags/example_nested_branch_dag.py
[2023-06-15T21:13:52.578+0000] {logging_mixin.py:149} INFO - [2023-06-15T21:13:52.577+0000] {dag.py:2726} INFO - Sync 1 DAGs
[2023-06-15T21:13:52.604+0000] {logging_mixin.py:149} INFO - [2023-06-15T21:13:52.604+0000] {dag.py:3490} INFO - Setting next_dagrun for example_nested_branch_dag to 2023-06-14T00:00:00+00:00, run_after=2023-06-15T00:00:00+00:00
[2023-06-15T21:13:52.627+0000] {processor.py:179} INFO - Processing /home/airflow/.local/lib/python3.7/site-packages/airflow/example_dags/example_nested_branch_dag.py took 0.105 seconds
[2023-06-15T21:14:23.027+0000] {processor.py:157} INFO - Started process (PID=550) to work on /home/airflow/.local/lib/python3.7/site-packages/airflow/example_dags/example_nested_branch_dag.py
[2023-06-15T21:14:23.029+0000] {processor.py:826} INFO - Processing file /home/airflow/.local/lib/python3.7/site-packages/airflow/example_dags/example_nested_branch_dag.py for tasks to queue
[2023-06-15T21:14:23.030+0000] {logging_mixin.py:149} INFO - [2023-06-15T21:14:23.030+0000] {dagbag.py:541} INFO - Filling up the DagBag from /home/airflow/.local/lib/python3.7/site-packages/airflow/example_dags/example_nested_branch_dag.py
[2023-06-15T21:14:23.038+0000] {processor.py:836} INFO - DAG(s) dict_keys(['example_nested_branch_dag']) retrieved from /home/airflow/.local/lib/python3.7/site-packages/airflow/example_dags/example_nested_branch_dag.py
[2023-06-15T21:14:23.060+0000] {logging_mixin.py:149} INFO - [2023-06-15T21:14:23.060+0000] {dag.py:2726} INFO - Sync 1 DAGs
[2023-06-15T21:14:23.078+0000] {logging_mixin.py:149} INFO - [2023-06-15T21:14:23.078+0000] {dag.py:3490} INFO - Setting next_dagrun for example_nested_branch_dag to 2023-06-14T00:00:00+00:00, run_after=2023-06-15T00:00:00+00:00
[2023-06-15T21:14:23.091+0000] {processor.py:179} INFO - Processing /home/airflow/.local/lib/python3.7/site-packages/airflow/example_dags/example_nested_branch_dag.py took 0.067 seconds
[2023-06-15T21:14:53.720+0000] {processor.py:157} INFO - Started process (PID=606) to work on /home/airflow/.local/lib/python3.7/site-packages/airflow/example_dags/example_nested_branch_dag.py
[2023-06-15T21:14:53.721+0000] {processor.py:826} INFO - Processing file /home/airflow/.local/lib/python3.7/site-packages/airflow/example_dags/example_nested_branch_dag.py for tasks to queue
[2023-06-15T21:14:53.722+0000] {logging_mixin.py:149} INFO - [2023-06-15T21:14:53.722+0000] {dagbag.py:541} INFO - Filling up the DagBag from /home/airflow/.local/lib/python3.7/site-packages/airflow/example_dags/example_nested_branch_dag.py
[2023-06-15T21:14:53.729+0000] {processor.py:836} INFO - DAG(s) dict_keys(['example_nested_branch_dag']) retrieved from /home/airflow/.local/lib/python3.7/site-packages/airflow/example_dags/example_nested_branch_dag.py
[2023-06-15T21:14:53.750+0000] {logging_mixin.py:149} INFO - [2023-06-15T21:14:53.750+0000] {dag.py:2726} INFO - Sync 1 DAGs
[2023-06-15T21:14:53.767+0000] {logging_mixin.py:149} INFO - [2023-06-15T21:14:53.767+0000] {dag.py:3490} INFO - Setting next_dagrun for example_nested_branch_dag to 2023-06-14T00:00:00+00:00, run_after=2023-06-15T00:00:00+00:00
[2023-06-15T21:14:53.777+0000] {processor.py:179} INFO - Processing /home/airflow/.local/lib/python3.7/site-packages/airflow/example_dags/example_nested_branch_dag.py took 0.060 seconds
[2023-06-15T21:20:28.462+0000] {processor.py:157} INFO - Started process (PID=1222) to work on /home/airflow/.local/lib/python3.7/site-packages/airflow/example_dags/example_nested_branch_dag.py
[2023-06-15T21:20:28.463+0000] {processor.py:826} INFO - Processing file /home/airflow/.local/lib/python3.7/site-packages/airflow/example_dags/example_nested_branch_dag.py for tasks to queue
[2023-06-15T21:20:28.464+0000] {logging_mixin.py:149} INFO - [2023-06-15T21:20:28.464+0000] {dagbag.py:541} INFO - Filling up the DagBag from /home/airflow/.local/lib/python3.7/site-packages/airflow/example_dags/example_nested_branch_dag.py
[2023-06-15T21:20:28.471+0000] {processor.py:836} INFO - DAG(s) dict_keys(['example_nested_branch_dag']) retrieved from /home/airflow/.local/lib/python3.7/site-packages/airflow/example_dags/example_nested_branch_dag.py
[2023-06-15T21:20:28.491+0000] {logging_mixin.py:149} INFO - [2023-06-15T21:20:28.491+0000] {dag.py:2726} INFO - Sync 1 DAGs
[2023-06-15T21:20:28.507+0000] {logging_mixin.py:149} INFO - [2023-06-15T21:20:28.507+0000] {dag.py:3490} INFO - Setting next_dagrun for example_nested_branch_dag to 2023-06-14T00:00:00+00:00, run_after=2023-06-15T00:00:00+00:00
[2023-06-15T21:20:28.517+0000] {processor.py:179} INFO - Processing /home/airflow/.local/lib/python3.7/site-packages/airflow/example_dags/example_nested_branch_dag.py took 0.058 seconds
[2023-06-15T21:20:58.824+0000] {processor.py:157} INFO - Started process (PID=1277) to work on /home/airflow/.local/lib/python3.7/site-packages/airflow/example_dags/example_nested_branch_dag.py
[2023-06-15T21:20:58.826+0000] {processor.py:826} INFO - Processing file /home/airflow/.local/lib/python3.7/site-packages/airflow/example_dags/example_nested_branch_dag.py for tasks to queue
[2023-06-15T21:20:58.826+0000] {logging_mixin.py:149} INFO - [2023-06-15T21:20:58.826+0000] {dagbag.py:541} INFO - Filling up the DagBag from /home/airflow/.local/lib/python3.7/site-packages/airflow/example_dags/example_nested_branch_dag.py
[2023-06-15T21:20:58.834+0000] {processor.py:836} INFO - DAG(s) dict_keys(['example_nested_branch_dag']) retrieved from /home/airflow/.local/lib/python3.7/site-packages/airflow/example_dags/example_nested_branch_dag.py
[2023-06-15T21:20:58.855+0000] {logging_mixin.py:149} INFO - [2023-06-15T21:20:58.855+0000] {dag.py:2726} INFO - Sync 1 DAGs
[2023-06-15T21:20:58.872+0000] {logging_mixin.py:149} INFO - [2023-06-15T21:20:58.872+0000] {dag.py:3490} INFO - Setting next_dagrun for example_nested_branch_dag to 2023-06-14T00:00:00+00:00, run_after=2023-06-15T00:00:00+00:00
[2023-06-15T21:20:58.883+0000] {processor.py:179} INFO - Processing /home/airflow/.local/lib/python3.7/site-packages/airflow/example_dags/example_nested_branch_dag.py took 0.062 seconds
[2023-06-15T21:21:29.232+0000] {processor.py:157} INFO - Started process (PID=1333) to work on /home/airflow/.local/lib/python3.7/site-packages/airflow/example_dags/example_nested_branch_dag.py
[2023-06-15T21:21:29.233+0000] {processor.py:826} INFO - Processing file /home/airflow/.local/lib/python3.7/site-packages/airflow/example_dags/example_nested_branch_dag.py for tasks to queue
[2023-06-15T21:21:29.234+0000] {logging_mixin.py:149} INFO - [2023-06-15T21:21:29.234+0000] {dagbag.py:541} INFO - Filling up the DagBag from /home/airflow/.local/lib/python3.7/site-packages/airflow/example_dags/example_nested_branch_dag.py
[2023-06-15T21:21:29.241+0000] {processor.py:836} INFO - DAG(s) dict_keys(['example_nested_branch_dag']) retrieved from /home/airflow/.local/lib/python3.7/site-packages/airflow/example_dags/example_nested_branch_dag.py
[2023-06-15T21:21:29.261+0000] {logging_mixin.py:149} INFO - [2023-06-15T21:21:29.261+0000] {dag.py:2726} INFO - Sync 1 DAGs
[2023-06-15T21:21:29.276+0000] {logging_mixin.py:149} INFO - [2023-06-15T21:21:29.276+0000] {dag.py:3490} INFO - Setting next_dagrun for example_nested_branch_dag to 2023-06-14T00:00:00+00:00, run_after=2023-06-15T00:00:00+00:00
[2023-06-15T21:21:29.287+0000] {processor.py:179} INFO - Processing /home/airflow/.local/lib/python3.7/site-packages/airflow/example_dags/example_nested_branch_dag.py took 0.057 seconds
