[2023-06-15T21:09:48.702+0000] {processor.py:157} INFO - Started process (PID=50) to work on /home/airflow/.local/lib/python3.7/site-packages/airflow/example_dags/example_params_ui_tutorial.py
[2023-06-15T21:09:48.704+0000] {processor.py:826} INFO - Processing file /home/airflow/.local/lib/python3.7/site-packages/airflow/example_dags/example_params_ui_tutorial.py for tasks to queue
[2023-06-15T21:09:48.704+0000] {logging_mixin.py:149} INFO - [2023-06-15T21:09:48.704+0000] {dagbag.py:541} INFO - Filling up the DagBag from /home/airflow/.local/lib/python3.7/site-packages/airflow/example_dags/example_params_ui_tutorial.py
[2023-06-15T21:09:48.735+0000] {processor.py:836} INFO - DAG(s) dict_keys(['example_params_ui_tutorial']) retrieved from /home/airflow/.local/lib/python3.7/site-packages/airflow/example_dags/example_params_ui_tutorial.py
[2023-06-15T21:09:48.750+0000] {logging_mixin.py:149} INFO - [2023-06-15T21:09:48.750+0000] {dag.py:2726} INFO - Sync 1 DAGs
[2023-06-15T21:09:48.769+0000] {logging_mixin.py:149} INFO - [2023-06-15T21:09:48.769+0000] {dag.py:3490} INFO - Setting next_dagrun for example_params_ui_tutorial to None, run_after=None
[2023-06-15T21:09:48.784+0000] {processor.py:179} INFO - Processing /home/airflow/.local/lib/python3.7/site-packages/airflow/example_dags/example_params_ui_tutorial.py took 0.084 seconds
[2023-06-15T21:10:19.179+0000] {processor.py:157} INFO - Started process (PID=105) to work on /home/airflow/.local/lib/python3.7/site-packages/airflow/example_dags/example_params_ui_tutorial.py
[2023-06-15T21:10:19.180+0000] {processor.py:826} INFO - Processing file /home/airflow/.local/lib/python3.7/site-packages/airflow/example_dags/example_params_ui_tutorial.py for tasks to queue
[2023-06-15T21:10:19.182+0000] {logging_mixin.py:149} INFO - [2023-06-15T21:10:19.182+0000] {dagbag.py:541} INFO - Filling up the DagBag from /home/airflow/.local/lib/python3.7/site-packages/airflow/example_dags/example_params_ui_tutorial.py
[2023-06-15T21:10:19.209+0000] {processor.py:836} INFO - DAG(s) dict_keys(['example_params_ui_tutorial']) retrieved from /home/airflow/.local/lib/python3.7/site-packages/airflow/example_dags/example_params_ui_tutorial.py
[2023-06-15T21:10:19.246+0000] {logging_mixin.py:149} INFO - [2023-06-15T21:10:19.246+0000] {dag.py:2726} INFO - Sync 1 DAGs
[2023-06-15T21:10:19.264+0000] {logging_mixin.py:149} INFO - [2023-06-15T21:10:19.264+0000] {dag.py:3490} INFO - Setting next_dagrun for example_params_ui_tutorial to None, run_after=None
[2023-06-15T21:10:19.279+0000] {processor.py:179} INFO - Processing /home/airflow/.local/lib/python3.7/site-packages/airflow/example_dags/example_params_ui_tutorial.py took 0.103 seconds
[2023-06-15T21:10:49.713+0000] {processor.py:157} INFO - Started process (PID=161) to work on /home/airflow/.local/lib/python3.7/site-packages/airflow/example_dags/example_params_ui_tutorial.py
[2023-06-15T21:10:49.716+0000] {processor.py:826} INFO - Processing file /home/airflow/.local/lib/python3.7/site-packages/airflow/example_dags/example_params_ui_tutorial.py for tasks to queue
[2023-06-15T21:10:49.718+0000] {logging_mixin.py:149} INFO - [2023-06-15T21:10:49.718+0000] {dagbag.py:541} INFO - Filling up the DagBag from /home/airflow/.local/lib/python3.7/site-packages/airflow/example_dags/example_params_ui_tutorial.py
[2023-06-15T21:10:49.767+0000] {processor.py:836} INFO - DAG(s) dict_keys(['example_params_ui_tutorial']) retrieved from /home/airflow/.local/lib/python3.7/site-packages/airflow/example_dags/example_params_ui_tutorial.py
[2023-06-15T21:10:49.807+0000] {logging_mixin.py:149} INFO - [2023-06-15T21:10:49.807+0000] {dag.py:2726} INFO - Sync 1 DAGs
[2023-06-15T21:10:49.826+0000] {logging_mixin.py:149} INFO - [2023-06-15T21:10:49.826+0000] {dag.py:3490} INFO - Setting next_dagrun for example_params_ui_tutorial to None, run_after=None
[2023-06-15T21:10:49.841+0000] {processor.py:179} INFO - Processing /home/airflow/.local/lib/python3.7/site-packages/airflow/example_dags/example_params_ui_tutorial.py took 0.134 seconds
[2023-06-15T21:11:20.022+0000] {processor.py:157} INFO - Started process (PID=217) to work on /home/airflow/.local/lib/python3.7/site-packages/airflow/example_dags/example_params_ui_tutorial.py
[2023-06-15T21:11:20.023+0000] {processor.py:826} INFO - Processing file /home/airflow/.local/lib/python3.7/site-packages/airflow/example_dags/example_params_ui_tutorial.py for tasks to queue
[2023-06-15T21:11:20.024+0000] {logging_mixin.py:149} INFO - [2023-06-15T21:11:20.024+0000] {dagbag.py:541} INFO - Filling up the DagBag from /home/airflow/.local/lib/python3.7/site-packages/airflow/example_dags/example_params_ui_tutorial.py
[2023-06-15T21:11:20.049+0000] {processor.py:836} INFO - DAG(s) dict_keys(['example_params_ui_tutorial']) retrieved from /home/airflow/.local/lib/python3.7/site-packages/airflow/example_dags/example_params_ui_tutorial.py
[2023-06-15T21:11:20.084+0000] {logging_mixin.py:149} INFO - [2023-06-15T21:11:20.083+0000] {dag.py:2726} INFO - Sync 1 DAGs
[2023-06-15T21:11:20.100+0000] {logging_mixin.py:149} INFO - [2023-06-15T21:11:20.100+0000] {dag.py:3490} INFO - Setting next_dagrun for example_params_ui_tutorial to None, run_after=None
[2023-06-15T21:11:20.111+0000] {processor.py:179} INFO - Processing /home/airflow/.local/lib/python3.7/site-packages/airflow/example_dags/example_params_ui_tutorial.py took 0.092 seconds
[2023-06-15T21:11:50.469+0000] {processor.py:157} INFO - Started process (PID=273) to work on /home/airflow/.local/lib/python3.7/site-packages/airflow/example_dags/example_params_ui_tutorial.py
[2023-06-15T21:11:50.471+0000] {processor.py:826} INFO - Processing file /home/airflow/.local/lib/python3.7/site-packages/airflow/example_dags/example_params_ui_tutorial.py for tasks to queue
[2023-06-15T21:11:50.472+0000] {logging_mixin.py:149} INFO - [2023-06-15T21:11:50.472+0000] {dagbag.py:541} INFO - Filling up the DagBag from /home/airflow/.local/lib/python3.7/site-packages/airflow/example_dags/example_params_ui_tutorial.py
[2023-06-15T21:11:50.501+0000] {processor.py:836} INFO - DAG(s) dict_keys(['example_params_ui_tutorial']) retrieved from /home/airflow/.local/lib/python3.7/site-packages/airflow/example_dags/example_params_ui_tutorial.py
[2023-06-15T21:11:50.543+0000] {logging_mixin.py:149} INFO - [2023-06-15T21:11:50.543+0000] {dag.py:2726} INFO - Sync 1 DAGs
[2023-06-15T21:11:50.565+0000] {logging_mixin.py:149} INFO - [2023-06-15T21:11:50.565+0000] {dag.py:3490} INFO - Setting next_dagrun for example_params_ui_tutorial to None, run_after=None
[2023-06-15T21:11:50.588+0000] {processor.py:179} INFO - Processing /home/airflow/.local/lib/python3.7/site-packages/airflow/example_dags/example_params_ui_tutorial.py took 0.121 seconds
[2023-06-15T21:12:21.178+0000] {processor.py:157} INFO - Started process (PID=328) to work on /home/airflow/.local/lib/python3.7/site-packages/airflow/example_dags/example_params_ui_tutorial.py
[2023-06-15T21:12:21.179+0000] {processor.py:826} INFO - Processing file /home/airflow/.local/lib/python3.7/site-packages/airflow/example_dags/example_params_ui_tutorial.py for tasks to queue
[2023-06-15T21:12:21.180+0000] {logging_mixin.py:149} INFO - [2023-06-15T21:12:21.180+0000] {dagbag.py:541} INFO - Filling up the DagBag from /home/airflow/.local/lib/python3.7/site-packages/airflow/example_dags/example_params_ui_tutorial.py
[2023-06-15T21:12:21.206+0000] {processor.py:836} INFO - DAG(s) dict_keys(['example_params_ui_tutorial']) retrieved from /home/airflow/.local/lib/python3.7/site-packages/airflow/example_dags/example_params_ui_tutorial.py
[2023-06-15T21:12:21.241+0000] {logging_mixin.py:149} INFO - [2023-06-15T21:12:21.241+0000] {dag.py:2726} INFO - Sync 1 DAGs
[2023-06-15T21:12:21.257+0000] {logging_mixin.py:149} INFO - [2023-06-15T21:12:21.257+0000] {dag.py:3490} INFO - Setting next_dagrun for example_params_ui_tutorial to None, run_after=None
[2023-06-15T21:12:21.269+0000] {processor.py:179} INFO - Processing /home/airflow/.local/lib/python3.7/site-packages/airflow/example_dags/example_params_ui_tutorial.py took 0.094 seconds
[2023-06-15T21:12:51.544+0000] {processor.py:157} INFO - Started process (PID=384) to work on /home/airflow/.local/lib/python3.7/site-packages/airflow/example_dags/example_params_ui_tutorial.py
[2023-06-15T21:12:51.546+0000] {processor.py:826} INFO - Processing file /home/airflow/.local/lib/python3.7/site-packages/airflow/example_dags/example_params_ui_tutorial.py for tasks to queue
[2023-06-15T21:12:51.547+0000] {logging_mixin.py:149} INFO - [2023-06-15T21:12:51.546+0000] {dagbag.py:541} INFO - Filling up the DagBag from /home/airflow/.local/lib/python3.7/site-packages/airflow/example_dags/example_params_ui_tutorial.py
[2023-06-15T21:12:51.572+0000] {processor.py:836} INFO - DAG(s) dict_keys(['example_params_ui_tutorial']) retrieved from /home/airflow/.local/lib/python3.7/site-packages/airflow/example_dags/example_params_ui_tutorial.py
[2023-06-15T21:12:51.609+0000] {logging_mixin.py:149} INFO - [2023-06-15T21:12:51.609+0000] {dag.py:2726} INFO - Sync 1 DAGs
[2023-06-15T21:12:51.624+0000] {logging_mixin.py:149} INFO - [2023-06-15T21:12:51.624+0000] {dag.py:3490} INFO - Setting next_dagrun for example_params_ui_tutorial to None, run_after=None
[2023-06-15T21:12:51.635+0000] {processor.py:179} INFO - Processing /home/airflow/.local/lib/python3.7/site-packages/airflow/example_dags/example_params_ui_tutorial.py took 0.093 seconds
[2023-06-15T21:13:21.857+0000] {processor.py:157} INFO - Started process (PID=440) to work on /home/airflow/.local/lib/python3.7/site-packages/airflow/example_dags/example_params_ui_tutorial.py
[2023-06-15T21:13:21.858+0000] {processor.py:826} INFO - Processing file /home/airflow/.local/lib/python3.7/site-packages/airflow/example_dags/example_params_ui_tutorial.py for tasks to queue
[2023-06-15T21:13:21.859+0000] {logging_mixin.py:149} INFO - [2023-06-15T21:13:21.859+0000] {dagbag.py:541} INFO - Filling up the DagBag from /home/airflow/.local/lib/python3.7/site-packages/airflow/example_dags/example_params_ui_tutorial.py
[2023-06-15T21:13:21.884+0000] {processor.py:836} INFO - DAG(s) dict_keys(['example_params_ui_tutorial']) retrieved from /home/airflow/.local/lib/python3.7/site-packages/airflow/example_dags/example_params_ui_tutorial.py
[2023-06-15T21:13:21.919+0000] {logging_mixin.py:149} INFO - [2023-06-15T21:13:21.919+0000] {dag.py:2726} INFO - Sync 1 DAGs
[2023-06-15T21:13:21.935+0000] {logging_mixin.py:149} INFO - [2023-06-15T21:13:21.934+0000] {dag.py:3490} INFO - Setting next_dagrun for example_params_ui_tutorial to None, run_after=None
[2023-06-15T21:13:21.947+0000] {processor.py:179} INFO - Processing /home/airflow/.local/lib/python3.7/site-packages/airflow/example_dags/example_params_ui_tutorial.py took 0.093 seconds
[2023-06-15T21:13:52.653+0000] {processor.py:157} INFO - Started process (PID=496) to work on /home/airflow/.local/lib/python3.7/site-packages/airflow/example_dags/example_params_ui_tutorial.py
[2023-06-15T21:13:52.654+0000] {processor.py:826} INFO - Processing file /home/airflow/.local/lib/python3.7/site-packages/airflow/example_dags/example_params_ui_tutorial.py for tasks to queue
[2023-06-15T21:13:52.655+0000] {logging_mixin.py:149} INFO - [2023-06-15T21:13:52.654+0000] {dagbag.py:541} INFO - Filling up the DagBag from /home/airflow/.local/lib/python3.7/site-packages/airflow/example_dags/example_params_ui_tutorial.py
[2023-06-15T21:13:52.681+0000] {processor.py:836} INFO - DAG(s) dict_keys(['example_params_ui_tutorial']) retrieved from /home/airflow/.local/lib/python3.7/site-packages/airflow/example_dags/example_params_ui_tutorial.py
[2023-06-15T21:13:52.715+0000] {logging_mixin.py:149} INFO - [2023-06-15T21:13:52.715+0000] {dag.py:2726} INFO - Sync 1 DAGs
[2023-06-15T21:13:52.730+0000] {logging_mixin.py:149} INFO - [2023-06-15T21:13:52.730+0000] {dag.py:3490} INFO - Setting next_dagrun for example_params_ui_tutorial to None, run_after=None
[2023-06-15T21:13:52.740+0000] {processor.py:179} INFO - Processing /home/airflow/.local/lib/python3.7/site-packages/airflow/example_dags/example_params_ui_tutorial.py took 0.090 seconds
[2023-06-15T21:14:23.118+0000] {processor.py:157} INFO - Started process (PID=552) to work on /home/airflow/.local/lib/python3.7/site-packages/airflow/example_dags/example_params_ui_tutorial.py
[2023-06-15T21:14:23.120+0000] {processor.py:826} INFO - Processing file /home/airflow/.local/lib/python3.7/site-packages/airflow/example_dags/example_params_ui_tutorial.py for tasks to queue
[2023-06-15T21:14:23.121+0000] {logging_mixin.py:149} INFO - [2023-06-15T21:14:23.121+0000] {dagbag.py:541} INFO - Filling up the DagBag from /home/airflow/.local/lib/python3.7/site-packages/airflow/example_dags/example_params_ui_tutorial.py
[2023-06-15T21:14:23.149+0000] {processor.py:836} INFO - DAG(s) dict_keys(['example_params_ui_tutorial']) retrieved from /home/airflow/.local/lib/python3.7/site-packages/airflow/example_dags/example_params_ui_tutorial.py
[2023-06-15T21:14:23.188+0000] {logging_mixin.py:149} INFO - [2023-06-15T21:14:23.188+0000] {dag.py:2726} INFO - Sync 1 DAGs
[2023-06-15T21:14:23.205+0000] {logging_mixin.py:149} INFO - [2023-06-15T21:14:23.205+0000] {dag.py:3490} INFO - Setting next_dagrun for example_params_ui_tutorial to None, run_after=None
[2023-06-15T21:14:23.218+0000] {processor.py:179} INFO - Processing /home/airflow/.local/lib/python3.7/site-packages/airflow/example_dags/example_params_ui_tutorial.py took 0.104 seconds
[2023-06-15T21:14:53.802+0000] {processor.py:157} INFO - Started process (PID=608) to work on /home/airflow/.local/lib/python3.7/site-packages/airflow/example_dags/example_params_ui_tutorial.py
[2023-06-15T21:14:53.803+0000] {processor.py:826} INFO - Processing file /home/airflow/.local/lib/python3.7/site-packages/airflow/example_dags/example_params_ui_tutorial.py for tasks to queue
[2023-06-15T21:14:53.804+0000] {logging_mixin.py:149} INFO - [2023-06-15T21:14:53.804+0000] {dagbag.py:541} INFO - Filling up the DagBag from /home/airflow/.local/lib/python3.7/site-packages/airflow/example_dags/example_params_ui_tutorial.py
[2023-06-15T21:14:53.829+0000] {processor.py:836} INFO - DAG(s) dict_keys(['example_params_ui_tutorial']) retrieved from /home/airflow/.local/lib/python3.7/site-packages/airflow/example_dags/example_params_ui_tutorial.py
[2023-06-15T21:14:53.864+0000] {logging_mixin.py:149} INFO - [2023-06-15T21:14:53.864+0000] {dag.py:2726} INFO - Sync 1 DAGs
[2023-06-15T21:14:53.880+0000] {logging_mixin.py:149} INFO - [2023-06-15T21:14:53.880+0000] {dag.py:3490} INFO - Setting next_dagrun for example_params_ui_tutorial to None, run_after=None
[2023-06-15T21:14:53.891+0000] {processor.py:179} INFO - Processing /home/airflow/.local/lib/python3.7/site-packages/airflow/example_dags/example_params_ui_tutorial.py took 0.091 seconds
[2023-06-15T21:20:28.538+0000] {processor.py:157} INFO - Started process (PID=1224) to work on /home/airflow/.local/lib/python3.7/site-packages/airflow/example_dags/example_params_ui_tutorial.py
[2023-06-15T21:20:28.539+0000] {processor.py:826} INFO - Processing file /home/airflow/.local/lib/python3.7/site-packages/airflow/example_dags/example_params_ui_tutorial.py for tasks to queue
[2023-06-15T21:20:28.540+0000] {logging_mixin.py:149} INFO - [2023-06-15T21:20:28.540+0000] {dagbag.py:541} INFO - Filling up the DagBag from /home/airflow/.local/lib/python3.7/site-packages/airflow/example_dags/example_params_ui_tutorial.py
[2023-06-15T21:20:28.563+0000] {processor.py:836} INFO - DAG(s) dict_keys(['example_params_ui_tutorial']) retrieved from /home/airflow/.local/lib/python3.7/site-packages/airflow/example_dags/example_params_ui_tutorial.py
[2023-06-15T21:20:28.598+0000] {logging_mixin.py:149} INFO - [2023-06-15T21:20:28.598+0000] {dag.py:2726} INFO - Sync 1 DAGs
[2023-06-15T21:20:28.613+0000] {logging_mixin.py:149} INFO - [2023-06-15T21:20:28.613+0000] {dag.py:3490} INFO - Setting next_dagrun for example_params_ui_tutorial to None, run_after=None
[2023-06-15T21:20:28.624+0000] {processor.py:179} INFO - Processing /home/airflow/.local/lib/python3.7/site-packages/airflow/example_dags/example_params_ui_tutorial.py took 0.088 seconds
[2023-06-15T21:20:58.905+0000] {processor.py:157} INFO - Started process (PID=1279) to work on /home/airflow/.local/lib/python3.7/site-packages/airflow/example_dags/example_params_ui_tutorial.py
[2023-06-15T21:20:58.907+0000] {processor.py:826} INFO - Processing file /home/airflow/.local/lib/python3.7/site-packages/airflow/example_dags/example_params_ui_tutorial.py for tasks to queue
[2023-06-15T21:20:58.908+0000] {logging_mixin.py:149} INFO - [2023-06-15T21:20:58.908+0000] {dagbag.py:541} INFO - Filling up the DagBag from /home/airflow/.local/lib/python3.7/site-packages/airflow/example_dags/example_params_ui_tutorial.py
[2023-06-15T21:20:58.933+0000] {processor.py:836} INFO - DAG(s) dict_keys(['example_params_ui_tutorial']) retrieved from /home/airflow/.local/lib/python3.7/site-packages/airflow/example_dags/example_params_ui_tutorial.py
[2023-06-15T21:20:58.968+0000] {logging_mixin.py:149} INFO - [2023-06-15T21:20:58.968+0000] {dag.py:2726} INFO - Sync 1 DAGs
[2023-06-15T21:20:58.983+0000] {logging_mixin.py:149} INFO - [2023-06-15T21:20:58.983+0000] {dag.py:3490} INFO - Setting next_dagrun for example_params_ui_tutorial to None, run_after=None
[2023-06-15T21:20:58.995+0000] {processor.py:179} INFO - Processing /home/airflow/.local/lib/python3.7/site-packages/airflow/example_dags/example_params_ui_tutorial.py took 0.092 seconds
[2023-06-15T21:21:29.308+0000] {processor.py:157} INFO - Started process (PID=1335) to work on /home/airflow/.local/lib/python3.7/site-packages/airflow/example_dags/example_params_ui_tutorial.py
[2023-06-15T21:21:29.309+0000] {processor.py:826} INFO - Processing file /home/airflow/.local/lib/python3.7/site-packages/airflow/example_dags/example_params_ui_tutorial.py for tasks to queue
[2023-06-15T21:21:29.309+0000] {logging_mixin.py:149} INFO - [2023-06-15T21:21:29.309+0000] {dagbag.py:541} INFO - Filling up the DagBag from /home/airflow/.local/lib/python3.7/site-packages/airflow/example_dags/example_params_ui_tutorial.py
[2023-06-15T21:21:29.332+0000] {processor.py:836} INFO - DAG(s) dict_keys(['example_params_ui_tutorial']) retrieved from /home/airflow/.local/lib/python3.7/site-packages/airflow/example_dags/example_params_ui_tutorial.py
[2023-06-15T21:21:29.366+0000] {logging_mixin.py:149} INFO - [2023-06-15T21:21:29.366+0000] {dag.py:2726} INFO - Sync 1 DAGs
[2023-06-15T21:21:29.381+0000] {logging_mixin.py:149} INFO - [2023-06-15T21:21:29.381+0000] {dag.py:3490} INFO - Setting next_dagrun for example_params_ui_tutorial to None, run_after=None
[2023-06-15T21:21:29.391+0000] {processor.py:179} INFO - Processing /home/airflow/.local/lib/python3.7/site-packages/airflow/example_dags/example_params_ui_tutorial.py took 0.086 seconds
