[2023-06-15T21:09:47.966+0000] {processor.py:157} INFO - Started process (PID=36) to work on /home/airflow/.local/lib/python3.7/site-packages/airflow/example_dags/example_python_operator.py
[2023-06-15T21:09:47.967+0000] {processor.py:826} INFO - Processing file /home/airflow/.local/lib/python3.7/site-packages/airflow/example_dags/example_python_operator.py for tasks to queue
[2023-06-15T21:09:47.968+0000] {logging_mixin.py:149} INFO - [2023-06-15T21:09:47.968+0000] {dagbag.py:541} INFO - Filling up the DagBag from /home/airflow/.local/lib/python3.7/site-packages/airflow/example_dags/example_python_operator.py
[2023-06-15T21:09:47.975+0000] {logging_mixin.py:149} INFO - [2023-06-15T21:09:47.975+0000] {taskmixin.py:211} WARNING - Dependency <Task(_PythonDecoratedOperator): print_the_context>, log_sql_query already registered for DAG: example_python_operator
[2023-06-15T21:09:47.976+0000] {logging_mixin.py:149} INFO - [2023-06-15T21:09:47.976+0000] {taskmixin.py:211} WARNING - Dependency <Task(_PythonDecoratedOperator): log_sql_query>, print_the_context already registered for DAG: example_python_operator
[2023-06-15T21:09:47.977+0000] {logging_mixin.py:149} INFO - [2023-06-15T21:09:47.977+0000] {taskmixin.py:211} WARNING - Dependency <Task(_PythonDecoratedOperator): print_the_context>, log_sql_query already registered for DAG: example_python_operator
[2023-06-15T21:09:47.977+0000] {logging_mixin.py:149} INFO - [2023-06-15T21:09:47.977+0000] {taskmixin.py:211} WARNING - Dependency <Task(_PythonDecoratedOperator): log_sql_query>, print_the_context already registered for DAG: example_python_operator
[2023-06-15T21:09:47.978+0000] {logging_mixin.py:149} INFO - [2023-06-15T21:09:47.978+0000] {taskmixin.py:211} WARNING - Dependency <Task(_PythonDecoratedOperator): print_the_context>, log_sql_query already registered for DAG: example_python_operator
[2023-06-15T21:09:47.979+0000] {logging_mixin.py:149} INFO - [2023-06-15T21:09:47.979+0000] {taskmixin.py:211} WARNING - Dependency <Task(_PythonDecoratedOperator): log_sql_query>, print_the_context already registered for DAG: example_python_operator
[2023-06-15T21:09:47.980+0000] {logging_mixin.py:149} INFO - [2023-06-15T21:09:47.980+0000] {taskmixin.py:211} WARNING - Dependency <Task(_PythonDecoratedOperator): print_the_context>, log_sql_query already registered for DAG: example_python_operator
[2023-06-15T21:09:47.981+0000] {logging_mixin.py:149} INFO - [2023-06-15T21:09:47.981+0000] {taskmixin.py:211} WARNING - Dependency <Task(_PythonDecoratedOperator): log_sql_query>, print_the_context already registered for DAG: example_python_operator
[2023-06-15T21:09:47.984+0000] {processor.py:836} INFO - DAG(s) dict_keys(['example_python_operator']) retrieved from /home/airflow/.local/lib/python3.7/site-packages/airflow/example_dags/example_python_operator.py
[2023-06-15T21:09:47.999+0000] {logging_mixin.py:149} INFO - [2023-06-15T21:09:47.999+0000] {dag.py:2726} INFO - Sync 1 DAGs
[2023-06-15T21:09:48.020+0000] {logging_mixin.py:149} INFO - [2023-06-15T21:09:48.020+0000] {dag.py:3490} INFO - Setting next_dagrun for example_python_operator to None, run_after=None
[2023-06-15T21:09:48.035+0000] {processor.py:179} INFO - Processing /home/airflow/.local/lib/python3.7/site-packages/airflow/example_dags/example_python_operator.py took 0.072 seconds
[2023-06-15T21:10:18.641+0000] {processor.py:157} INFO - Started process (PID=92) to work on /home/airflow/.local/lib/python3.7/site-packages/airflow/example_dags/example_python_operator.py
[2023-06-15T21:10:18.643+0000] {processor.py:826} INFO - Processing file /home/airflow/.local/lib/python3.7/site-packages/airflow/example_dags/example_python_operator.py for tasks to queue
[2023-06-15T21:10:18.644+0000] {logging_mixin.py:149} INFO - [2023-06-15T21:10:18.643+0000] {dagbag.py:541} INFO - Filling up the DagBag from /home/airflow/.local/lib/python3.7/site-packages/airflow/example_dags/example_python_operator.py
[2023-06-15T21:10:18.650+0000] {logging_mixin.py:149} INFO - [2023-06-15T21:10:18.649+0000] {taskmixin.py:211} WARNING - Dependency <Task(_PythonDecoratedOperator): print_the_context>, log_sql_query already registered for DAG: example_python_operator
[2023-06-15T21:10:18.650+0000] {logging_mixin.py:149} INFO - [2023-06-15T21:10:18.650+0000] {taskmixin.py:211} WARNING - Dependency <Task(_PythonDecoratedOperator): log_sql_query>, print_the_context already registered for DAG: example_python_operator
[2023-06-15T21:10:18.651+0000] {logging_mixin.py:149} INFO - [2023-06-15T21:10:18.651+0000] {taskmixin.py:211} WARNING - Dependency <Task(_PythonDecoratedOperator): print_the_context>, log_sql_query already registered for DAG: example_python_operator
[2023-06-15T21:10:18.651+0000] {logging_mixin.py:149} INFO - [2023-06-15T21:10:18.651+0000] {taskmixin.py:211} WARNING - Dependency <Task(_PythonDecoratedOperator): log_sql_query>, print_the_context already registered for DAG: example_python_operator
[2023-06-15T21:10:18.652+0000] {logging_mixin.py:149} INFO - [2023-06-15T21:10:18.652+0000] {taskmixin.py:211} WARNING - Dependency <Task(_PythonDecoratedOperator): print_the_context>, log_sql_query already registered for DAG: example_python_operator
[2023-06-15T21:10:18.652+0000] {logging_mixin.py:149} INFO - [2023-06-15T21:10:18.652+0000] {taskmixin.py:211} WARNING - Dependency <Task(_PythonDecoratedOperator): log_sql_query>, print_the_context already registered for DAG: example_python_operator
[2023-06-15T21:10:18.653+0000] {logging_mixin.py:149} INFO - [2023-06-15T21:10:18.653+0000] {taskmixin.py:211} WARNING - Dependency <Task(_PythonDecoratedOperator): print_the_context>, log_sql_query already registered for DAG: example_python_operator
[2023-06-15T21:10:18.654+0000] {logging_mixin.py:149} INFO - [2023-06-15T21:10:18.653+0000] {taskmixin.py:211} WARNING - Dependency <Task(_PythonDecoratedOperator): log_sql_query>, print_the_context already registered for DAG: example_python_operator
[2023-06-15T21:10:18.655+0000] {processor.py:836} INFO - DAG(s) dict_keys(['example_python_operator']) retrieved from /home/airflow/.local/lib/python3.7/site-packages/airflow/example_dags/example_python_operator.py
[2023-06-15T21:10:18.699+0000] {logging_mixin.py:149} INFO - [2023-06-15T21:10:18.699+0000] {dag.py:2726} INFO - Sync 1 DAGs
[2023-06-15T21:10:18.712+0000] {logging_mixin.py:149} INFO - [2023-06-15T21:10:18.712+0000] {dag.py:3490} INFO - Setting next_dagrun for example_python_operator to None, run_after=None
[2023-06-15T21:10:18.726+0000] {processor.py:179} INFO - Processing /home/airflow/.local/lib/python3.7/site-packages/airflow/example_dags/example_python_operator.py took 0.088 seconds
[2023-06-15T21:10:48.993+0000] {processor.py:157} INFO - Started process (PID=148) to work on /home/airflow/.local/lib/python3.7/site-packages/airflow/example_dags/example_python_operator.py
[2023-06-15T21:10:48.994+0000] {processor.py:826} INFO - Processing file /home/airflow/.local/lib/python3.7/site-packages/airflow/example_dags/example_python_operator.py for tasks to queue
[2023-06-15T21:10:48.995+0000] {logging_mixin.py:149} INFO - [2023-06-15T21:10:48.995+0000] {dagbag.py:541} INFO - Filling up the DagBag from /home/airflow/.local/lib/python3.7/site-packages/airflow/example_dags/example_python_operator.py
[2023-06-15T21:10:49.001+0000] {logging_mixin.py:149} INFO - [2023-06-15T21:10:49.001+0000] {taskmixin.py:211} WARNING - Dependency <Task(_PythonDecoratedOperator): print_the_context>, log_sql_query already registered for DAG: example_python_operator
[2023-06-15T21:10:49.001+0000] {logging_mixin.py:149} INFO - [2023-06-15T21:10:49.001+0000] {taskmixin.py:211} WARNING - Dependency <Task(_PythonDecoratedOperator): log_sql_query>, print_the_context already registered for DAG: example_python_operator
[2023-06-15T21:10:49.002+0000] {logging_mixin.py:149} INFO - [2023-06-15T21:10:49.002+0000] {taskmixin.py:211} WARNING - Dependency <Task(_PythonDecoratedOperator): print_the_context>, log_sql_query already registered for DAG: example_python_operator
[2023-06-15T21:10:49.002+0000] {logging_mixin.py:149} INFO - [2023-06-15T21:10:49.002+0000] {taskmixin.py:211} WARNING - Dependency <Task(_PythonDecoratedOperator): log_sql_query>, print_the_context already registered for DAG: example_python_operator
[2023-06-15T21:10:49.003+0000] {logging_mixin.py:149} INFO - [2023-06-15T21:10:49.003+0000] {taskmixin.py:211} WARNING - Dependency <Task(_PythonDecoratedOperator): print_the_context>, log_sql_query already registered for DAG: example_python_operator
[2023-06-15T21:10:49.003+0000] {logging_mixin.py:149} INFO - [2023-06-15T21:10:49.003+0000] {taskmixin.py:211} WARNING - Dependency <Task(_PythonDecoratedOperator): log_sql_query>, print_the_context already registered for DAG: example_python_operator
[2023-06-15T21:10:49.004+0000] {logging_mixin.py:149} INFO - [2023-06-15T21:10:49.004+0000] {taskmixin.py:211} WARNING - Dependency <Task(_PythonDecoratedOperator): print_the_context>, log_sql_query already registered for DAG: example_python_operator
[2023-06-15T21:10:49.004+0000] {logging_mixin.py:149} INFO - [2023-06-15T21:10:49.004+0000] {taskmixin.py:211} WARNING - Dependency <Task(_PythonDecoratedOperator): log_sql_query>, print_the_context already registered for DAG: example_python_operator
[2023-06-15T21:10:49.006+0000] {processor.py:836} INFO - DAG(s) dict_keys(['example_python_operator']) retrieved from /home/airflow/.local/lib/python3.7/site-packages/airflow/example_dags/example_python_operator.py
[2023-06-15T21:10:49.027+0000] {logging_mixin.py:149} INFO - [2023-06-15T21:10:49.026+0000] {dag.py:2726} INFO - Sync 1 DAGs
[2023-06-15T21:10:49.042+0000] {logging_mixin.py:149} INFO - [2023-06-15T21:10:49.042+0000] {dag.py:3490} INFO - Setting next_dagrun for example_python_operator to None, run_after=None
[2023-06-15T21:10:49.053+0000] {processor.py:179} INFO - Processing /home/airflow/.local/lib/python3.7/site-packages/airflow/example_dags/example_python_operator.py took 0.063 seconds
[2023-06-15T21:11:19.519+0000] {processor.py:157} INFO - Started process (PID=204) to work on /home/airflow/.local/lib/python3.7/site-packages/airflow/example_dags/example_python_operator.py
[2023-06-15T21:11:19.521+0000] {processor.py:826} INFO - Processing file /home/airflow/.local/lib/python3.7/site-packages/airflow/example_dags/example_python_operator.py for tasks to queue
[2023-06-15T21:11:19.521+0000] {logging_mixin.py:149} INFO - [2023-06-15T21:11:19.521+0000] {dagbag.py:541} INFO - Filling up the DagBag from /home/airflow/.local/lib/python3.7/site-packages/airflow/example_dags/example_python_operator.py
[2023-06-15T21:11:19.527+0000] {logging_mixin.py:149} INFO - [2023-06-15T21:11:19.527+0000] {taskmixin.py:211} WARNING - Dependency <Task(_PythonDecoratedOperator): print_the_context>, log_sql_query already registered for DAG: example_python_operator
[2023-06-15T21:11:19.528+0000] {logging_mixin.py:149} INFO - [2023-06-15T21:11:19.528+0000] {taskmixin.py:211} WARNING - Dependency <Task(_PythonDecoratedOperator): log_sql_query>, print_the_context already registered for DAG: example_python_operator
[2023-06-15T21:11:19.528+0000] {logging_mixin.py:149} INFO - [2023-06-15T21:11:19.528+0000] {taskmixin.py:211} WARNING - Dependency <Task(_PythonDecoratedOperator): print_the_context>, log_sql_query already registered for DAG: example_python_operator
[2023-06-15T21:11:19.529+0000] {logging_mixin.py:149} INFO - [2023-06-15T21:11:19.529+0000] {taskmixin.py:211} WARNING - Dependency <Task(_PythonDecoratedOperator): log_sql_query>, print_the_context already registered for DAG: example_python_operator
[2023-06-15T21:11:19.529+0000] {logging_mixin.py:149} INFO - [2023-06-15T21:11:19.529+0000] {taskmixin.py:211} WARNING - Dependency <Task(_PythonDecoratedOperator): print_the_context>, log_sql_query already registered for DAG: example_python_operator
[2023-06-15T21:11:19.530+0000] {logging_mixin.py:149} INFO - [2023-06-15T21:11:19.530+0000] {taskmixin.py:211} WARNING - Dependency <Task(_PythonDecoratedOperator): log_sql_query>, print_the_context already registered for DAG: example_python_operator
[2023-06-15T21:11:19.530+0000] {logging_mixin.py:149} INFO - [2023-06-15T21:11:19.530+0000] {taskmixin.py:211} WARNING - Dependency <Task(_PythonDecoratedOperator): print_the_context>, log_sql_query already registered for DAG: example_python_operator
[2023-06-15T21:11:19.531+0000] {logging_mixin.py:149} INFO - [2023-06-15T21:11:19.531+0000] {taskmixin.py:211} WARNING - Dependency <Task(_PythonDecoratedOperator): log_sql_query>, print_the_context already registered for DAG: example_python_operator
[2023-06-15T21:11:19.533+0000] {processor.py:836} INFO - DAG(s) dict_keys(['example_python_operator']) retrieved from /home/airflow/.local/lib/python3.7/site-packages/airflow/example_dags/example_python_operator.py
[2023-06-15T21:11:19.553+0000] {logging_mixin.py:149} INFO - [2023-06-15T21:11:19.553+0000] {dag.py:2726} INFO - Sync 1 DAGs
[2023-06-15T21:11:19.568+0000] {logging_mixin.py:149} INFO - [2023-06-15T21:11:19.568+0000] {dag.py:3490} INFO - Setting next_dagrun for example_python_operator to None, run_after=None
[2023-06-15T21:11:19.579+0000] {processor.py:179} INFO - Processing /home/airflow/.local/lib/python3.7/site-packages/airflow/example_dags/example_python_operator.py took 0.063 seconds
[2023-06-15T21:11:49.765+0000] {processor.py:157} INFO - Started process (PID=260) to work on /home/airflow/.local/lib/python3.7/site-packages/airflow/example_dags/example_python_operator.py
[2023-06-15T21:11:49.766+0000] {processor.py:826} INFO - Processing file /home/airflow/.local/lib/python3.7/site-packages/airflow/example_dags/example_python_operator.py for tasks to queue
[2023-06-15T21:11:49.767+0000] {logging_mixin.py:149} INFO - [2023-06-15T21:11:49.767+0000] {dagbag.py:541} INFO - Filling up the DagBag from /home/airflow/.local/lib/python3.7/site-packages/airflow/example_dags/example_python_operator.py
[2023-06-15T21:11:49.774+0000] {logging_mixin.py:149} INFO - [2023-06-15T21:11:49.774+0000] {taskmixin.py:211} WARNING - Dependency <Task(_PythonDecoratedOperator): print_the_context>, log_sql_query already registered for DAG: example_python_operator
[2023-06-15T21:11:49.775+0000] {logging_mixin.py:149} INFO - [2023-06-15T21:11:49.775+0000] {taskmixin.py:211} WARNING - Dependency <Task(_PythonDecoratedOperator): log_sql_query>, print_the_context already registered for DAG: example_python_operator
[2023-06-15T21:11:49.776+0000] {logging_mixin.py:149} INFO - [2023-06-15T21:11:49.776+0000] {taskmixin.py:211} WARNING - Dependency <Task(_PythonDecoratedOperator): print_the_context>, log_sql_query already registered for DAG: example_python_operator
[2023-06-15T21:11:49.777+0000] {logging_mixin.py:149} INFO - [2023-06-15T21:11:49.777+0000] {taskmixin.py:211} WARNING - Dependency <Task(_PythonDecoratedOperator): log_sql_query>, print_the_context already registered for DAG: example_python_operator
[2023-06-15T21:11:49.779+0000] {logging_mixin.py:149} INFO - [2023-06-15T21:11:49.778+0000] {taskmixin.py:211} WARNING - Dependency <Task(_PythonDecoratedOperator): print_the_context>, log_sql_query already registered for DAG: example_python_operator
[2023-06-15T21:11:49.780+0000] {logging_mixin.py:149} INFO - [2023-06-15T21:11:49.780+0000] {taskmixin.py:211} WARNING - Dependency <Task(_PythonDecoratedOperator): log_sql_query>, print_the_context already registered for DAG: example_python_operator
[2023-06-15T21:11:49.782+0000] {logging_mixin.py:149} INFO - [2023-06-15T21:11:49.782+0000] {taskmixin.py:211} WARNING - Dependency <Task(_PythonDecoratedOperator): print_the_context>, log_sql_query already registered for DAG: example_python_operator
[2023-06-15T21:11:49.783+0000] {logging_mixin.py:149} INFO - [2023-06-15T21:11:49.783+0000] {taskmixin.py:211} WARNING - Dependency <Task(_PythonDecoratedOperator): log_sql_query>, print_the_context already registered for DAG: example_python_operator
[2023-06-15T21:11:49.786+0000] {processor.py:836} INFO - DAG(s) dict_keys(['example_python_operator']) retrieved from /home/airflow/.local/lib/python3.7/site-packages/airflow/example_dags/example_python_operator.py
[2023-06-15T21:11:49.813+0000] {logging_mixin.py:149} INFO - [2023-06-15T21:11:49.813+0000] {dag.py:2726} INFO - Sync 1 DAGs
[2023-06-15T21:11:49.832+0000] {logging_mixin.py:149} INFO - [2023-06-15T21:11:49.832+0000] {dag.py:3490} INFO - Setting next_dagrun for example_python_operator to None, run_after=None
[2023-06-15T21:11:49.850+0000] {processor.py:179} INFO - Processing /home/airflow/.local/lib/python3.7/site-packages/airflow/example_dags/example_python_operator.py took 0.088 seconds
[2023-06-15T21:12:20.541+0000] {processor.py:157} INFO - Started process (PID=315) to work on /home/airflow/.local/lib/python3.7/site-packages/airflow/example_dags/example_python_operator.py
[2023-06-15T21:12:20.543+0000] {processor.py:826} INFO - Processing file /home/airflow/.local/lib/python3.7/site-packages/airflow/example_dags/example_python_operator.py for tasks to queue
[2023-06-15T21:12:20.546+0000] {logging_mixin.py:149} INFO - [2023-06-15T21:12:20.546+0000] {dagbag.py:541} INFO - Filling up the DagBag from /home/airflow/.local/lib/python3.7/site-packages/airflow/example_dags/example_python_operator.py
[2023-06-15T21:12:20.553+0000] {logging_mixin.py:149} INFO - [2023-06-15T21:12:20.552+0000] {taskmixin.py:211} WARNING - Dependency <Task(_PythonDecoratedOperator): print_the_context>, log_sql_query already registered for DAG: example_python_operator
[2023-06-15T21:12:20.553+0000] {logging_mixin.py:149} INFO - [2023-06-15T21:12:20.553+0000] {taskmixin.py:211} WARNING - Dependency <Task(_PythonDecoratedOperator): log_sql_query>, print_the_context already registered for DAG: example_python_operator
[2023-06-15T21:12:20.555+0000] {logging_mixin.py:149} INFO - [2023-06-15T21:12:20.555+0000] {taskmixin.py:211} WARNING - Dependency <Task(_PythonDecoratedOperator): print_the_context>, log_sql_query already registered for DAG: example_python_operator
[2023-06-15T21:12:20.556+0000] {logging_mixin.py:149} INFO - [2023-06-15T21:12:20.556+0000] {taskmixin.py:211} WARNING - Dependency <Task(_PythonDecoratedOperator): log_sql_query>, print_the_context already registered for DAG: example_python_operator
[2023-06-15T21:12:20.558+0000] {logging_mixin.py:149} INFO - [2023-06-15T21:12:20.558+0000] {taskmixin.py:211} WARNING - Dependency <Task(_PythonDecoratedOperator): print_the_context>, log_sql_query already registered for DAG: example_python_operator
[2023-06-15T21:12:20.559+0000] {logging_mixin.py:149} INFO - [2023-06-15T21:12:20.559+0000] {taskmixin.py:211} WARNING - Dependency <Task(_PythonDecoratedOperator): log_sql_query>, print_the_context already registered for DAG: example_python_operator
[2023-06-15T21:12:20.560+0000] {logging_mixin.py:149} INFO - [2023-06-15T21:12:20.560+0000] {taskmixin.py:211} WARNING - Dependency <Task(_PythonDecoratedOperator): print_the_context>, log_sql_query already registered for DAG: example_python_operator
[2023-06-15T21:12:20.561+0000] {logging_mixin.py:149} INFO - [2023-06-15T21:12:20.561+0000] {taskmixin.py:211} WARNING - Dependency <Task(_PythonDecoratedOperator): log_sql_query>, print_the_context already registered for DAG: example_python_operator
[2023-06-15T21:12:20.563+0000] {processor.py:836} INFO - DAG(s) dict_keys(['example_python_operator']) retrieved from /home/airflow/.local/lib/python3.7/site-packages/airflow/example_dags/example_python_operator.py
[2023-06-15T21:12:20.587+0000] {logging_mixin.py:149} INFO - [2023-06-15T21:12:20.586+0000] {dag.py:2726} INFO - Sync 1 DAGs
[2023-06-15T21:12:20.606+0000] {logging_mixin.py:149} INFO - [2023-06-15T21:12:20.605+0000] {dag.py:3490} INFO - Setting next_dagrun for example_python_operator to None, run_after=None
[2023-06-15T21:12:20.623+0000] {processor.py:179} INFO - Processing /home/airflow/.local/lib/python3.7/site-packages/airflow/example_dags/example_python_operator.py took 0.085 seconds
[2023-06-15T21:12:50.940+0000] {processor.py:157} INFO - Started process (PID=371) to work on /home/airflow/.local/lib/python3.7/site-packages/airflow/example_dags/example_python_operator.py
[2023-06-15T21:12:50.942+0000] {processor.py:826} INFO - Processing file /home/airflow/.local/lib/python3.7/site-packages/airflow/example_dags/example_python_operator.py for tasks to queue
[2023-06-15T21:12:50.942+0000] {logging_mixin.py:149} INFO - [2023-06-15T21:12:50.942+0000] {dagbag.py:541} INFO - Filling up the DagBag from /home/airflow/.local/lib/python3.7/site-packages/airflow/example_dags/example_python_operator.py
[2023-06-15T21:12:50.948+0000] {logging_mixin.py:149} INFO - [2023-06-15T21:12:50.948+0000] {taskmixin.py:211} WARNING - Dependency <Task(_PythonDecoratedOperator): print_the_context>, log_sql_query already registered for DAG: example_python_operator
[2023-06-15T21:12:50.948+0000] {logging_mixin.py:149} INFO - [2023-06-15T21:12:50.948+0000] {taskmixin.py:211} WARNING - Dependency <Task(_PythonDecoratedOperator): log_sql_query>, print_the_context already registered for DAG: example_python_operator
[2023-06-15T21:12:50.949+0000] {logging_mixin.py:149} INFO - [2023-06-15T21:12:50.949+0000] {taskmixin.py:211} WARNING - Dependency <Task(_PythonDecoratedOperator): print_the_context>, log_sql_query already registered for DAG: example_python_operator
[2023-06-15T21:12:50.949+0000] {logging_mixin.py:149} INFO - [2023-06-15T21:12:50.949+0000] {taskmixin.py:211} WARNING - Dependency <Task(_PythonDecoratedOperator): log_sql_query>, print_the_context already registered for DAG: example_python_operator
[2023-06-15T21:12:50.950+0000] {logging_mixin.py:149} INFO - [2023-06-15T21:12:50.950+0000] {taskmixin.py:211} WARNING - Dependency <Task(_PythonDecoratedOperator): print_the_context>, log_sql_query already registered for DAG: example_python_operator
[2023-06-15T21:12:50.950+0000] {logging_mixin.py:149} INFO - [2023-06-15T21:12:50.950+0000] {taskmixin.py:211} WARNING - Dependency <Task(_PythonDecoratedOperator): log_sql_query>, print_the_context already registered for DAG: example_python_operator
[2023-06-15T21:12:50.951+0000] {logging_mixin.py:149} INFO - [2023-06-15T21:12:50.951+0000] {taskmixin.py:211} WARNING - Dependency <Task(_PythonDecoratedOperator): print_the_context>, log_sql_query already registered for DAG: example_python_operator
[2023-06-15T21:12:50.951+0000] {logging_mixin.py:149} INFO - [2023-06-15T21:12:50.951+0000] {taskmixin.py:211} WARNING - Dependency <Task(_PythonDecoratedOperator): log_sql_query>, print_the_context already registered for DAG: example_python_operator
[2023-06-15T21:12:50.953+0000] {processor.py:836} INFO - DAG(s) dict_keys(['example_python_operator']) retrieved from /home/airflow/.local/lib/python3.7/site-packages/airflow/example_dags/example_python_operator.py
[2023-06-15T21:12:50.977+0000] {logging_mixin.py:149} INFO - [2023-06-15T21:12:50.977+0000] {dag.py:2726} INFO - Sync 1 DAGs
[2023-06-15T21:12:50.992+0000] {logging_mixin.py:149} INFO - [2023-06-15T21:12:50.992+0000] {dag.py:3490} INFO - Setting next_dagrun for example_python_operator to None, run_after=None
[2023-06-15T21:12:51.004+0000] {processor.py:179} INFO - Processing /home/airflow/.local/lib/python3.7/site-packages/airflow/example_dags/example_python_operator.py took 0.067 seconds
[2023-06-15T21:13:21.280+0000] {processor.py:157} INFO - Started process (PID=427) to work on /home/airflow/.local/lib/python3.7/site-packages/airflow/example_dags/example_python_operator.py
[2023-06-15T21:13:21.282+0000] {processor.py:826} INFO - Processing file /home/airflow/.local/lib/python3.7/site-packages/airflow/example_dags/example_python_operator.py for tasks to queue
[2023-06-15T21:13:21.282+0000] {logging_mixin.py:149} INFO - [2023-06-15T21:13:21.282+0000] {dagbag.py:541} INFO - Filling up the DagBag from /home/airflow/.local/lib/python3.7/site-packages/airflow/example_dags/example_python_operator.py
[2023-06-15T21:13:21.288+0000] {logging_mixin.py:149} INFO - [2023-06-15T21:13:21.288+0000] {taskmixin.py:211} WARNING - Dependency <Task(_PythonDecoratedOperator): print_the_context>, log_sql_query already registered for DAG: example_python_operator
[2023-06-15T21:13:21.289+0000] {logging_mixin.py:149} INFO - [2023-06-15T21:13:21.289+0000] {taskmixin.py:211} WARNING - Dependency <Task(_PythonDecoratedOperator): log_sql_query>, print_the_context already registered for DAG: example_python_operator
[2023-06-15T21:13:21.290+0000] {logging_mixin.py:149} INFO - [2023-06-15T21:13:21.290+0000] {taskmixin.py:211} WARNING - Dependency <Task(_PythonDecoratedOperator): print_the_context>, log_sql_query already registered for DAG: example_python_operator
[2023-06-15T21:13:21.291+0000] {logging_mixin.py:149} INFO - [2023-06-15T21:13:21.291+0000] {taskmixin.py:211} WARNING - Dependency <Task(_PythonDecoratedOperator): log_sql_query>, print_the_context already registered for DAG: example_python_operator
[2023-06-15T21:13:21.292+0000] {logging_mixin.py:149} INFO - [2023-06-15T21:13:21.292+0000] {taskmixin.py:211} WARNING - Dependency <Task(_PythonDecoratedOperator): print_the_context>, log_sql_query already registered for DAG: example_python_operator
[2023-06-15T21:13:21.292+0000] {logging_mixin.py:149} INFO - [2023-06-15T21:13:21.292+0000] {taskmixin.py:211} WARNING - Dependency <Task(_PythonDecoratedOperator): log_sql_query>, print_the_context already registered for DAG: example_python_operator
[2023-06-15T21:13:21.293+0000] {logging_mixin.py:149} INFO - [2023-06-15T21:13:21.293+0000] {taskmixin.py:211} WARNING - Dependency <Task(_PythonDecoratedOperator): print_the_context>, log_sql_query already registered for DAG: example_python_operator
[2023-06-15T21:13:21.294+0000] {logging_mixin.py:149} INFO - [2023-06-15T21:13:21.294+0000] {taskmixin.py:211} WARNING - Dependency <Task(_PythonDecoratedOperator): log_sql_query>, print_the_context already registered for DAG: example_python_operator
[2023-06-15T21:13:21.295+0000] {processor.py:836} INFO - DAG(s) dict_keys(['example_python_operator']) retrieved from /home/airflow/.local/lib/python3.7/site-packages/airflow/example_dags/example_python_operator.py
[2023-06-15T21:13:21.316+0000] {logging_mixin.py:149} INFO - [2023-06-15T21:13:21.316+0000] {dag.py:2726} INFO - Sync 1 DAGs
[2023-06-15T21:13:21.332+0000] {logging_mixin.py:149} INFO - [2023-06-15T21:13:21.332+0000] {dag.py:3490} INFO - Setting next_dagrun for example_python_operator to None, run_after=None
[2023-06-15T21:13:21.347+0000] {processor.py:179} INFO - Processing /home/airflow/.local/lib/python3.7/site-packages/airflow/example_dags/example_python_operator.py took 0.069 seconds
[2023-06-15T21:13:51.761+0000] {processor.py:157} INFO - Started process (PID=483) to work on /home/airflow/.local/lib/python3.7/site-packages/airflow/example_dags/example_python_operator.py
[2023-06-15T21:13:51.763+0000] {processor.py:826} INFO - Processing file /home/airflow/.local/lib/python3.7/site-packages/airflow/example_dags/example_python_operator.py for tasks to queue
[2023-06-15T21:13:51.764+0000] {logging_mixin.py:149} INFO - [2023-06-15T21:13:51.764+0000] {dagbag.py:541} INFO - Filling up the DagBag from /home/airflow/.local/lib/python3.7/site-packages/airflow/example_dags/example_python_operator.py
[2023-06-15T21:13:51.773+0000] {logging_mixin.py:149} INFO - [2023-06-15T21:13:51.773+0000] {taskmixin.py:211} WARNING - Dependency <Task(_PythonDecoratedOperator): print_the_context>, log_sql_query already registered for DAG: example_python_operator
[2023-06-15T21:13:51.774+0000] {logging_mixin.py:149} INFO - [2023-06-15T21:13:51.774+0000] {taskmixin.py:211} WARNING - Dependency <Task(_PythonDecoratedOperator): log_sql_query>, print_the_context already registered for DAG: example_python_operator
[2023-06-15T21:13:51.775+0000] {logging_mixin.py:149} INFO - [2023-06-15T21:13:51.775+0000] {taskmixin.py:211} WARNING - Dependency <Task(_PythonDecoratedOperator): print_the_context>, log_sql_query already registered for DAG: example_python_operator
[2023-06-15T21:13:51.776+0000] {logging_mixin.py:149} INFO - [2023-06-15T21:13:51.776+0000] {taskmixin.py:211} WARNING - Dependency <Task(_PythonDecoratedOperator): log_sql_query>, print_the_context already registered for DAG: example_python_operator
[2023-06-15T21:13:51.777+0000] {logging_mixin.py:149} INFO - [2023-06-15T21:13:51.776+0000] {taskmixin.py:211} WARNING - Dependency <Task(_PythonDecoratedOperator): print_the_context>, log_sql_query already registered for DAG: example_python_operator
[2023-06-15T21:13:51.777+0000] {logging_mixin.py:149} INFO - [2023-06-15T21:13:51.777+0000] {taskmixin.py:211} WARNING - Dependency <Task(_PythonDecoratedOperator): log_sql_query>, print_the_context already registered for DAG: example_python_operator
[2023-06-15T21:13:51.779+0000] {logging_mixin.py:149} INFO - [2023-06-15T21:13:51.779+0000] {taskmixin.py:211} WARNING - Dependency <Task(_PythonDecoratedOperator): print_the_context>, log_sql_query already registered for DAG: example_python_operator
[2023-06-15T21:13:51.779+0000] {logging_mixin.py:149} INFO - [2023-06-15T21:13:51.779+0000] {taskmixin.py:211} WARNING - Dependency <Task(_PythonDecoratedOperator): log_sql_query>, print_the_context already registered for DAG: example_python_operator
[2023-06-15T21:13:51.782+0000] {processor.py:836} INFO - DAG(s) dict_keys(['example_python_operator']) retrieved from /home/airflow/.local/lib/python3.7/site-packages/airflow/example_dags/example_python_operator.py
[2023-06-15T21:13:51.819+0000] {logging_mixin.py:149} INFO - [2023-06-15T21:13:51.819+0000] {dag.py:2726} INFO - Sync 1 DAGs
[2023-06-15T21:13:51.844+0000] {logging_mixin.py:149} INFO - [2023-06-15T21:13:51.844+0000] {dag.py:3490} INFO - Setting next_dagrun for example_python_operator to None, run_after=None
[2023-06-15T21:13:51.886+0000] {processor.py:179} INFO - Processing /home/airflow/.local/lib/python3.7/site-packages/airflow/example_dags/example_python_operator.py took 0.128 seconds
[2023-06-15T21:14:22.508+0000] {processor.py:157} INFO - Started process (PID=539) to work on /home/airflow/.local/lib/python3.7/site-packages/airflow/example_dags/example_python_operator.py
[2023-06-15T21:14:22.509+0000] {processor.py:826} INFO - Processing file /home/airflow/.local/lib/python3.7/site-packages/airflow/example_dags/example_python_operator.py for tasks to queue
[2023-06-15T21:14:22.510+0000] {logging_mixin.py:149} INFO - [2023-06-15T21:14:22.510+0000] {dagbag.py:541} INFO - Filling up the DagBag from /home/airflow/.local/lib/python3.7/site-packages/airflow/example_dags/example_python_operator.py
[2023-06-15T21:14:22.516+0000] {logging_mixin.py:149} INFO - [2023-06-15T21:14:22.516+0000] {taskmixin.py:211} WARNING - Dependency <Task(_PythonDecoratedOperator): print_the_context>, log_sql_query already registered for DAG: example_python_operator
[2023-06-15T21:14:22.516+0000] {logging_mixin.py:149} INFO - [2023-06-15T21:14:22.516+0000] {taskmixin.py:211} WARNING - Dependency <Task(_PythonDecoratedOperator): log_sql_query>, print_the_context already registered for DAG: example_python_operator
[2023-06-15T21:14:22.517+0000] {logging_mixin.py:149} INFO - [2023-06-15T21:14:22.517+0000] {taskmixin.py:211} WARNING - Dependency <Task(_PythonDecoratedOperator): print_the_context>, log_sql_query already registered for DAG: example_python_operator
[2023-06-15T21:14:22.517+0000] {logging_mixin.py:149} INFO - [2023-06-15T21:14:22.517+0000] {taskmixin.py:211} WARNING - Dependency <Task(_PythonDecoratedOperator): log_sql_query>, print_the_context already registered for DAG: example_python_operator
[2023-06-15T21:14:22.518+0000] {logging_mixin.py:149} INFO - [2023-06-15T21:14:22.518+0000] {taskmixin.py:211} WARNING - Dependency <Task(_PythonDecoratedOperator): print_the_context>, log_sql_query already registered for DAG: example_python_operator
[2023-06-15T21:14:22.518+0000] {logging_mixin.py:149} INFO - [2023-06-15T21:14:22.518+0000] {taskmixin.py:211} WARNING - Dependency <Task(_PythonDecoratedOperator): log_sql_query>, print_the_context already registered for DAG: example_python_operator
[2023-06-15T21:14:22.519+0000] {logging_mixin.py:149} INFO - [2023-06-15T21:14:22.519+0000] {taskmixin.py:211} WARNING - Dependency <Task(_PythonDecoratedOperator): print_the_context>, log_sql_query already registered for DAG: example_python_operator
[2023-06-15T21:14:22.520+0000] {logging_mixin.py:149} INFO - [2023-06-15T21:14:22.520+0000] {taskmixin.py:211} WARNING - Dependency <Task(_PythonDecoratedOperator): log_sql_query>, print_the_context already registered for DAG: example_python_operator
[2023-06-15T21:14:22.522+0000] {processor.py:836} INFO - DAG(s) dict_keys(['example_python_operator']) retrieved from /home/airflow/.local/lib/python3.7/site-packages/airflow/example_dags/example_python_operator.py
[2023-06-15T21:14:22.548+0000] {logging_mixin.py:149} INFO - [2023-06-15T21:14:22.548+0000] {dag.py:2726} INFO - Sync 1 DAGs
[2023-06-15T21:14:22.570+0000] {logging_mixin.py:149} INFO - [2023-06-15T21:14:22.570+0000] {dag.py:3490} INFO - Setting next_dagrun for example_python_operator to None, run_after=None
[2023-06-15T21:14:22.585+0000] {processor.py:179} INFO - Processing /home/airflow/.local/lib/python3.7/site-packages/airflow/example_dags/example_python_operator.py took 0.081 seconds
[2023-06-15T21:14:53.230+0000] {processor.py:157} INFO - Started process (PID=595) to work on /home/airflow/.local/lib/python3.7/site-packages/airflow/example_dags/example_python_operator.py
[2023-06-15T21:14:53.232+0000] {processor.py:826} INFO - Processing file /home/airflow/.local/lib/python3.7/site-packages/airflow/example_dags/example_python_operator.py for tasks to queue
[2023-06-15T21:14:53.233+0000] {logging_mixin.py:149} INFO - [2023-06-15T21:14:53.233+0000] {dagbag.py:541} INFO - Filling up the DagBag from /home/airflow/.local/lib/python3.7/site-packages/airflow/example_dags/example_python_operator.py
[2023-06-15T21:14:53.239+0000] {logging_mixin.py:149} INFO - [2023-06-15T21:14:53.239+0000] {taskmixin.py:211} WARNING - Dependency <Task(_PythonDecoratedOperator): print_the_context>, log_sql_query already registered for DAG: example_python_operator
[2023-06-15T21:14:53.240+0000] {logging_mixin.py:149} INFO - [2023-06-15T21:14:53.240+0000] {taskmixin.py:211} WARNING - Dependency <Task(_PythonDecoratedOperator): log_sql_query>, print_the_context already registered for DAG: example_python_operator
[2023-06-15T21:14:53.240+0000] {logging_mixin.py:149} INFO - [2023-06-15T21:14:53.240+0000] {taskmixin.py:211} WARNING - Dependency <Task(_PythonDecoratedOperator): print_the_context>, log_sql_query already registered for DAG: example_python_operator
[2023-06-15T21:14:53.241+0000] {logging_mixin.py:149} INFO - [2023-06-15T21:14:53.241+0000] {taskmixin.py:211} WARNING - Dependency <Task(_PythonDecoratedOperator): log_sql_query>, print_the_context already registered for DAG: example_python_operator
[2023-06-15T21:14:53.242+0000] {logging_mixin.py:149} INFO - [2023-06-15T21:14:53.242+0000] {taskmixin.py:211} WARNING - Dependency <Task(_PythonDecoratedOperator): print_the_context>, log_sql_query already registered for DAG: example_python_operator
[2023-06-15T21:14:53.242+0000] {logging_mixin.py:149} INFO - [2023-06-15T21:14:53.242+0000] {taskmixin.py:211} WARNING - Dependency <Task(_PythonDecoratedOperator): log_sql_query>, print_the_context already registered for DAG: example_python_operator
[2023-06-15T21:14:53.243+0000] {logging_mixin.py:149} INFO - [2023-06-15T21:14:53.243+0000] {taskmixin.py:211} WARNING - Dependency <Task(_PythonDecoratedOperator): print_the_context>, log_sql_query already registered for DAG: example_python_operator
[2023-06-15T21:14:53.243+0000] {logging_mixin.py:149} INFO - [2023-06-15T21:14:53.243+0000] {taskmixin.py:211} WARNING - Dependency <Task(_PythonDecoratedOperator): log_sql_query>, print_the_context already registered for DAG: example_python_operator
[2023-06-15T21:14:53.245+0000] {processor.py:836} INFO - DAG(s) dict_keys(['example_python_operator']) retrieved from /home/airflow/.local/lib/python3.7/site-packages/airflow/example_dags/example_python_operator.py
[2023-06-15T21:14:53.265+0000] {logging_mixin.py:149} INFO - [2023-06-15T21:14:53.265+0000] {dag.py:2726} INFO - Sync 1 DAGs
[2023-06-15T21:14:53.280+0000] {logging_mixin.py:149} INFO - [2023-06-15T21:14:53.280+0000] {dag.py:3490} INFO - Setting next_dagrun for example_python_operator to None, run_after=None
[2023-06-15T21:14:53.291+0000] {processor.py:179} INFO - Processing /home/airflow/.local/lib/python3.7/site-packages/airflow/example_dags/example_python_operator.py took 0.064 seconds
[2023-06-15T21:20:27.893+0000] {processor.py:157} INFO - Started process (PID=1211) to work on /home/airflow/.local/lib/python3.7/site-packages/airflow/example_dags/example_python_operator.py
[2023-06-15T21:20:27.895+0000] {processor.py:826} INFO - Processing file /home/airflow/.local/lib/python3.7/site-packages/airflow/example_dags/example_python_operator.py for tasks to queue
[2023-06-15T21:20:27.895+0000] {logging_mixin.py:149} INFO - [2023-06-15T21:20:27.895+0000] {dagbag.py:541} INFO - Filling up the DagBag from /home/airflow/.local/lib/python3.7/site-packages/airflow/example_dags/example_python_operator.py
[2023-06-15T21:20:27.901+0000] {logging_mixin.py:149} INFO - [2023-06-15T21:20:27.901+0000] {taskmixin.py:211} WARNING - Dependency <Task(_PythonDecoratedOperator): print_the_context>, log_sql_query already registered for DAG: example_python_operator
[2023-06-15T21:20:27.901+0000] {logging_mixin.py:149} INFO - [2023-06-15T21:20:27.901+0000] {taskmixin.py:211} WARNING - Dependency <Task(_PythonDecoratedOperator): log_sql_query>, print_the_context already registered for DAG: example_python_operator
[2023-06-15T21:20:27.902+0000] {logging_mixin.py:149} INFO - [2023-06-15T21:20:27.902+0000] {taskmixin.py:211} WARNING - Dependency <Task(_PythonDecoratedOperator): print_the_context>, log_sql_query already registered for DAG: example_python_operator
[2023-06-15T21:20:27.902+0000] {logging_mixin.py:149} INFO - [2023-06-15T21:20:27.902+0000] {taskmixin.py:211} WARNING - Dependency <Task(_PythonDecoratedOperator): log_sql_query>, print_the_context already registered for DAG: example_python_operator
[2023-06-15T21:20:27.903+0000] {logging_mixin.py:149} INFO - [2023-06-15T21:20:27.903+0000] {taskmixin.py:211} WARNING - Dependency <Task(_PythonDecoratedOperator): print_the_context>, log_sql_query already registered for DAG: example_python_operator
[2023-06-15T21:20:27.903+0000] {logging_mixin.py:149} INFO - [2023-06-15T21:20:27.903+0000] {taskmixin.py:211} WARNING - Dependency <Task(_PythonDecoratedOperator): log_sql_query>, print_the_context already registered for DAG: example_python_operator
[2023-06-15T21:20:27.904+0000] {logging_mixin.py:149} INFO - [2023-06-15T21:20:27.904+0000] {taskmixin.py:211} WARNING - Dependency <Task(_PythonDecoratedOperator): print_the_context>, log_sql_query already registered for DAG: example_python_operator
[2023-06-15T21:20:27.904+0000] {logging_mixin.py:149} INFO - [2023-06-15T21:20:27.904+0000] {taskmixin.py:211} WARNING - Dependency <Task(_PythonDecoratedOperator): log_sql_query>, print_the_context already registered for DAG: example_python_operator
[2023-06-15T21:20:27.906+0000] {processor.py:836} INFO - DAG(s) dict_keys(['example_python_operator']) retrieved from /home/airflow/.local/lib/python3.7/site-packages/airflow/example_dags/example_python_operator.py
[2023-06-15T21:20:27.929+0000] {logging_mixin.py:149} INFO - [2023-06-15T21:20:27.929+0000] {dag.py:2726} INFO - Sync 1 DAGs
[2023-06-15T21:20:27.945+0000] {logging_mixin.py:149} INFO - [2023-06-15T21:20:27.945+0000] {dag.py:3490} INFO - Setting next_dagrun for example_python_operator to None, run_after=None
[2023-06-15T21:20:27.959+0000] {processor.py:179} INFO - Processing /home/airflow/.local/lib/python3.7/site-packages/airflow/example_dags/example_python_operator.py took 0.069 seconds
[2023-06-15T21:20:58.350+0000] {processor.py:157} INFO - Started process (PID=1266) to work on /home/airflow/.local/lib/python3.7/site-packages/airflow/example_dags/example_python_operator.py
[2023-06-15T21:20:58.351+0000] {processor.py:826} INFO - Processing file /home/airflow/.local/lib/python3.7/site-packages/airflow/example_dags/example_python_operator.py for tasks to queue
[2023-06-15T21:20:58.352+0000] {logging_mixin.py:149} INFO - [2023-06-15T21:20:58.351+0000] {dagbag.py:541} INFO - Filling up the DagBag from /home/airflow/.local/lib/python3.7/site-packages/airflow/example_dags/example_python_operator.py
[2023-06-15T21:20:58.357+0000] {logging_mixin.py:149} INFO - [2023-06-15T21:20:58.357+0000] {taskmixin.py:211} WARNING - Dependency <Task(_PythonDecoratedOperator): print_the_context>, log_sql_query already registered for DAG: example_python_operator
[2023-06-15T21:20:58.358+0000] {logging_mixin.py:149} INFO - [2023-06-15T21:20:58.358+0000] {taskmixin.py:211} WARNING - Dependency <Task(_PythonDecoratedOperator): log_sql_query>, print_the_context already registered for DAG: example_python_operator
[2023-06-15T21:20:58.359+0000] {logging_mixin.py:149} INFO - [2023-06-15T21:20:58.359+0000] {taskmixin.py:211} WARNING - Dependency <Task(_PythonDecoratedOperator): print_the_context>, log_sql_query already registered for DAG: example_python_operator
[2023-06-15T21:20:58.359+0000] {logging_mixin.py:149} INFO - [2023-06-15T21:20:58.359+0000] {taskmixin.py:211} WARNING - Dependency <Task(_PythonDecoratedOperator): log_sql_query>, print_the_context already registered for DAG: example_python_operator
[2023-06-15T21:20:58.360+0000] {logging_mixin.py:149} INFO - [2023-06-15T21:20:58.360+0000] {taskmixin.py:211} WARNING - Dependency <Task(_PythonDecoratedOperator): print_the_context>, log_sql_query already registered for DAG: example_python_operator
[2023-06-15T21:20:58.360+0000] {logging_mixin.py:149} INFO - [2023-06-15T21:20:58.360+0000] {taskmixin.py:211} WARNING - Dependency <Task(_PythonDecoratedOperator): log_sql_query>, print_the_context already registered for DAG: example_python_operator
[2023-06-15T21:20:58.360+0000] {logging_mixin.py:149} INFO - [2023-06-15T21:20:58.360+0000] {taskmixin.py:211} WARNING - Dependency <Task(_PythonDecoratedOperator): print_the_context>, log_sql_query already registered for DAG: example_python_operator
[2023-06-15T21:20:58.361+0000] {logging_mixin.py:149} INFO - [2023-06-15T21:20:58.361+0000] {taskmixin.py:211} WARNING - Dependency <Task(_PythonDecoratedOperator): log_sql_query>, print_the_context already registered for DAG: example_python_operator
[2023-06-15T21:20:58.363+0000] {processor.py:836} INFO - DAG(s) dict_keys(['example_python_operator']) retrieved from /home/airflow/.local/lib/python3.7/site-packages/airflow/example_dags/example_python_operator.py
[2023-06-15T21:20:58.382+0000] {logging_mixin.py:149} INFO - [2023-06-15T21:20:58.382+0000] {dag.py:2726} INFO - Sync 1 DAGs
[2023-06-15T21:20:58.397+0000] {logging_mixin.py:149} INFO - [2023-06-15T21:20:58.397+0000] {dag.py:3490} INFO - Setting next_dagrun for example_python_operator to None, run_after=None
[2023-06-15T21:20:58.408+0000] {processor.py:179} INFO - Processing /home/airflow/.local/lib/python3.7/site-packages/airflow/example_dags/example_python_operator.py took 0.061 seconds
[2023-06-15T21:21:28.655+0000] {processor.py:157} INFO - Started process (PID=1322) to work on /home/airflow/.local/lib/python3.7/site-packages/airflow/example_dags/example_python_operator.py
[2023-06-15T21:21:28.656+0000] {processor.py:826} INFO - Processing file /home/airflow/.local/lib/python3.7/site-packages/airflow/example_dags/example_python_operator.py for tasks to queue
[2023-06-15T21:21:28.657+0000] {logging_mixin.py:149} INFO - [2023-06-15T21:21:28.657+0000] {dagbag.py:541} INFO - Filling up the DagBag from /home/airflow/.local/lib/python3.7/site-packages/airflow/example_dags/example_python_operator.py
[2023-06-15T21:21:28.662+0000] {logging_mixin.py:149} INFO - [2023-06-15T21:21:28.662+0000] {taskmixin.py:211} WARNING - Dependency <Task(_PythonDecoratedOperator): print_the_context>, log_sql_query already registered for DAG: example_python_operator
[2023-06-15T21:21:28.663+0000] {logging_mixin.py:149} INFO - [2023-06-15T21:21:28.663+0000] {taskmixin.py:211} WARNING - Dependency <Task(_PythonDecoratedOperator): log_sql_query>, print_the_context already registered for DAG: example_python_operator
[2023-06-15T21:21:28.663+0000] {logging_mixin.py:149} INFO - [2023-06-15T21:21:28.663+0000] {taskmixin.py:211} WARNING - Dependency <Task(_PythonDecoratedOperator): print_the_context>, log_sql_query already registered for DAG: example_python_operator
[2023-06-15T21:21:28.664+0000] {logging_mixin.py:149} INFO - [2023-06-15T21:21:28.664+0000] {taskmixin.py:211} WARNING - Dependency <Task(_PythonDecoratedOperator): log_sql_query>, print_the_context already registered for DAG: example_python_operator
[2023-06-15T21:21:28.664+0000] {logging_mixin.py:149} INFO - [2023-06-15T21:21:28.664+0000] {taskmixin.py:211} WARNING - Dependency <Task(_PythonDecoratedOperator): print_the_context>, log_sql_query already registered for DAG: example_python_operator
[2023-06-15T21:21:28.665+0000] {logging_mixin.py:149} INFO - [2023-06-15T21:21:28.665+0000] {taskmixin.py:211} WARNING - Dependency <Task(_PythonDecoratedOperator): log_sql_query>, print_the_context already registered for DAG: example_python_operator
[2023-06-15T21:21:28.666+0000] {logging_mixin.py:149} INFO - [2023-06-15T21:21:28.665+0000] {taskmixin.py:211} WARNING - Dependency <Task(_PythonDecoratedOperator): print_the_context>, log_sql_query already registered for DAG: example_python_operator
[2023-06-15T21:21:28.666+0000] {logging_mixin.py:149} INFO - [2023-06-15T21:21:28.666+0000] {taskmixin.py:211} WARNING - Dependency <Task(_PythonDecoratedOperator): log_sql_query>, print_the_context already registered for DAG: example_python_operator
[2023-06-15T21:21:28.668+0000] {processor.py:836} INFO - DAG(s) dict_keys(['example_python_operator']) retrieved from /home/airflow/.local/lib/python3.7/site-packages/airflow/example_dags/example_python_operator.py
[2023-06-15T21:21:28.688+0000] {logging_mixin.py:149} INFO - [2023-06-15T21:21:28.688+0000] {dag.py:2726} INFO - Sync 1 DAGs
[2023-06-15T21:21:28.703+0000] {logging_mixin.py:149} INFO - [2023-06-15T21:21:28.703+0000] {dag.py:3490} INFO - Setting next_dagrun for example_python_operator to None, run_after=None
[2023-06-15T21:21:28.714+0000] {processor.py:179} INFO - Processing /home/airflow/.local/lib/python3.7/site-packages/airflow/example_dags/example_python_operator.py took 0.062 seconds
