[2023-06-15T21:09:49.123+0000] {processor.py:157} INFO - Started process (PID=53) to work on /home/airflow/.local/lib/python3.7/site-packages/airflow/example_dags/tutorial_dag.py
[2023-06-15T21:09:49.125+0000] {processor.py:826} INFO - Processing file /home/airflow/.local/lib/python3.7/site-packages/airflow/example_dags/tutorial_dag.py for tasks to queue
[2023-06-15T21:09:49.127+0000] {logging_mixin.py:149} INFO - [2023-06-15T21:09:49.127+0000] {dagbag.py:541} INFO - Filling up the DagBag from /home/airflow/.local/lib/python3.7/site-packages/airflow/example_dags/tutorial_dag.py
[2023-06-15T21:09:49.138+0000] {processor.py:836} INFO - DAG(s) dict_keys(['tutorial_dag']) retrieved from /home/airflow/.local/lib/python3.7/site-packages/airflow/example_dags/tutorial_dag.py
[2023-06-15T21:09:49.177+0000] {logging_mixin.py:149} INFO - [2023-06-15T21:09:49.177+0000] {dag.py:2726} INFO - Sync 1 DAGs
[2023-06-15T21:09:49.206+0000] {logging_mixin.py:149} INFO - [2023-06-15T21:09:49.206+0000] {dag.py:3490} INFO - Setting next_dagrun for tutorial_dag to None, run_after=None
[2023-06-15T21:09:49.228+0000] {processor.py:179} INFO - Processing /home/airflow/.local/lib/python3.7/site-packages/airflow/example_dags/tutorial_dag.py took 0.108 seconds
[2023-06-15T21:10:19.311+0000] {processor.py:157} INFO - Started process (PID=108) to work on /home/airflow/.local/lib/python3.7/site-packages/airflow/example_dags/tutorial_dag.py
[2023-06-15T21:10:19.313+0000] {processor.py:826} INFO - Processing file /home/airflow/.local/lib/python3.7/site-packages/airflow/example_dags/tutorial_dag.py for tasks to queue
[2023-06-15T21:10:19.314+0000] {logging_mixin.py:149} INFO - [2023-06-15T21:10:19.314+0000] {dagbag.py:541} INFO - Filling up the DagBag from /home/airflow/.local/lib/python3.7/site-packages/airflow/example_dags/tutorial_dag.py
[2023-06-15T21:10:19.320+0000] {processor.py:836} INFO - DAG(s) dict_keys(['tutorial_dag']) retrieved from /home/airflow/.local/lib/python3.7/site-packages/airflow/example_dags/tutorial_dag.py
[2023-06-15T21:10:19.351+0000] {logging_mixin.py:149} INFO - [2023-06-15T21:10:19.351+0000] {dag.py:2726} INFO - Sync 1 DAGs
[2023-06-15T21:10:19.373+0000] {logging_mixin.py:149} INFO - [2023-06-15T21:10:19.373+0000] {dag.py:3490} INFO - Setting next_dagrun for tutorial_dag to None, run_after=None
[2023-06-15T21:10:19.388+0000] {processor.py:179} INFO - Processing /home/airflow/.local/lib/python3.7/site-packages/airflow/example_dags/tutorial_dag.py took 0.079 seconds
[2023-06-15T21:10:49.865+0000] {processor.py:157} INFO - Started process (PID=164) to work on /home/airflow/.local/lib/python3.7/site-packages/airflow/example_dags/tutorial_dag.py
[2023-06-15T21:10:49.867+0000] {processor.py:826} INFO - Processing file /home/airflow/.local/lib/python3.7/site-packages/airflow/example_dags/tutorial_dag.py for tasks to queue
[2023-06-15T21:10:49.867+0000] {logging_mixin.py:149} INFO - [2023-06-15T21:10:49.867+0000] {dagbag.py:541} INFO - Filling up the DagBag from /home/airflow/.local/lib/python3.7/site-packages/airflow/example_dags/tutorial_dag.py
[2023-06-15T21:10:49.872+0000] {processor.py:836} INFO - DAG(s) dict_keys(['tutorial_dag']) retrieved from /home/airflow/.local/lib/python3.7/site-packages/airflow/example_dags/tutorial_dag.py
[2023-06-15T21:10:49.894+0000] {logging_mixin.py:149} INFO - [2023-06-15T21:10:49.894+0000] {dag.py:2726} INFO - Sync 1 DAGs
[2023-06-15T21:10:49.921+0000] {logging_mixin.py:149} INFO - [2023-06-15T21:10:49.921+0000] {dag.py:3490} INFO - Setting next_dagrun for tutorial_dag to None, run_after=None
[2023-06-15T21:10:49.933+0000] {processor.py:179} INFO - Processing /home/airflow/.local/lib/python3.7/site-packages/airflow/example_dags/tutorial_dag.py took 0.071 seconds
[2023-06-15T21:11:20.133+0000] {processor.py:157} INFO - Started process (PID=220) to work on /home/airflow/.local/lib/python3.7/site-packages/airflow/example_dags/tutorial_dag.py
[2023-06-15T21:11:20.135+0000] {processor.py:826} INFO - Processing file /home/airflow/.local/lib/python3.7/site-packages/airflow/example_dags/tutorial_dag.py for tasks to queue
[2023-06-15T21:11:20.136+0000] {logging_mixin.py:149} INFO - [2023-06-15T21:11:20.135+0000] {dagbag.py:541} INFO - Filling up the DagBag from /home/airflow/.local/lib/python3.7/site-packages/airflow/example_dags/tutorial_dag.py
[2023-06-15T21:11:20.140+0000] {processor.py:836} INFO - DAG(s) dict_keys(['tutorial_dag']) retrieved from /home/airflow/.local/lib/python3.7/site-packages/airflow/example_dags/tutorial_dag.py
[2023-06-15T21:11:20.159+0000] {logging_mixin.py:149} INFO - [2023-06-15T21:11:20.159+0000] {dag.py:2726} INFO - Sync 1 DAGs
[2023-06-15T21:11:20.176+0000] {logging_mixin.py:149} INFO - [2023-06-15T21:11:20.176+0000] {dag.py:3490} INFO - Setting next_dagrun for tutorial_dag to None, run_after=None
[2023-06-15T21:11:20.188+0000] {processor.py:179} INFO - Processing /home/airflow/.local/lib/python3.7/site-packages/airflow/example_dags/tutorial_dag.py took 0.058 seconds
[2023-06-15T21:11:50.625+0000] {processor.py:157} INFO - Started process (PID=276) to work on /home/airflow/.local/lib/python3.7/site-packages/airflow/example_dags/tutorial_dag.py
[2023-06-15T21:11:50.627+0000] {processor.py:826} INFO - Processing file /home/airflow/.local/lib/python3.7/site-packages/airflow/example_dags/tutorial_dag.py for tasks to queue
[2023-06-15T21:11:50.630+0000] {logging_mixin.py:149} INFO - [2023-06-15T21:11:50.630+0000] {dagbag.py:541} INFO - Filling up the DagBag from /home/airflow/.local/lib/python3.7/site-packages/airflow/example_dags/tutorial_dag.py
[2023-06-15T21:11:50.635+0000] {processor.py:836} INFO - DAG(s) dict_keys(['tutorial_dag']) retrieved from /home/airflow/.local/lib/python3.7/site-packages/airflow/example_dags/tutorial_dag.py
[2023-06-15T21:11:50.665+0000] {logging_mixin.py:149} INFO - [2023-06-15T21:11:50.665+0000] {dag.py:2726} INFO - Sync 1 DAGs
[2023-06-15T21:11:50.690+0000] {logging_mixin.py:149} INFO - [2023-06-15T21:11:50.690+0000] {dag.py:3490} INFO - Setting next_dagrun for tutorial_dag to None, run_after=None
[2023-06-15T21:11:50.709+0000] {processor.py:179} INFO - Processing /home/airflow/.local/lib/python3.7/site-packages/airflow/example_dags/tutorial_dag.py took 0.086 seconds
[2023-06-15T21:12:21.293+0000] {processor.py:157} INFO - Started process (PID=331) to work on /home/airflow/.local/lib/python3.7/site-packages/airflow/example_dags/tutorial_dag.py
[2023-06-15T21:12:21.294+0000] {processor.py:826} INFO - Processing file /home/airflow/.local/lib/python3.7/site-packages/airflow/example_dags/tutorial_dag.py for tasks to queue
[2023-06-15T21:12:21.295+0000] {logging_mixin.py:149} INFO - [2023-06-15T21:12:21.294+0000] {dagbag.py:541} INFO - Filling up the DagBag from /home/airflow/.local/lib/python3.7/site-packages/airflow/example_dags/tutorial_dag.py
[2023-06-15T21:12:21.298+0000] {processor.py:836} INFO - DAG(s) dict_keys(['tutorial_dag']) retrieved from /home/airflow/.local/lib/python3.7/site-packages/airflow/example_dags/tutorial_dag.py
[2023-06-15T21:12:21.318+0000] {logging_mixin.py:149} INFO - [2023-06-15T21:12:21.318+0000] {dag.py:2726} INFO - Sync 1 DAGs
[2023-06-15T21:12:21.334+0000] {logging_mixin.py:149} INFO - [2023-06-15T21:12:21.334+0000] {dag.py:3490} INFO - Setting next_dagrun for tutorial_dag to None, run_after=None
[2023-06-15T21:12:21.346+0000] {processor.py:179} INFO - Processing /home/airflow/.local/lib/python3.7/site-packages/airflow/example_dags/tutorial_dag.py took 0.056 seconds
[2023-06-15T21:12:51.671+0000] {processor.py:157} INFO - Started process (PID=387) to work on /home/airflow/.local/lib/python3.7/site-packages/airflow/example_dags/tutorial_dag.py
[2023-06-15T21:12:51.672+0000] {processor.py:826} INFO - Processing file /home/airflow/.local/lib/python3.7/site-packages/airflow/example_dags/tutorial_dag.py for tasks to queue
[2023-06-15T21:12:51.673+0000] {logging_mixin.py:149} INFO - [2023-06-15T21:12:51.673+0000] {dagbag.py:541} INFO - Filling up the DagBag from /home/airflow/.local/lib/python3.7/site-packages/airflow/example_dags/tutorial_dag.py
[2023-06-15T21:12:51.677+0000] {processor.py:836} INFO - DAG(s) dict_keys(['tutorial_dag']) retrieved from /home/airflow/.local/lib/python3.7/site-packages/airflow/example_dags/tutorial_dag.py
[2023-06-15T21:12:51.697+0000] {logging_mixin.py:149} INFO - [2023-06-15T21:12:51.697+0000] {dag.py:2726} INFO - Sync 1 DAGs
[2023-06-15T21:12:51.712+0000] {logging_mixin.py:149} INFO - [2023-06-15T21:12:51.712+0000] {dag.py:3490} INFO - Setting next_dagrun for tutorial_dag to None, run_after=None
[2023-06-15T21:12:51.723+0000] {processor.py:179} INFO - Processing /home/airflow/.local/lib/python3.7/site-packages/airflow/example_dags/tutorial_dag.py took 0.055 seconds
[2023-06-15T21:13:21.970+0000] {processor.py:157} INFO - Started process (PID=443) to work on /home/airflow/.local/lib/python3.7/site-packages/airflow/example_dags/tutorial_dag.py
[2023-06-15T21:13:21.972+0000] {processor.py:826} INFO - Processing file /home/airflow/.local/lib/python3.7/site-packages/airflow/example_dags/tutorial_dag.py for tasks to queue
[2023-06-15T21:13:21.972+0000] {logging_mixin.py:149} INFO - [2023-06-15T21:13:21.972+0000] {dagbag.py:541} INFO - Filling up the DagBag from /home/airflow/.local/lib/python3.7/site-packages/airflow/example_dags/tutorial_dag.py
[2023-06-15T21:13:21.976+0000] {processor.py:836} INFO - DAG(s) dict_keys(['tutorial_dag']) retrieved from /home/airflow/.local/lib/python3.7/site-packages/airflow/example_dags/tutorial_dag.py
[2023-06-15T21:13:21.996+0000] {logging_mixin.py:149} INFO - [2023-06-15T21:13:21.996+0000] {dag.py:2726} INFO - Sync 1 DAGs
[2023-06-15T21:13:22.013+0000] {logging_mixin.py:149} INFO - [2023-06-15T21:13:22.013+0000] {dag.py:3490} INFO - Setting next_dagrun for tutorial_dag to None, run_after=None
[2023-06-15T21:13:22.025+0000] {processor.py:179} INFO - Processing /home/airflow/.local/lib/python3.7/site-packages/airflow/example_dags/tutorial_dag.py took 0.057 seconds
[2023-06-15T21:13:52.847+0000] {processor.py:157} INFO - Started process (PID=499) to work on /home/airflow/.local/lib/python3.7/site-packages/airflow/example_dags/tutorial_dag.py
[2023-06-15T21:13:52.848+0000] {processor.py:826} INFO - Processing file /home/airflow/.local/lib/python3.7/site-packages/airflow/example_dags/tutorial_dag.py for tasks to queue
[2023-06-15T21:13:52.849+0000] {logging_mixin.py:149} INFO - [2023-06-15T21:13:52.849+0000] {dagbag.py:541} INFO - Filling up the DagBag from /home/airflow/.local/lib/python3.7/site-packages/airflow/example_dags/tutorial_dag.py
[2023-06-15T21:13:52.852+0000] {processor.py:836} INFO - DAG(s) dict_keys(['tutorial_dag']) retrieved from /home/airflow/.local/lib/python3.7/site-packages/airflow/example_dags/tutorial_dag.py
[2023-06-15T21:13:52.871+0000] {logging_mixin.py:149} INFO - [2023-06-15T21:13:52.871+0000] {dag.py:2726} INFO - Sync 1 DAGs
[2023-06-15T21:13:52.886+0000] {logging_mixin.py:149} INFO - [2023-06-15T21:13:52.886+0000] {dag.py:3490} INFO - Setting next_dagrun for tutorial_dag to None, run_after=None
[2023-06-15T21:13:52.898+0000] {processor.py:179} INFO - Processing /home/airflow/.local/lib/python3.7/site-packages/airflow/example_dags/tutorial_dag.py took 0.053 seconds
[2023-06-15T21:14:23.244+0000] {processor.py:157} INFO - Started process (PID=555) to work on /home/airflow/.local/lib/python3.7/site-packages/airflow/example_dags/tutorial_dag.py
[2023-06-15T21:14:23.246+0000] {processor.py:826} INFO - Processing file /home/airflow/.local/lib/python3.7/site-packages/airflow/example_dags/tutorial_dag.py for tasks to queue
[2023-06-15T21:14:23.247+0000] {logging_mixin.py:149} INFO - [2023-06-15T21:14:23.246+0000] {dagbag.py:541} INFO - Filling up the DagBag from /home/airflow/.local/lib/python3.7/site-packages/airflow/example_dags/tutorial_dag.py
[2023-06-15T21:14:23.251+0000] {processor.py:836} INFO - DAG(s) dict_keys(['tutorial_dag']) retrieved from /home/airflow/.local/lib/python3.7/site-packages/airflow/example_dags/tutorial_dag.py
[2023-06-15T21:14:23.272+0000] {logging_mixin.py:149} INFO - [2023-06-15T21:14:23.272+0000] {dag.py:2726} INFO - Sync 1 DAGs
[2023-06-15T21:14:23.289+0000] {logging_mixin.py:149} INFO - [2023-06-15T21:14:23.289+0000] {dag.py:3490} INFO - Setting next_dagrun for tutorial_dag to None, run_after=None
[2023-06-15T21:14:23.304+0000] {processor.py:179} INFO - Processing /home/airflow/.local/lib/python3.7/site-packages/airflow/example_dags/tutorial_dag.py took 0.063 seconds
[2023-06-15T21:14:53.913+0000] {processor.py:157} INFO - Started process (PID=611) to work on /home/airflow/.local/lib/python3.7/site-packages/airflow/example_dags/tutorial_dag.py
[2023-06-15T21:14:53.914+0000] {processor.py:826} INFO - Processing file /home/airflow/.local/lib/python3.7/site-packages/airflow/example_dags/tutorial_dag.py for tasks to queue
[2023-06-15T21:14:53.915+0000] {logging_mixin.py:149} INFO - [2023-06-15T21:14:53.915+0000] {dagbag.py:541} INFO - Filling up the DagBag from /home/airflow/.local/lib/python3.7/site-packages/airflow/example_dags/tutorial_dag.py
[2023-06-15T21:14:53.919+0000] {processor.py:836} INFO - DAG(s) dict_keys(['tutorial_dag']) retrieved from /home/airflow/.local/lib/python3.7/site-packages/airflow/example_dags/tutorial_dag.py
[2023-06-15T21:14:53.938+0000] {logging_mixin.py:149} INFO - [2023-06-15T21:14:53.938+0000] {dag.py:2726} INFO - Sync 1 DAGs
[2023-06-15T21:14:53.955+0000] {logging_mixin.py:149} INFO - [2023-06-15T21:14:53.955+0000] {dag.py:3490} INFO - Setting next_dagrun for tutorial_dag to None, run_after=None
[2023-06-15T21:14:53.969+0000] {processor.py:179} INFO - Processing /home/airflow/.local/lib/python3.7/site-packages/airflow/example_dags/tutorial_dag.py took 0.058 seconds
[2023-06-15T21:15:24.361+0000] {processor.py:157} INFO - Started process (PID=668) to work on /home/airflow/.local/lib/python3.7/site-packages/airflow/example_dags/tutorial_dag.py
[2023-06-15T21:15:24.362+0000] {processor.py:826} INFO - Processing file /home/airflow/.local/lib/python3.7/site-packages/airflow/example_dags/tutorial_dag.py for tasks to queue
[2023-06-15T21:15:24.363+0000] {logging_mixin.py:149} INFO - [2023-06-15T21:15:24.363+0000] {dagbag.py:541} INFO - Filling up the DagBag from /home/airflow/.local/lib/python3.7/site-packages/airflow/example_dags/tutorial_dag.py
[2023-06-15T21:15:24.367+0000] {processor.py:836} INFO - DAG(s) dict_keys(['tutorial_dag']) retrieved from /home/airflow/.local/lib/python3.7/site-packages/airflow/example_dags/tutorial_dag.py
[2023-06-15T21:15:24.387+0000] {logging_mixin.py:149} INFO - [2023-06-15T21:15:24.387+0000] {dag.py:2726} INFO - Sync 1 DAGs
[2023-06-15T21:15:24.402+0000] {logging_mixin.py:149} INFO - [2023-06-15T21:15:24.402+0000] {dag.py:3490} INFO - Setting next_dagrun for tutorial_dag to None, run_after=None
[2023-06-15T21:15:24.413+0000] {processor.py:179} INFO - Processing /home/airflow/.local/lib/python3.7/site-packages/airflow/example_dags/tutorial_dag.py took 0.055 seconds
