[2023-06-15T21:09:48.184+0000] {processor.py:157} INFO - Started process (PID=40) to work on /home/airflow/.local/lib/python3.7/site-packages/airflow/example_dags/tutorial.py
[2023-06-15T21:09:48.186+0000] {processor.py:826} INFO - Processing file /home/airflow/.local/lib/python3.7/site-packages/airflow/example_dags/tutorial.py for tasks to queue
[2023-06-15T21:09:48.188+0000] {logging_mixin.py:149} INFO - [2023-06-15T21:09:48.188+0000] {dagbag.py:541} INFO - Filling up the DagBag from /home/airflow/.local/lib/python3.7/site-packages/airflow/example_dags/tutorial.py
[2023-06-15T21:09:48.201+0000] {processor.py:836} INFO - DAG(s) dict_keys(['tutorial']) retrieved from /home/airflow/.local/lib/python3.7/site-packages/airflow/example_dags/tutorial.py
[2023-06-15T21:09:48.217+0000] {logging_mixin.py:149} INFO - [2023-06-15T21:09:48.217+0000] {dag.py:2726} INFO - Sync 1 DAGs
[2023-06-15T21:09:48.239+0000] {logging_mixin.py:149} INFO - [2023-06-15T21:09:48.239+0000] {dag.py:3490} INFO - Setting next_dagrun for tutorial to 2023-06-14T21:09:48.239474+00:00, run_after=2023-06-15T21:09:48.239474+00:00
[2023-06-15T21:09:48.261+0000] {processor.py:179} INFO - Processing /home/airflow/.local/lib/python3.7/site-packages/airflow/example_dags/tutorial.py took 0.079 seconds
[2023-06-15T21:10:18.819+0000] {processor.py:157} INFO - Started process (PID=96) to work on /home/airflow/.local/lib/python3.7/site-packages/airflow/example_dags/tutorial.py
[2023-06-15T21:10:18.820+0000] {processor.py:826} INFO - Processing file /home/airflow/.local/lib/python3.7/site-packages/airflow/example_dags/tutorial.py for tasks to queue
[2023-06-15T21:10:18.821+0000] {logging_mixin.py:149} INFO - [2023-06-15T21:10:18.821+0000] {dagbag.py:541} INFO - Filling up the DagBag from /home/airflow/.local/lib/python3.7/site-packages/airflow/example_dags/tutorial.py
[2023-06-15T21:10:18.827+0000] {processor.py:836} INFO - DAG(s) dict_keys(['tutorial']) retrieved from /home/airflow/.local/lib/python3.7/site-packages/airflow/example_dags/tutorial.py
[2023-06-15T21:10:18.846+0000] {logging_mixin.py:149} INFO - [2023-06-15T21:10:18.846+0000] {dag.py:2726} INFO - Sync 1 DAGs
[2023-06-15T21:10:18.862+0000] {logging_mixin.py:149} INFO - [2023-06-15T21:10:18.862+0000] {dag.py:3490} INFO - Setting next_dagrun for tutorial to 2023-06-14T21:10:18.862523+00:00, run_after=2023-06-15T21:10:18.862523+00:00
[2023-06-15T21:10:18.874+0000] {processor.py:179} INFO - Processing /home/airflow/.local/lib/python3.7/site-packages/airflow/example_dags/tutorial.py took 0.058 seconds
[2023-06-15T21:10:49.226+0000] {processor.py:157} INFO - Started process (PID=152) to work on /home/airflow/.local/lib/python3.7/site-packages/airflow/example_dags/tutorial.py
[2023-06-15T21:10:49.227+0000] {processor.py:826} INFO - Processing file /home/airflow/.local/lib/python3.7/site-packages/airflow/example_dags/tutorial.py for tasks to queue
[2023-06-15T21:10:49.228+0000] {logging_mixin.py:149} INFO - [2023-06-15T21:10:49.228+0000] {dagbag.py:541} INFO - Filling up the DagBag from /home/airflow/.local/lib/python3.7/site-packages/airflow/example_dags/tutorial.py
[2023-06-15T21:10:49.233+0000] {processor.py:836} INFO - DAG(s) dict_keys(['tutorial']) retrieved from /home/airflow/.local/lib/python3.7/site-packages/airflow/example_dags/tutorial.py
[2023-06-15T21:10:49.251+0000] {logging_mixin.py:149} INFO - [2023-06-15T21:10:49.250+0000] {dag.py:2726} INFO - Sync 1 DAGs
[2023-06-15T21:10:49.265+0000] {logging_mixin.py:149} INFO - [2023-06-15T21:10:49.265+0000] {dag.py:3490} INFO - Setting next_dagrun for tutorial to 2023-06-14T21:10:49.265639+00:00, run_after=2023-06-15T21:10:49.265639+00:00
[2023-06-15T21:10:49.276+0000] {processor.py:179} INFO - Processing /home/airflow/.local/lib/python3.7/site-packages/airflow/example_dags/tutorial.py took 0.052 seconds
[2023-06-15T21:11:19.683+0000] {processor.py:157} INFO - Started process (PID=208) to work on /home/airflow/.local/lib/python3.7/site-packages/airflow/example_dags/tutorial.py
[2023-06-15T21:11:19.684+0000] {processor.py:826} INFO - Processing file /home/airflow/.local/lib/python3.7/site-packages/airflow/example_dags/tutorial.py for tasks to queue
[2023-06-15T21:11:19.685+0000] {logging_mixin.py:149} INFO - [2023-06-15T21:11:19.685+0000] {dagbag.py:541} INFO - Filling up the DagBag from /home/airflow/.local/lib/python3.7/site-packages/airflow/example_dags/tutorial.py
[2023-06-15T21:11:19.691+0000] {processor.py:836} INFO - DAG(s) dict_keys(['tutorial']) retrieved from /home/airflow/.local/lib/python3.7/site-packages/airflow/example_dags/tutorial.py
[2023-06-15T21:11:19.709+0000] {logging_mixin.py:149} INFO - [2023-06-15T21:11:19.709+0000] {dag.py:2726} INFO - Sync 1 DAGs
[2023-06-15T21:11:19.725+0000] {logging_mixin.py:149} INFO - [2023-06-15T21:11:19.725+0000] {dag.py:3490} INFO - Setting next_dagrun for tutorial to 2023-06-14T21:11:19.724910+00:00, run_after=2023-06-15T21:11:19.724910+00:00
[2023-06-15T21:11:19.736+0000] {processor.py:179} INFO - Processing /home/airflow/.local/lib/python3.7/site-packages/airflow/example_dags/tutorial.py took 0.056 seconds
[2023-06-15T21:11:50.058+0000] {processor.py:157} INFO - Started process (PID=264) to work on /home/airflow/.local/lib/python3.7/site-packages/airflow/example_dags/tutorial.py
[2023-06-15T21:11:50.059+0000] {processor.py:826} INFO - Processing file /home/airflow/.local/lib/python3.7/site-packages/airflow/example_dags/tutorial.py for tasks to queue
[2023-06-15T21:11:50.061+0000] {logging_mixin.py:149} INFO - [2023-06-15T21:11:50.061+0000] {dagbag.py:541} INFO - Filling up the DagBag from /home/airflow/.local/lib/python3.7/site-packages/airflow/example_dags/tutorial.py
[2023-06-15T21:11:50.068+0000] {processor.py:836} INFO - DAG(s) dict_keys(['tutorial']) retrieved from /home/airflow/.local/lib/python3.7/site-packages/airflow/example_dags/tutorial.py
[2023-06-15T21:11:50.092+0000] {logging_mixin.py:149} INFO - [2023-06-15T21:11:50.092+0000] {dag.py:2726} INFO - Sync 1 DAGs
[2023-06-15T21:11:50.110+0000] {logging_mixin.py:149} INFO - [2023-06-15T21:11:50.110+0000] {dag.py:3490} INFO - Setting next_dagrun for tutorial to 2023-06-14T21:11:50.110585+00:00, run_after=2023-06-15T21:11:50.110585+00:00
[2023-06-15T21:11:50.125+0000] {processor.py:179} INFO - Processing /home/airflow/.local/lib/python3.7/site-packages/airflow/example_dags/tutorial.py took 0.070 seconds
[2023-06-15T21:12:20.810+0000] {processor.py:157} INFO - Started process (PID=319) to work on /home/airflow/.local/lib/python3.7/site-packages/airflow/example_dags/tutorial.py
[2023-06-15T21:12:20.811+0000] {processor.py:826} INFO - Processing file /home/airflow/.local/lib/python3.7/site-packages/airflow/example_dags/tutorial.py for tasks to queue
[2023-06-15T21:12:20.811+0000] {logging_mixin.py:149} INFO - [2023-06-15T21:12:20.811+0000] {dagbag.py:541} INFO - Filling up the DagBag from /home/airflow/.local/lib/python3.7/site-packages/airflow/example_dags/tutorial.py
[2023-06-15T21:12:20.817+0000] {processor.py:836} INFO - DAG(s) dict_keys(['tutorial']) retrieved from /home/airflow/.local/lib/python3.7/site-packages/airflow/example_dags/tutorial.py
[2023-06-15T21:12:20.835+0000] {logging_mixin.py:149} INFO - [2023-06-15T21:12:20.834+0000] {dag.py:2726} INFO - Sync 1 DAGs
[2023-06-15T21:12:20.849+0000] {logging_mixin.py:149} INFO - [2023-06-15T21:12:20.849+0000] {dag.py:3490} INFO - Setting next_dagrun for tutorial to 2023-06-14T21:12:20.849622+00:00, run_after=2023-06-15T21:12:20.849622+00:00
[2023-06-15T21:12:20.860+0000] {processor.py:179} INFO - Processing /home/airflow/.local/lib/python3.7/site-packages/airflow/example_dags/tutorial.py took 0.053 seconds
[2023-06-15T21:12:51.183+0000] {processor.py:157} INFO - Started process (PID=375) to work on /home/airflow/.local/lib/python3.7/site-packages/airflow/example_dags/tutorial.py
[2023-06-15T21:12:51.184+0000] {processor.py:826} INFO - Processing file /home/airflow/.local/lib/python3.7/site-packages/airflow/example_dags/tutorial.py for tasks to queue
[2023-06-15T21:12:51.185+0000] {logging_mixin.py:149} INFO - [2023-06-15T21:12:51.185+0000] {dagbag.py:541} INFO - Filling up the DagBag from /home/airflow/.local/lib/python3.7/site-packages/airflow/example_dags/tutorial.py
[2023-06-15T21:12:51.191+0000] {processor.py:836} INFO - DAG(s) dict_keys(['tutorial']) retrieved from /home/airflow/.local/lib/python3.7/site-packages/airflow/example_dags/tutorial.py
[2023-06-15T21:12:51.209+0000] {logging_mixin.py:149} INFO - [2023-06-15T21:12:51.209+0000] {dag.py:2726} INFO - Sync 1 DAGs
[2023-06-15T21:12:51.225+0000] {logging_mixin.py:149} INFO - [2023-06-15T21:12:51.224+0000] {dag.py:3490} INFO - Setting next_dagrun for tutorial to 2023-06-14T21:12:51.224774+00:00, run_after=2023-06-15T21:12:51.224774+00:00
[2023-06-15T21:12:51.235+0000] {processor.py:179} INFO - Processing /home/airflow/.local/lib/python3.7/site-packages/airflow/example_dags/tutorial.py took 0.055 seconds
[2023-06-15T21:13:21.520+0000] {processor.py:157} INFO - Started process (PID=431) to work on /home/airflow/.local/lib/python3.7/site-packages/airflow/example_dags/tutorial.py
[2023-06-15T21:13:21.522+0000] {processor.py:826} INFO - Processing file /home/airflow/.local/lib/python3.7/site-packages/airflow/example_dags/tutorial.py for tasks to queue
[2023-06-15T21:13:21.522+0000] {logging_mixin.py:149} INFO - [2023-06-15T21:13:21.522+0000] {dagbag.py:541} INFO - Filling up the DagBag from /home/airflow/.local/lib/python3.7/site-packages/airflow/example_dags/tutorial.py
[2023-06-15T21:13:21.528+0000] {processor.py:836} INFO - DAG(s) dict_keys(['tutorial']) retrieved from /home/airflow/.local/lib/python3.7/site-packages/airflow/example_dags/tutorial.py
[2023-06-15T21:13:21.547+0000] {logging_mixin.py:149} INFO - [2023-06-15T21:13:21.546+0000] {dag.py:2726} INFO - Sync 1 DAGs
[2023-06-15T21:13:21.563+0000] {logging_mixin.py:149} INFO - [2023-06-15T21:13:21.563+0000] {dag.py:3490} INFO - Setting next_dagrun for tutorial to 2023-06-14T21:13:21.563178+00:00, run_after=2023-06-15T21:13:21.563178+00:00
[2023-06-15T21:13:21.574+0000] {processor.py:179} INFO - Processing /home/airflow/.local/lib/python3.7/site-packages/airflow/example_dags/tutorial.py took 0.057 seconds
[2023-06-15T21:13:52.100+0000] {processor.py:157} INFO - Started process (PID=487) to work on /home/airflow/.local/lib/python3.7/site-packages/airflow/example_dags/tutorial.py
[2023-06-15T21:13:52.101+0000] {processor.py:826} INFO - Processing file /home/airflow/.local/lib/python3.7/site-packages/airflow/example_dags/tutorial.py for tasks to queue
[2023-06-15T21:13:52.102+0000] {logging_mixin.py:149} INFO - [2023-06-15T21:13:52.102+0000] {dagbag.py:541} INFO - Filling up the DagBag from /home/airflow/.local/lib/python3.7/site-packages/airflow/example_dags/tutorial.py
[2023-06-15T21:13:52.108+0000] {processor.py:836} INFO - DAG(s) dict_keys(['tutorial']) retrieved from /home/airflow/.local/lib/python3.7/site-packages/airflow/example_dags/tutorial.py
[2023-06-15T21:13:52.129+0000] {logging_mixin.py:149} INFO - [2023-06-15T21:13:52.129+0000] {dag.py:2726} INFO - Sync 1 DAGs
[2023-06-15T21:13:52.153+0000] {logging_mixin.py:149} INFO - [2023-06-15T21:13:52.153+0000] {dag.py:3490} INFO - Setting next_dagrun for tutorial to 2023-06-14T21:13:52.153343+00:00, run_after=2023-06-15T21:13:52.153343+00:00
[2023-06-15T21:13:52.168+0000] {processor.py:179} INFO - Processing /home/airflow/.local/lib/python3.7/site-packages/airflow/example_dags/tutorial.py took 0.070 seconds
[2023-06-15T21:14:22.710+0000] {processor.py:157} INFO - Started process (PID=543) to work on /home/airflow/.local/lib/python3.7/site-packages/airflow/example_dags/tutorial.py
[2023-06-15T21:14:22.712+0000] {processor.py:826} INFO - Processing file /home/airflow/.local/lib/python3.7/site-packages/airflow/example_dags/tutorial.py for tasks to queue
[2023-06-15T21:14:22.712+0000] {logging_mixin.py:149} INFO - [2023-06-15T21:14:22.712+0000] {dagbag.py:541} INFO - Filling up the DagBag from /home/airflow/.local/lib/python3.7/site-packages/airflow/example_dags/tutorial.py
[2023-06-15T21:14:22.719+0000] {processor.py:836} INFO - DAG(s) dict_keys(['tutorial']) retrieved from /home/airflow/.local/lib/python3.7/site-packages/airflow/example_dags/tutorial.py
[2023-06-15T21:14:22.741+0000] {logging_mixin.py:149} INFO - [2023-06-15T21:14:22.741+0000] {dag.py:2726} INFO - Sync 1 DAGs
[2023-06-15T21:14:22.758+0000] {logging_mixin.py:149} INFO - [2023-06-15T21:14:22.758+0000] {dag.py:3490} INFO - Setting next_dagrun for tutorial to 2023-06-14T21:14:22.758403+00:00, run_after=2023-06-15T21:14:22.758403+00:00
[2023-06-15T21:14:22.770+0000] {processor.py:179} INFO - Processing /home/airflow/.local/lib/python3.7/site-packages/airflow/example_dags/tutorial.py took 0.063 seconds
[2023-06-15T21:14:53.464+0000] {processor.py:157} INFO - Started process (PID=599) to work on /home/airflow/.local/lib/python3.7/site-packages/airflow/example_dags/tutorial.py
[2023-06-15T21:14:53.465+0000] {processor.py:826} INFO - Processing file /home/airflow/.local/lib/python3.7/site-packages/airflow/example_dags/tutorial.py for tasks to queue
[2023-06-15T21:14:53.466+0000] {logging_mixin.py:149} INFO - [2023-06-15T21:14:53.466+0000] {dagbag.py:541} INFO - Filling up the DagBag from /home/airflow/.local/lib/python3.7/site-packages/airflow/example_dags/tutorial.py
[2023-06-15T21:14:53.472+0000] {processor.py:836} INFO - DAG(s) dict_keys(['tutorial']) retrieved from /home/airflow/.local/lib/python3.7/site-packages/airflow/example_dags/tutorial.py
[2023-06-15T21:14:53.491+0000] {logging_mixin.py:149} INFO - [2023-06-15T21:14:53.491+0000] {dag.py:2726} INFO - Sync 1 DAGs
[2023-06-15T21:14:53.508+0000] {logging_mixin.py:149} INFO - [2023-06-15T21:14:53.508+0000] {dag.py:3490} INFO - Setting next_dagrun for tutorial to 2023-06-14T21:14:53.508503+00:00, run_after=2023-06-15T21:14:53.508503+00:00
[2023-06-15T21:14:53.520+0000] {processor.py:179} INFO - Processing /home/airflow/.local/lib/python3.7/site-packages/airflow/example_dags/tutorial.py took 0.058 seconds
[2023-06-15T21:15:23.889+0000] {processor.py:157} INFO - Started process (PID=656) to work on /home/airflow/.local/lib/python3.7/site-packages/airflow/example_dags/tutorial.py
[2023-06-15T21:15:23.890+0000] {processor.py:826} INFO - Processing file /home/airflow/.local/lib/python3.7/site-packages/airflow/example_dags/tutorial.py for tasks to queue
[2023-06-15T21:15:23.891+0000] {logging_mixin.py:149} INFO - [2023-06-15T21:15:23.891+0000] {dagbag.py:541} INFO - Filling up the DagBag from /home/airflow/.local/lib/python3.7/site-packages/airflow/example_dags/tutorial.py
[2023-06-15T21:15:23.896+0000] {processor.py:836} INFO - DAG(s) dict_keys(['tutorial']) retrieved from /home/airflow/.local/lib/python3.7/site-packages/airflow/example_dags/tutorial.py
[2023-06-15T21:15:23.915+0000] {logging_mixin.py:149} INFO - [2023-06-15T21:15:23.915+0000] {dag.py:2726} INFO - Sync 1 DAGs
[2023-06-15T21:15:23.931+0000] {logging_mixin.py:149} INFO - [2023-06-15T21:15:23.931+0000] {dag.py:3490} INFO - Setting next_dagrun for tutorial to 2023-06-14T21:15:23.931649+00:00, run_after=2023-06-15T21:15:23.931649+00:00
[2023-06-15T21:15:23.943+0000] {processor.py:179} INFO - Processing /home/airflow/.local/lib/python3.7/site-packages/airflow/example_dags/tutorial.py took 0.056 seconds
